2026-01-03 10:26:14,807 [INFO] Activator:176 - 


2026-01-03 10:26:14,815 [INFO] Activator:177 - !SESSION log4j initialized
2026-01-03 10:26:20,488 [INFO] LogOutputStream:77 - [STDOUT_REDIRECT] 
2026-01-03 10:26:22,904 [INFO] ApplicationProperties:184 - Using Application install path: C:\ST\STM32CubeIDE_1.18.1\STM32CubeIDE\plugins\com.st.stm32cube.common.mx_6.14.1.202504091515
2026-01-03 10:26:22,947 [INFO] DbMcusXml:78 - Set database path to: C:\ST\STM32CubeIDE_1.18.1\STM32CubeIDE\plugins\com.st.stm32cube.common.mx_6.14.1.202504091515\\db\/mcu/
2026-01-03 10:26:22,948 [INFO] ApiDb:274 - Set plugin database path to: C:\ST\STM32CubeIDE_1.18.1\STM32CubeIDE\plugins\com.st.stm32cube.common.mx_6.14.1.202504091515\\db\/plugins/boardmanager/
2026-01-03 10:26:22,949 [WARN] ApiDb:259 - Overriding images path with different value:  => C:\ST\STM32CubeIDE_1.18.1\STM32CubeIDE\plugins\com.st.stm32cube.common.mx_6.14.1.202504091515\\db\/plugins/mcufinder/images/
2026-01-03 10:26:22,976 [INFO] ApiDb:250 - Set database path to: C:\Users\montemayorm\.stmcufinder\plugins\mcufinder//mcu/
2026-01-03 10:26:22,979 [INFO] DbMcusAds:125 - Set database path to: C:\Users\montemayorm\.stmcufinder\plugins\mcufinder//mcu/
2026-01-03 10:26:22,985 [INFO] CrossReferenceDbSqlite:203 - Set database path to: C:\Users\montemayorm\.stmcufinder\plugins\mcufinder//mcu/cs/
2026-01-03 10:26:23,252 [INFO] RulesReader:64 - Compatibility file has been processed (302 Rules)
2026-01-03 10:26:23,366 [INFO] DbMcusXml:78 - Set database path to: C:\ST\STM32CubeIDE_1.18.1\STM32CubeIDE\plugins\com.st.stm32cube.common.mx_6.14.1.202504091515\\db\/mcu/
2026-01-03 10:26:23,366 [INFO] ApiDb:274 - Set plugin database path to: C:\ST\STM32CubeIDE_1.18.1\STM32CubeIDE\plugins\com.st.stm32cube.common.mx_6.14.1.202504091515\\db\/plugins/boardmanager/
2026-01-03 10:26:23,366 [INFO] ApiDb:261 - Set plugin images path to: C:\ST\STM32CubeIDE_1.18.1\STM32CubeIDE\plugins\com.st.stm32cube.common.mx_6.14.1.202504091515\\db\/plugins/mcufinder/images/
2026-01-03 10:26:23,367 [WARN] DbFile:41 - Overriding database path with different value: C:\Users\montemayorm\.stmcufinder\plugins\mcufinder/ => C:\Users\montemayorm\.stmcufinder\plugins\mcufinder
2026-01-03 10:26:23,367 [INFO] ApiDb:250 - Set database path to: C:\Users\montemayorm\.stmcufinder\plugins\mcufinder//mcu/
2026-01-03 10:26:23,367 [WARN] DbFile:41 - Overriding database path with different value: C:\Users\montemayorm\.stmcufinder\plugins\mcufinder/ => C:\Users\montemayorm\.stmcufinder\plugins\mcufinder
2026-01-03 10:26:23,367 [INFO] DbMcusAds:125 - Set database path to: C:\Users\montemayorm\.stmcufinder\plugins\mcufinder//mcu/
2026-01-03 10:26:23,367 [WARN] DbFile:41 - Overriding database path with different value: C:\Users\montemayorm\.stmcufinder\plugins\mcufinder/ => C:\Users\montemayorm\.stmcufinder\plugins\mcufinder
2026-01-03 10:26:23,367 [WARN] DbFile:41 - Overriding database path with different value: C:\Users\montemayorm\.stmcufinder\plugins\mcufinder/ => C:\Users\montemayorm\.stmcufinder\plugins\mcufinder
2026-01-03 10:26:23,367 [INFO] CrossReferenceDbSqlite:203 - Set database path to: C:\Users\montemayorm\.stmcufinder\plugins\mcufinder//mcu/cs/
2026-01-03 10:26:23,512 [INFO] MainPanel:272 - HeapMemory: 268435456
2026-01-03 10:26:23,745 [INFO] DbMcusXml:78 - Set database path to: C:\ST\STM32CubeIDE_1.18.1\STM32CubeIDE\plugins\com.st.stm32cube.common.mx_6.14.1.202504091515\\db\/mcu/
2026-01-03 10:26:23,746 [INFO] ApiDb:274 - Set plugin database path to: C:\ST\STM32CubeIDE_1.18.1\STM32CubeIDE\plugins\com.st.stm32cube.common.mx_6.14.1.202504091515\\db\/plugins/boardmanager/
2026-01-03 10:26:23,746 [INFO] ApiDb:261 - Set plugin images path to: C:\ST\STM32CubeIDE_1.18.1\STM32CubeIDE\plugins\com.st.stm32cube.common.mx_6.14.1.202504091515\\db\/plugins/mcufinder/images/
2026-01-03 10:26:23,746 [WARN] DbFile:41 - Overriding database path with different value: C:\Users\montemayorm\.stmcufinder\plugins\mcufinder/ => C:\Users\montemayorm\.stmcufinder\plugins\mcufinder
2026-01-03 10:26:23,746 [INFO] ApiDb:250 - Set database path to: C:\Users\montemayorm\.stmcufinder\plugins\mcufinder//mcu/
2026-01-03 10:26:23,747 [WARN] DbFile:41 - Overriding database path with different value: C:\Users\montemayorm\.stmcufinder\plugins\mcufinder/ => C:\Users\montemayorm\.stmcufinder\plugins\mcufinder
2026-01-03 10:26:23,747 [INFO] DbMcusAds:125 - Set database path to: C:\Users\montemayorm\.stmcufinder\plugins\mcufinder//mcu/
2026-01-03 10:26:23,747 [WARN] DbFile:41 - Overriding database path with different value: C:\Users\montemayorm\.stmcufinder\plugins\mcufinder/ => C:\Users\montemayorm\.stmcufinder\plugins\mcufinder
2026-01-03 10:26:23,747 [WARN] DbFile:41 - Overriding database path with different value: C:\Users\montemayorm\.stmcufinder\plugins\mcufinder/ => C:\Users\montemayorm\.stmcufinder\plugins\mcufinder
2026-01-03 10:26:23,747 [INFO] CrossReferenceDbSqlite:203 - Set database path to: C:\Users\montemayorm\.stmcufinder\plugins\mcufinder//mcu/cs/
2026-01-03 10:26:23,776 [INFO] ApplicationProperties:184 - Using Application install path: C:\ST\STM32CubeIDE_1.18.1\STM32CubeIDE\plugins\com.st.stm32cube.common.mx_6.14.1.202504091515
2026-01-03 10:26:23,778 [INFO] PluginManage:196 - Search for loadable plugins [exclusion list=, ]
2026-01-03 10:26:23,781 [INFO] PluginManage:310 - Check plugin analytics
2026-01-03 10:26:24,030 [INFO] AnalyticsPlugin:253 - Accepted Software Licenses: 
2026-01-03 10:26:24,031 [INFO] AnalyticsPlugin:255 - Accepted CMSIS Pack Licenses: 
2026-01-03 10:26:24,031 [INFO] AnalyticsPlugin:257 - Accepted Firmware Licenses: 
2026-01-03 10:26:24,040 [INFO] PluginManage:359 - Loaded plugin analytics (category:tool,tabindex:-1)
2026-01-03 10:26:24,042 [INFO] PluginManage:310 - Check plugin cadmodel
2026-01-03 10:26:24,055 [INFO] CADModel:105 - Init CAD model plugin
2026-01-03 10:26:24,056 [INFO] PluginManage:359 - Loaded plugin cadmodel (category:power,tabindex:5)
2026-01-03 10:26:24,056 [INFO] PluginManage:310 - Check plugin clock
2026-01-03 10:26:24,073 [INFO] PluginManage:359 - Loaded plugin clock (category:base,tabindex:2)
2026-01-03 10:26:24,074 [INFO] PluginManage:310 - Check plugin ddr
2026-01-03 10:26:24,077 [INFO] PluginManage:359 - Loaded plugin ddr (category:tool,tabindex:6)
2026-01-03 10:26:24,077 [INFO] PluginManage:310 - Check plugin filemanager
2026-01-03 10:26:24,445 [INFO] PluginManage:359 - Loaded plugin filemanager (category:base,tabindex:10)
2026-01-03 10:26:24,445 [INFO] PluginManage:310 - Check plugin ipmanager
2026-01-03 10:26:24,461 [INFO] PluginManage:359 - Loaded plugin ipmanager (category:base,tabindex:5)
2026-01-03 10:26:24,462 [INFO] PluginManage:310 - Check plugin lpbam
2026-01-03 10:26:24,479 [INFO] PluginManage:359 - Loaded plugin lpbam (category:base,tabindex:0)
2026-01-03 10:26:24,479 [INFO] PluginManage:310 - Check plugin memorymap
2026-01-03 10:26:24,507 [INFO] PluginManage:359 - Loaded plugin memorymap (category:base,tabindex:4)
2026-01-03 10:26:24,507 [INFO] PluginManage:310 - Check plugin pinoutandconfiguration
2026-01-03 10:26:24,525 [INFO] PluginManage:359 - Loaded plugin pinoutandconfiguration (category:base,tabindex:1)
2026-01-03 10:26:24,525 [INFO] PluginManage:310 - Check plugin pinoutconfig
2026-01-03 10:26:24,679 [WARN] SupportedApi:132 - Cannot load RTOS API schema: s4s-elt-must-match.1: The content of 'definitions' must match (annotation?, (simpleType | complexType)?, (unique | key | keyref)*)). A problem was found starting at: attribute.
2026-01-03 10:26:24,907 [INFO] PluginManage:359 - Loaded plugin pinoutconfig (category:base,tabindex:0)
2026-01-03 10:26:24,907 [INFO] PluginManage:310 - Check plugin power
2026-01-03 10:26:24,925 [INFO] PluginManage:359 - Loaded plugin power (category:power,tabindex:4)
2026-01-03 10:26:24,925 [INFO] PluginManage:310 - Check plugin projectmanager
2026-01-03 10:26:24,946 [INFO] PluginManage:359 - Loaded plugin projectmanager (category:projectmanager,tabindex:4)
2026-01-03 10:26:24,946 [INFO] PluginManage:310 - Check plugin rif
2026-01-03 10:26:24,963 [INFO] PluginManage:359 - Loaded plugin rif (category:base,tabindex:3)
2026-01-03 10:26:24,964 [INFO] PluginManage:310 - Check plugin thirdparty
2026-01-03 10:26:25,248 [INFO] PluginManage:359 - Loaded plugin thirdparty (category:base,tabindex:-1)
2026-01-03 10:26:25,249 [INFO] PluginManage:310 - Check plugin tools
2026-01-03 10:26:25,249 [WARN] IntegrityCheckThread:84 - waiting for thirdparty lock release [integrity check]
2026-01-03 10:26:25,250 [INFO] IntegrityCheckThread:86 - entering critical section [integrity check]
2026-01-03 10:26:25,250 [INFO] ThirdPartyUpdaterWithRetryManager:70 - Updater plugin not ready yet. [1/15]
2026-01-03 10:26:25,257 [INFO] PluginManage:359 - Loaded plugin tools (category:base,tabindex:7)
2026-01-03 10:26:25,258 [INFO] PluginManage:310 - Check plugin tutovideos
2026-01-03 10:26:25,556 [INFO] PluginManage:359 - Loaded plugin tutovideos (category:base,tabindex:-1)
2026-01-03 10:26:25,556 [INFO] PluginManage:310 - Check plugin updater
2026-01-03 10:26:25,587 [INFO] PluginManage:359 - Loaded plugin updater (category:base,tabindex:12)
2026-01-03 10:26:25,588 [INFO] PluginManage:310 - Check plugin userauth
2026-01-03 10:26:25,596 [INFO] UserAuth:118 - Init User Auth plugin
2026-01-03 10:26:25,597 [INFO] PluginManage:359 - Loaded plugin userauth (category:base,tabindex:14)
2026-01-03 10:26:25,598 [INFO] PluginManage:283 - PluginManage : Loaded plugins [18]
2026-01-03 10:26:25,900 [INFO] PinOutPanel:1589 - setPackage(No Configuration,No Configuration)
2026-01-03 10:26:26,019 [INFO] CADModel:165 - CPN selected for project level
2026-01-03 10:26:26,019 [INFO] CADModel:114 - Register for checkConnection events
2026-01-03 10:26:26,043 [INFO] IPUIPlugin:80 - create IPUIPlugin
2026-01-03 10:26:26,043 [INFO] PluginManager:220 - loadIPPluginJar : add adc
2026-01-03 10:26:26,048 [INFO] IPUIPlugin:80 - create IPUIPlugin
2026-01-03 10:26:26,048 [INFO] PluginManager:220 - loadIPPluginJar : add aes
2026-01-03 10:26:26,053 [INFO] IPUIPlugin:80 - create IPUIPlugin
2026-01-03 10:26:26,053 [INFO] PluginManager:220 - loadIPPluginJar : add can
2026-01-03 10:26:26,056 [INFO] IPUIPlugin:80 - create IPUIPlugin
2026-01-03 10:26:26,056 [INFO] PluginManager:220 - loadIPPluginJar : add comp
2026-01-03 10:26:26,059 [INFO] IPUIPlugin:80 - create IPUIPlugin
2026-01-03 10:26:26,060 [INFO] PluginManager:220 - loadIPPluginJar : add cryp
2026-01-03 10:26:26,064 [INFO] IPUIPlugin:80 - create IPUIPlugin
2026-01-03 10:26:26,065 [INFO] PluginManager:220 - loadIPPluginJar : add ddr_ctrl_phy
2026-01-03 10:26:26,069 [INFO] IPUIPlugin:80 - create IPUIPlugin
2026-01-03 10:26:26,069 [INFO] PluginManager:220 - loadIPPluginJar : add dfsdm
2026-01-03 10:26:26,076 [INFO] IPUIPlugin:80 - create IPUIPlugin
2026-01-03 10:26:26,077 [INFO] PluginManager:220 - loadIPPluginJar : add dma
2026-01-03 10:26:26,081 [INFO] IPUIPlugin:80 - create IPUIPlugin
2026-01-03 10:26:26,081 [INFO] PluginManager:220 - loadIPPluginJar : add dma3
2026-01-03 10:26:26,085 [INFO] IPUIPlugin:80 - create IPUIPlugin
2026-01-03 10:26:26,085 [INFO] PluginManager:220 - loadIPPluginJar : add extmemmanager
2026-01-03 10:26:26,088 [INFO] IPUIPlugin:80 - create IPUIPlugin
2026-01-03 10:26:26,089 [INFO] PluginManager:220 - loadIPPluginJar : add fatfs
2026-01-03 10:26:26,096 [INFO] IPUIPlugin:80 - create IPUIPlugin
2026-01-03 10:26:26,097 [INFO] PluginManager:220 - loadIPPluginJar : add fmc
2026-01-03 10:26:26,107 [INFO] IPUIPlugin:80 - create IPUIPlugin
2026-01-03 10:26:26,108 [INFO] PluginManager:220 - loadIPPluginJar : add freertos
2026-01-03 10:26:26,112 [INFO] IPUIPlugin:80 - create IPUIPlugin
2026-01-03 10:26:26,112 [INFO] PluginManager:220 - loadIPPluginJar : add genericplugin
2026-01-03 10:26:26,117 [INFO] IPUIPlugin:80 - create IPUIPlugin
2026-01-03 10:26:26,117 [INFO] PluginManager:220 - loadIPPluginJar : add gfxmmu
2026-01-03 10:26:26,124 [INFO] IPUIPlugin:80 - create IPUIPlugin
2026-01-03 10:26:26,124 [INFO] PluginManager:220 - loadIPPluginJar : add gic
2026-01-03 10:26:26,131 [INFO] IPUIPlugin:80 - create IPUIPlugin
2026-01-03 10:26:26,131 [INFO] PluginManager:220 - loadIPPluginJar : add gpio
2026-01-03 10:26:26,137 [INFO] IPUIPlugin:80 - create IPUIPlugin
2026-01-03 10:26:26,137 [INFO] PluginManager:220 - loadIPPluginJar : add gtzc
2026-01-03 10:26:26,144 [INFO] IPUIPlugin:80 - create IPUIPlugin
2026-01-03 10:26:26,144 [INFO] PluginManager:220 - loadIPPluginJar : add hash
2026-01-03 10:26:26,150 [INFO] IPUIPlugin:80 - create IPUIPlugin
2026-01-03 10:26:26,150 [INFO] PluginManager:220 - loadIPPluginJar : add i2c
2026-01-03 10:26:26,154 [INFO] IPUIPlugin:80 - create IPUIPlugin
2026-01-03 10:26:26,154 [INFO] PluginManager:220 - loadIPPluginJar : add i2s
2026-01-03 10:26:26,159 [INFO] IPUIPlugin:80 - create IPUIPlugin
2026-01-03 10:26:26,159 [INFO] PluginManager:220 - loadIPPluginJar : add i3c
2026-01-03 10:26:26,164 [INFO] IPUIPlugin:80 - create IPUIPlugin
2026-01-03 10:26:26,164 [INFO] PluginManager:220 - loadIPPluginJar : add ipddr
2026-01-03 10:26:26,173 [INFO] IPUIPlugin:80 - create IPUIPlugin
2026-01-03 10:26:26,173 [INFO] PluginManager:220 - loadIPPluginJar : add linkedlist
2026-01-03 10:26:26,177 [INFO] IPUIPlugin:80 - create IPUIPlugin
2026-01-03 10:26:26,178 [INFO] PluginManager:220 - loadIPPluginJar : add lorawan
2026-01-03 10:26:26,180 [INFO] IPUIPlugin:80 - create IPUIPlugin
2026-01-03 10:26:26,181 [INFO] PluginManager:220 - loadIPPluginJar : add ltdc
2026-01-03 10:26:26,190 [INFO] IPUIPlugin:80 - create IPUIPlugin
2026-01-03 10:26:26,191 [INFO] PluginManager:220 - loadIPPluginJar : add mdma
2026-01-03 10:26:26,197 [INFO] IPUIPlugin:80 - create IPUIPlugin
2026-01-03 10:26:26,198 [INFO] PluginManager:220 - loadIPPluginJar : add nvic
2026-01-03 10:26:26,203 [INFO] IPUIPlugin:80 - create IPUIPlugin
2026-01-03 10:26:26,203 [INFO] PluginManager:220 - loadIPPluginJar : add opamp
2026-01-03 10:26:26,209 [INFO] IPUIPlugin:80 - create IPUIPlugin
2026-01-03 10:26:26,209 [INFO] PluginManager:220 - loadIPPluginJar : add openamp
2026-01-03 10:26:26,216 [INFO] IPUIPlugin:80 - create IPUIPlugin
2026-01-03 10:26:26,216 [INFO] PluginManager:220 - loadIPPluginJar : add pdm2pcm
2026-01-03 10:26:26,225 [INFO] IPUIPlugin:80 - create IPUIPlugin
2026-01-03 10:26:26,228 [INFO] PluginManager:220 - loadIPPluginJar : add plateformsettings
2026-01-03 10:26:26,232 [INFO] IPUIPlugin:80 - create IPUIPlugin
2026-01-03 10:26:26,233 [INFO] PluginManager:220 - loadIPPluginJar : add quadspi
2026-01-03 10:26:26,237 [INFO] IPUIPlugin:80 - create IPUIPlugin
2026-01-03 10:26:26,238 [INFO] PluginManager:220 - loadIPPluginJar : add radio
2026-01-03 10:26:26,246 [INFO] IPUIPlugin:80 - create IPUIPlugin
2026-01-03 10:26:26,246 [INFO] PluginManager:220 - loadIPPluginJar : add resmgrutility
2026-01-03 10:26:26,252 [INFO] IPUIPlugin:80 - create IPUIPlugin
2026-01-03 10:26:26,252 [INFO] PluginManager:220 - loadIPPluginJar : add sai
2026-01-03 10:26:26,257 [INFO] IPUIPlugin:80 - create IPUIPlugin
2026-01-03 10:26:26,257 [INFO] PluginManager:220 - loadIPPluginJar : add spi
2026-01-03 10:26:26,267 [INFO] IPUIPlugin:80 - create IPUIPlugin
2026-01-03 10:26:26,267 [INFO] PluginManager:220 - loadIPPluginJar : add stm32_wpan
2026-01-03 10:26:26,271 [INFO] IPUIPlugin:80 - create IPUIPlugin
2026-01-03 10:26:26,271 [INFO] PluginManager:220 - loadIPPluginJar : add tim
2026-01-03 10:26:26,277 [INFO] IPUIPlugin:80 - create IPUIPlugin
2026-01-03 10:26:26,277 [INFO] PluginManager:220 - loadIPPluginJar : add touchsensing
2026-01-03 10:26:26,281 [INFO] IPUIPlugin:80 - create IPUIPlugin
2026-01-03 10:26:26,282 [INFO] PluginManager:220 - loadIPPluginJar : add tracer_emb
2026-01-03 10:26:26,285 [INFO] IPUIPlugin:80 - create IPUIPlugin
2026-01-03 10:26:26,286 [INFO] PluginManager:220 - loadIPPluginJar : add ts
2026-01-03 10:26:26,289 [INFO] IPUIPlugin:80 - create IPUIPlugin
2026-01-03 10:26:26,289 [INFO] PluginManager:220 - loadIPPluginJar : add tsc
2026-01-03 10:26:26,293 [INFO] IPUIPlugin:80 - create IPUIPlugin
2026-01-03 10:26:26,293 [INFO] PluginManager:220 - loadIPPluginJar : add ucpd
2026-01-03 10:26:26,298 [INFO] IPUIPlugin:80 - create IPUIPlugin
2026-01-03 10:26:26,298 [INFO] PluginManager:220 - loadIPPluginJar : add usart
2026-01-03 10:26:26,303 [INFO] IPUIPlugin:80 - create IPUIPlugin
2026-01-03 10:26:26,303 [INFO] PluginManager:220 - loadIPPluginJar : add usbx
2026-01-03 10:26:26,463 [FATAL] Updater:351 - Updater called before beeing initialized
2026-01-03 10:26:26,510 [INFO] RulesReader:64 - Compatibility file has been processed (302 Rules)
2026-01-03 10:26:26,524 [INFO] RulesReader:64 - Compatibility file has been processed (302 Rules)
2026-01-03 10:26:26,546 [INFO] CADModel:165 - CPN selected for project level
2026-01-03 10:26:26,546 [INFO] CADModel:114 - Register for checkConnection events
2026-01-03 10:26:26,546 [FATAL] Updater:351 - Updater called before beeing initialized
2026-01-03 10:26:26,546 [ERROR] CADModel:125 - Updater not yet initialized, retry later 
2026-01-03 10:26:26,791 [FATAL] Updater:351 - Updater called before beeing initialized
2026-01-03 10:26:26,794 [INFO] CADModel:165 - CPN selected for project level
2026-01-03 10:26:26,794 [INFO] CADModel:114 - Register for checkConnection events
2026-01-03 10:26:26,794 [FATAL] Updater:351 - Updater called before beeing initialized
2026-01-03 10:26:26,794 [ERROR] CADModel:125 - Updater not yet initialized, retry later 
2026-01-03 10:26:26,800 [FATAL] Updater:351 - Updater called before beeing initialized
2026-01-03 10:26:26,947 [FATAL] Updater:351 - Updater called before beeing initialized
2026-01-03 10:26:26,953 [INFO] DbMcusAds:53 - JSON generation date=Thu Oct 02 04:36:05 CDT 2025 (1759397765645)
2026-01-03 10:26:26,954 [FATAL] Updater:351 - Updater called before beeing initialized
2026-01-03 10:26:27,002 [WARN] DetailPanel:346 - Failed to get advertising image, set to default
2026-01-03 10:26:27,310 [FATAL] Updater:351 - Updater called before beeing initialized
2026-01-03 10:26:27,314 [FATAL] Updater:351 - Updater called before beeing initialized
2026-01-03 10:26:27,314 [FATAL] Updater:351 - Updater called before beeing initialized
2026-01-03 10:26:27,314 [WARN] DetailPanel:346 - Failed to get advertising image, set to default
2026-01-03 10:26:27,315 [FATAL] Updater:351 - Updater called before beeing initialized
2026-01-03 10:26:27,394 [ERROR] Updater:1198 - MainUpdater not yet initialized. External WinMGr cannot be set.
2026-01-03 10:26:27,396 [INFO] Updater:1134 - Updater Version found : 6.14.1
2026-01-03 10:26:27,422 [INFO] ApplicationProperties:184 - Using Application install path: C:\ST\STM32CubeIDE_1.18.1\STM32CubeIDE\plugins\com.st.stm32cube.common.mx_6.14.1.202504091515
2026-01-03 10:26:27,832 [INFO] MainUpdater:2872 - connection check result : 10
2026-01-03 10:26:27,833 [INFO] MainUpdater:3566 - Updater definition file requires update
2026-01-03 10:26:27,834 [INFO] MainUpdater:289 - Updater Check For Update Now.
2026-01-03 10:26:27,834 [INFO] MicroXplorer:498 - Change Database Version : DB.6.0.141
2026-01-03 10:26:27,843 [INFO] McuFinderGlobals:63 - Set McuFinder mode to 2 (CubeIDE integrated)
2026-01-03 10:26:27,843 [INFO] UserAuth:171 - activating auth plugin
2026-01-03 10:26:27,848 [INFO] UserAuth:484 - Internet connection configuration mode: 1
2026-01-03 10:26:27,884 [INFO] JxBrowserEngine:152 - Initiate JxBrowser Engine with user profile folder
2026-01-03 10:26:27,932 [INFO] ServerAccessManage:473 - Download File updaters.zip
2026-01-03 10:26:28,056 [INFO] FileExtend:242 - Unzip File : updaters.zip
2026-01-03 10:26:28,056 [INFO] FileExtend:257 - Standard Zip Deflate
2026-01-03 10:26:28,266 [WARN] MainUpdater:1193 - Updater busy. Cannot search thirdparties
2026-01-03 10:26:28,266 [INFO] ThirdPartyUpdaterWithRetryManager:96 - Updater plugin is busy. [1/15]
2026-01-03 10:26:28,859 [INFO] ServerAccessManage:473 - Download File PacksControlFlags.xml
2026-01-03 10:26:28,975 [INFO] ServerAccessManage:473 - Download File cubemx.pidx
2026-01-03 10:26:29,177 [INFO] LoadServerUpdatesThread:375 - End of LoadServerUpdate Thread
2026-01-03 10:26:29,330 [INFO] WebApp:169 - Instantiating new browser for Auth
2026-01-03 10:26:29,406 [INFO] CheckServerUpdateThread:120 - End of CheckServer Thread
2026-01-03 10:26:30,622 [INFO] WebApp:463 - Apply proxy settings
2026-01-03 10:26:30,622 [INFO] WebApp:548 - Chromium requires no authentication
2026-01-03 10:26:30,635 [INFO] WebApp:491 - Direct internet connection detected
2026-01-03 10:26:30,672 [INFO] WebApp:894 - Register for checkConnection events
2026-01-03 10:26:30,672 [INFO] WebApp:463 - Apply proxy settings
2026-01-03 10:26:30,672 [INFO] WebApp:548 - Chromium requires no authentication
2026-01-03 10:26:30,673 [INFO] WebApp:491 - Direct internet connection detected
2026-01-03 10:26:30,838 [INFO] WebApp:191 - Connection restablished
2026-01-03 10:26:30,988 [INFO] WebApp:225 - Starting web application
2026-01-03 10:26:30,988 [INFO] WebApp:593 - Web application path used C:\ST\STM32CubeIDE_1.18.1\STM32CubeIDE\plugins\com.st.stm32cube.common.mx_6.14.1.202504091515\db\plugins\mcufinder\reactClient1\index.html
2026-01-03 10:26:31,681 [WARN] PackLoader:240 - Cannot read IP mode file for STMicroelectronics.FP-SNS-MOTENVWB1.1.4.0
2026-01-03 10:26:31,693 [WARN] PackLoader:240 - Cannot read IP mode file for STMicroelectronics.FP-ATR-ASTRA1.2.0.2
2026-01-03 10:26:31,707 [WARN] PackLoader:240 - Cannot read IP mode file for STMicroelectronics.X-CUBE-SMBUS.2.1.0
2026-01-03 10:26:31,719 [WARN] PackLoader:240 - Cannot read IP mode file for STMicroelectronics.X-CUBE-WB05N.1.1.0
2026-01-03 10:26:31,729 [WARN] PackLoader:240 - Cannot read IP mode file for STMicroelectronics.X-CUBE-ST60.1.0.0
2026-01-03 10:26:31,769 [WARN] PackLoader:240 - Cannot read IP mode file for STMicroelectronics.X-CUBE-AZRTOS-F7.1.1.0
2026-01-03 10:26:31,784 [ERROR] Engine:466 - C:\Users\montemayorm\.stm32cubemx\thirdparties\pdsc\STMicroelectronics.FP-SNS-MOTENV1.5.1.0.pdsc: PDSC version is not supported
2026-01-03 10:26:31,819 [WARN] PackLoader:240 - Cannot read IP mode file for Infineon.AIROC-Wi-Fi-Bluetooth-STM32.1.7.0
2026-01-03 10:26:31,855 [WARN] PackLoader:240 - Cannot read IP mode file for STMicroelectronics.X-CUBE-AZRTOS-H7.3.4.0
2026-01-03 10:26:31,869 [WARN] PackLoader:240 - Cannot read IP mode file for STMicroelectronics.X-CUBE-DISPLAY.3.0.0
2026-01-03 10:26:31,887 [WARN] PackLoader:240 - Cannot read IP mode file for STMicroelectronics.X-CUBE-NFC10.1.0.0
2026-01-03 10:26:31,903 [WARN] PackLoader:240 - Cannot read IP mode file for STMicroelectronics.X-CUBE-BLEMGR.4.0.0
2026-01-03 10:26:31,913 [WARN] PackLoader:240 - Cannot read IP mode file for STMicroelectronics.X-CUBE-ST60.1.1.0
2026-01-03 10:26:31,923 [WARN] PackLoader:240 - Cannot read IP mode file for emotas.I-CUBE-CANOPEN.1.3.0
2026-01-03 10:26:31,932 [WARN] PackLoader:240 - Cannot read IP mode file for STMicroelectronics.X-CUBE-GNSS1.7.1.0
2026-01-03 10:26:31,941 [WARN] ConditionMgr:438 - getConditionDescription Invalid condition id : Cortex-A Device cause : null
2026-01-03 10:26:31,955 [WARN] ConditionMgr:1044 - genDependencies : Invalid condition id : Cortex-A Device cause : null
2026-01-03 10:26:31,955 [WARN] ConditionMgr:1044 - genDependencies : Invalid condition id : Cortex-A Device cause : null
2026-01-03 10:26:31,955 [WARN] ConditionMgr:1044 - genDependencies : Invalid condition id : Cortex-A Device cause : null
2026-01-03 10:26:31,962 [WARN] PackLoader:240 - Cannot read IP mode file for STMicroelectronics.X-CUBE-AI.10.0.0
2026-01-03 10:26:31,968 [ERROR] Engine:466 - C:\Users\montemayorm\.stm32cubemx\thirdparties\pdsc\STMicroelectronics.FP-SNS-STBOX1.2.1.0.pdsc: PDSC version is not supported
2026-01-03 10:26:31,975 [WARN] PackLoader:240 - Cannot read IP mode file for STMicroelectronics.FP-SNS-SMARTAG2.1.2.0
2026-01-03 10:26:31,981 [WARN] PackLoader:240 - Cannot read IP mode file for STMicroelectronics.FP-SNS-FLIGHT1.5.1.0
2026-01-03 10:26:31,992 [INFO] LogOutputStream:77 - [STDOUT_REDIRECT] 1 : Invalid condition id : UX_CORESTACK_Condition cause : null
2026-01-03 10:26:31,993 [INFO] LogOutputStream:77 - [STDOUT_REDIRECT] 1 : Invalid condition id : UX_CORESTACK_Condition cause : null
2026-01-03 10:26:31,995 [INFO] LogOutputStream:77 - [STDOUT_REDIRECT] 1 : Invalid condition id : UX_CORESTACK_Condition cause : null
2026-01-03 10:26:31,996 [INFO] LogOutputStream:77 - [STDOUT_REDIRECT] 1 : Invalid condition id : UX_CORESTACK_Condition cause : null
2026-01-03 10:26:31,999 [INFO] LogOutputStream:77 - [STDOUT_REDIRECT] 1 : Invalid condition id : UX_CORESTACK_Condition cause : null
2026-01-03 10:26:32,001 [WARN] PackLoader:240 - Cannot read IP mode file for STMicroelectronics.X-CUBE-AZRTOS-WL.2.0.0
2026-01-03 10:26:32,008 [WARN] PackLoader:240 - Cannot read IP mode file for STMicroelectronics.FP-SNS-MOTENV1.5.0.0
2026-01-03 10:26:32,032 [WARN] PackLoader:240 - Cannot read IP mode file for STMicroelectronics.X-CUBE-AZRTOS-H7RS.1.2.0
2026-01-03 10:26:32,040 [WARN] PackLoader:240 - Cannot read IP mode file for WES.I-CUBE-Cesium.1.3.0
2026-01-03 10:26:32,046 [WARN] PackLoader:240 - Cannot read IP mode file for STMicroelectronics.X-CUBE-BLE2.3.3.0
2026-01-03 10:26:32,073 [WARN] PackLoader:240 - Cannot read IP mode file for STMicroelectronics.X-CUBE-NFC9.1.0.0
2026-01-03 10:26:32,082 [WARN] PackLoader:240 - Cannot read IP mode file for STMicroelectronics.X-CUBE-BLE1.7.1.0
2026-01-03 10:26:32,090 [WARN] PackLoader:240 - Cannot read IP mode file for wolfSSL.I-CUBE-wolfMQTT.1.19.2
2026-01-03 10:26:32,094 [ERROR] Engine:466 - C:\Users\montemayorm\.stm32cubemx\thirdparties\pdsc\STMicroelectronics.X-CUBE-FREERTOS.1.4.0.pdsc: PDSC version is not supported
2026-01-03 10:26:32,102 [WARN] PackLoader:240 - Cannot read IP mode file for STMicroelectronics.X-CUBE-EEPRMA1.5.2.0
2026-01-03 10:26:32,109 [ERROR] Engine:466 - C:\Users\montemayorm\.stm32cubemx\thirdparties\pdsc\STMicroelectronics.X-CUBE-ST67W61.1.1.0.pdsc: PDSC version is not supported
2026-01-03 10:26:32,114 [WARN] PackLoader:240 - Cannot read IP mode file for STMicroelectronics.X-CUBE-AI.10.1.0
2026-01-03 10:26:32,166 [WARN] PackLoader:240 - Cannot read IP mode file for STMicroelectronics.X-CUBE-MEMS1.12.0.0
2026-01-03 10:26:32,284 [WARN] PackLoader:240 - Cannot read IP mode file for STMicroelectronics.X-CUBE-MEMS1.11.2.0
2026-01-03 10:26:32,411 [WARN] PackLoader:240 - Cannot read IP mode file for STMicroelectronics.X-CUBE-AZRTOS-G0.1.1.0
2026-01-03 10:26:32,419 [WARN] PackLoader:240 - Cannot read IP mode file for STMicroelectronics.X-CUBE-SAFEA1.1.2.2
2026-01-03 10:26:32,424 [WARN] PackLoader:240 - Cannot read IP mode file for STMicroelectronics.X-CUBE-NFC4.3.0.0
2026-01-03 10:26:32,432 [WARN] PackLoader:240 - Cannot read IP mode file for EmbeddedOffice.I-CUBE-FS-RTOS.1.0.1
2026-01-03 10:26:32,437 [WARN] PackLoader:240 - Cannot read IP mode file for STMicroelectronics.X-CUBE-WB05N.2.0.0
2026-01-03 10:26:32,441 [WARN] PackLoader:240 - Cannot read IP mode file for wolfSSL.I-CUBE-wolfTPM.3.8.0
2026-01-03 10:26:32,449 [WARN] PackLoader:240 - Cannot read IP mode file for STMicroelectronics.X-CUBE-TCPP.4.2.0
2026-01-03 10:26:32,456 [WARN] PackLoader:240 - Cannot read IP mode file for RealThread.X-CUBE-RT-Thread_Nano.4.1.1
2026-01-03 10:26:32,462 [WARN] PackLoader:240 - Cannot read IP mode file for STMicroelectronics.FP-ATR-SIGFOX1.3.2.0
2026-01-03 10:26:32,470 [WARN] PackLoader:240 - Cannot read IP mode file for STMicroelectronics.X-CUBE-EEPRMA1.5.1.0
2026-01-03 10:26:32,478 [WARN] PackLoader:240 - Cannot read IP mode file for wolfSSL.I-CUBE-wolfSSL.5.7.6
2026-01-03 10:26:32,485 [WARN] PackLoader:240 - Cannot read IP mode file for ITTIA_DB.I-CUBE-ITTIADB.8.9.0
2026-01-03 10:26:32,492 [WARN] PackLoader:240 - Cannot read IP mode file for STMicroelectronics.X-CUBE-ST67W61.1.0.0
2026-01-03 10:26:32,497 [WARN] PackLoader:240 - Cannot read IP mode file for STMicroelectronics.X-CUBE-AI.10.2.0
2026-01-03 10:26:32,516 [WARN] PackLoader:240 - Cannot read IP mode file for SEGGER.I-CUBE-embOS.1.3.1
2026-01-03 10:26:32,541 [WARN] PackLoader:240 - Cannot read IP mode file for STMicroelectronics.X-CUBE-ALGOBUILD.1.4.0
2026-01-03 10:26:32,579 [WARN] PackLoader:240 - Cannot read IP mode file for STMicroelectronics.X-CUBE-MEMS1.11.3.0
2026-01-03 10:26:32,685 [WARN] PackLoader:240 - Cannot read IP mode file for STMicroelectronics.X-CUBE-PM33A1.1.0.0
2026-01-03 10:26:32,716 [WARN] PackLoader:240 - Cannot read IP mode file for STMicroelectronics.X-CUBE-AZRTOS-F4.1.1.0
2026-01-03 10:26:32,722 [WARN] PackLoader:240 - Cannot read IP mode file for Avnet-IotConnect.X-CUBE-IoTC-DA16k-PMOD.1.0.0
2026-01-03 10:26:32,728 [WARN] PackLoader:240 - Cannot read IP mode file for STMicroelectronics.X-CUBE-ISPU.2.1.0
2026-01-03 10:26:32,735 [ERROR] Engine:466 - C:\Users\montemayorm\.stm32cubemx\thirdparties\pdsc\STMicroelectronics.X-CUBE-IPS.3.2.0.pdsc: PDSC version is not supported
2026-01-03 10:26:32,742 [WARN] PackLoader:240 - Cannot read IP mode file for STMicroelectronics.X-CUBE-NFC12.1.0.0
2026-01-03 10:26:32,757 [WARN] PackLoader:240 - Cannot read IP mode file for STMicroelectronics.X-CUBE-AZRTOS-L5.2.0.0
2026-01-03 10:26:32,767 [WARN] PackLoader:240 - Cannot read IP mode file for STMicroelectronics.X-CUBE-NFC6.3.1.0
2026-01-03 10:26:32,774 [WARN] PackLoader:240 - Cannot read IP mode file for STMicroelectronics.X-CUBE-FREERTOS.1.3.1
2026-01-03 10:26:32,779 [WARN] PackLoader:240 - Cannot read IP mode file for STMicroelectronics.X-CUBE-FREERTOS.1.3.0
2026-01-03 10:26:32,786 [WARN] PackLoader:240 - Cannot read IP mode file for STMicroelectronics.X-CUBE-NFC7.1.0.1
2026-01-03 10:26:32,795 [WARN] PackLoader:240 - Cannot read IP mode file for STMicroelectronics.X-CUBE-TOUCHGFX.4.26.0
2026-01-03 10:26:32,802 [WARN] PackLoader:240 - Cannot read IP mode file for STMicroelectronics.FP-SNS-STAIOTCFT.1.0.0
2026-01-03 10:26:32,810 [WARN] PackLoader:240 - Cannot read IP mode file for STMicroelectronics.X-CUBE-DPower.1.3.0
2026-01-03 10:26:32,822 [WARN] ConditionMgr:438 - getConditionDescription Invalid condition id : LAN8742 Phy interface Condition cause : null
2026-01-03 10:26:32,822 [WARN] PackLoader:240 - Cannot read IP mode file for STMicroelectronics.X-CUBE-AZRTOS-L4.2.0.0
2026-01-03 10:26:32,823 [WARN] ConditionMgr:1044 - genDependencies : Invalid condition id : LAN8742 Phy interface Condition cause : null
2026-01-03 10:26:32,823 [WARN] ConditionMgr:1044 - genDependencies : Invalid condition id : LAN8742 Phy interface Condition cause : null
2026-01-03 10:26:32,823 [WARN] ConditionMgr:1044 - genDependencies : Invalid condition id : LAN8742 Phy interface Condition cause : null
2026-01-03 10:26:32,830 [WARN] PackLoader:240 - Cannot read IP mode file for STMicroelectronics.X-CUBE-SFXS2LP1.4.0.0
2026-01-03 10:26:32,842 [WARN] PackLoader:240 - Cannot read IP mode file for STMicroelectronics.X-CUBE-AZRTOS-H7.3.3.0
2026-01-03 10:26:32,852 [WARN] PackLoader:240 - Cannot read IP mode file for STMicroelectronics.X-CUBE-BLEMGR.4.1.0
2026-01-03 10:26:32,864 [WARN] ConditionMgr:438 - getConditionDescription Invalid condition id : UX DEVICE CLASS RTOS Condition cause : null
2026-01-03 10:26:32,864 [WARN] ConditionMgr:438 - getConditionDescription Invalid condition id : UX DEVICE CLASS RTOS Condition cause : null
2026-01-03 10:26:32,866 [WARN] PackLoader:240 - Cannot read IP mode file for STMicroelectronics.X-CUBE-AZRTOS-WB.2.0.0
2026-01-03 10:26:32,866 [WARN] ConditionMgr:1044 - genDependencies : Invalid condition id : UX DEVICE CLASS RTOS Condition cause : null
2026-01-03 10:26:32,866 [WARN] ConditionMgr:1044 - genDependencies : Invalid condition id : UX DEVICE CLASS RTOS Condition cause : null
2026-01-03 10:26:32,866 [WARN] ConditionMgr:1044 - genDependencies : Invalid condition id : UX DEVICE CLASS RTOS Condition cause : null
2026-01-03 10:26:32,867 [WARN] ConditionMgr:1044 - genDependencies : Invalid condition id : UX DEVICE CLASS RTOS Condition cause : null
2026-01-03 10:26:32,867 [WARN] ConditionMgr:1044 - genDependencies : Invalid condition id : UX DEVICE CLASS RTOS Condition cause : null
2026-01-03 10:26:32,872 [WARN] PackLoader:240 - Cannot read IP mode file for STMicroelectronics.X-CUBE-GNSS1.7.0.1
2026-01-03 10:26:32,877 [WARN] PackLoader:240 - Cannot read IP mode file for STMicroelectronics.X-CUBE-TOUCHGFX.4.25.0
2026-01-03 10:26:32,884 [WARN] PackLoader:240 - Cannot read IP mode file for STMicroelectronics.FP-SNS-STBOX1.2.0.0
2026-01-03 10:26:32,897 [WARN] PackLoader:240 - Cannot read IP mode file for STMicroelectronics.X-CUBE-SUBG2.5.0.0
2026-01-03 10:26:32,920 [WARN] PackLoader:240 - Cannot read IP mode file for STMicroelectronics.X-CUBE-AZRTOS-H7RS.1.1.0
2026-01-03 10:26:32,929 [WARN] PackLoader:240 - Cannot read IP mode file for Cesanta.I-CUBE-Mongoose.7.13.0
2026-01-03 10:26:32,942 [WARN] PackLoader:240 - Cannot read IP mode file for STMicroelectronics.X-CUBE-AZRTOS-G4.2.0.0
2026-01-03 10:26:32,948 [WARN] PackLoader:240 - Cannot read IP mode file for wolfSSL.I-CUBE-wolfSSH.1.4.20
2026-01-03 10:26:32,954 [WARN] PackLoader:240 - Cannot read IP mode file for STMicroelectronics.X-CUBE-NFC7.2.0.0
2026-01-03 10:26:32,965 [WARN] PackLoader:240 - Cannot read IP mode file for STMicroelectronics.X-CUBE-IPS.3.1.0
2026-01-03 10:26:32,973 [WARN] PackLoader:240 - Cannot read IP mode file for STMicroelectronics.X-CUBE-ALS.1.0.2
2026-01-03 10:26:32,979 [WARN] PackLoader:240 - Cannot read IP mode file for STMicroelectronics.X-CUBE-STSE01.1.0.0
2026-01-03 10:26:32,987 [WARN] PackLoader:240 - Cannot read IP mode file for portGmbH.I-Cube-SoM-uGOAL.1.1.0
2026-01-03 10:26:32,996 [WARN] PackLoader:240 - Cannot read IP mode file for STMicroelectronics.X-CUBE-TOF1.3.4.3
2026-01-03 10:26:33,005 [INFO] ThirdParty:978 - Integrity check success = true
2026-01-03 10:26:33,005 [INFO] IntegrityCheckThread:100 - exiting critical section [integrity check]
2026-01-03 10:26:33,005 [INFO] IntegrityCheckThread:103 - End integrity checks thread
2026-01-03 10:27:51,385 [ERROR] LogOutputStream:75 - [STDERR_REDIRECT] 
