2025-09-01 12:59:38,515 [INFO] Activator:176 - 


2025-09-01 12:59:38,518 [INFO] Activator:177 - !SESSION log4j initialized
2025-09-01 12:59:43,541 [INFO] LogOutputStream:77 - [STDOUT_REDIRECT] 
2025-09-01 12:59:46,656 [INFO] ApplicationProperties:184 - Using Application install path: C:\ST\STM32CubeIDE_1.18.1\STM32CubeIDE\plugins\com.st.stm32cube.common.mx_6.14.1.202504091515
2025-09-01 12:59:46,692 [INFO] DbMcusXml:78 - Set database path to: C:\ST\STM32CubeIDE_1.18.1\STM32CubeIDE\plugins\com.st.stm32cube.common.mx_6.14.1.202504091515\\db\/mcu/
2025-09-01 12:59:46,692 [INFO] ApiDb:274 - Set plugin database path to: C:\ST\STM32CubeIDE_1.18.1\STM32CubeIDE\plugins\com.st.stm32cube.common.mx_6.14.1.202504091515\\db\/plugins/boardmanager/
2025-09-01 12:59:46,693 [WARN] ApiDb:259 - Overriding images path with different value:  => C:\ST\STM32CubeIDE_1.18.1\STM32CubeIDE\plugins\com.st.stm32cube.common.mx_6.14.1.202504091515\\db\/plugins/mcufinder/images/
2025-09-01 12:59:46,710 [INFO] ApiDb:250 - Set database path to: C:\Users\montemayorm\.stmcufinder\plugins\mcufinder//mcu/
2025-09-01 12:59:46,713 [INFO] DbMcusAds:125 - Set database path to: C:\Users\montemayorm\.stmcufinder\plugins\mcufinder//mcu/
2025-09-01 12:59:46,718 [INFO] CrossReferenceDbSqlite:203 - Set database path to: C:\Users\montemayorm\.stmcufinder\plugins\mcufinder//mcu/cs/
2025-09-01 12:59:46,924 [INFO] RulesReader:64 - Compatibility file has been processed (302 Rules)
2025-09-01 12:59:47,140 [INFO] DbMcusXml:78 - Set database path to: C:\ST\STM32CubeIDE_1.18.1\STM32CubeIDE\plugins\com.st.stm32cube.common.mx_6.14.1.202504091515\\db\/mcu/
2025-09-01 12:59:47,140 [INFO] ApiDb:274 - Set plugin database path to: C:\ST\STM32CubeIDE_1.18.1\STM32CubeIDE\plugins\com.st.stm32cube.common.mx_6.14.1.202504091515\\db\/plugins/boardmanager/
2025-09-01 12:59:47,140 [INFO] ApiDb:261 - Set plugin images path to: C:\ST\STM32CubeIDE_1.18.1\STM32CubeIDE\plugins\com.st.stm32cube.common.mx_6.14.1.202504091515\\db\/plugins/mcufinder/images/
2025-09-01 12:59:47,141 [WARN] DbFile:41 - Overriding database path with different value: C:\Users\montemayorm\.stmcufinder\plugins\mcufinder/ => C:\Users\montemayorm\.stmcufinder\plugins\mcufinder
2025-09-01 12:59:47,141 [INFO] ApiDb:250 - Set database path to: C:\Users\montemayorm\.stmcufinder\plugins\mcufinder//mcu/
2025-09-01 12:59:47,141 [WARN] DbFile:41 - Overriding database path with different value: C:\Users\montemayorm\.stmcufinder\plugins\mcufinder/ => C:\Users\montemayorm\.stmcufinder\plugins\mcufinder
2025-09-01 12:59:47,141 [INFO] DbMcusAds:125 - Set database path to: C:\Users\montemayorm\.stmcufinder\plugins\mcufinder//mcu/
2025-09-01 12:59:47,141 [WARN] DbFile:41 - Overriding database path with different value: C:\Users\montemayorm\.stmcufinder\plugins\mcufinder/ => C:\Users\montemayorm\.stmcufinder\plugins\mcufinder
2025-09-01 12:59:47,141 [WARN] DbFile:41 - Overriding database path with different value: C:\Users\montemayorm\.stmcufinder\plugins\mcufinder/ => C:\Users\montemayorm\.stmcufinder\plugins\mcufinder
2025-09-01 12:59:47,141 [INFO] CrossReferenceDbSqlite:203 - Set database path to: C:\Users\montemayorm\.stmcufinder\plugins\mcufinder//mcu/cs/
2025-09-01 12:59:47,303 [INFO] MainPanel:272 - HeapMemory: 268435456
2025-09-01 12:59:47,559 [INFO] DbMcusXml:78 - Set database path to: C:\ST\STM32CubeIDE_1.18.1\STM32CubeIDE\plugins\com.st.stm32cube.common.mx_6.14.1.202504091515\\db\/mcu/
2025-09-01 12:59:47,559 [INFO] ApiDb:274 - Set plugin database path to: C:\ST\STM32CubeIDE_1.18.1\STM32CubeIDE\plugins\com.st.stm32cube.common.mx_6.14.1.202504091515\\db\/plugins/boardmanager/
2025-09-01 12:59:47,560 [INFO] ApiDb:261 - Set plugin images path to: C:\ST\STM32CubeIDE_1.18.1\STM32CubeIDE\plugins\com.st.stm32cube.common.mx_6.14.1.202504091515\\db\/plugins/mcufinder/images/
2025-09-01 12:59:47,561 [WARN] DbFile:41 - Overriding database path with different value: C:\Users\montemayorm\.stmcufinder\plugins\mcufinder/ => C:\Users\montemayorm\.stmcufinder\plugins\mcufinder
2025-09-01 12:59:47,561 [INFO] ApiDb:250 - Set database path to: C:\Users\montemayorm\.stmcufinder\plugins\mcufinder//mcu/
2025-09-01 12:59:47,561 [WARN] DbFile:41 - Overriding database path with different value: C:\Users\montemayorm\.stmcufinder\plugins\mcufinder/ => C:\Users\montemayorm\.stmcufinder\plugins\mcufinder
2025-09-01 12:59:47,561 [INFO] DbMcusAds:125 - Set database path to: C:\Users\montemayorm\.stmcufinder\plugins\mcufinder//mcu/
2025-09-01 12:59:47,562 [WARN] DbFile:41 - Overriding database path with different value: C:\Users\montemayorm\.stmcufinder\plugins\mcufinder/ => C:\Users\montemayorm\.stmcufinder\plugins\mcufinder
2025-09-01 12:59:47,562 [WARN] DbFile:41 - Overriding database path with different value: C:\Users\montemayorm\.stmcufinder\plugins\mcufinder/ => C:\Users\montemayorm\.stmcufinder\plugins\mcufinder
2025-09-01 12:59:47,562 [INFO] CrossReferenceDbSqlite:203 - Set database path to: C:\Users\montemayorm\.stmcufinder\plugins\mcufinder//mcu/cs/
2025-09-01 12:59:47,612 [INFO] ApplicationProperties:184 - Using Application install path: C:\ST\STM32CubeIDE_1.18.1\STM32CubeIDE\plugins\com.st.stm32cube.common.mx_6.14.1.202504091515
2025-09-01 12:59:47,617 [INFO] PluginManage:196 - Search for loadable plugins [exclusion list=, ]
2025-09-01 12:59:47,623 [INFO] PluginManage:310 - Check plugin analytics
2025-09-01 12:59:48,027 [INFO] AnalyticsPlugin:253 - Accepted Software Licenses: 
2025-09-01 12:59:48,028 [INFO] AnalyticsPlugin:255 - Accepted CMSIS Pack Licenses: 
2025-09-01 12:59:48,028 [INFO] AnalyticsPlugin:257 - Accepted Firmware Licenses: 
2025-09-01 12:59:48,036 [INFO] PluginManage:359 - Loaded plugin analytics (category:tool,tabindex:-1)
2025-09-01 12:59:48,036 [INFO] PluginManage:310 - Check plugin cadmodel
2025-09-01 12:59:48,048 [INFO] CADModel:105 - Init CAD model plugin
2025-09-01 12:59:48,048 [INFO] PluginManage:359 - Loaded plugin cadmodel (category:power,tabindex:5)
2025-09-01 12:59:48,049 [INFO] PluginManage:310 - Check plugin clock
2025-09-01 12:59:48,067 [INFO] PluginManage:359 - Loaded plugin clock (category:base,tabindex:2)
2025-09-01 12:59:48,068 [INFO] PluginManage:310 - Check plugin ddr
2025-09-01 12:59:48,072 [INFO] PluginManage:359 - Loaded plugin ddr (category:tool,tabindex:6)
2025-09-01 12:59:48,072 [INFO] PluginManage:310 - Check plugin filemanager
2025-09-01 12:59:48,473 [INFO] PluginManage:359 - Loaded plugin filemanager (category:base,tabindex:10)
2025-09-01 12:59:48,475 [INFO] PluginManage:310 - Check plugin ipmanager
2025-09-01 12:59:48,490 [INFO] PluginManage:359 - Loaded plugin ipmanager (category:base,tabindex:5)
2025-09-01 12:59:48,490 [INFO] PluginManage:310 - Check plugin lpbam
2025-09-01 12:59:48,511 [INFO] PluginManage:359 - Loaded plugin lpbam (category:base,tabindex:0)
2025-09-01 12:59:48,511 [INFO] PluginManage:310 - Check plugin memorymap
2025-09-01 12:59:48,547 [INFO] PluginManage:359 - Loaded plugin memorymap (category:base,tabindex:4)
2025-09-01 12:59:48,547 [INFO] PluginManage:310 - Check plugin pinoutandconfiguration
2025-09-01 12:59:48,573 [INFO] PluginManage:359 - Loaded plugin pinoutandconfiguration (category:base,tabindex:1)
2025-09-01 12:59:48,573 [INFO] PluginManage:310 - Check plugin pinoutconfig
2025-09-01 12:59:48,730 [WARN] SupportedApi:132 - Cannot load RTOS API schema: s4s-elt-must-match.1: The content of 'definitions' must match (annotation?, (simpleType | complexType)?, (unique | key | keyref)*)). A problem was found starting at: attribute.
2025-09-01 12:59:48,975 [INFO] PluginManage:359 - Loaded plugin pinoutconfig (category:base,tabindex:0)
2025-09-01 12:59:48,976 [INFO] PluginManage:310 - Check plugin power
2025-09-01 12:59:48,994 [INFO] PluginManage:359 - Loaded plugin power (category:power,tabindex:4)
2025-09-01 12:59:48,994 [INFO] PluginManage:310 - Check plugin projectmanager
2025-09-01 12:59:49,021 [INFO] PluginManage:359 - Loaded plugin projectmanager (category:projectmanager,tabindex:4)
2025-09-01 12:59:49,022 [INFO] PluginManage:310 - Check plugin rif
2025-09-01 12:59:49,038 [INFO] PluginManage:359 - Loaded plugin rif (category:base,tabindex:3)
2025-09-01 12:59:49,039 [INFO] PluginManage:310 - Check plugin thirdparty
2025-09-01 12:59:49,275 [INFO] PluginManage:359 - Loaded plugin thirdparty (category:base,tabindex:-1)
2025-09-01 12:59:49,275 [INFO] PluginManage:310 - Check plugin tools
2025-09-01 12:59:49,275 [WARN] IntegrityCheckThread:84 - waiting for thirdparty lock release [integrity check]
2025-09-01 12:59:49,275 [INFO] IntegrityCheckThread:86 - entering critical section [integrity check]
2025-09-01 12:59:49,276 [INFO] ThirdPartyUpdaterWithRetryManager:70 - Updater plugin not ready yet. [1/15]
2025-09-01 12:59:49,284 [INFO] PluginManage:359 - Loaded plugin tools (category:base,tabindex:7)
2025-09-01 12:59:49,284 [INFO] PluginManage:310 - Check plugin tutovideos
2025-09-01 12:59:49,639 [INFO] PluginManage:359 - Loaded plugin tutovideos (category:base,tabindex:-1)
2025-09-01 12:59:49,640 [INFO] PluginManage:310 - Check plugin updater
2025-09-01 12:59:49,677 [INFO] PluginManage:359 - Loaded plugin updater (category:base,tabindex:12)
2025-09-01 12:59:49,678 [INFO] PluginManage:310 - Check plugin userauth
2025-09-01 12:59:49,683 [INFO] UserAuth:118 - Init User Auth plugin
2025-09-01 12:59:49,684 [INFO] PluginManage:359 - Loaded plugin userauth (category:base,tabindex:14)
2025-09-01 12:59:49,685 [INFO] PluginManage:283 - PluginManage : Loaded plugins [18]
2025-09-01 12:59:50,080 [INFO] PinOutPanel:1589 - setPackage(No Configuration,No Configuration)
2025-09-01 12:59:50,233 [INFO] CADModel:165 - CPN selected for project level
2025-09-01 12:59:50,234 [INFO] CADModel:114 - Register for checkConnection events
2025-09-01 12:59:50,263 [INFO] IPUIPlugin:80 - create IPUIPlugin
2025-09-01 12:59:50,263 [INFO] PluginManager:220 - loadIPPluginJar : add adc
2025-09-01 12:59:50,270 [INFO] IPUIPlugin:80 - create IPUIPlugin
2025-09-01 12:59:50,270 [INFO] PluginManager:220 - loadIPPluginJar : add aes
2025-09-01 12:59:50,279 [INFO] IPUIPlugin:80 - create IPUIPlugin
2025-09-01 12:59:50,279 [INFO] PluginManager:220 - loadIPPluginJar : add can
2025-09-01 12:59:50,285 [INFO] IPUIPlugin:80 - create IPUIPlugin
2025-09-01 12:59:50,285 [INFO] PluginManager:220 - loadIPPluginJar : add comp
2025-09-01 12:59:50,290 [INFO] IPUIPlugin:80 - create IPUIPlugin
2025-09-01 12:59:50,291 [INFO] PluginManager:220 - loadIPPluginJar : add cryp
2025-09-01 12:59:50,298 [INFO] IPUIPlugin:80 - create IPUIPlugin
2025-09-01 12:59:50,299 [INFO] PluginManager:220 - loadIPPluginJar : add ddr_ctrl_phy
2025-09-01 12:59:50,305 [INFO] IPUIPlugin:80 - create IPUIPlugin
2025-09-01 12:59:50,306 [INFO] PluginManager:220 - loadIPPluginJar : add dfsdm
2025-09-01 12:59:50,315 [INFO] IPUIPlugin:80 - create IPUIPlugin
2025-09-01 12:59:50,316 [INFO] PluginManager:220 - loadIPPluginJar : add dma
2025-09-01 12:59:50,323 [INFO] IPUIPlugin:80 - create IPUIPlugin
2025-09-01 12:59:50,324 [INFO] PluginManager:220 - loadIPPluginJar : add dma3
2025-09-01 12:59:50,331 [INFO] IPUIPlugin:80 - create IPUIPlugin
2025-09-01 12:59:50,331 [INFO] PluginManager:220 - loadIPPluginJar : add extmemmanager
2025-09-01 12:59:50,335 [INFO] IPUIPlugin:80 - create IPUIPlugin
2025-09-01 12:59:50,335 [INFO] PluginManager:220 - loadIPPluginJar : add fatfs
2025-09-01 12:59:50,345 [INFO] IPUIPlugin:80 - create IPUIPlugin
2025-09-01 12:59:50,346 [INFO] PluginManager:220 - loadIPPluginJar : add fmc
2025-09-01 12:59:50,360 [INFO] IPUIPlugin:80 - create IPUIPlugin
2025-09-01 12:59:50,360 [INFO] PluginManager:220 - loadIPPluginJar : add freertos
2025-09-01 12:59:50,366 [INFO] IPUIPlugin:80 - create IPUIPlugin
2025-09-01 12:59:50,367 [INFO] PluginManager:220 - loadIPPluginJar : add genericplugin
2025-09-01 12:59:50,373 [INFO] IPUIPlugin:80 - create IPUIPlugin
2025-09-01 12:59:50,374 [INFO] PluginManager:220 - loadIPPluginJar : add gfxmmu
2025-09-01 12:59:50,385 [INFO] IPUIPlugin:80 - create IPUIPlugin
2025-09-01 12:59:50,385 [INFO] PluginManager:220 - loadIPPluginJar : add gic
2025-09-01 12:59:50,394 [INFO] IPUIPlugin:80 - create IPUIPlugin
2025-09-01 12:59:50,394 [INFO] PluginManager:220 - loadIPPluginJar : add gpio
2025-09-01 12:59:50,402 [INFO] IPUIPlugin:80 - create IPUIPlugin
2025-09-01 12:59:50,402 [INFO] PluginManager:220 - loadIPPluginJar : add gtzc
2025-09-01 12:59:50,408 [INFO] IPUIPlugin:80 - create IPUIPlugin
2025-09-01 12:59:50,408 [INFO] PluginManager:220 - loadIPPluginJar : add hash
2025-09-01 12:59:50,417 [INFO] IPUIPlugin:80 - create IPUIPlugin
2025-09-01 12:59:50,418 [INFO] PluginManager:220 - loadIPPluginJar : add i2c
2025-09-01 12:59:50,424 [INFO] IPUIPlugin:80 - create IPUIPlugin
2025-09-01 12:59:50,425 [INFO] PluginManager:220 - loadIPPluginJar : add i2s
2025-09-01 12:59:50,432 [INFO] IPUIPlugin:80 - create IPUIPlugin
2025-09-01 12:59:50,433 [INFO] PluginManager:220 - loadIPPluginJar : add i3c
2025-09-01 12:59:50,440 [INFO] IPUIPlugin:80 - create IPUIPlugin
2025-09-01 12:59:50,441 [INFO] PluginManager:220 - loadIPPluginJar : add ipddr
2025-09-01 12:59:50,455 [INFO] IPUIPlugin:80 - create IPUIPlugin
2025-09-01 12:59:50,456 [INFO] PluginManager:220 - loadIPPluginJar : add linkedlist
2025-09-01 12:59:50,463 [INFO] IPUIPlugin:80 - create IPUIPlugin
2025-09-01 12:59:50,463 [INFO] PluginManager:220 - loadIPPluginJar : add lorawan
2025-09-01 12:59:50,468 [INFO] IPUIPlugin:80 - create IPUIPlugin
2025-09-01 12:59:50,468 [INFO] PluginManager:220 - loadIPPluginJar : add ltdc
2025-09-01 12:59:50,479 [INFO] IPUIPlugin:80 - create IPUIPlugin
2025-09-01 12:59:50,480 [INFO] PluginManager:220 - loadIPPluginJar : add mdma
2025-09-01 12:59:50,489 [INFO] IPUIPlugin:80 - create IPUIPlugin
2025-09-01 12:59:50,490 [INFO] PluginManager:220 - loadIPPluginJar : add nvic
2025-09-01 12:59:50,496 [INFO] IPUIPlugin:80 - create IPUIPlugin
2025-09-01 12:59:50,496 [INFO] PluginManager:220 - loadIPPluginJar : add opamp
2025-09-01 12:59:50,502 [INFO] IPUIPlugin:80 - create IPUIPlugin
2025-09-01 12:59:50,502 [INFO] PluginManager:220 - loadIPPluginJar : add openamp
2025-09-01 12:59:50,507 [INFO] IPUIPlugin:80 - create IPUIPlugin
2025-09-01 12:59:50,507 [INFO] PluginManager:220 - loadIPPluginJar : add pdm2pcm
2025-09-01 12:59:50,516 [INFO] IPUIPlugin:80 - create IPUIPlugin
2025-09-01 12:59:50,519 [INFO] PluginManager:220 - loadIPPluginJar : add plateformsettings
2025-09-01 12:59:50,523 [INFO] IPUIPlugin:80 - create IPUIPlugin
2025-09-01 12:59:50,524 [INFO] PluginManager:220 - loadIPPluginJar : add quadspi
2025-09-01 12:59:50,528 [INFO] IPUIPlugin:80 - create IPUIPlugin
2025-09-01 12:59:50,528 [INFO] PluginManager:220 - loadIPPluginJar : add radio
2025-09-01 12:59:50,535 [INFO] IPUIPlugin:80 - create IPUIPlugin
2025-09-01 12:59:50,535 [INFO] PluginManager:220 - loadIPPluginJar : add resmgrutility
2025-09-01 12:59:50,541 [INFO] IPUIPlugin:80 - create IPUIPlugin
2025-09-01 12:59:50,541 [INFO] PluginManager:220 - loadIPPluginJar : add sai
2025-09-01 12:59:50,547 [INFO] IPUIPlugin:80 - create IPUIPlugin
2025-09-01 12:59:50,548 [INFO] PluginManager:220 - loadIPPluginJar : add spi
2025-09-01 12:59:50,560 [INFO] IPUIPlugin:80 - create IPUIPlugin
2025-09-01 12:59:50,560 [INFO] PluginManager:220 - loadIPPluginJar : add stm32_wpan
2025-09-01 12:59:50,565 [INFO] IPUIPlugin:80 - create IPUIPlugin
2025-09-01 12:59:50,565 [INFO] PluginManager:220 - loadIPPluginJar : add tim
2025-09-01 12:59:50,572 [INFO] IPUIPlugin:80 - create IPUIPlugin
2025-09-01 12:59:50,573 [INFO] PluginManager:220 - loadIPPluginJar : add touchsensing
2025-09-01 12:59:50,578 [INFO] IPUIPlugin:80 - create IPUIPlugin
2025-09-01 12:59:50,578 [INFO] PluginManager:220 - loadIPPluginJar : add tracer_emb
2025-09-01 12:59:50,582 [INFO] IPUIPlugin:80 - create IPUIPlugin
2025-09-01 12:59:50,583 [INFO] PluginManager:220 - loadIPPluginJar : add ts
2025-09-01 12:59:50,587 [INFO] IPUIPlugin:80 - create IPUIPlugin
2025-09-01 12:59:50,587 [INFO] PluginManager:220 - loadIPPluginJar : add tsc
2025-09-01 12:59:50,594 [INFO] IPUIPlugin:80 - create IPUIPlugin
2025-09-01 12:59:50,594 [INFO] PluginManager:220 - loadIPPluginJar : add ucpd
2025-09-01 12:59:50,603 [INFO] IPUIPlugin:80 - create IPUIPlugin
2025-09-01 12:59:50,604 [INFO] PluginManager:220 - loadIPPluginJar : add usart
2025-09-01 12:59:50,617 [INFO] IPUIPlugin:80 - create IPUIPlugin
2025-09-01 12:59:50,617 [INFO] PluginManager:220 - loadIPPluginJar : add usbx
2025-09-01 12:59:50,801 [FATAL] Updater:351 - Updater called before beeing initialized
2025-09-01 12:59:50,854 [INFO] RulesReader:64 - Compatibility file has been processed (302 Rules)
2025-09-01 12:59:50,868 [INFO] RulesReader:64 - Compatibility file has been processed (302 Rules)
2025-09-01 12:59:50,886 [INFO] CADModel:165 - CPN selected for project level
2025-09-01 12:59:50,886 [INFO] CADModel:114 - Register for checkConnection events
2025-09-01 12:59:50,887 [FATAL] Updater:351 - Updater called before beeing initialized
2025-09-01 12:59:50,887 [ERROR] CADModel:125 - Updater not yet initialized, retry later 
2025-09-01 12:59:51,331 [FATAL] Updater:351 - Updater called before beeing initialized
2025-09-01 12:59:51,334 [INFO] CADModel:165 - CPN selected for project level
2025-09-01 12:59:51,334 [INFO] CADModel:114 - Register for checkConnection events
2025-09-01 12:59:51,335 [FATAL] Updater:351 - Updater called before beeing initialized
2025-09-01 12:59:51,335 [ERROR] CADModel:125 - Updater not yet initialized, retry later 
2025-09-01 12:59:51,341 [FATAL] Updater:351 - Updater called before beeing initialized
2025-09-01 12:59:51,544 [FATAL] Updater:351 - Updater called before beeing initialized
2025-09-01 12:59:51,551 [INFO] DbMcusAds:53 - JSON generation date=Thu Jun 19 03:32:34 CDT 2025 (1750321954388)
2025-09-01 12:59:51,552 [FATAL] Updater:351 - Updater called before beeing initialized
2025-09-01 12:59:51,600 [WARN] DetailPanel:346 - Failed to get advertising image, set to default
2025-09-01 12:59:51,865 [FATAL] Updater:351 - Updater called before beeing initialized
2025-09-01 12:59:51,868 [FATAL] Updater:351 - Updater called before beeing initialized
2025-09-01 12:59:51,868 [FATAL] Updater:351 - Updater called before beeing initialized
2025-09-01 12:59:51,868 [WARN] DetailPanel:346 - Failed to get advertising image, set to default
2025-09-01 12:59:51,869 [FATAL] Updater:351 - Updater called before beeing initialized
2025-09-01 12:59:51,928 [ERROR] Updater:1198 - MainUpdater not yet initialized. External WinMGr cannot be set.
2025-09-01 12:59:51,931 [INFO] Updater:1134 - Updater Version found : 6.14.1
2025-09-01 12:59:51,958 [INFO] ApplicationProperties:184 - Using Application install path: C:\ST\STM32CubeIDE_1.18.1\STM32CubeIDE\plugins\com.st.stm32cube.common.mx_6.14.1.202504091515
2025-09-01 12:59:52,278 [INFO] ThirdPartyUpdaterWithRetryManager:70 - Updater plugin not ready yet. [2/15]
2025-09-01 12:59:52,667 [INFO] MainUpdater:2872 - connection check result : 10
2025-09-01 12:59:52,667 [INFO] MainUpdater:3566 - Updater definition file requires update
2025-09-01 12:59:52,670 [INFO] MainUpdater:289 - Updater Check For Update Now.
2025-09-01 12:59:52,670 [INFO] MicroXplorer:498 - Change Database Version : DB.6.0.141
2025-09-01 12:59:52,680 [INFO] McuFinderGlobals:63 - Set McuFinder mode to 2 (CubeIDE integrated)
2025-09-01 12:59:52,681 [INFO] UserAuth:171 - activating auth plugin
2025-09-01 12:59:52,686 [INFO] UserAuth:484 - Internet connection configuration mode: 1
2025-09-01 12:59:52,709 [INFO] ServerAccessManage:473 - Download File updaters.zip
2025-09-01 12:59:52,741 [INFO] JxBrowserEngine:152 - Initiate JxBrowser Engine with user profile folder
2025-09-01 12:59:52,907 [INFO] FileExtend:242 - Unzip File : updaters.zip
2025-09-01 12:59:52,908 [INFO] FileExtend:257 - Standard Zip Deflate
2025-09-01 12:59:53,899 [INFO] ServerAccessManage:473 - Download File PacksControlFlags.xml
2025-09-01 12:59:54,001 [INFO] ServerAccessManage:473 - Download File cubemx.pidx
2025-09-01 12:59:54,193 [INFO] LoadServerUpdatesThread:375 - End of LoadServerUpdate Thread
2025-09-01 12:59:54,421 [INFO] CheckServerUpdateThread:120 - End of CheckServer Thread
2025-09-01 12:59:54,863 [INFO] WebApp:169 - Instantiating new browser for Auth
2025-09-01 12:59:55,733 [WARN] PackLoader:240 - Cannot read IP mode file for STMicroelectronics.FP-SNS-MOTENVWB1.1.4.0
2025-09-01 12:59:55,751 [WARN] PackLoader:240 - Cannot read IP mode file for STMicroelectronics.FP-ATR-ASTRA1.2.0.2
2025-09-01 12:59:55,763 [WARN] PackLoader:240 - Cannot read IP mode file for STMicroelectronics.X-CUBE-SMBUS.2.1.0
2025-09-01 12:59:55,776 [WARN] PackLoader:240 - Cannot read IP mode file for STMicroelectronics.X-CUBE-WB05N.1.1.0
2025-09-01 12:59:55,786 [WARN] PackLoader:240 - Cannot read IP mode file for STMicroelectronics.X-CUBE-ST60.1.0.0
2025-09-01 12:59:55,835 [WARN] PackLoader:240 - Cannot read IP mode file for STMicroelectronics.X-CUBE-AZRTOS-F7.1.1.0
2025-09-01 12:59:55,868 [WARN] PackLoader:240 - Cannot read IP mode file for Infineon.AIROC-Wi-Fi-Bluetooth-STM32.1.7.0
2025-09-01 12:59:55,905 [WARN] PackLoader:240 - Cannot read IP mode file for STMicroelectronics.X-CUBE-AZRTOS-H7.3.4.0
2025-09-01 12:59:55,924 [WARN] PackLoader:240 - Cannot read IP mode file for STMicroelectronics.X-CUBE-DISPLAY.3.0.0
2025-09-01 12:59:55,944 [WARN] PackLoader:240 - Cannot read IP mode file for STMicroelectronics.X-CUBE-NFC10.1.0.0
2025-09-01 12:59:55,962 [WARN] PackLoader:240 - Cannot read IP mode file for STMicroelectronics.X-CUBE-BLEMGR.4.0.0
2025-09-01 12:59:55,974 [WARN] PackLoader:240 - Cannot read IP mode file for emotas.I-CUBE-CANOPEN.1.3.0
2025-09-01 12:59:55,981 [WARN] ConditionMgr:438 - getConditionDescription Invalid condition id : Cortex-A Device cause : null
2025-09-01 12:59:56,001 [WARN] ConditionMgr:1044 - genDependencies : Invalid condition id : Cortex-A Device cause : null
2025-09-01 12:59:56,002 [WARN] ConditionMgr:1044 - genDependencies : Invalid condition id : Cortex-A Device cause : null
2025-09-01 12:59:56,002 [WARN] ConditionMgr:1044 - genDependencies : Invalid condition id : Cortex-A Device cause : null
2025-09-01 12:59:56,009 [WARN] PackLoader:240 - Cannot read IP mode file for STMicroelectronics.X-CUBE-AI.10.0.0
2025-09-01 12:59:56,017 [ERROR] Engine:466 - C:\Users\montemayorm\.stm32cubemx\thirdparties\pdsc\STMicroelectronics.FP-SNS-STBOX1.2.1.0.pdsc: PDSC version is not supported
2025-09-01 12:59:56,024 [WARN] PackLoader:240 - Cannot read IP mode file for STMicroelectronics.FP-SNS-SMARTAG2.1.2.0
2025-09-01 12:59:56,033 [WARN] PackLoader:240 - Cannot read IP mode file for STMicroelectronics.FP-SNS-FLIGHT1.5.1.0
2025-09-01 12:59:56,046 [INFO] LogOutputStream:77 - [STDOUT_REDIRECT] 1 : Invalid condition id : UX_CORESTACK_Condition cause : null
2025-09-01 12:59:56,048 [INFO] LogOutputStream:77 - [STDOUT_REDIRECT] 1 : Invalid condition id : UX_CORESTACK_Condition cause : null
2025-09-01 12:59:56,049 [INFO] LogOutputStream:77 - [STDOUT_REDIRECT] 1 : Invalid condition id : UX_CORESTACK_Condition cause : null
2025-09-01 12:59:56,051 [INFO] LogOutputStream:77 - [STDOUT_REDIRECT] 1 : Invalid condition id : UX_CORESTACK_Condition cause : null
2025-09-01 12:59:56,053 [INFO] LogOutputStream:77 - [STDOUT_REDIRECT] 1 : Invalid condition id : UX_CORESTACK_Condition cause : null
2025-09-01 12:59:56,061 [WARN] PackLoader:240 - Cannot read IP mode file for STMicroelectronics.X-CUBE-AZRTOS-WL.2.0.0
2025-09-01 12:59:56,072 [WARN] PackLoader:240 - Cannot read IP mode file for STMicroelectronics.FP-SNS-MOTENV1.5.0.0
2025-09-01 12:59:56,089 [WARN] PackLoader:240 - Cannot read IP mode file for WES.I-CUBE-Cesium.1.3.0
2025-09-01 12:59:56,098 [WARN] PackLoader:240 - Cannot read IP mode file for STMicroelectronics.X-CUBE-BLE2.3.3.0
2025-09-01 12:59:56,113 [WARN] PackLoader:240 - Cannot read IP mode file for STMicroelectronics.X-CUBE-NFC9.1.0.0
2025-09-01 12:59:56,127 [WARN] PackLoader:240 - Cannot read IP mode file for STMicroelectronics.X-CUBE-BLE1.7.1.0
2025-09-01 12:59:56,140 [WARN] PackLoader:240 - Cannot read IP mode file for wolfSSL.I-CUBE-wolfMQTT.1.19.2
2025-09-01 12:59:56,154 [WARN] PackLoader:240 - Cannot read IP mode file for STMicroelectronics.X-CUBE-EEPRMA1.5.2.0
2025-09-01 12:59:56,165 [WARN] PackLoader:240 - Cannot read IP mode file for STMicroelectronics.X-CUBE-AI.10.1.0
2025-09-01 12:59:56,235 [WARN] PackLoader:240 - Cannot read IP mode file for STMicroelectronics.X-CUBE-MEMS1.11.2.0
2025-09-01 12:59:56,498 [WARN] PackLoader:240 - Cannot read IP mode file for STMicroelectronics.X-CUBE-AZRTOS-G0.1.1.0
2025-09-01 12:59:56,511 [WARN] PackLoader:240 - Cannot read IP mode file for STMicroelectronics.X-CUBE-SAFEA1.1.2.2
2025-09-01 12:59:56,522 [WARN] PackLoader:240 - Cannot read IP mode file for STMicroelectronics.X-CUBE-NFC4.3.0.0
2025-09-01 12:59:56,530 [INFO] WebApp:463 - Apply proxy settings
2025-09-01 12:59:56,531 [INFO] WebApp:548 - Chromium requires no authentication
2025-09-01 12:59:56,541 [WARN] PackLoader:240 - Cannot read IP mode file for EmbeddedOffice.I-CUBE-FS-RTOS.1.0.1
2025-09-01 12:59:56,550 [WARN] PackLoader:240 - Cannot read IP mode file for STMicroelectronics.X-CUBE-WB05N.2.0.0
2025-09-01 12:59:56,554 [INFO] WebApp:491 - Direct internet connection detected
2025-09-01 12:59:56,558 [WARN] PackLoader:240 - Cannot read IP mode file for wolfSSL.I-CUBE-wolfTPM.3.8.0
2025-09-01 12:59:56,569 [WARN] PackLoader:240 - Cannot read IP mode file for STMicroelectronics.X-CUBE-TCPP.4.2.0
2025-09-01 12:59:56,580 [WARN] PackLoader:240 - Cannot read IP mode file for RealThread.X-CUBE-RT-Thread_Nano.4.1.1
2025-09-01 12:59:56,590 [WARN] PackLoader:240 - Cannot read IP mode file for STMicroelectronics.FP-ATR-SIGFOX1.3.2.0
2025-09-01 12:59:56,599 [WARN] PackLoader:240 - Cannot read IP mode file for STMicroelectronics.X-CUBE-EEPRMA1.5.1.0
2025-09-01 12:59:56,607 [WARN] PackLoader:240 - Cannot read IP mode file for wolfSSL.I-CUBE-wolfSSL.5.7.6
2025-09-01 12:59:56,619 [WARN] PackLoader:240 - Cannot read IP mode file for ITTIA_DB.I-CUBE-ITTIADB.8.9.0
2025-09-01 12:59:56,621 [INFO] WebApp:894 - Register for checkConnection events
2025-09-01 12:59:56,621 [INFO] WebApp:463 - Apply proxy settings
2025-09-01 12:59:56,622 [INFO] WebApp:548 - Chromium requires no authentication
2025-09-01 12:59:56,624 [INFO] WebApp:491 - Direct internet connection detected
2025-09-01 12:59:56,631 [WARN] PackLoader:240 - Cannot read IP mode file for STMicroelectronics.X-CUBE-ST67W61.1.0.0
2025-09-01 12:59:56,637 [WARN] PackLoader:240 - Cannot read IP mode file for STMicroelectronics.X-CUBE-AI.10.2.0
2025-09-01 12:59:56,678 [WARN] PackLoader:240 - Cannot read IP mode file for SEGGER.I-CUBE-embOS.1.3.1
2025-09-01 12:59:56,739 [WARN] PackLoader:240 - Cannot read IP mode file for STMicroelectronics.X-CUBE-ALGOBUILD.1.4.0
2025-09-01 12:59:56,800 [WARN] PackLoader:240 - Cannot read IP mode file for STMicroelectronics.X-CUBE-MEMS1.11.3.0
2025-09-01 12:59:56,966 [WARN] PackLoader:240 - Cannot read IP mode file for STMicroelectronics.X-CUBE-PM33A1.1.0.0
2025-09-01 12:59:56,997 [INFO] WebApp:191 - Connection restablished
2025-09-01 12:59:57,003 [WARN] PackLoader:240 - Cannot read IP mode file for STMicroelectronics.X-CUBE-AZRTOS-F4.1.1.0
2025-09-01 12:59:57,017 [WARN] PackLoader:240 - Cannot read IP mode file for Avnet-IotConnect.X-CUBE-IoTC-DA16k-PMOD.1.0.0
2025-09-01 12:59:57,026 [WARN] PackLoader:240 - Cannot read IP mode file for STMicroelectronics.X-CUBE-ISPU.2.1.0
2025-09-01 12:59:57,040 [WARN] PackLoader:240 - Cannot read IP mode file for STMicroelectronics.X-CUBE-NFC12.1.0.0
2025-09-01 12:59:57,079 [WARN] PackLoader:240 - Cannot read IP mode file for STMicroelectronics.X-CUBE-AZRTOS-L5.2.0.0
2025-09-01 12:59:57,096 [WARN] PackLoader:240 - Cannot read IP mode file for STMicroelectronics.X-CUBE-NFC6.3.1.0
2025-09-01 12:59:57,108 [WARN] PackLoader:240 - Cannot read IP mode file for STMicroelectronics.X-CUBE-FREERTOS.1.3.1
2025-09-01 12:59:57,115 [WARN] PackLoader:240 - Cannot read IP mode file for STMicroelectronics.X-CUBE-FREERTOS.1.3.0
2025-09-01 12:59:57,124 [WARN] PackLoader:240 - Cannot read IP mode file for STMicroelectronics.X-CUBE-NFC7.1.0.1
2025-09-01 12:59:57,133 [WARN] PackLoader:240 - Cannot read IP mode file for STMicroelectronics.FP-SNS-STAIOTCFT.1.0.0
2025-09-01 12:59:57,143 [WARN] PackLoader:240 - Cannot read IP mode file for STMicroelectronics.X-CUBE-DPower.1.3.0
2025-09-01 12:59:57,164 [WARN] ConditionMgr:438 - getConditionDescription Invalid condition id : LAN8742 Phy interface Condition cause : null
2025-09-01 12:59:57,166 [WARN] PackLoader:240 - Cannot read IP mode file for STMicroelectronics.X-CUBE-AZRTOS-L4.2.0.0
2025-09-01 12:59:57,168 [WARN] ConditionMgr:1044 - genDependencies : Invalid condition id : LAN8742 Phy interface Condition cause : null
2025-09-01 12:59:57,168 [WARN] ConditionMgr:1044 - genDependencies : Invalid condition id : LAN8742 Phy interface Condition cause : null
2025-09-01 12:59:57,169 [WARN] ConditionMgr:1044 - genDependencies : Invalid condition id : LAN8742 Phy interface Condition cause : null
2025-09-01 12:59:57,176 [INFO] WebApp:225 - Starting web application
2025-09-01 12:59:57,176 [INFO] WebApp:593 - Web application path used C:\ST\STM32CubeIDE_1.18.1\STM32CubeIDE\plugins\com.st.stm32cube.common.mx_6.14.1.202504091515\db\plugins\mcufinder\reactClient1\index.html
2025-09-01 12:59:57,185 [WARN] PackLoader:240 - Cannot read IP mode file for STMicroelectronics.X-CUBE-SFXS2LP1.4.0.0
2025-09-01 12:59:57,207 [WARN] PackLoader:240 - Cannot read IP mode file for STMicroelectronics.X-CUBE-AZRTOS-H7.3.3.0
2025-09-01 12:59:57,221 [WARN] PackLoader:240 - Cannot read IP mode file for STMicroelectronics.X-CUBE-BLEMGR.4.1.0
2025-09-01 12:59:57,242 [WARN] ConditionMgr:438 - getConditionDescription Invalid condition id : UX DEVICE CLASS RTOS Condition cause : null
2025-09-01 12:59:57,242 [WARN] ConditionMgr:438 - getConditionDescription Invalid condition id : UX DEVICE CLASS RTOS Condition cause : null
2025-09-01 12:59:57,245 [WARN] PackLoader:240 - Cannot read IP mode file for STMicroelectronics.X-CUBE-AZRTOS-WB.2.0.0
2025-09-01 12:59:57,246 [WARN] ConditionMgr:1044 - genDependencies : Invalid condition id : UX DEVICE CLASS RTOS Condition cause : null
2025-09-01 12:59:57,246 [WARN] ConditionMgr:1044 - genDependencies : Invalid condition id : UX DEVICE CLASS RTOS Condition cause : null
2025-09-01 12:59:57,247 [WARN] ConditionMgr:1044 - genDependencies : Invalid condition id : UX DEVICE CLASS RTOS Condition cause : null
2025-09-01 12:59:57,247 [WARN] ConditionMgr:1044 - genDependencies : Invalid condition id : UX DEVICE CLASS RTOS Condition cause : null
2025-09-01 12:59:57,247 [WARN] ConditionMgr:1044 - genDependencies : Invalid condition id : UX DEVICE CLASS RTOS Condition cause : null
2025-09-01 12:59:57,256 [WARN] PackLoader:240 - Cannot read IP mode file for STMicroelectronics.X-CUBE-GNSS1.7.0.1
2025-09-01 12:59:57,266 [WARN] PackLoader:240 - Cannot read IP mode file for STMicroelectronics.X-CUBE-TOUCHGFX.4.25.0
2025-09-01 12:59:57,276 [WARN] PackLoader:240 - Cannot read IP mode file for STMicroelectronics.FP-SNS-STBOX1.2.0.0
2025-09-01 12:59:57,292 [WARN] PackLoader:240 - Cannot read IP mode file for STMicroelectronics.X-CUBE-SUBG2.5.0.0
2025-09-01 12:59:57,323 [WARN] PackLoader:240 - Cannot read IP mode file for STMicroelectronics.X-CUBE-AZRTOS-H7RS.1.1.0
2025-09-01 12:59:57,335 [WARN] PackLoader:240 - Cannot read IP mode file for Cesanta.I-CUBE-Mongoose.7.13.0
2025-09-01 12:59:57,351 [WARN] PackLoader:240 - Cannot read IP mode file for STMicroelectronics.X-CUBE-AZRTOS-G4.2.0.0
2025-09-01 12:59:57,361 [WARN] PackLoader:240 - Cannot read IP mode file for wolfSSL.I-CUBE-wolfSSH.1.4.20
2025-09-01 12:59:57,367 [WARN] PackLoader:240 - Cannot read IP mode file for STMicroelectronics.X-CUBE-NFC7.2.0.0
2025-09-01 12:59:57,381 [WARN] PackLoader:240 - Cannot read IP mode file for STMicroelectronics.X-CUBE-IPS.3.1.0
2025-09-01 12:59:57,395 [WARN] PackLoader:240 - Cannot read IP mode file for STMicroelectronics.X-CUBE-ALS.1.0.2
2025-09-01 12:59:57,404 [WARN] PackLoader:240 - Cannot read IP mode file for portGmbH.I-Cube-SoM-uGOAL.1.1.0
2025-09-01 12:59:57,419 [WARN] PackLoader:240 - Cannot read IP mode file for STMicroelectronics.X-CUBE-TOF1.3.4.3
2025-09-01 12:59:57,432 [INFO] ThirdParty:978 - Integrity check success = true
2025-09-01 12:59:57,432 [INFO] IntegrityCheckThread:100 - exiting critical section [integrity check]
2025-09-01 12:59:57,433 [INFO] IntegrityCheckThread:103 - End integrity checks thread
2025-09-01 15:23:28,206 [INFO] WebApp:194 - Connection lost
2025-09-01 15:23:28,428 [INFO] WebApp:191 - Connection restablished
2025-09-01 15:31:03,091 [ERROR] LogOutputStream:75 - [STDERR_REDIRECT] 
