2025-09-05 16:12:20,676 [INFO] Activator:176 - 


2025-09-05 16:12:20,687 [INFO] Activator:177 - !SESSION log4j initialized
2025-09-05 16:12:25,541 [INFO] LogOutputStream:77 - [STDOUT_REDIRECT] 
2025-09-05 16:12:26,083 [ERROR] ConfigurationRetriever:142 - IOException on connection: sw-center.st.com
2025-09-05 16:12:26,085 [ERROR] ConfigurationRetriever:142 - IOException on connection: sw-center.st.com
2025-09-05 16:12:26,086 [ERROR] ConfigurationRetriever:142 - IOException on connection: sw-center.st.com
2025-09-05 16:12:28,480 [INFO] ApplicationProperties:184 - Using Application install path: C:\ST\STM32CubeIDE_1.18.1\STM32CubeIDE\plugins\com.st.stm32cube.common.mx_6.14.1.202504091515
2025-09-05 16:12:28,519 [INFO] DbMcusXml:78 - Set database path to: C:\ST\STM32CubeIDE_1.18.1\STM32CubeIDE\plugins\com.st.stm32cube.common.mx_6.14.1.202504091515\\db\/mcu/
2025-09-05 16:12:28,520 [INFO] ApiDb:274 - Set plugin database path to: C:\ST\STM32CubeIDE_1.18.1\STM32CubeIDE\plugins\com.st.stm32cube.common.mx_6.14.1.202504091515\\db\/plugins/boardmanager/
2025-09-05 16:12:28,520 [WARN] ApiDb:259 - Overriding images path with different value:  => C:\ST\STM32CubeIDE_1.18.1\STM32CubeIDE\plugins\com.st.stm32cube.common.mx_6.14.1.202504091515\\db\/plugins/mcufinder/images/
2025-09-05 16:12:28,540 [INFO] ApiDb:250 - Set database path to: C:\Users\montemayorm\.stmcufinder\plugins\mcufinder//mcu/
2025-09-05 16:12:28,543 [INFO] DbMcusAds:125 - Set database path to: C:\Users\montemayorm\.stmcufinder\plugins\mcufinder//mcu/
2025-09-05 16:12:28,547 [INFO] CrossReferenceDbSqlite:203 - Set database path to: C:\Users\montemayorm\.stmcufinder\plugins\mcufinder//mcu/cs/
2025-09-05 16:12:28,816 [INFO] RulesReader:64 - Compatibility file has been processed (302 Rules)
2025-09-05 16:12:29,013 [INFO] DbMcusXml:78 - Set database path to: C:\ST\STM32CubeIDE_1.18.1\STM32CubeIDE\plugins\com.st.stm32cube.common.mx_6.14.1.202504091515\\db\/mcu/
2025-09-05 16:12:29,014 [INFO] ApiDb:274 - Set plugin database path to: C:\ST\STM32CubeIDE_1.18.1\STM32CubeIDE\plugins\com.st.stm32cube.common.mx_6.14.1.202504091515\\db\/plugins/boardmanager/
2025-09-05 16:12:29,014 [INFO] ApiDb:261 - Set plugin images path to: C:\ST\STM32CubeIDE_1.18.1\STM32CubeIDE\plugins\com.st.stm32cube.common.mx_6.14.1.202504091515\\db\/plugins/mcufinder/images/
2025-09-05 16:12:29,014 [WARN] DbFile:41 - Overriding database path with different value: C:\Users\montemayorm\.stmcufinder\plugins\mcufinder/ => C:\Users\montemayorm\.stmcufinder\plugins\mcufinder
2025-09-05 16:12:29,015 [INFO] ApiDb:250 - Set database path to: C:\Users\montemayorm\.stmcufinder\plugins\mcufinder//mcu/
2025-09-05 16:12:29,015 [WARN] DbFile:41 - Overriding database path with different value: C:\Users\montemayorm\.stmcufinder\plugins\mcufinder/ => C:\Users\montemayorm\.stmcufinder\plugins\mcufinder
2025-09-05 16:12:29,015 [INFO] DbMcusAds:125 - Set database path to: C:\Users\montemayorm\.stmcufinder\plugins\mcufinder//mcu/
2025-09-05 16:12:29,015 [WARN] DbFile:41 - Overriding database path with different value: C:\Users\montemayorm\.stmcufinder\plugins\mcufinder/ => C:\Users\montemayorm\.stmcufinder\plugins\mcufinder
2025-09-05 16:12:29,015 [WARN] DbFile:41 - Overriding database path with different value: C:\Users\montemayorm\.stmcufinder\plugins\mcufinder/ => C:\Users\montemayorm\.stmcufinder\plugins\mcufinder
2025-09-05 16:12:29,015 [INFO] CrossReferenceDbSqlite:203 - Set database path to: C:\Users\montemayorm\.stmcufinder\plugins\mcufinder//mcu/cs/
2025-09-05 16:12:29,164 [INFO] MainPanel:272 - HeapMemory: 268435456
2025-09-05 16:12:29,451 [INFO] DbMcusXml:78 - Set database path to: C:\ST\STM32CubeIDE_1.18.1\STM32CubeIDE\plugins\com.st.stm32cube.common.mx_6.14.1.202504091515\\db\/mcu/
2025-09-05 16:12:29,451 [INFO] ApiDb:274 - Set plugin database path to: C:\ST\STM32CubeIDE_1.18.1\STM32CubeIDE\plugins\com.st.stm32cube.common.mx_6.14.1.202504091515\\db\/plugins/boardmanager/
2025-09-05 16:12:29,452 [INFO] ApiDb:261 - Set plugin images path to: C:\ST\STM32CubeIDE_1.18.1\STM32CubeIDE\plugins\com.st.stm32cube.common.mx_6.14.1.202504091515\\db\/plugins/mcufinder/images/
2025-09-05 16:12:29,452 [WARN] DbFile:41 - Overriding database path with different value: C:\Users\montemayorm\.stmcufinder\plugins\mcufinder/ => C:\Users\montemayorm\.stmcufinder\plugins\mcufinder
2025-09-05 16:12:29,452 [INFO] ApiDb:250 - Set database path to: C:\Users\montemayorm\.stmcufinder\plugins\mcufinder//mcu/
2025-09-05 16:12:29,453 [WARN] DbFile:41 - Overriding database path with different value: C:\Users\montemayorm\.stmcufinder\plugins\mcufinder/ => C:\Users\montemayorm\.stmcufinder\plugins\mcufinder
2025-09-05 16:12:29,453 [INFO] DbMcusAds:125 - Set database path to: C:\Users\montemayorm\.stmcufinder\plugins\mcufinder//mcu/
2025-09-05 16:12:29,453 [WARN] DbFile:41 - Overriding database path with different value: C:\Users\montemayorm\.stmcufinder\plugins\mcufinder/ => C:\Users\montemayorm\.stmcufinder\plugins\mcufinder
2025-09-05 16:12:29,453 [WARN] DbFile:41 - Overriding database path with different value: C:\Users\montemayorm\.stmcufinder\plugins\mcufinder/ => C:\Users\montemayorm\.stmcufinder\plugins\mcufinder
2025-09-05 16:12:29,453 [INFO] CrossReferenceDbSqlite:203 - Set database path to: C:\Users\montemayorm\.stmcufinder\plugins\mcufinder//mcu/cs/
2025-09-05 16:12:29,489 [INFO] ApplicationProperties:184 - Using Application install path: C:\ST\STM32CubeIDE_1.18.1\STM32CubeIDE\plugins\com.st.stm32cube.common.mx_6.14.1.202504091515
2025-09-05 16:12:29,492 [INFO] PluginManage:196 - Search for loadable plugins [exclusion list=, ]
2025-09-05 16:12:29,495 [INFO] PluginManage:310 - Check plugin analytics
2025-09-05 16:12:29,843 [INFO] AnalyticsPlugin:253 - Accepted Software Licenses: 
2025-09-05 16:12:29,844 [INFO] AnalyticsPlugin:255 - Accepted CMSIS Pack Licenses: 
2025-09-05 16:12:29,844 [INFO] AnalyticsPlugin:257 - Accepted Firmware Licenses: 
2025-09-05 16:12:29,854 [INFO] PluginManage:359 - Loaded plugin analytics (category:tool,tabindex:-1)
2025-09-05 16:12:29,855 [INFO] PluginManage:310 - Check plugin cadmodel
2025-09-05 16:12:29,857 [ERROR] ConfigurationRetriever:142 - IOException on connection: sw-center.st.com
2025-09-05 16:12:29,858 [ERROR] ConfigurationRetriever:142 - IOException on connection: sw-center.st.com
2025-09-05 16:12:29,859 [ERROR] ConfigurationRetriever:142 - IOException on connection: sw-center.st.com
2025-09-05 16:12:29,872 [INFO] CADModel:105 - Init CAD model plugin
2025-09-05 16:12:29,873 [INFO] PluginManage:359 - Loaded plugin cadmodel (category:power,tabindex:5)
2025-09-05 16:12:29,873 [INFO] PluginManage:310 - Check plugin clock
2025-09-05 16:12:29,896 [INFO] PluginManage:359 - Loaded plugin clock (category:base,tabindex:2)
2025-09-05 16:12:29,897 [INFO] PluginManage:310 - Check plugin ddr
2025-09-05 16:12:29,903 [INFO] PluginManage:359 - Loaded plugin ddr (category:tool,tabindex:6)
2025-09-05 16:12:29,904 [INFO] PluginManage:310 - Check plugin filemanager
2025-09-05 16:12:30,194 [INFO] PluginManage:359 - Loaded plugin filemanager (category:base,tabindex:10)
2025-09-05 16:12:30,195 [INFO] PluginManage:310 - Check plugin ipmanager
2025-09-05 16:12:30,210 [INFO] PluginManage:359 - Loaded plugin ipmanager (category:base,tabindex:5)
2025-09-05 16:12:30,210 [INFO] PluginManage:310 - Check plugin lpbam
2025-09-05 16:12:30,234 [INFO] PluginManage:359 - Loaded plugin lpbam (category:base,tabindex:0)
2025-09-05 16:12:30,234 [INFO] PluginManage:310 - Check plugin memorymap
2025-09-05 16:12:30,279 [INFO] PluginManage:359 - Loaded plugin memorymap (category:base,tabindex:4)
2025-09-05 16:12:30,279 [INFO] PluginManage:310 - Check plugin pinoutandconfiguration
2025-09-05 16:12:30,308 [INFO] PluginManage:359 - Loaded plugin pinoutandconfiguration (category:base,tabindex:1)
2025-09-05 16:12:30,309 [INFO] PluginManage:310 - Check plugin pinoutconfig
2025-09-05 16:12:30,641 [WARN] SupportedApi:132 - Cannot load RTOS API schema: s4s-elt-must-match.1: The content of 'definitions' must match (annotation?, (simpleType | complexType)?, (unique | key | keyref)*)). A problem was found starting at: attribute.
2025-09-05 16:12:30,892 [INFO] PluginManage:359 - Loaded plugin pinoutconfig (category:base,tabindex:0)
2025-09-05 16:12:30,892 [INFO] PluginManage:310 - Check plugin power
2025-09-05 16:12:30,913 [INFO] PluginManage:359 - Loaded plugin power (category:power,tabindex:4)
2025-09-05 16:12:30,913 [INFO] PluginManage:310 - Check plugin projectmanager
2025-09-05 16:12:30,939 [INFO] PluginManage:359 - Loaded plugin projectmanager (category:projectmanager,tabindex:4)
2025-09-05 16:12:30,939 [INFO] PluginManage:310 - Check plugin rif
2025-09-05 16:12:30,952 [INFO] PluginManage:359 - Loaded plugin rif (category:base,tabindex:3)
2025-09-05 16:12:30,953 [INFO] PluginManage:310 - Check plugin thirdparty
2025-09-05 16:12:31,249 [WARN] IntegrityCheckThread:84 - waiting for thirdparty lock release [integrity check]
2025-09-05 16:12:31,249 [INFO] PluginManage:359 - Loaded plugin thirdparty (category:base,tabindex:-1)
2025-09-05 16:12:31,250 [INFO] IntegrityCheckThread:86 - entering critical section [integrity check]
2025-09-05 16:12:31,250 [INFO] PluginManage:310 - Check plugin tools
2025-09-05 16:12:31,250 [INFO] ThirdPartyUpdaterWithRetryManager:70 - Updater plugin not ready yet. [1/15]
2025-09-05 16:12:31,258 [INFO] PluginManage:359 - Loaded plugin tools (category:base,tabindex:7)
2025-09-05 16:12:31,259 [INFO] PluginManage:310 - Check plugin tutovideos
2025-09-05 16:12:31,591 [INFO] PluginManage:359 - Loaded plugin tutovideos (category:base,tabindex:-1)
2025-09-05 16:12:31,592 [INFO] PluginManage:310 - Check plugin updater
2025-09-05 16:12:31,626 [INFO] PluginManage:359 - Loaded plugin updater (category:base,tabindex:12)
2025-09-05 16:12:31,626 [INFO] PluginManage:310 - Check plugin userauth
2025-09-05 16:12:31,633 [INFO] UserAuth:118 - Init User Auth plugin
2025-09-05 16:12:31,634 [INFO] PluginManage:359 - Loaded plugin userauth (category:base,tabindex:14)
2025-09-05 16:12:31,635 [INFO] PluginManage:283 - PluginManage : Loaded plugins [18]
2025-09-05 16:12:32,066 [INFO] PinOutPanel:1589 - setPackage(No Configuration,No Configuration)
2025-09-05 16:12:32,209 [INFO] CADModel:165 - CPN selected for project level
2025-09-05 16:12:32,209 [INFO] CADModel:114 - Register for checkConnection events
2025-09-05 16:12:32,241 [INFO] IPUIPlugin:80 - create IPUIPlugin
2025-09-05 16:12:32,241 [INFO] PluginManager:220 - loadIPPluginJar : add adc
2025-09-05 16:12:32,247 [INFO] IPUIPlugin:80 - create IPUIPlugin
2025-09-05 16:12:32,247 [INFO] PluginManager:220 - loadIPPluginJar : add aes
2025-09-05 16:12:32,255 [INFO] IPUIPlugin:80 - create IPUIPlugin
2025-09-05 16:12:32,255 [INFO] PluginManager:220 - loadIPPluginJar : add can
2025-09-05 16:12:32,260 [INFO] IPUIPlugin:80 - create IPUIPlugin
2025-09-05 16:12:32,260 [INFO] PluginManager:220 - loadIPPluginJar : add comp
2025-09-05 16:12:32,267 [INFO] IPUIPlugin:80 - create IPUIPlugin
2025-09-05 16:12:32,268 [INFO] PluginManager:220 - loadIPPluginJar : add cryp
2025-09-05 16:12:32,278 [INFO] IPUIPlugin:80 - create IPUIPlugin
2025-09-05 16:12:32,278 [INFO] PluginManager:220 - loadIPPluginJar : add ddr_ctrl_phy
2025-09-05 16:12:32,287 [INFO] IPUIPlugin:80 - create IPUIPlugin
2025-09-05 16:12:32,287 [INFO] PluginManager:220 - loadIPPluginJar : add dfsdm
2025-09-05 16:12:32,298 [INFO] IPUIPlugin:80 - create IPUIPlugin
2025-09-05 16:12:32,299 [INFO] PluginManager:220 - loadIPPluginJar : add dma
2025-09-05 16:12:32,307 [INFO] IPUIPlugin:80 - create IPUIPlugin
2025-09-05 16:12:32,307 [INFO] PluginManager:220 - loadIPPluginJar : add dma3
2025-09-05 16:12:32,317 [INFO] IPUIPlugin:80 - create IPUIPlugin
2025-09-05 16:12:32,318 [INFO] PluginManager:220 - loadIPPluginJar : add extmemmanager
2025-09-05 16:12:32,328 [INFO] IPUIPlugin:80 - create IPUIPlugin
2025-09-05 16:12:32,329 [INFO] PluginManager:220 - loadIPPluginJar : add fatfs
2025-09-05 16:12:32,350 [INFO] IPUIPlugin:80 - create IPUIPlugin
2025-09-05 16:12:32,350 [INFO] PluginManager:220 - loadIPPluginJar : add fmc
2025-09-05 16:12:32,366 [INFO] IPUIPlugin:80 - create IPUIPlugin
2025-09-05 16:12:32,367 [INFO] PluginManager:220 - loadIPPluginJar : add freertos
2025-09-05 16:12:32,372 [INFO] IPUIPlugin:80 - create IPUIPlugin
2025-09-05 16:12:32,372 [INFO] PluginManager:220 - loadIPPluginJar : add genericplugin
2025-09-05 16:12:32,379 [INFO] IPUIPlugin:80 - create IPUIPlugin
2025-09-05 16:12:32,379 [INFO] PluginManager:220 - loadIPPluginJar : add gfxmmu
2025-09-05 16:12:32,388 [INFO] IPUIPlugin:80 - create IPUIPlugin
2025-09-05 16:12:32,388 [INFO] PluginManager:220 - loadIPPluginJar : add gic
2025-09-05 16:12:32,397 [INFO] IPUIPlugin:80 - create IPUIPlugin
2025-09-05 16:12:32,397 [INFO] PluginManager:220 - loadIPPluginJar : add gpio
2025-09-05 16:12:32,405 [INFO] IPUIPlugin:80 - create IPUIPlugin
2025-09-05 16:12:32,405 [INFO] PluginManager:220 - loadIPPluginJar : add gtzc
2025-09-05 16:12:32,411 [INFO] IPUIPlugin:80 - create IPUIPlugin
2025-09-05 16:12:32,412 [INFO] PluginManager:220 - loadIPPluginJar : add hash
2025-09-05 16:12:32,419 [INFO] IPUIPlugin:80 - create IPUIPlugin
2025-09-05 16:12:32,420 [INFO] PluginManager:220 - loadIPPluginJar : add i2c
2025-09-05 16:12:32,427 [INFO] IPUIPlugin:80 - create IPUIPlugin
2025-09-05 16:12:32,427 [INFO] PluginManager:220 - loadIPPluginJar : add i2s
2025-09-05 16:12:32,433 [INFO] IPUIPlugin:80 - create IPUIPlugin
2025-09-05 16:12:32,434 [INFO] PluginManager:220 - loadIPPluginJar : add i3c
2025-09-05 16:12:32,441 [INFO] IPUIPlugin:80 - create IPUIPlugin
2025-09-05 16:12:32,441 [INFO] PluginManager:220 - loadIPPluginJar : add ipddr
2025-09-05 16:12:32,454 [INFO] IPUIPlugin:80 - create IPUIPlugin
2025-09-05 16:12:32,455 [INFO] PluginManager:220 - loadIPPluginJar : add linkedlist
2025-09-05 16:12:32,461 [INFO] IPUIPlugin:80 - create IPUIPlugin
2025-09-05 16:12:32,462 [INFO] PluginManager:220 - loadIPPluginJar : add lorawan
2025-09-05 16:12:32,467 [INFO] IPUIPlugin:80 - create IPUIPlugin
2025-09-05 16:12:32,468 [INFO] PluginManager:220 - loadIPPluginJar : add ltdc
2025-09-05 16:12:32,478 [INFO] IPUIPlugin:80 - create IPUIPlugin
2025-09-05 16:12:32,478 [INFO] PluginManager:220 - loadIPPluginJar : add mdma
2025-09-05 16:12:32,484 [INFO] IPUIPlugin:80 - create IPUIPlugin
2025-09-05 16:12:32,484 [INFO] PluginManager:220 - loadIPPluginJar : add nvic
2025-09-05 16:12:32,490 [INFO] IPUIPlugin:80 - create IPUIPlugin
2025-09-05 16:12:32,490 [INFO] PluginManager:220 - loadIPPluginJar : add opamp
2025-09-05 16:12:32,496 [INFO] IPUIPlugin:80 - create IPUIPlugin
2025-09-05 16:12:32,496 [INFO] PluginManager:220 - loadIPPluginJar : add openamp
2025-09-05 16:12:32,501 [INFO] IPUIPlugin:80 - create IPUIPlugin
2025-09-05 16:12:32,502 [INFO] PluginManager:220 - loadIPPluginJar : add pdm2pcm
2025-09-05 16:12:32,512 [INFO] IPUIPlugin:80 - create IPUIPlugin
2025-09-05 16:12:32,515 [INFO] PluginManager:220 - loadIPPluginJar : add plateformsettings
2025-09-05 16:12:32,519 [INFO] IPUIPlugin:80 - create IPUIPlugin
2025-09-05 16:12:32,520 [INFO] PluginManager:220 - loadIPPluginJar : add quadspi
2025-09-05 16:12:32,525 [INFO] IPUIPlugin:80 - create IPUIPlugin
2025-09-05 16:12:32,526 [INFO] PluginManager:220 - loadIPPluginJar : add radio
2025-09-05 16:12:32,536 [INFO] IPUIPlugin:80 - create IPUIPlugin
2025-09-05 16:12:32,537 [INFO] PluginManager:220 - loadIPPluginJar : add resmgrutility
2025-09-05 16:12:32,545 [INFO] IPUIPlugin:80 - create IPUIPlugin
2025-09-05 16:12:32,545 [INFO] PluginManager:220 - loadIPPluginJar : add sai
2025-09-05 16:12:32,553 [INFO] IPUIPlugin:80 - create IPUIPlugin
2025-09-05 16:12:32,553 [INFO] PluginManager:220 - loadIPPluginJar : add spi
2025-09-05 16:12:32,567 [INFO] IPUIPlugin:80 - create IPUIPlugin
2025-09-05 16:12:32,568 [INFO] PluginManager:220 - loadIPPluginJar : add stm32_wpan
2025-09-05 16:12:32,574 [INFO] IPUIPlugin:80 - create IPUIPlugin
2025-09-05 16:12:32,574 [INFO] PluginManager:220 - loadIPPluginJar : add tim
2025-09-05 16:12:32,584 [INFO] IPUIPlugin:80 - create IPUIPlugin
2025-09-05 16:12:32,585 [INFO] PluginManager:220 - loadIPPluginJar : add touchsensing
2025-09-05 16:12:32,591 [INFO] IPUIPlugin:80 - create IPUIPlugin
2025-09-05 16:12:32,591 [INFO] PluginManager:220 - loadIPPluginJar : add tracer_emb
2025-09-05 16:12:32,599 [INFO] IPUIPlugin:80 - create IPUIPlugin
2025-09-05 16:12:32,599 [INFO] PluginManager:220 - loadIPPluginJar : add ts
2025-09-05 16:12:32,605 [INFO] IPUIPlugin:80 - create IPUIPlugin
2025-09-05 16:12:32,605 [INFO] PluginManager:220 - loadIPPluginJar : add tsc
2025-09-05 16:12:32,611 [INFO] IPUIPlugin:80 - create IPUIPlugin
2025-09-05 16:12:32,611 [INFO] PluginManager:220 - loadIPPluginJar : add ucpd
2025-09-05 16:12:32,619 [INFO] IPUIPlugin:80 - create IPUIPlugin
2025-09-05 16:12:32,619 [INFO] PluginManager:220 - loadIPPluginJar : add usart
2025-09-05 16:12:32,628 [INFO] IPUIPlugin:80 - create IPUIPlugin
2025-09-05 16:12:32,629 [INFO] PluginManager:220 - loadIPPluginJar : add usbx
2025-09-05 16:12:32,817 [FATAL] Updater:351 - Updater called before beeing initialized
2025-09-05 16:12:32,879 [INFO] RulesReader:64 - Compatibility file has been processed (302 Rules)
2025-09-05 16:12:32,894 [INFO] RulesReader:64 - Compatibility file has been processed (302 Rules)
2025-09-05 16:12:32,923 [INFO] CADModel:165 - CPN selected for project level
2025-09-05 16:12:32,924 [INFO] CADModel:114 - Register for checkConnection events
2025-09-05 16:12:32,924 [FATAL] Updater:351 - Updater called before beeing initialized
2025-09-05 16:12:32,924 [ERROR] CADModel:125 - Updater not yet initialized, retry later 
2025-09-05 16:12:33,308 [FATAL] Updater:351 - Updater called before beeing initialized
2025-09-05 16:12:33,312 [INFO] CADModel:165 - CPN selected for project level
2025-09-05 16:12:33,313 [INFO] CADModel:114 - Register for checkConnection events
2025-09-05 16:12:33,313 [FATAL] Updater:351 - Updater called before beeing initialized
2025-09-05 16:12:33,313 [ERROR] CADModel:125 - Updater not yet initialized, retry later 
2025-09-05 16:12:33,320 [FATAL] Updater:351 - Updater called before beeing initialized
2025-09-05 16:12:33,469 [FATAL] Updater:351 - Updater called before beeing initialized
2025-09-05 16:12:33,477 [INFO] DbMcusAds:53 - JSON generation date=Thu Jun 19 03:32:34 CDT 2025 (1750321954388)
2025-09-05 16:12:33,477 [FATAL] Updater:351 - Updater called before beeing initialized
2025-09-05 16:12:33,555 [WARN] DetailPanel:346 - Failed to get advertising image, set to default
2025-09-05 16:12:33,860 [FATAL] Updater:351 - Updater called before beeing initialized
2025-09-05 16:12:33,872 [FATAL] Updater:351 - Updater called before beeing initialized
2025-09-05 16:12:33,872 [FATAL] Updater:351 - Updater called before beeing initialized
2025-09-05 16:12:33,872 [WARN] DetailPanel:346 - Failed to get advertising image, set to default
2025-09-05 16:12:33,874 [FATAL] Updater:351 - Updater called before beeing initialized
2025-09-05 16:12:33,950 [ERROR] Updater:1198 - MainUpdater not yet initialized. External WinMGr cannot be set.
2025-09-05 16:12:33,954 [INFO] Updater:1134 - Updater Version found : 6.14.1
2025-09-05 16:12:33,985 [INFO] ApplicationProperties:184 - Using Application install path: C:\ST\STM32CubeIDE_1.18.1\STM32CubeIDE\plugins\com.st.stm32cube.common.mx_6.14.1.202504091515
2025-09-05 16:12:34,251 [INFO] ThirdPartyUpdaterWithRetryManager:70 - Updater plugin not ready yet. [2/15]
2025-09-05 16:12:34,478 [INFO] MainUpdater:2872 - connection check result : 22
2025-09-05 16:12:34,479 [INFO] MainUpdater:289 - Updater Check For Update Now.
2025-09-05 16:12:34,480 [INFO] MicroXplorer:498 - Change Database Version : DB.6.0.141
2025-09-05 16:12:34,488 [INFO] McuFinderGlobals:63 - Set McuFinder mode to 2 (CubeIDE integrated)
2025-09-05 16:12:34,489 [INFO] UserAuth:171 - activating auth plugin
2025-09-05 16:12:34,497 [INFO] UserAuth:484 - Internet connection configuration mode: 2
2025-09-05 16:12:34,576 [INFO] UserAuth:484 - Internet connection configuration mode: 2
2025-09-05 16:12:34,758 [INFO] CheckServerUpdateThread:120 - End of CheckServer Thread
2025-09-05 16:12:37,613 [WARN] PackLoader:240 - Cannot read IP mode file for STMicroelectronics.FP-SNS-MOTENVWB1.1.4.0
2025-09-05 16:12:37,639 [WARN] PackLoader:240 - Cannot read IP mode file for STMicroelectronics.FP-ATR-ASTRA1.2.0.2
2025-09-05 16:12:37,658 [WARN] PackLoader:240 - Cannot read IP mode file for STMicroelectronics.X-CUBE-SMBUS.2.1.0
2025-09-05 16:12:37,689 [WARN] PackLoader:240 - Cannot read IP mode file for STMicroelectronics.X-CUBE-WB05N.1.1.0
2025-09-05 16:12:37,708 [WARN] PackLoader:240 - Cannot read IP mode file for STMicroelectronics.X-CUBE-ST60.1.0.0
2025-09-05 16:12:37,764 [WARN] PackLoader:240 - Cannot read IP mode file for STMicroelectronics.X-CUBE-AZRTOS-F7.1.1.0
2025-09-05 16:12:37,801 [WARN] PackLoader:240 - Cannot read IP mode file for Infineon.AIROC-Wi-Fi-Bluetooth-STM32.1.7.0
2025-09-05 16:12:37,845 [WARN] PackLoader:240 - Cannot read IP mode file for STMicroelectronics.X-CUBE-AZRTOS-H7.3.4.0
2025-09-05 16:12:37,858 [WARN] PackLoader:240 - Cannot read IP mode file for STMicroelectronics.X-CUBE-DISPLAY.3.0.0
2025-09-05 16:12:37,869 [WARN] PackLoader:240 - Cannot read IP mode file for STMicroelectronics.X-CUBE-NFC10.1.0.0
2025-09-05 16:12:37,891 [WARN] PackLoader:240 - Cannot read IP mode file for STMicroelectronics.X-CUBE-BLEMGR.4.0.0
2025-09-05 16:12:37,903 [WARN] PackLoader:240 - Cannot read IP mode file for emotas.I-CUBE-CANOPEN.1.3.0
2025-09-05 16:12:37,911 [WARN] ConditionMgr:438 - getConditionDescription Invalid condition id : Cortex-A Device cause : null
2025-09-05 16:12:37,939 [WARN] ConditionMgr:1044 - genDependencies : Invalid condition id : Cortex-A Device cause : null
2025-09-05 16:12:37,939 [WARN] ConditionMgr:1044 - genDependencies : Invalid condition id : Cortex-A Device cause : null
2025-09-05 16:12:37,939 [WARN] ConditionMgr:1044 - genDependencies : Invalid condition id : Cortex-A Device cause : null
2025-09-05 16:12:37,948 [WARN] PackLoader:240 - Cannot read IP mode file for STMicroelectronics.X-CUBE-AI.10.0.0
2025-09-05 16:12:37,955 [ERROR] Engine:466 - C:\Users\montemayorm\.stm32cubemx\thirdparties\pdsc\STMicroelectronics.FP-SNS-STBOX1.2.1.0.pdsc: PDSC version is not supported
2025-09-05 16:12:37,965 [WARN] PackLoader:240 - Cannot read IP mode file for STMicroelectronics.FP-SNS-SMARTAG2.1.2.0
2025-09-05 16:12:37,974 [WARN] PackLoader:240 - Cannot read IP mode file for STMicroelectronics.FP-SNS-FLIGHT1.5.1.0
2025-09-05 16:12:37,993 [INFO] LogOutputStream:77 - [STDOUT_REDIRECT] 1 : Invalid condition id : UX_CORESTACK_Condition cause : null
2025-09-05 16:12:37,995 [INFO] LogOutputStream:77 - [STDOUT_REDIRECT] 1 : Invalid condition id : UX_CORESTACK_Condition cause : null
2025-09-05 16:12:37,997 [INFO] LogOutputStream:77 - [STDOUT_REDIRECT] 1 : Invalid condition id : UX_CORESTACK_Condition cause : null
2025-09-05 16:12:37,999 [INFO] LogOutputStream:77 - [STDOUT_REDIRECT] 1 : Invalid condition id : UX_CORESTACK_Condition cause : null
2025-09-05 16:12:38,001 [INFO] LogOutputStream:77 - [STDOUT_REDIRECT] 1 : Invalid condition id : UX_CORESTACK_Condition cause : null
2025-09-05 16:12:38,013 [WARN] PackLoader:240 - Cannot read IP mode file for STMicroelectronics.X-CUBE-AZRTOS-WL.2.0.0
2025-09-05 16:12:38,022 [WARN] PackLoader:240 - Cannot read IP mode file for STMicroelectronics.FP-SNS-MOTENV1.5.0.0
2025-09-05 16:12:38,039 [WARN] PackLoader:240 - Cannot read IP mode file for WES.I-CUBE-Cesium.1.3.0
2025-09-05 16:12:38,047 [WARN] PackLoader:240 - Cannot read IP mode file for STMicroelectronics.X-CUBE-BLE2.3.3.0
2025-09-05 16:12:38,056 [WARN] PackLoader:240 - Cannot read IP mode file for STMicroelectronics.X-CUBE-NFC9.1.0.0
2025-09-05 16:12:38,067 [WARN] PackLoader:240 - Cannot read IP mode file for STMicroelectronics.X-CUBE-BLE1.7.1.0
2025-09-05 16:12:38,075 [WARN] PackLoader:240 - Cannot read IP mode file for wolfSSL.I-CUBE-wolfMQTT.1.19.2
2025-09-05 16:12:38,086 [WARN] PackLoader:240 - Cannot read IP mode file for STMicroelectronics.X-CUBE-EEPRMA1.5.2.0
2025-09-05 16:12:38,096 [WARN] PackLoader:240 - Cannot read IP mode file for STMicroelectronics.X-CUBE-AI.10.1.0
2025-09-05 16:12:38,138 [WARN] PackLoader:240 - Cannot read IP mode file for STMicroelectronics.X-CUBE-MEMS1.11.2.0
2025-09-05 16:12:38,292 [WARN] PackLoader:240 - Cannot read IP mode file for STMicroelectronics.X-CUBE-AZRTOS-G0.1.1.0
2025-09-05 16:12:38,309 [WARN] PackLoader:240 - Cannot read IP mode file for STMicroelectronics.X-CUBE-SAFEA1.1.2.2
2025-09-05 16:12:38,378 [WARN] PackLoader:240 - Cannot read IP mode file for STMicroelectronics.X-CUBE-NFC4.3.0.0
2025-09-05 16:12:38,422 [WARN] PackLoader:240 - Cannot read IP mode file for EmbeddedOffice.I-CUBE-FS-RTOS.1.0.1
2025-09-05 16:12:38,441 [WARN] PackLoader:240 - Cannot read IP mode file for STMicroelectronics.X-CUBE-WB05N.2.0.0
2025-09-05 16:12:38,457 [WARN] PackLoader:240 - Cannot read IP mode file for wolfSSL.I-CUBE-wolfTPM.3.8.0
2025-09-05 16:12:38,470 [WARN] PackLoader:240 - Cannot read IP mode file for STMicroelectronics.X-CUBE-TCPP.4.2.0
2025-09-05 16:12:38,477 [WARN] PackLoader:240 - Cannot read IP mode file for RealThread.X-CUBE-RT-Thread_Nano.4.1.1
2025-09-05 16:12:38,483 [WARN] PackLoader:240 - Cannot read IP mode file for STMicroelectronics.FP-ATR-SIGFOX1.3.2.0
2025-09-05 16:12:38,490 [WARN] PackLoader:240 - Cannot read IP mode file for STMicroelectronics.X-CUBE-EEPRMA1.5.1.0
2025-09-05 16:12:38,499 [WARN] PackLoader:240 - Cannot read IP mode file for wolfSSL.I-CUBE-wolfSSL.5.7.6
2025-09-05 16:12:38,507 [WARN] PackLoader:240 - Cannot read IP mode file for ITTIA_DB.I-CUBE-ITTIADB.8.9.0
2025-09-05 16:12:38,517 [WARN] PackLoader:240 - Cannot read IP mode file for STMicroelectronics.X-CUBE-ST67W61.1.0.0
2025-09-05 16:12:38,524 [WARN] PackLoader:240 - Cannot read IP mode file for STMicroelectronics.X-CUBE-AI.10.2.0
2025-09-05 16:12:38,558 [WARN] PackLoader:240 - Cannot read IP mode file for SEGGER.I-CUBE-embOS.1.3.1
2025-09-05 16:12:38,607 [WARN] PackLoader:240 - Cannot read IP mode file for STMicroelectronics.X-CUBE-ALGOBUILD.1.4.0
2025-09-05 16:12:38,651 [WARN] PackLoader:240 - Cannot read IP mode file for STMicroelectronics.X-CUBE-MEMS1.11.3.0
2025-09-05 16:12:38,744 [WARN] PackLoader:240 - Cannot read IP mode file for STMicroelectronics.X-CUBE-PM33A1.1.0.0
2025-09-05 16:12:38,771 [WARN] PackLoader:240 - Cannot read IP mode file for STMicroelectronics.X-CUBE-AZRTOS-F4.1.1.0
2025-09-05 16:12:38,778 [WARN] PackLoader:240 - Cannot read IP mode file for Avnet-IotConnect.X-CUBE-IoTC-DA16k-PMOD.1.0.0
2025-09-05 16:12:38,784 [WARN] PackLoader:240 - Cannot read IP mode file for STMicroelectronics.X-CUBE-ISPU.2.1.0
2025-09-05 16:12:38,792 [WARN] PackLoader:240 - Cannot read IP mode file for STMicroelectronics.X-CUBE-NFC12.1.0.0
2025-09-05 16:12:38,806 [WARN] PackLoader:240 - Cannot read IP mode file for STMicroelectronics.X-CUBE-AZRTOS-L5.2.0.0
2025-09-05 16:12:38,817 [WARN] PackLoader:240 - Cannot read IP mode file for STMicroelectronics.X-CUBE-NFC6.3.1.0
2025-09-05 16:12:38,825 [WARN] PackLoader:240 - Cannot read IP mode file for STMicroelectronics.X-CUBE-FREERTOS.1.3.1
2025-09-05 16:12:38,831 [WARN] PackLoader:240 - Cannot read IP mode file for STMicroelectronics.X-CUBE-FREERTOS.1.3.0
2025-09-05 16:12:38,839 [WARN] PackLoader:240 - Cannot read IP mode file for STMicroelectronics.X-CUBE-NFC7.1.0.1
2025-09-05 16:12:38,851 [WARN] PackLoader:240 - Cannot read IP mode file for STMicroelectronics.FP-SNS-STAIOTCFT.1.0.0
2025-09-05 16:12:38,861 [WARN] PackLoader:240 - Cannot read IP mode file for STMicroelectronics.X-CUBE-DPower.1.3.0
2025-09-05 16:12:38,883 [WARN] ConditionMgr:438 - getConditionDescription Invalid condition id : LAN8742 Phy interface Condition cause : null
2025-09-05 16:12:38,885 [WARN] PackLoader:240 - Cannot read IP mode file for STMicroelectronics.X-CUBE-AZRTOS-L4.2.0.0
2025-09-05 16:12:38,886 [WARN] ConditionMgr:1044 - genDependencies : Invalid condition id : LAN8742 Phy interface Condition cause : null
2025-09-05 16:12:38,887 [WARN] ConditionMgr:1044 - genDependencies : Invalid condition id : LAN8742 Phy interface Condition cause : null
2025-09-05 16:12:38,887 [WARN] ConditionMgr:1044 - genDependencies : Invalid condition id : LAN8742 Phy interface Condition cause : null
2025-09-05 16:12:38,899 [WARN] PackLoader:240 - Cannot read IP mode file for STMicroelectronics.X-CUBE-SFXS2LP1.4.0.0
2025-09-05 16:12:38,924 [WARN] PackLoader:240 - Cannot read IP mode file for STMicroelectronics.X-CUBE-AZRTOS-H7.3.3.0
2025-09-05 16:12:38,935 [WARN] PackLoader:240 - Cannot read IP mode file for STMicroelectronics.X-CUBE-BLEMGR.4.1.0
2025-09-05 16:12:38,949 [WARN] ConditionMgr:438 - getConditionDescription Invalid condition id : UX DEVICE CLASS RTOS Condition cause : null
2025-09-05 16:12:38,949 [WARN] ConditionMgr:438 - getConditionDescription Invalid condition id : UX DEVICE CLASS RTOS Condition cause : null
2025-09-05 16:12:38,951 [WARN] PackLoader:240 - Cannot read IP mode file for STMicroelectronics.X-CUBE-AZRTOS-WB.2.0.0
2025-09-05 16:12:38,952 [WARN] ConditionMgr:1044 - genDependencies : Invalid condition id : UX DEVICE CLASS RTOS Condition cause : null
2025-09-05 16:12:38,952 [WARN] ConditionMgr:1044 - genDependencies : Invalid condition id : UX DEVICE CLASS RTOS Condition cause : null
2025-09-05 16:12:38,953 [WARN] ConditionMgr:1044 - genDependencies : Invalid condition id : UX DEVICE CLASS RTOS Condition cause : null
2025-09-05 16:12:38,953 [WARN] ConditionMgr:1044 - genDependencies : Invalid condition id : UX DEVICE CLASS RTOS Condition cause : null
2025-09-05 16:12:38,953 [WARN] ConditionMgr:1044 - genDependencies : Invalid condition id : UX DEVICE CLASS RTOS Condition cause : null
2025-09-05 16:12:38,961 [WARN] PackLoader:240 - Cannot read IP mode file for STMicroelectronics.X-CUBE-GNSS1.7.0.1
2025-09-05 16:12:38,970 [WARN] PackLoader:240 - Cannot read IP mode file for STMicroelectronics.X-CUBE-TOUCHGFX.4.25.0
2025-09-05 16:12:38,979 [WARN] PackLoader:240 - Cannot read IP mode file for STMicroelectronics.FP-SNS-STBOX1.2.0.0
2025-09-05 16:12:38,997 [WARN] PackLoader:240 - Cannot read IP mode file for STMicroelectronics.X-CUBE-SUBG2.5.0.0
2025-09-05 16:12:39,016 [WARN] PackLoader:240 - Cannot read IP mode file for STMicroelectronics.X-CUBE-AZRTOS-H7RS.1.1.0
2025-09-05 16:12:39,023 [WARN] PackLoader:240 - Cannot read IP mode file for Cesanta.I-CUBE-Mongoose.7.13.0
2025-09-05 16:12:39,035 [WARN] PackLoader:240 - Cannot read IP mode file for STMicroelectronics.X-CUBE-AZRTOS-G4.2.0.0
2025-09-05 16:12:39,042 [WARN] PackLoader:240 - Cannot read IP mode file for wolfSSL.I-CUBE-wolfSSH.1.4.20
2025-09-05 16:12:39,049 [WARN] PackLoader:240 - Cannot read IP mode file for STMicroelectronics.X-CUBE-NFC7.2.0.0
2025-09-05 16:12:39,064 [WARN] PackLoader:240 - Cannot read IP mode file for STMicroelectronics.X-CUBE-IPS.3.1.0
2025-09-05 16:12:39,073 [WARN] PackLoader:240 - Cannot read IP mode file for STMicroelectronics.X-CUBE-ALS.1.0.2
2025-09-05 16:12:39,081 [WARN] PackLoader:240 - Cannot read IP mode file for portGmbH.I-Cube-SoM-uGOAL.1.1.0
2025-09-05 16:12:39,094 [WARN] PackLoader:240 - Cannot read IP mode file for STMicroelectronics.X-CUBE-TOF1.3.4.3
2025-09-05 16:12:39,104 [INFO] ThirdParty:978 - Integrity check success = true
2025-09-05 16:12:39,104 [INFO] IntegrityCheckThread:100 - exiting critical section [integrity check]
2025-09-05 16:12:39,104 [INFO] IntegrityCheckThread:103 - End integrity checks thread
