2025-01-27 14:58:22,408 [INFO] Activator:176 - 


2025-01-27 14:58:22,415 [INFO] Activator:177 - !SESSION log4j initialized
2025-01-27 14:58:29,503 [INFO] LogOutputStream:77 - [STDOUT_REDIRECT] 
2025-01-27 14:58:37,181 [INFO] ApplicationProperties:184 - Using Application install path: C:\ST\STM32CubeIDE_1.16.0\STM32CubeIDE\plugins\com.st.stm32cube.common.mx_6.12.1.202409122256
2025-01-27 14:58:37,205 [INFO] DbMcusXml:78 - Set database path to: C:\ST\STM32CubeIDE_1.16.0\STM32CubeIDE\plugins\com.st.stm32cube.common.mx_6.12.1.202409122256\\db\/mcu/
2025-01-27 14:58:37,206 [INFO] ApiDb:274 - Set plugin database path to: C:\ST\STM32CubeIDE_1.16.0\STM32CubeIDE\plugins\com.st.stm32cube.common.mx_6.12.1.202409122256\\db\/plugins/boardmanager/
2025-01-27 14:58:37,206 [WARN] ApiDb:259 - Overriding images path with different value:  => C:\ST\STM32CubeIDE_1.16.0\STM32CubeIDE\plugins\com.st.stm32cube.common.mx_6.12.1.202409122256\\db\/plugins/mcufinder/images/
2025-01-27 14:58:37,216 [INFO] ApiDb:250 - Set database path to: C:\Users\kohlmanz\.stmcufinder\plugins\mcufinder//mcu/
2025-01-27 14:58:37,217 [INFO] DbMcusAds:125 - Set database path to: C:\Users\kohlmanz\.stmcufinder\plugins\mcufinder//mcu/
2025-01-27 14:58:37,221 [INFO] CrossReferenceDbSqlite:203 - Set database path to: C:\Users\kohlmanz\.stmcufinder\plugins\mcufinder//mcu/cs/
2025-01-27 14:58:37,352 [INFO] RulesReader:64 - Compatibility file has been processed (297 Rules)
2025-01-27 14:58:37,454 [INFO] DbMcusXml:78 - Set database path to: C:\ST\STM32CubeIDE_1.16.0\STM32CubeIDE\plugins\com.st.stm32cube.common.mx_6.12.1.202409122256\\db\/mcu/
2025-01-27 14:58:37,454 [INFO] ApiDb:274 - Set plugin database path to: C:\ST\STM32CubeIDE_1.16.0\STM32CubeIDE\plugins\com.st.stm32cube.common.mx_6.12.1.202409122256\\db\/plugins/boardmanager/
2025-01-27 14:58:37,455 [INFO] ApiDb:261 - Set plugin images path to: C:\ST\STM32CubeIDE_1.16.0\STM32CubeIDE\plugins\com.st.stm32cube.common.mx_6.12.1.202409122256\\db\/plugins/mcufinder/images/
2025-01-27 14:58:37,455 [WARN] DbFile:41 - Overriding database path with different value: C:\Users\kohlmanz\.stmcufinder\plugins\mcufinder/ => C:\Users\kohlmanz\.stmcufinder\plugins\mcufinder
2025-01-27 14:58:37,455 [INFO] ApiDb:250 - Set database path to: C:\Users\kohlmanz\.stmcufinder\plugins\mcufinder//mcu/
2025-01-27 14:58:37,455 [WARN] DbFile:41 - Overriding database path with different value: C:\Users\kohlmanz\.stmcufinder\plugins\mcufinder/ => C:\Users\kohlmanz\.stmcufinder\plugins\mcufinder
2025-01-27 14:58:37,455 [INFO] DbMcusAds:125 - Set database path to: C:\Users\kohlmanz\.stmcufinder\plugins\mcufinder//mcu/
2025-01-27 14:58:37,455 [WARN] DbFile:41 - Overriding database path with different value: C:\Users\kohlmanz\.stmcufinder\plugins\mcufinder/ => C:\Users\kohlmanz\.stmcufinder\plugins\mcufinder
2025-01-27 14:58:37,455 [WARN] DbFile:41 - Overriding database path with different value: C:\Users\kohlmanz\.stmcufinder\plugins\mcufinder/ => C:\Users\kohlmanz\.stmcufinder\plugins\mcufinder
2025-01-27 14:58:37,455 [INFO] CrossReferenceDbSqlite:203 - Set database path to: C:\Users\kohlmanz\.stmcufinder\plugins\mcufinder//mcu/cs/
2025-01-27 14:58:37,581 [INFO] MainPanel:268 - HeapMemory: 268435456
2025-01-27 14:58:37,731 [INFO] DbMcusXml:78 - Set database path to: C:\ST\STM32CubeIDE_1.16.0\STM32CubeIDE\plugins\com.st.stm32cube.common.mx_6.12.1.202409122256\\db\/mcu/
2025-01-27 14:58:37,731 [INFO] ApiDb:274 - Set plugin database path to: C:\ST\STM32CubeIDE_1.16.0\STM32CubeIDE\plugins\com.st.stm32cube.common.mx_6.12.1.202409122256\\db\/plugins/boardmanager/
2025-01-27 14:58:37,731 [INFO] ApiDb:261 - Set plugin images path to: C:\ST\STM32CubeIDE_1.16.0\STM32CubeIDE\plugins\com.st.stm32cube.common.mx_6.12.1.202409122256\\db\/plugins/mcufinder/images/
2025-01-27 14:58:37,732 [WARN] DbFile:41 - Overriding database path with different value: C:\Users\kohlmanz\.stmcufinder\plugins\mcufinder/ => C:\Users\kohlmanz\.stmcufinder\plugins\mcufinder
2025-01-27 14:58:37,732 [INFO] ApiDb:250 - Set database path to: C:\Users\kohlmanz\.stmcufinder\plugins\mcufinder//mcu/
2025-01-27 14:58:37,732 [WARN] DbFile:41 - Overriding database path with different value: C:\Users\kohlmanz\.stmcufinder\plugins\mcufinder/ => C:\Users\kohlmanz\.stmcufinder\plugins\mcufinder
2025-01-27 14:58:37,732 [INFO] DbMcusAds:125 - Set database path to: C:\Users\kohlmanz\.stmcufinder\plugins\mcufinder//mcu/
2025-01-27 14:58:37,732 [WARN] DbFile:41 - Overriding database path with different value: C:\Users\kohlmanz\.stmcufinder\plugins\mcufinder/ => C:\Users\kohlmanz\.stmcufinder\plugins\mcufinder
2025-01-27 14:58:37,732 [WARN] DbFile:41 - Overriding database path with different value: C:\Users\kohlmanz\.stmcufinder\plugins\mcufinder/ => C:\Users\kohlmanz\.stmcufinder\plugins\mcufinder
2025-01-27 14:58:37,732 [INFO] CrossReferenceDbSqlite:203 - Set database path to: C:\Users\kohlmanz\.stmcufinder\plugins\mcufinder//mcu/cs/
2025-01-27 14:58:37,757 [INFO] ApplicationProperties:184 - Using Application install path: C:\ST\STM32CubeIDE_1.16.0\STM32CubeIDE\plugins\com.st.stm32cube.common.mx_6.12.1.202409122256
2025-01-27 14:58:37,759 [INFO] PluginManage:196 - Search for loadable plugins [exclusion list=, ]
2025-01-27 14:58:37,760 [INFO] PluginManage:310 - Check plugin analytics
2025-01-27 14:58:38,013 [INFO] AnalyticsPlugin:253 - Accepted Software Licenses: STM32CubeMX.6.12.0,STM32CubeMX.6.12.1,STM32CubeMX.6.13.0
2025-01-27 14:58:38,013 [INFO] AnalyticsPlugin:255 - Accepted CMSIS Pack Licenses: 
2025-01-27 14:58:38,013 [INFO] AnalyticsPlugin:257 - Accepted Firmware Licenses: FW.F4.1.28.0,FW.G4.1.6.0
2025-01-27 14:58:38,018 [INFO] PluginManage:359 - Loaded plugin analytics (category:tool,tabindex:-1)
2025-01-27 14:58:38,018 [INFO] PluginManage:310 - Check plugin cadmodel
2025-01-27 14:58:38,028 [INFO] CADModel:105 - Init CAD model plugin
2025-01-27 14:58:38,028 [INFO] PluginManage:359 - Loaded plugin cadmodel (category:power,tabindex:5)
2025-01-27 14:58:38,028 [INFO] PluginManage:310 - Check plugin clock
2025-01-27 14:58:38,047 [INFO] PluginManage:359 - Loaded plugin clock (category:base,tabindex:2)
2025-01-27 14:58:38,047 [INFO] PluginManage:310 - Check plugin ddr
2025-01-27 14:58:38,051 [INFO] PluginManage:359 - Loaded plugin ddr (category:tool,tabindex:6)
2025-01-27 14:58:38,051 [INFO] PluginManage:310 - Check plugin filemanager
2025-01-27 14:58:38,277 [INFO] PluginManage:359 - Loaded plugin filemanager (category:base,tabindex:10)
2025-01-27 14:58:38,277 [INFO] PluginManage:310 - Check plugin ipmanager
2025-01-27 14:58:38,291 [INFO] PluginManage:359 - Loaded plugin ipmanager (category:base,tabindex:5)
2025-01-27 14:58:38,291 [INFO] PluginManage:310 - Check plugin lpbam
2025-01-27 14:58:38,310 [INFO] PluginManage:359 - Loaded plugin lpbam (category:base,tabindex:0)
2025-01-27 14:58:38,310 [INFO] PluginManage:310 - Check plugin memorymap
2025-01-27 14:58:38,388 [INFO] PluginManage:359 - Loaded plugin memorymap (category:base,tabindex:4)
2025-01-27 14:58:38,388 [INFO] PluginManage:310 - Check plugin pinoutandconfiguration
2025-01-27 14:58:38,422 [INFO] PluginManage:359 - Loaded plugin pinoutandconfiguration (category:base,tabindex:1)
2025-01-27 14:58:38,422 [INFO] PluginManage:310 - Check plugin pinoutconfig
2025-01-27 14:58:38,679 [WARN] SupportedApi:132 - Cannot load RTOS API schema: s4s-elt-must-match.1: The content of 'definitions' must match (annotation?, (simpleType | complexType)?, (unique | key | keyref)*)). A problem was found starting at: attribute.
2025-01-27 14:58:38,880 [INFO] PluginManage:359 - Loaded plugin pinoutconfig (category:base,tabindex:0)
2025-01-27 14:58:38,881 [INFO] PluginManage:310 - Check plugin power
2025-01-27 14:58:38,892 [INFO] PluginManage:359 - Loaded plugin power (category:power,tabindex:4)
2025-01-27 14:58:38,892 [INFO] PluginManage:310 - Check plugin projectmanager
2025-01-27 14:58:38,909 [INFO] PluginManage:359 - Loaded plugin projectmanager (category:projectmanager,tabindex:4)
2025-01-27 14:58:38,909 [INFO] PluginManage:310 - Check plugin rif
2025-01-27 14:58:38,916 [INFO] PluginManage:359 - Loaded plugin rif (category:base,tabindex:3)
2025-01-27 14:58:38,917 [INFO] PluginManage:310 - Check plugin thirdparty
2025-01-27 14:58:39,098 [WARN] IntegrityCheckThread:84 - waiting for thirdparty lock release [integrity check]
2025-01-27 14:58:39,099 [INFO] IntegrityCheckThread:86 - entering critical section [integrity check]
2025-01-27 14:58:39,100 [INFO] PluginManage:359 - Loaded plugin thirdparty (category:base,tabindex:-1)
2025-01-27 14:58:39,100 [INFO] PluginManage:310 - Check plugin tools
2025-01-27 14:58:39,100 [INFO] ThirdPartyUpdaterWithRetryManager:70 - Updater plugin not ready yet. [1/15]
2025-01-27 14:58:39,105 [INFO] PluginManage:359 - Loaded plugin tools (category:base,tabindex:7)
2025-01-27 14:58:39,106 [INFO] PluginManage:310 - Check plugin tutovideos
2025-01-27 14:58:39,330 [INFO] PluginManage:359 - Loaded plugin tutovideos (category:base,tabindex:-1)
2025-01-27 14:58:39,330 [INFO] PluginManage:310 - Check plugin updater
2025-01-27 14:58:39,349 [INFO] PluginManage:359 - Loaded plugin updater (category:base,tabindex:12)
2025-01-27 14:58:39,350 [INFO] PluginManage:310 - Check plugin userauth
2025-01-27 14:58:39,356 [INFO] UserAuth:113 - Init User Auth plugin
2025-01-27 14:58:39,356 [INFO] PluginManage:359 - Loaded plugin userauth (category:base,tabindex:14)
2025-01-27 14:58:39,357 [INFO] PluginManage:283 - PluginManage : Loaded plugins [18]
2025-01-27 14:58:39,586 [INFO] PinOutPanel:1561 - setPackage(No Configuration,No Configuration)
2025-01-27 14:58:39,680 [INFO] CADModel:165 - CPN selected for project level
2025-01-27 14:58:39,681 [INFO] CADModel:114 - Register for checkConnection events
2025-01-27 14:58:39,701 [INFO] IPUIPlugin:80 - create IPUIPlugin
2025-01-27 14:58:39,702 [INFO] PluginManager:220 - loadIPPluginJar : add adc
2025-01-27 14:58:39,705 [INFO] IPUIPlugin:80 - create IPUIPlugin
2025-01-27 14:58:39,705 [INFO] PluginManager:220 - loadIPPluginJar : add aes
2025-01-27 14:58:39,708 [INFO] IPUIPlugin:80 - create IPUIPlugin
2025-01-27 14:58:39,708 [INFO] PluginManager:220 - loadIPPluginJar : add can
2025-01-27 14:58:39,711 [INFO] IPUIPlugin:80 - create IPUIPlugin
2025-01-27 14:58:39,711 [INFO] PluginManager:220 - loadIPPluginJar : add comp
2025-01-27 14:58:39,714 [INFO] IPUIPlugin:80 - create IPUIPlugin
2025-01-27 14:58:39,715 [INFO] PluginManager:220 - loadIPPluginJar : add cryp
2025-01-27 14:58:39,719 [INFO] IPUIPlugin:80 - create IPUIPlugin
2025-01-27 14:58:39,719 [INFO] PluginManager:220 - loadIPPluginJar : add ddr_ctrl_phy
2025-01-27 14:58:39,722 [INFO] IPUIPlugin:80 - create IPUIPlugin
2025-01-27 14:58:39,723 [INFO] PluginManager:220 - loadIPPluginJar : add dfsdm
2025-01-27 14:58:39,731 [INFO] IPUIPlugin:80 - create IPUIPlugin
2025-01-27 14:58:39,732 [INFO] PluginManager:220 - loadIPPluginJar : add dma
2025-01-27 14:58:39,736 [INFO] IPUIPlugin:80 - create IPUIPlugin
2025-01-27 14:58:39,736 [INFO] PluginManager:220 - loadIPPluginJar : add dma3
2025-01-27 14:58:39,739 [INFO] IPUIPlugin:80 - create IPUIPlugin
2025-01-27 14:58:39,740 [INFO] PluginManager:220 - loadIPPluginJar : add extmemmanager
2025-01-27 14:58:39,742 [INFO] IPUIPlugin:80 - create IPUIPlugin
2025-01-27 14:58:39,742 [INFO] PluginManager:220 - loadIPPluginJar : add fatfs
2025-01-27 14:58:39,748 [INFO] IPUIPlugin:80 - create IPUIPlugin
2025-01-27 14:58:39,748 [INFO] PluginManager:220 - loadIPPluginJar : add fmc
2025-01-27 14:58:39,755 [INFO] IPUIPlugin:80 - create IPUIPlugin
2025-01-27 14:58:39,755 [INFO] PluginManager:220 - loadIPPluginJar : add freertos
2025-01-27 14:58:39,757 [INFO] IPUIPlugin:80 - create IPUIPlugin
2025-01-27 14:58:39,757 [INFO] PluginManager:220 - loadIPPluginJar : add genericplugin
2025-01-27 14:58:39,761 [INFO] IPUIPlugin:80 - create IPUIPlugin
2025-01-27 14:58:39,761 [INFO] PluginManager:220 - loadIPPluginJar : add gfxmmu
2025-01-27 14:58:39,767 [INFO] IPUIPlugin:80 - create IPUIPlugin
2025-01-27 14:58:39,767 [INFO] PluginManager:220 - loadIPPluginJar : add gic
2025-01-27 14:58:39,771 [INFO] IPUIPlugin:80 - create IPUIPlugin
2025-01-27 14:58:39,771 [INFO] PluginManager:220 - loadIPPluginJar : add gpio
2025-01-27 14:58:39,775 [INFO] IPUIPlugin:80 - create IPUIPlugin
2025-01-27 14:58:39,775 [INFO] PluginManager:220 - loadIPPluginJar : add gtzc
2025-01-27 14:58:39,778 [INFO] IPUIPlugin:80 - create IPUIPlugin
2025-01-27 14:58:39,778 [INFO] PluginManager:220 - loadIPPluginJar : add hash
2025-01-27 14:58:39,781 [INFO] IPUIPlugin:80 - create IPUIPlugin
2025-01-27 14:58:39,781 [INFO] PluginManager:220 - loadIPPluginJar : add i2c
2025-01-27 14:58:39,785 [INFO] IPUIPlugin:80 - create IPUIPlugin
2025-01-27 14:58:39,785 [INFO] PluginManager:220 - loadIPPluginJar : add i2s
2025-01-27 14:58:39,788 [INFO] IPUIPlugin:80 - create IPUIPlugin
2025-01-27 14:58:39,788 [INFO] PluginManager:220 - loadIPPluginJar : add i3c
2025-01-27 14:58:39,792 [INFO] IPUIPlugin:80 - create IPUIPlugin
2025-01-27 14:58:39,792 [INFO] PluginManager:220 - loadIPPluginJar : add ipddr
2025-01-27 14:58:39,800 [INFO] IPUIPlugin:80 - create IPUIPlugin
2025-01-27 14:58:39,800 [INFO] PluginManager:220 - loadIPPluginJar : add linkedlist
2025-01-27 14:58:39,804 [INFO] IPUIPlugin:80 - create IPUIPlugin
2025-01-27 14:58:39,804 [INFO] PluginManager:220 - loadIPPluginJar : add lorawan
2025-01-27 14:58:39,805 [INFO] IPUIPlugin:80 - create IPUIPlugin
2025-01-27 14:58:39,805 [INFO] PluginManager:220 - loadIPPluginJar : add ltdc
2025-01-27 14:58:39,811 [INFO] IPUIPlugin:80 - create IPUIPlugin
2025-01-27 14:58:39,811 [INFO] PluginManager:220 - loadIPPluginJar : add mdma
2025-01-27 14:58:39,815 [INFO] IPUIPlugin:80 - create IPUIPlugin
2025-01-27 14:58:39,815 [INFO] PluginManager:220 - loadIPPluginJar : add nvic
2025-01-27 14:58:39,817 [INFO] IPUIPlugin:80 - create IPUIPlugin
2025-01-27 14:58:39,818 [INFO] PluginManager:220 - loadIPPluginJar : add opamp
2025-01-27 14:58:39,820 [INFO] IPUIPlugin:80 - create IPUIPlugin
2025-01-27 14:58:39,820 [INFO] PluginManager:220 - loadIPPluginJar : add openamp
2025-01-27 14:58:39,824 [INFO] IPUIPlugin:80 - create IPUIPlugin
2025-01-27 14:58:39,824 [INFO] PluginManager:220 - loadIPPluginJar : add pdm2pcm
2025-01-27 14:58:39,830 [INFO] IPUIPlugin:80 - create IPUIPlugin
2025-01-27 14:58:39,832 [INFO] PluginManager:220 - loadIPPluginJar : add plateformsettings
2025-01-27 14:58:39,834 [INFO] IPUIPlugin:80 - create IPUIPlugin
2025-01-27 14:58:39,834 [INFO] PluginManager:220 - loadIPPluginJar : add quadspi
2025-01-27 14:58:39,837 [INFO] IPUIPlugin:80 - create IPUIPlugin
2025-01-27 14:58:39,842 [INFO] PluginManager:220 - loadIPPluginJar : add radio
2025-01-27 14:58:39,848 [INFO] IPUIPlugin:80 - create IPUIPlugin
2025-01-27 14:58:39,848 [INFO] PluginManager:220 - loadIPPluginJar : add resmgrutility
2025-01-27 14:58:39,854 [INFO] IPUIPlugin:80 - create IPUIPlugin
2025-01-27 14:58:39,854 [INFO] PluginManager:220 - loadIPPluginJar : add sai
2025-01-27 14:58:39,856 [INFO] IPUIPlugin:80 - create IPUIPlugin
2025-01-27 14:58:39,857 [INFO] PluginManager:220 - loadIPPluginJar : add spi
2025-01-27 14:58:39,863 [INFO] IPUIPlugin:80 - create IPUIPlugin
2025-01-27 14:58:39,863 [INFO] PluginManager:220 - loadIPPluginJar : add stm32_wpan
2025-01-27 14:58:39,866 [INFO] IPUIPlugin:80 - create IPUIPlugin
2025-01-27 14:58:39,866 [INFO] PluginManager:220 - loadIPPluginJar : add tim
2025-01-27 14:58:39,870 [INFO] IPUIPlugin:80 - create IPUIPlugin
2025-01-27 14:58:39,870 [INFO] PluginManager:220 - loadIPPluginJar : add touchsensing
2025-01-27 14:58:39,874 [INFO] IPUIPlugin:80 - create IPUIPlugin
2025-01-27 14:58:39,874 [INFO] PluginManager:220 - loadIPPluginJar : add tracer_emb
2025-01-27 14:58:39,877 [INFO] IPUIPlugin:80 - create IPUIPlugin
2025-01-27 14:58:39,878 [INFO] PluginManager:220 - loadIPPluginJar : add ts
2025-01-27 14:58:39,880 [INFO] IPUIPlugin:80 - create IPUIPlugin
2025-01-27 14:58:39,880 [INFO] PluginManager:220 - loadIPPluginJar : add tsc
2025-01-27 14:58:39,882 [INFO] IPUIPlugin:80 - create IPUIPlugin
2025-01-27 14:58:39,882 [INFO] PluginManager:220 - loadIPPluginJar : add ucpd
2025-01-27 14:58:39,885 [INFO] IPUIPlugin:80 - create IPUIPlugin
2025-01-27 14:58:39,885 [INFO] PluginManager:220 - loadIPPluginJar : add usart
2025-01-27 14:58:39,889 [INFO] IPUIPlugin:80 - create IPUIPlugin
2025-01-27 14:58:39,889 [INFO] PluginManager:220 - loadIPPluginJar : add usbx
2025-01-27 14:58:40,016 [INFO] CADModel:165 - CPN selected for project level
2025-01-27 14:58:40,016 [INFO] CADModel:114 - Register for checkConnection events
2025-01-27 14:58:40,016 [FATAL] Updater:334 - Updater called before beeing initialized
2025-01-27 14:58:40,016 [ERROR] CADModel:125 - Updater not yet initialized, retry later 
2025-01-27 14:58:40,167 [INFO] CADModel:165 - CPN selected for project level
2025-01-27 14:58:40,167 [INFO] CADModel:114 - Register for checkConnection events
2025-01-27 14:58:40,167 [FATAL] Updater:334 - Updater called before beeing initialized
2025-01-27 14:58:40,167 [ERROR] CADModel:125 - Updater not yet initialized, retry later 
2025-01-27 14:58:40,171 [FATAL] Updater:334 - Updater called before beeing initialized
2025-01-27 14:58:40,306 [FATAL] Updater:334 - Updater called before beeing initialized
2025-01-27 14:58:40,312 [INFO] DbMcusAds:53 - JSON generation date=Tue Dec 17 10:01:15 CST 2024 (1734451275222)
2025-01-27 14:58:40,312 [FATAL] Updater:334 - Updater called before beeing initialized
2025-01-27 14:58:40,364 [WARN] DetailPanel:346 - Failed to get advertising image, set to default
2025-01-27 14:58:40,519 [FATAL] Updater:334 - Updater called before beeing initialized
2025-01-27 14:58:40,521 [FATAL] Updater:334 - Updater called before beeing initialized
2025-01-27 14:58:40,522 [FATAL] Updater:334 - Updater called before beeing initialized
2025-01-27 14:58:40,522 [WARN] DetailPanel:346 - Failed to get advertising image, set to default
2025-01-27 14:58:40,523 [FATAL] Updater:334 - Updater called before beeing initialized
2025-01-27 14:58:40,629 [ERROR] Updater:1164 - MainUpdater not yet initialized. External WinMGr cannot be set.
2025-01-27 14:58:40,632 [INFO] Updater:1100 - Updater Version found : 6.12.1
2025-01-27 14:58:40,661 [INFO] ApplicationProperties:184 - Using Application install path: C:\ST\STM32CubeIDE_1.16.0\STM32CubeIDE\plugins\com.st.stm32cube.common.mx_6.12.1.202409122256
2025-01-27 14:58:40,746 [INFO] MainUpdater:526 - Copy updater definitions from MX database
2025-01-27 14:58:41,018 [INFO] MainUpdater:2873 - connection check result : 10
2025-01-27 14:58:41,018 [INFO] MainUpdater:3567 - Updater definition file requires update
2025-01-27 14:58:41,020 [INFO] MainUpdater:290 - Updater Check For Update Now.
2025-01-27 14:58:41,020 [INFO] MicroXplorer:498 - Change Database Version : DB.6.0.121
2025-01-27 14:58:41,033 [INFO] McuFinderGlobals:63 - Set McuFinder mode to 2 (CubeIDE integrated)
2025-01-27 14:58:41,035 [INFO] UserAuth:417 - Internet connection configuration mode: 1
2025-01-27 14:58:41,053 [INFO] ServerAccessManage:473 - Download File updaters.zip
2025-01-27 14:58:41,073 [INFO] JxBrowserEngine:152 - Initiate JxBrowser Engine with user profile folder
2025-01-27 14:58:41,121 [INFO] FileExtend:240 - Unzip File : updaters.zip
2025-01-27 14:58:41,122 [INFO] FileExtend:255 - Standard Zip Deflate
2025-01-27 14:58:42,002 [INFO] ServerAccessManage:473 - Download File PacksControlFlags.xml
2025-01-27 14:58:42,102 [WARN] MainUpdater:1194 - Updater busy. Cannot search thirdparties
2025-01-27 14:58:42,103 [INFO] ThirdPartyUpdaterWithRetryManager:96 - Updater plugin is busy. [1/15]
2025-01-27 14:58:42,107 [INFO] ServerAccessManage:473 - Download File cubemx.pidx
2025-01-27 14:58:42,323 [INFO] LoadServerUpdatesThread:375 - End of LoadServerUpdate Thread
2025-01-27 14:58:42,564 [INFO] CheckServerUpdateThread:120 - End of CheckServer Thread
2025-01-27 14:58:43,117 [INFO] WebApp:167 - Instantiating new browser for Auth
2025-01-27 14:58:44,265 [INFO] WebApp:448 - Apply proxy settings
2025-01-27 14:58:44,266 [INFO] WebApp:533 - Chromium requires no authentication
2025-01-27 14:58:44,280 [INFO] WebApp:476 - Direct internet connection detected
2025-01-27 14:58:44,315 [INFO] WebApp:869 - Register for checkConnection events
2025-01-27 14:58:44,315 [INFO] WebApp:448 - Apply proxy settings
2025-01-27 14:58:44,315 [INFO] WebApp:533 - Chromium requires no authentication
2025-01-27 14:58:44,316 [INFO] WebApp:476 - Direct internet connection detected
2025-01-27 14:58:44,512 [INFO] WebApp:186 - Connection restablished
2025-01-27 14:58:44,609 [INFO] WebApp:220 - Starting web application
2025-01-27 14:58:44,609 [INFO] WebApp:578 - Web application path used C:\ST\STM32CubeIDE_1.16.0\STM32CubeIDE\plugins\com.st.stm32cube.common.mx_6.12.1.202409122256\db\plugins\mcufinder\reactClient1\index.html
2025-01-27 14:58:44,777 [INFO] UserAuth:417 - Internet connection configuration mode: 1
2025-01-27 14:58:45,487 [ERROR] LogOutputStream:75 - [STDERR_REDIRECT] Jan 27, 2025 2:58:45 PM org.glassfish.grizzly.http.server.NetworkListener start
2025-01-27 14:58:45,489 [ERROR] LogOutputStream:75 - [STDERR_REDIRECT] INFO: Started listener bound to [localhost:1597]
2025-01-27 14:58:45,490 [ERROR] LogOutputStream:75 - [STDERR_REDIRECT] 
2025-01-27 14:58:45,493 [ERROR] LogOutputStream:75 - [STDERR_REDIRECT] Jan 27, 2025 2:58:45 PM org.glassfish.grizzly.http.server.HttpServer start
2025-01-27 14:58:45,495 [ERROR] LogOutputStream:75 - [STDERR_REDIRECT] INFO: [HttpServer] Started.
2025-01-27 14:58:45,495 [ERROR] LogOutputStream:75 - [STDERR_REDIRECT] 
2025-01-27 14:58:45,591 [WARN] PackLoader:240 - Cannot read IP mode file for STMicroelectronics.FP-SNS-MOTENVWB1.1.4.0
2025-01-27 14:58:45,603 [WARN] PackLoader:240 - Cannot read IP mode file for STMicroelectronics.FP-ATR-ASTRA1.2.0.1
2025-01-27 14:58:45,614 [WARN] PackLoader:240 - Cannot read IP mode file for STMicroelectronics.X-CUBE-SMBUS.2.1.0
2025-01-27 14:58:45,624 [WARN] PackLoader:240 - Cannot read IP mode file for STMicroelectronics.X-CUBE-WB05N.1.1.0
2025-01-27 14:58:45,661 [WARN] PackLoader:240 - Cannot read IP mode file for STMicroelectronics.X-CUBE-AZRTOS-F7.1.1.0
2025-01-27 14:58:45,741 [WARN] PackLoader:240 - Cannot read IP mode file for STMicroelectronics.X-CUBE-MEMS1.11.0.0
2025-01-27 14:58:45,892 [WARN] PackLoader:240 - Cannot read IP mode file for STMicroelectronics.FP-SNS-FLIGHT1.5.0.2
2025-01-27 14:58:45,921 [WARN] PackLoader:240 - Cannot read IP mode file for Infineon.AIROC-Wi-Fi-Bluetooth-STM32.1.7.0
2025-01-27 14:58:45,941 [WARN] PackLoader:240 - Cannot read IP mode file for STMicroelectronics.X-CUBE-DISPLAY.3.0.0
2025-01-27 14:58:45,953 [WARN] PackLoader:240 - Cannot read IP mode file for STMicroelectronics.X-CUBE-BLE1.7.0.0
2025-01-27 14:58:45,964 [WARN] PackLoader:240 - Cannot read IP mode file for STMicroelectronics.X-CUBE-NFC10.1.0.0
2025-01-27 14:58:45,980 [WARN] PackLoader:240 - Cannot read IP mode file for STMicroelectronics.X-CUBE-BLEMGR.4.0.0
2025-01-27 14:58:45,992 [WARN] PackLoader:240 - Cannot read IP mode file for emotas.I-CUBE-CANOPEN.1.3.0
2025-01-27 14:58:46,100 [WARN] PackLoader:240 - Cannot read IP mode file for STMicroelectronics.X-CUBE-AI.10.0.0
2025-01-27 14:58:46,106 [WARN] PackLoader:240 - Cannot read IP mode file for STMicroelectronics.FP-SNS-SMARTAG2.1.2.0
2025-01-27 14:58:46,167 [WARN] PackLoader:240 - Cannot read IP mode file for STMicroelectronics.X-CUBE-MEMS1.11.1.0
2025-01-27 14:58:46,378 [INFO] LogOutputStream:77 - [STDOUT_REDIRECT] 1 : Invalid condition id : UX_CORESTACK_Condition cause : null
2025-01-27 14:58:46,379 [INFO] LogOutputStream:77 - [STDOUT_REDIRECT] 1 : Invalid condition id : UX_CORESTACK_Condition cause : null
2025-01-27 14:58:46,380 [INFO] LogOutputStream:77 - [STDOUT_REDIRECT] 1 : Invalid condition id : UX_CORESTACK_Condition cause : null
2025-01-27 14:58:46,382 [INFO] LogOutputStream:77 - [STDOUT_REDIRECT] 1 : Invalid condition id : UX_CORESTACK_Condition cause : null
2025-01-27 14:58:46,383 [INFO] LogOutputStream:77 - [STDOUT_REDIRECT] 1 : Invalid condition id : UX_CORESTACK_Condition cause : null
2025-01-27 14:58:46,386 [WARN] PackLoader:240 - Cannot read IP mode file for STMicroelectronics.X-CUBE-AZRTOS-WL.2.0.0
2025-01-27 14:58:46,393 [WARN] PackLoader:240 - Cannot read IP mode file for STMicroelectronics.FP-SNS-MOTENV1.5.0.0
2025-01-27 14:58:46,399 [WARN] PackLoader:240 - Cannot read IP mode file for wolfSSL.I-CUBE-wolfMQTT.1.19.0
2025-01-27 14:58:46,410 [WARN] PackLoader:240 - Cannot read IP mode file for WES.I-CUBE-Cesium.1.3.0
2025-01-27 14:58:46,417 [WARN] PackLoader:240 - Cannot read IP mode file for STMicroelectronics.X-CUBE-BLE2.3.3.0
2025-01-27 14:58:46,425 [WARN] PackLoader:240 - Cannot read IP mode file for STMicroelectronics.X-CUBE-NFC9.1.0.0
2025-01-27 14:58:46,443 [WARN] PackLoader:240 - Cannot read IP mode file for STMicroelectronics.X-CUBE-AZRTOS-G0.1.1.0
2025-01-27 14:58:46,456 [WARN] PackLoader:240 - Cannot read IP mode file for STMicroelectronics.X-CUBE-SAFEA1.1.2.2
2025-01-27 14:58:46,465 [WARN] PackLoader:240 - Cannot read IP mode file for STMicroelectronics.X-CUBE-NFC4.3.0.0
2025-01-27 14:58:46,476 [WARN] PackLoader:240 - Cannot read IP mode file for EmbeddedOffice.I-CUBE-FS-RTOS.1.0.1
2025-01-27 14:58:46,476 [ERROR] ConditionMgr:805 - Attr not supported : Dmpu
2025-01-27 14:58:46,476 [ERROR] ConditionMgr:805 - Attr not supported : Dmpu
2025-01-27 14:58:46,477 [ERROR] ConditionMgr:805 - Attr not supported : Dmpu
2025-01-27 14:58:46,477 [ERROR] ConditionMgr:805 - Attr not supported : Dmpu
2025-01-27 14:58:46,477 [ERROR] ConditionMgr:805 - Attr not supported : Dmpu
2025-01-27 14:58:46,477 [ERROR] ConditionMgr:805 - Attr not supported : Dmpu
2025-01-27 14:58:46,477 [ERROR] ConditionMgr:805 - Attr not supported : Dmpu
2025-01-27 14:58:46,477 [ERROR] ConditionMgr:805 - Attr not supported : Dmpu
2025-01-27 14:58:46,477 [ERROR] ConditionMgr:805 - Attr not supported : Dmpu
2025-01-27 14:58:46,477 [ERROR] ConditionMgr:805 - Attr not supported : Dmpu
2025-01-27 14:58:46,477 [ERROR] ConditionMgr:805 - Attr not supported : Dmpu
2025-01-27 14:58:46,477 [ERROR] ConditionMgr:805 - Attr not supported : Dmpu
2025-01-27 14:58:46,477 [ERROR] ConditionMgr:805 - Attr not supported : Dmpu
2025-01-27 14:58:46,477 [ERROR] ConditionMgr:805 - Attr not supported : Dmpu
2025-01-27 14:58:46,477 [ERROR] ConditionMgr:805 - Attr not supported : Dmpu
2025-01-27 14:58:46,478 [ERROR] ConditionMgr:805 - Attr not supported : Dmpu
2025-01-27 14:58:46,478 [ERROR] ConditionMgr:805 - Attr not supported : Dmpu
2025-01-27 14:58:46,478 [ERROR] ConditionMgr:805 - Attr not supported : Dmpu
2025-01-27 14:58:46,478 [ERROR] ConditionMgr:805 - Attr not supported : Dmpu
2025-01-27 14:58:46,478 [ERROR] ConditionMgr:805 - Attr not supported : Dmpu
2025-01-27 14:58:46,478 [ERROR] ConditionMgr:805 - Attr not supported : Dmpu
2025-01-27 14:58:46,478 [ERROR] ConditionMgr:805 - Attr not supported : Dmpu
2025-01-27 14:58:46,478 [ERROR] ConditionMgr:805 - Attr not supported : Dmpu
2025-01-27 14:58:46,478 [ERROR] ConditionMgr:805 - Attr not supported : Dmpu
2025-01-27 14:58:46,479 [ERROR] ConditionMgr:805 - Attr not supported : Dmpu
2025-01-27 14:58:46,479 [ERROR] ConditionMgr:805 - Attr not supported : Dmpu
2025-01-27 14:58:46,479 [ERROR] ConditionMgr:805 - Attr not supported : Dmpu
2025-01-27 14:58:46,479 [ERROR] ConditionMgr:805 - Attr not supported : Dmpu
2025-01-27 14:58:46,479 [ERROR] ConditionMgr:805 - Attr not supported : Dmpu
2025-01-27 14:58:46,479 [ERROR] ConditionMgr:805 - Attr not supported : Dmpu
2025-01-27 14:58:46,479 [ERROR] ConditionMgr:805 - Attr not supported : Dmpu
2025-01-27 14:58:46,479 [ERROR] ConditionMgr:805 - Attr not supported : Dmpu
2025-01-27 14:58:46,479 [ERROR] ConditionMgr:805 - Attr not supported : Dmpu
2025-01-27 14:58:46,479 [ERROR] ConditionMgr:805 - Attr not supported : Dmpu
2025-01-27 14:58:46,479 [ERROR] ConditionMgr:805 - Attr not supported : Dmpu
2025-01-27 14:58:46,479 [ERROR] ConditionMgr:805 - Attr not supported : Dmpu
2025-01-27 14:58:46,479 [ERROR] ConditionMgr:805 - Attr not supported : Dmpu
2025-01-27 14:58:46,479 [ERROR] ConditionMgr:805 - Attr not supported : Dmpu
2025-01-27 14:58:46,479 [ERROR] ConditionMgr:805 - Attr not supported : Dmpu
2025-01-27 14:58:46,479 [ERROR] ConditionMgr:805 - Attr not supported : Dmpu
2025-01-27 14:58:46,479 [ERROR] ConditionMgr:805 - Attr not supported : Dmpu
2025-01-27 14:58:46,479 [ERROR] ConditionMgr:805 - Attr not supported : Dmpu
2025-01-27 14:58:46,480 [ERROR] ConditionMgr:805 - Attr not supported : Dmpu
2025-01-27 14:58:46,480 [ERROR] ConditionMgr:805 - Attr not supported : Dmpu
2025-01-27 14:58:46,480 [ERROR] ConditionMgr:805 - Attr not supported : Dmpu
2025-01-27 14:58:46,480 [ERROR] ConditionMgr:805 - Attr not supported : Dmpu
2025-01-27 14:58:46,480 [ERROR] ConditionMgr:805 - Attr not supported : Dmpu
2025-01-27 14:58:46,480 [ERROR] ConditionMgr:805 - Attr not supported : Dmpu
2025-01-27 14:58:46,480 [ERROR] ConditionMgr:805 - Attr not supported : Dmpu
2025-01-27 14:58:46,480 [ERROR] ConditionMgr:805 - Attr not supported : Dmpu
2025-01-27 14:58:46,480 [ERROR] ConditionMgr:805 - Attr not supported : Dmpu
2025-01-27 14:58:46,480 [ERROR] ConditionMgr:805 - Attr not supported : Dmpu
2025-01-27 14:58:46,480 [ERROR] ConditionMgr:805 - Attr not supported : Dmpu
2025-01-27 14:58:46,480 [ERROR] ConditionMgr:805 - Attr not supported : Dmpu
2025-01-27 14:58:46,480 [ERROR] ConditionMgr:805 - Attr not supported : Dmpu
2025-01-27 14:58:46,480 [ERROR] ConditionMgr:805 - Attr not supported : Dmpu
2025-01-27 14:58:46,480 [ERROR] ConditionMgr:805 - Attr not supported : Dmpu
2025-01-27 14:58:46,480 [ERROR] ConditionMgr:805 - Attr not supported : Dmpu
2025-01-27 14:58:46,480 [ERROR] ConditionMgr:805 - Attr not supported : Dmpu
2025-01-27 14:58:46,480 [ERROR] ConditionMgr:805 - Attr not supported : Dmpu
2025-01-27 14:58:46,480 [ERROR] ConditionMgr:805 - Attr not supported : Dmpu
2025-01-27 14:58:46,480 [ERROR] ConditionMgr:805 - Attr not supported : Dmpu
2025-01-27 14:58:46,481 [ERROR] ConditionMgr:805 - Attr not supported : Dmpu
2025-01-27 14:58:46,481 [ERROR] ConditionMgr:805 - Attr not supported : Dmpu
2025-01-27 14:58:46,485 [ERROR] Engine:466 - C:\Users\kohlmanz\.stm32cubemx\thirdparties\pdsc\STMicroelectronics.X-CUBE-TCPP.4.2.0.pdsc: PDSC version is not supported
2025-01-27 14:58:46,493 [WARN] PackLoader:240 - Cannot read IP mode file for RealThread.X-CUBE-RT-Thread_Nano.4.1.1
2025-01-27 14:58:46,499 [WARN] PackLoader:240 - Cannot read IP mode file for STMicroelectronics.FP-ATR-SIGFOX1.3.2.0
2025-01-27 14:58:46,505 [WARN] ConditionMgr:438 - getConditionDescription Invalid condition id : Cortex-A Device cause : null
2025-01-27 14:58:46,513 [WARN] ConditionMgr:1039 - genDependencies : Invalid condition id : Cortex-A Device cause : null
2025-01-27 14:58:46,514 [WARN] ConditionMgr:1039 - genDependencies : Invalid condition id : Cortex-A Device cause : null
2025-01-27 14:58:46,514 [WARN] ConditionMgr:1039 - genDependencies : Invalid condition id : Cortex-A Device cause : null
2025-01-27 14:58:46,521 [WARN] PackLoader:240 - Cannot read IP mode file for STMicroelectronics.X-CUBE-EEPRMA1.5.1.0
2025-01-27 14:58:46,527 [WARN] PackLoader:240 - Cannot read IP mode file for wolfSSL.I-CUBE-wolfSSL.5.7.4
2025-01-27 14:58:46,533 [WARN] PackLoader:240 - Cannot read IP mode file for ITTIA_DB.I-CUBE-ITTIADB.8.9.0
2025-01-27 14:58:46,572 [WARN] PackLoader:240 - Cannot read IP mode file for SEGGER.I-CUBE-embOS.1.3.1
2025-01-27 14:58:46,614 [WARN] PackLoader:240 - Cannot read IP mode file for STMicroelectronics.X-CUBE-ALGOBUILD.1.4.0
2025-01-27 14:58:46,619 [WARN] PackLoader:240 - Cannot read IP mode file for STMicroelectronics.X-CUBE-AI.9.1.0
2025-01-27 14:58:46,638 [WARN] PackLoader:240 - Cannot read IP mode file for STMicroelectronics.X-CUBE-AZRTOS-F4.1.1.0
2025-01-27 14:58:46,649 [WARN] PackLoader:240 - Cannot read IP mode file for STMicroelectronics.X-CUBE-ISPU.2.1.0
2025-01-27 14:58:46,674 [WARN] PackLoader:240 - Cannot read IP mode file for STMicroelectronics.X-CUBE-AZRTOS-L5.2.0.0
2025-01-27 14:58:46,691 [WARN] PackLoader:240 - Cannot read IP mode file for STMicroelectronics.X-CUBE-NFC6.3.1.0
2025-01-27 14:58:46,704 [WARN] PackLoader:240 - Cannot read IP mode file for STMicroelectronics.X-CUBE-DPower.1.2.0
2025-01-27 14:58:46,713 [WARN] PackLoader:240 - Cannot read IP mode file for STMicroelectronics.X-CUBE-FREERTOS.1.3.0
2025-01-27 14:58:46,723 [WARN] PackLoader:240 - Cannot read IP mode file for STMicroelectronics.X-CUBE-NFC7.1.0.1
2025-01-27 14:58:46,753 [WARN] ConditionMgr:438 - getConditionDescription Invalid condition id : LAN8742 Phy interface Condition cause : null
2025-01-27 14:58:46,755 [WARN] PackLoader:240 - Cannot read IP mode file for STMicroelectronics.X-CUBE-AZRTOS-L4.2.0.0
2025-01-27 14:58:46,758 [WARN] ConditionMgr:1039 - genDependencies : Invalid condition id : LAN8742 Phy interface Condition cause : null
2025-01-27 14:58:46,759 [WARN] ConditionMgr:1039 - genDependencies : Invalid condition id : LAN8742 Phy interface Condition cause : null
2025-01-27 14:58:46,760 [WARN] ConditionMgr:1039 - genDependencies : Invalid condition id : LAN8742 Phy interface Condition cause : null
2025-01-27 14:58:46,788 [WARN] PackLoader:240 - Cannot read IP mode file for STMicroelectronics.X-CUBE-SFXS2LP1.4.0.0
2025-01-27 14:58:46,824 [WARN] PackLoader:240 - Cannot read IP mode file for STMicroelectronics.X-CUBE-AZRTOS-H7.3.3.0
2025-01-27 14:58:46,846 [WARN] PackLoader:240 - Cannot read IP mode file for STMicroelectronics.X-CUBE-IPS.3.0.0
2025-01-27 14:58:46,864 [WARN] ConditionMgr:438 - getConditionDescription Invalid condition id : UX DEVICE CLASS RTOS Condition cause : null
2025-01-27 14:58:46,864 [WARN] ConditionMgr:438 - getConditionDescription Invalid condition id : UX DEVICE CLASS RTOS Condition cause : null
2025-01-27 14:58:46,866 [WARN] PackLoader:240 - Cannot read IP mode file for STMicroelectronics.X-CUBE-AZRTOS-WB.2.0.0
2025-01-27 14:58:46,867 [WARN] ConditionMgr:1039 - genDependencies : Invalid condition id : UX DEVICE CLASS RTOS Condition cause : null
2025-01-27 14:58:46,867 [WARN] ConditionMgr:1039 - genDependencies : Invalid condition id : UX DEVICE CLASS RTOS Condition cause : null
2025-01-27 14:58:46,867 [WARN] ConditionMgr:1039 - genDependencies : Invalid condition id : UX DEVICE CLASS RTOS Condition cause : null
2025-01-27 14:58:46,867 [WARN] ConditionMgr:1039 - genDependencies : Invalid condition id : UX DEVICE CLASS RTOS Condition cause : null
2025-01-27 14:58:46,868 [WARN] ConditionMgr:1039 - genDependencies : Invalid condition id : UX DEVICE CLASS RTOS Condition cause : null
2025-01-27 14:58:46,876 [WARN] PackLoader:240 - Cannot read IP mode file for STMicroelectronics.X-CUBE-GNSS1.7.0.0
2025-01-27 14:58:46,884 [WARN] PackLoader:240 - Cannot read IP mode file for STMicroelectronics.X-CUBE-GNSS1.7.0.1
2025-01-27 14:58:46,895 [WARN] PackLoader:240 - Cannot read IP mode file for STMicroelectronics.FP-SNS-STBOX1.2.0.0
2025-01-27 14:58:46,911 [WARN] PackLoader:240 - Cannot read IP mode file for STMicroelectronics.X-CUBE-SUBG2.5.0.0
2025-01-27 14:58:46,920 [WARN] PackLoader:240 - Cannot read IP mode file for Cesanta.I-CUBE-Mongoose.7.13.0
2025-01-27 14:58:46,938 [WARN] PackLoader:240 - Cannot read IP mode file for STMicroelectronics.X-CUBE-AZRTOS-G4.2.0.0
2025-01-27 14:58:46,948 [ERROR] Engine:466 - C:\Users\kohlmanz\.stm32cubemx\thirdparties\pdsc\STMicroelectronics.X-CUBE-IPS.3.1.0.pdsc: PDSC version is not supported
2025-01-27 14:58:46,955 [WARN] PackLoader:240 - Cannot read IP mode file for STMicroelectronics.X-CUBE-ALS.1.0.2
2025-01-27 14:58:46,962 [WARN] PackLoader:240 - Cannot read IP mode file for STMicroelectronics.X-CUBE-TOUCHGFX.4.24.2
2025-01-27 14:58:46,968 [WARN] PackLoader:240 - Cannot read IP mode file for STMicroelectronics.X-CUBE-TOUCHGFX.4.24.1
2025-01-27 14:58:47,035 [WARN] PackLoader:240 - Cannot read IP mode file for wolfSSL.I-CUBE-wolfTPM.3.4.0
2025-01-27 14:58:47,044 [WARN] PackLoader:240 - Cannot read IP mode file for portGmbH.I-Cube-SoM-uGOAL.1.1.0
2025-01-27 14:58:47,068 [WARN] PackLoader:240 - Cannot read IP mode file for STMicroelectronics.X-CUBE-AZRTOS-H7RS.1.0.0
2025-01-27 14:58:47,085 [WARN] PackLoader:240 - Cannot read IP mode file for STMicroelectronics.X-CUBE-TOF1.3.4.2
2025-01-27 14:58:47,107 [WARN] PackLoader:240 - Cannot read IP mode file for wolfSSL.I-CUBE-wolfSSH.1.4.17
2025-01-27 14:58:47,107 [INFO] ThirdParty:978 - Integrity check success = true
2025-01-27 14:58:47,108 [INFO] IntegrityCheckThread:100 - exiting critical section [integrity check]
2025-01-27 14:58:47,108 [INFO] IntegrityCheckThread:103 - End integrity checks thread
2025-01-27 14:59:02,370 [ERROR] LogOutputStream:75 - [STDERR_REDIRECT] 
2025-01-27 14:59:02,372 [ERROR] LogOutputStream:75 - [STDERR_REDIRECT] 
2025-01-27 15:01:37,143 [INFO] Activator:176 - 


2025-01-27 15:01:37,148 [INFO] Activator:177 - !SESSION log4j initialized
2025-01-27 15:01:49,237 [INFO] LogOutputStream:77 - [STDOUT_REDIRECT] 
2025-01-27 15:01:58,968 [INFO] ApplicationProperties:184 - Using Application install path: C:\ST\STM32CubeIDE_1.16.0\STM32CubeIDE\plugins\com.st.stm32cube.common.mx_6.12.1.202409122256
2025-01-27 15:01:58,993 [INFO] DbMcusXml:78 - Set database path to: C:\ST\STM32CubeIDE_1.16.0\STM32CubeIDE\plugins\com.st.stm32cube.common.mx_6.12.1.202409122256\\db\/mcu/
2025-01-27 15:01:58,993 [INFO] ApiDb:274 - Set plugin database path to: C:\ST\STM32CubeIDE_1.16.0\STM32CubeIDE\plugins\com.st.stm32cube.common.mx_6.12.1.202409122256\\db\/plugins/boardmanager/
2025-01-27 15:01:58,994 [WARN] ApiDb:259 - Overriding images path with different value:  => C:\ST\STM32CubeIDE_1.16.0\STM32CubeIDE\plugins\com.st.stm32cube.common.mx_6.12.1.202409122256\\db\/plugins/mcufinder/images/
2025-01-27 15:01:59,002 [INFO] ApiDb:250 - Set database path to: C:\Users\kohlmanz\.stmcufinder\plugins\mcufinder//mcu/
2025-01-27 15:01:59,004 [INFO] DbMcusAds:125 - Set database path to: C:\Users\kohlmanz\.stmcufinder\plugins\mcufinder//mcu/
2025-01-27 15:01:59,007 [INFO] CrossReferenceDbSqlite:203 - Set database path to: C:\Users\kohlmanz\.stmcufinder\plugins\mcufinder//mcu/cs/
2025-01-27 15:01:59,146 [INFO] RulesReader:64 - Compatibility file has been processed (297 Rules)
2025-01-27 15:01:59,246 [INFO] DbMcusXml:78 - Set database path to: C:\ST\STM32CubeIDE_1.16.0\STM32CubeIDE\plugins\com.st.stm32cube.common.mx_6.12.1.202409122256\\db\/mcu/
2025-01-27 15:01:59,246 [INFO] ApiDb:274 - Set plugin database path to: C:\ST\STM32CubeIDE_1.16.0\STM32CubeIDE\plugins\com.st.stm32cube.common.mx_6.12.1.202409122256\\db\/plugins/boardmanager/
2025-01-27 15:01:59,246 [INFO] ApiDb:261 - Set plugin images path to: C:\ST\STM32CubeIDE_1.16.0\STM32CubeIDE\plugins\com.st.stm32cube.common.mx_6.12.1.202409122256\\db\/plugins/mcufinder/images/
2025-01-27 15:01:59,246 [WARN] DbFile:41 - Overriding database path with different value: C:\Users\kohlmanz\.stmcufinder\plugins\mcufinder/ => C:\Users\kohlmanz\.stmcufinder\plugins\mcufinder
2025-01-27 15:01:59,246 [INFO] ApiDb:250 - Set database path to: C:\Users\kohlmanz\.stmcufinder\plugins\mcufinder//mcu/
2025-01-27 15:01:59,246 [WARN] DbFile:41 - Overriding database path with different value: C:\Users\kohlmanz\.stmcufinder\plugins\mcufinder/ => C:\Users\kohlmanz\.stmcufinder\plugins\mcufinder
2025-01-27 15:01:59,246 [INFO] DbMcusAds:125 - Set database path to: C:\Users\kohlmanz\.stmcufinder\plugins\mcufinder//mcu/
2025-01-27 15:01:59,246 [WARN] DbFile:41 - Overriding database path with different value: C:\Users\kohlmanz\.stmcufinder\plugins\mcufinder/ => C:\Users\kohlmanz\.stmcufinder\plugins\mcufinder
2025-01-27 15:01:59,246 [WARN] DbFile:41 - Overriding database path with different value: C:\Users\kohlmanz\.stmcufinder\plugins\mcufinder/ => C:\Users\kohlmanz\.stmcufinder\plugins\mcufinder
2025-01-27 15:01:59,247 [INFO] CrossReferenceDbSqlite:203 - Set database path to: C:\Users\kohlmanz\.stmcufinder\plugins\mcufinder//mcu/cs/
2025-01-27 15:01:59,379 [INFO] MainPanel:268 - HeapMemory: 300941312
2025-01-27 15:01:59,519 [INFO] DbMcusXml:78 - Set database path to: C:\ST\STM32CubeIDE_1.16.0\STM32CubeIDE\plugins\com.st.stm32cube.common.mx_6.12.1.202409122256\\db\/mcu/
2025-01-27 15:01:59,519 [INFO] ApiDb:274 - Set plugin database path to: C:\ST\STM32CubeIDE_1.16.0\STM32CubeIDE\plugins\com.st.stm32cube.common.mx_6.12.1.202409122256\\db\/plugins/boardmanager/
2025-01-27 15:01:59,519 [INFO] ApiDb:261 - Set plugin images path to: C:\ST\STM32CubeIDE_1.16.0\STM32CubeIDE\plugins\com.st.stm32cube.common.mx_6.12.1.202409122256\\db\/plugins/mcufinder/images/
2025-01-27 15:01:59,520 [WARN] DbFile:41 - Overriding database path with different value: C:\Users\kohlmanz\.stmcufinder\plugins\mcufinder/ => C:\Users\kohlmanz\.stmcufinder\plugins\mcufinder
2025-01-27 15:01:59,520 [INFO] ApiDb:250 - Set database path to: C:\Users\kohlmanz\.stmcufinder\plugins\mcufinder//mcu/
2025-01-27 15:01:59,520 [WARN] DbFile:41 - Overriding database path with different value: C:\Users\kohlmanz\.stmcufinder\plugins\mcufinder/ => C:\Users\kohlmanz\.stmcufinder\plugins\mcufinder
2025-01-27 15:01:59,520 [INFO] DbMcusAds:125 - Set database path to: C:\Users\kohlmanz\.stmcufinder\plugins\mcufinder//mcu/
2025-01-27 15:01:59,520 [WARN] DbFile:41 - Overriding database path with different value: C:\Users\kohlmanz\.stmcufinder\plugins\mcufinder/ => C:\Users\kohlmanz\.stmcufinder\plugins\mcufinder
2025-01-27 15:01:59,520 [WARN] DbFile:41 - Overriding database path with different value: C:\Users\kohlmanz\.stmcufinder\plugins\mcufinder/ => C:\Users\kohlmanz\.stmcufinder\plugins\mcufinder
2025-01-27 15:01:59,520 [INFO] CrossReferenceDbSqlite:203 - Set database path to: C:\Users\kohlmanz\.stmcufinder\plugins\mcufinder//mcu/cs/
2025-01-27 15:01:59,545 [INFO] ApplicationProperties:184 - Using Application install path: C:\ST\STM32CubeIDE_1.16.0\STM32CubeIDE\plugins\com.st.stm32cube.common.mx_6.12.1.202409122256
2025-01-27 15:01:59,547 [INFO] PluginManage:196 - Search for loadable plugins [exclusion list=, ]
2025-01-27 15:01:59,549 [INFO] PluginManage:310 - Check plugin analytics
2025-01-27 15:01:59,771 [INFO] AnalyticsPlugin:253 - Accepted Software Licenses: STM32CubeMX.6.12.0,STM32CubeMX.6.12.1,STM32CubeMX.6.13.0
2025-01-27 15:01:59,771 [INFO] AnalyticsPlugin:255 - Accepted CMSIS Pack Licenses: 
2025-01-27 15:01:59,771 [INFO] AnalyticsPlugin:257 - Accepted Firmware Licenses: FW.F4.1.28.0,FW.G4.1.6.0
2025-01-27 15:01:59,776 [INFO] PluginManage:359 - Loaded plugin analytics (category:tool,tabindex:-1)
2025-01-27 15:01:59,777 [INFO] PluginManage:310 - Check plugin cadmodel
2025-01-27 15:01:59,786 [INFO] CADModel:105 - Init CAD model plugin
2025-01-27 15:01:59,787 [INFO] PluginManage:359 - Loaded plugin cadmodel (category:power,tabindex:5)
2025-01-27 15:01:59,787 [INFO] PluginManage:310 - Check plugin clock
2025-01-27 15:01:59,815 [INFO] PluginManage:359 - Loaded plugin clock (category:base,tabindex:2)
2025-01-27 15:01:59,816 [INFO] PluginManage:310 - Check plugin ddr
2025-01-27 15:01:59,821 [INFO] PluginManage:359 - Loaded plugin ddr (category:tool,tabindex:6)
2025-01-27 15:01:59,822 [INFO] PluginManage:310 - Check plugin filemanager
2025-01-27 15:02:00,075 [INFO] PluginManage:359 - Loaded plugin filemanager (category:base,tabindex:10)
2025-01-27 15:02:00,075 [INFO] PluginManage:310 - Check plugin ipmanager
2025-01-27 15:02:00,096 [INFO] PluginManage:359 - Loaded plugin ipmanager (category:base,tabindex:5)
2025-01-27 15:02:00,096 [INFO] PluginManage:310 - Check plugin lpbam
2025-01-27 15:02:00,114 [INFO] PluginManage:359 - Loaded plugin lpbam (category:base,tabindex:0)
2025-01-27 15:02:00,114 [INFO] PluginManage:310 - Check plugin memorymap
2025-01-27 15:02:00,137 [INFO] PluginManage:359 - Loaded plugin memorymap (category:base,tabindex:4)
2025-01-27 15:02:00,137 [INFO] PluginManage:310 - Check plugin pinoutandconfiguration
2025-01-27 15:02:00,149 [INFO] PluginManage:359 - Loaded plugin pinoutandconfiguration (category:base,tabindex:1)
2025-01-27 15:02:00,149 [INFO] PluginManage:310 - Check plugin pinoutconfig
2025-01-27 15:02:00,296 [WARN] SupportedApi:132 - Cannot load RTOS API schema: s4s-elt-must-match.1: The content of 'definitions' must match (annotation?, (simpleType | complexType)?, (unique | key | keyref)*)). A problem was found starting at: attribute.
2025-01-27 15:02:00,518 [INFO] PluginManage:359 - Loaded plugin pinoutconfig (category:base,tabindex:0)
2025-01-27 15:02:00,519 [INFO] PluginManage:310 - Check plugin power
2025-01-27 15:02:00,534 [INFO] PluginManage:359 - Loaded plugin power (category:power,tabindex:4)
2025-01-27 15:02:00,534 [INFO] PluginManage:310 - Check plugin projectmanager
2025-01-27 15:02:00,562 [INFO] PluginManage:359 - Loaded plugin projectmanager (category:projectmanager,tabindex:4)
2025-01-27 15:02:00,562 [INFO] PluginManage:310 - Check plugin rif
2025-01-27 15:02:00,571 [INFO] PluginManage:359 - Loaded plugin rif (category:base,tabindex:3)
2025-01-27 15:02:00,571 [INFO] PluginManage:310 - Check plugin thirdparty
2025-01-27 15:02:00,783 [WARN] IntegrityCheckThread:84 - waiting for thirdparty lock release [integrity check]
2025-01-27 15:02:00,784 [INFO] IntegrityCheckThread:86 - entering critical section [integrity check]
2025-01-27 15:02:00,786 [INFO] PluginManage:359 - Loaded plugin thirdparty (category:base,tabindex:-1)
2025-01-27 15:02:00,786 [INFO] PluginManage:310 - Check plugin tools
2025-01-27 15:02:00,786 [INFO] ThirdPartyUpdaterWithRetryManager:70 - Updater plugin not ready yet. [1/15]
2025-01-27 15:02:00,791 [INFO] PluginManage:359 - Loaded plugin tools (category:base,tabindex:7)
2025-01-27 15:02:00,792 [INFO] PluginManage:310 - Check plugin tutovideos
2025-01-27 15:02:01,038 [INFO] PluginManage:359 - Loaded plugin tutovideos (category:base,tabindex:-1)
2025-01-27 15:02:01,039 [INFO] PluginManage:310 - Check plugin updater
2025-01-27 15:02:01,064 [INFO] PluginManage:359 - Loaded plugin updater (category:base,tabindex:12)
2025-01-27 15:02:01,064 [INFO] PluginManage:310 - Check plugin userauth
2025-01-27 15:02:01,072 [INFO] UserAuth:113 - Init User Auth plugin
2025-01-27 15:02:01,072 [INFO] PluginManage:359 - Loaded plugin userauth (category:base,tabindex:14)
2025-01-27 15:02:01,073 [INFO] PluginManage:283 - PluginManage : Loaded plugins [18]
2025-01-27 15:02:01,352 [INFO] PinOutPanel:1561 - setPackage(No Configuration,No Configuration)
2025-01-27 15:02:01,543 [INFO] CADModel:165 - CPN selected for project level
2025-01-27 15:02:01,544 [INFO] CADModel:114 - Register for checkConnection events
2025-01-27 15:02:01,568 [INFO] IPUIPlugin:80 - create IPUIPlugin
2025-01-27 15:02:01,568 [INFO] PluginManager:220 - loadIPPluginJar : add adc
2025-01-27 15:02:01,572 [INFO] IPUIPlugin:80 - create IPUIPlugin
2025-01-27 15:02:01,572 [INFO] PluginManager:220 - loadIPPluginJar : add aes
2025-01-27 15:02:01,576 [INFO] IPUIPlugin:80 - create IPUIPlugin
2025-01-27 15:02:01,577 [INFO] PluginManager:220 - loadIPPluginJar : add can
2025-01-27 15:02:01,579 [INFO] IPUIPlugin:80 - create IPUIPlugin
2025-01-27 15:02:01,579 [INFO] PluginManager:220 - loadIPPluginJar : add comp
2025-01-27 15:02:01,584 [INFO] IPUIPlugin:80 - create IPUIPlugin
2025-01-27 15:02:01,584 [INFO] PluginManager:220 - loadIPPluginJar : add cryp
2025-01-27 15:02:01,590 [INFO] IPUIPlugin:80 - create IPUIPlugin
2025-01-27 15:02:01,590 [INFO] PluginManager:220 - loadIPPluginJar : add ddr_ctrl_phy
2025-01-27 15:02:01,595 [INFO] IPUIPlugin:80 - create IPUIPlugin
2025-01-27 15:02:01,595 [INFO] PluginManager:220 - loadIPPluginJar : add dfsdm
2025-01-27 15:02:01,604 [INFO] IPUIPlugin:80 - create IPUIPlugin
2025-01-27 15:02:01,605 [INFO] PluginManager:220 - loadIPPluginJar : add dma
2025-01-27 15:02:01,611 [INFO] IPUIPlugin:80 - create IPUIPlugin
2025-01-27 15:02:01,611 [INFO] PluginManager:220 - loadIPPluginJar : add dma3
2025-01-27 15:02:01,618 [INFO] IPUIPlugin:80 - create IPUIPlugin
2025-01-27 15:02:01,618 [INFO] PluginManager:220 - loadIPPluginJar : add extmemmanager
2025-01-27 15:02:01,620 [INFO] IPUIPlugin:80 - create IPUIPlugin
2025-01-27 15:02:01,621 [INFO] PluginManager:220 - loadIPPluginJar : add fatfs
2025-01-27 15:02:01,627 [INFO] IPUIPlugin:80 - create IPUIPlugin
2025-01-27 15:02:01,627 [INFO] PluginManager:220 - loadIPPluginJar : add fmc
2025-01-27 15:02:01,636 [INFO] IPUIPlugin:80 - create IPUIPlugin
2025-01-27 15:02:01,636 [INFO] PluginManager:220 - loadIPPluginJar : add freertos
2025-01-27 15:02:01,639 [INFO] IPUIPlugin:80 - create IPUIPlugin
2025-01-27 15:02:01,639 [INFO] PluginManager:220 - loadIPPluginJar : add genericplugin
2025-01-27 15:02:01,642 [INFO] IPUIPlugin:80 - create IPUIPlugin
2025-01-27 15:02:01,642 [INFO] PluginManager:220 - loadIPPluginJar : add gfxmmu
2025-01-27 15:02:01,649 [INFO] IPUIPlugin:80 - create IPUIPlugin
2025-01-27 15:02:01,649 [INFO] PluginManager:220 - loadIPPluginJar : add gic
2025-01-27 15:02:01,656 [INFO] IPUIPlugin:80 - create IPUIPlugin
2025-01-27 15:02:01,656 [INFO] PluginManager:220 - loadIPPluginJar : add gpio
2025-01-27 15:02:01,663 [INFO] IPUIPlugin:80 - create IPUIPlugin
2025-01-27 15:02:01,663 [INFO] PluginManager:220 - loadIPPluginJar : add gtzc
2025-01-27 15:02:01,668 [INFO] IPUIPlugin:80 - create IPUIPlugin
2025-01-27 15:02:01,668 [INFO] PluginManager:220 - loadIPPluginJar : add hash
2025-01-27 15:02:01,672 [INFO] IPUIPlugin:80 - create IPUIPlugin
2025-01-27 15:02:01,672 [INFO] PluginManager:220 - loadIPPluginJar : add i2c
2025-01-27 15:02:01,677 [INFO] IPUIPlugin:80 - create IPUIPlugin
2025-01-27 15:02:01,677 [INFO] PluginManager:220 - loadIPPluginJar : add i2s
2025-01-27 15:02:01,681 [INFO] IPUIPlugin:80 - create IPUIPlugin
2025-01-27 15:02:01,682 [INFO] PluginManager:220 - loadIPPluginJar : add i3c
2025-01-27 15:02:01,687 [INFO] IPUIPlugin:80 - create IPUIPlugin
2025-01-27 15:02:01,687 [INFO] PluginManager:220 - loadIPPluginJar : add ipddr
2025-01-27 15:02:01,698 [INFO] IPUIPlugin:80 - create IPUIPlugin
2025-01-27 15:02:01,699 [INFO] PluginManager:220 - loadIPPluginJar : add linkedlist
2025-01-27 15:02:01,704 [INFO] IPUIPlugin:80 - create IPUIPlugin
2025-01-27 15:02:01,704 [INFO] PluginManager:220 - loadIPPluginJar : add lorawan
2025-01-27 15:02:01,708 [INFO] IPUIPlugin:80 - create IPUIPlugin
2025-01-27 15:02:01,708 [INFO] PluginManager:220 - loadIPPluginJar : add ltdc
2025-01-27 15:02:01,717 [INFO] IPUIPlugin:80 - create IPUIPlugin
2025-01-27 15:02:01,717 [INFO] PluginManager:220 - loadIPPluginJar : add mdma
2025-01-27 15:02:01,723 [INFO] IPUIPlugin:80 - create IPUIPlugin
2025-01-27 15:02:01,723 [INFO] PluginManager:220 - loadIPPluginJar : add nvic
2025-01-27 15:02:01,727 [INFO] IPUIPlugin:80 - create IPUIPlugin
2025-01-27 15:02:01,727 [INFO] PluginManager:220 - loadIPPluginJar : add opamp
2025-01-27 15:02:01,732 [INFO] IPUIPlugin:80 - create IPUIPlugin
2025-01-27 15:02:01,732 [INFO] PluginManager:220 - loadIPPluginJar : add openamp
2025-01-27 15:02:01,738 [INFO] IPUIPlugin:80 - create IPUIPlugin
2025-01-27 15:02:01,738 [INFO] PluginManager:220 - loadIPPluginJar : add pdm2pcm
2025-01-27 15:02:01,747 [INFO] IPUIPlugin:80 - create IPUIPlugin
2025-01-27 15:02:01,750 [INFO] PluginManager:220 - loadIPPluginJar : add plateformsettings
2025-01-27 15:02:01,752 [INFO] IPUIPlugin:80 - create IPUIPlugin
2025-01-27 15:02:01,752 [INFO] PluginManager:220 - loadIPPluginJar : add quadspi
2025-01-27 15:02:01,755 [INFO] IPUIPlugin:80 - create IPUIPlugin
2025-01-27 15:02:01,758 [INFO] PluginManager:220 - loadIPPluginJar : add radio
2025-01-27 15:02:01,763 [INFO] IPUIPlugin:80 - create IPUIPlugin
2025-01-27 15:02:01,764 [INFO] PluginManager:220 - loadIPPluginJar : add resmgrutility
2025-01-27 15:02:01,767 [INFO] IPUIPlugin:80 - create IPUIPlugin
2025-01-27 15:02:01,767 [INFO] PluginManager:220 - loadIPPluginJar : add sai
2025-01-27 15:02:01,770 [INFO] IPUIPlugin:80 - create IPUIPlugin
2025-01-27 15:02:01,770 [INFO] PluginManager:220 - loadIPPluginJar : add spi
2025-01-27 15:02:01,777 [INFO] IPUIPlugin:80 - create IPUIPlugin
2025-01-27 15:02:01,777 [INFO] PluginManager:220 - loadIPPluginJar : add stm32_wpan
2025-01-27 15:02:01,779 [INFO] IPUIPlugin:80 - create IPUIPlugin
2025-01-27 15:02:01,780 [INFO] PluginManager:220 - loadIPPluginJar : add tim
2025-01-27 15:02:01,784 [INFO] IPUIPlugin:80 - create IPUIPlugin
2025-01-27 15:02:01,785 [INFO] PluginManager:220 - loadIPPluginJar : add touchsensing
2025-01-27 15:02:01,787 [INFO] IPUIPlugin:80 - create IPUIPlugin
2025-01-27 15:02:01,788 [INFO] PluginManager:220 - loadIPPluginJar : add tracer_emb
2025-01-27 15:02:01,790 [INFO] IPUIPlugin:80 - create IPUIPlugin
2025-01-27 15:02:01,791 [INFO] PluginManager:220 - loadIPPluginJar : add ts
2025-01-27 15:02:01,794 [INFO] IPUIPlugin:80 - create IPUIPlugin
2025-01-27 15:02:01,794 [INFO] PluginManager:220 - loadIPPluginJar : add tsc
2025-01-27 15:02:01,796 [INFO] IPUIPlugin:80 - create IPUIPlugin
2025-01-27 15:02:01,797 [INFO] PluginManager:220 - loadIPPluginJar : add ucpd
2025-01-27 15:02:01,800 [INFO] IPUIPlugin:80 - create IPUIPlugin
2025-01-27 15:02:01,800 [INFO] PluginManager:220 - loadIPPluginJar : add usart
2025-01-27 15:02:01,803 [INFO] IPUIPlugin:80 - create IPUIPlugin
2025-01-27 15:02:01,803 [INFO] PluginManager:220 - loadIPPluginJar : add usbx
2025-01-27 15:02:01,942 [INFO] CADModel:165 - CPN selected for project level
2025-01-27 15:02:01,942 [INFO] CADModel:114 - Register for checkConnection events
2025-01-27 15:02:01,942 [FATAL] Updater:334 - Updater called before beeing initialized
2025-01-27 15:02:01,942 [ERROR] CADModel:125 - Updater not yet initialized, retry later 
2025-01-27 15:02:02,136 [INFO] CADModel:165 - CPN selected for project level
2025-01-27 15:02:02,136 [INFO] CADModel:114 - Register for checkConnection events
2025-01-27 15:02:02,136 [FATAL] Updater:334 - Updater called before beeing initialized
2025-01-27 15:02:02,136 [ERROR] CADModel:125 - Updater not yet initialized, retry later 
2025-01-27 15:02:02,142 [FATAL] Updater:334 - Updater called before beeing initialized
2025-01-27 15:02:02,305 [FATAL] Updater:334 - Updater called before beeing initialized
2025-01-27 15:02:02,315 [INFO] DbMcusAds:53 - JSON generation date=Tue Dec 17 10:01:15 CST 2024 (1734451275222)
2025-01-27 15:02:02,316 [FATAL] Updater:334 - Updater called before beeing initialized
2025-01-27 15:02:02,379 [WARN] DetailPanel:346 - Failed to get advertising image, set to default
2025-01-27 15:02:02,508 [FATAL] Updater:334 - Updater called before beeing initialized
2025-01-27 15:02:02,511 [FATAL] Updater:334 - Updater called before beeing initialized
2025-01-27 15:02:02,511 [FATAL] Updater:334 - Updater called before beeing initialized
2025-01-27 15:02:02,512 [WARN] DetailPanel:346 - Failed to get advertising image, set to default
2025-01-27 15:02:02,513 [FATAL] Updater:334 - Updater called before beeing initialized
2025-01-27 15:02:02,604 [ERROR] Updater:1164 - MainUpdater not yet initialized. External WinMGr cannot be set.
2025-01-27 15:02:02,612 [INFO] Updater:1100 - Updater Version found : 6.12.1
2025-01-27 15:02:02,652 [INFO] ApplicationProperties:184 - Using Application install path: C:\ST\STM32CubeIDE_1.16.0\STM32CubeIDE\plugins\com.st.stm32cube.common.mx_6.12.1.202409122256
2025-01-27 15:02:03,198 [INFO] MainUpdater:2873 - connection check result : 10
2025-01-27 15:02:03,198 [INFO] MainUpdater:290 - Updater Check For Update Now.
2025-01-27 15:02:03,199 [INFO] MicroXplorer:498 - Change Database Version : DB.6.0.121
2025-01-27 15:02:03,208 [INFO] McuFinderGlobals:63 - Set McuFinder mode to 2 (CubeIDE integrated)
2025-01-27 15:02:03,209 [INFO] UserAuth:417 - Internet connection configuration mode: 1
2025-01-27 15:02:03,260 [INFO] JxBrowserEngine:152 - Initiate JxBrowser Engine with user profile folder
2025-01-27 15:02:03,415 [INFO] CheckServerUpdateThread:120 - End of CheckServer Thread
2025-01-27 15:02:04,133 [WARN] PackLoader:240 - Cannot read IP mode file for STMicroelectronics.FP-SNS-MOTENVWB1.1.4.0
2025-01-27 15:02:04,146 [WARN] PackLoader:240 - Cannot read IP mode file for STMicroelectronics.FP-ATR-ASTRA1.2.0.1
2025-01-27 15:02:04,160 [WARN] PackLoader:240 - Cannot read IP mode file for STMicroelectronics.X-CUBE-SMBUS.2.1.0
2025-01-27 15:02:04,175 [WARN] PackLoader:240 - Cannot read IP mode file for STMicroelectronics.X-CUBE-WB05N.1.1.0
2025-01-27 15:02:04,235 [WARN] PackLoader:240 - Cannot read IP mode file for STMicroelectronics.X-CUBE-AZRTOS-F7.1.1.0
2025-01-27 15:02:04,339 [WARN] PackLoader:240 - Cannot read IP mode file for STMicroelectronics.X-CUBE-MEMS1.11.0.0
2025-01-27 15:02:04,628 [WARN] PackLoader:240 - Cannot read IP mode file for STMicroelectronics.FP-SNS-FLIGHT1.5.0.2
2025-01-27 15:02:04,684 [WARN] PackLoader:240 - Cannot read IP mode file for Infineon.AIROC-Wi-Fi-Bluetooth-STM32.1.7.0
2025-01-27 15:02:04,756 [WARN] PackLoader:240 - Cannot read IP mode file for STMicroelectronics.X-CUBE-DISPLAY.3.0.0
2025-01-27 15:02:04,783 [WARN] PackLoader:240 - Cannot read IP mode file for STMicroelectronics.X-CUBE-BLE1.7.0.0
2025-01-27 15:02:04,801 [WARN] PackLoader:240 - Cannot read IP mode file for STMicroelectronics.X-CUBE-NFC10.1.0.0
2025-01-27 15:02:04,832 [WARN] PackLoader:240 - Cannot read IP mode file for STMicroelectronics.X-CUBE-BLEMGR.4.0.0
2025-01-27 15:02:04,857 [WARN] PackLoader:240 - Cannot read IP mode file for emotas.I-CUBE-CANOPEN.1.3.0
2025-01-27 15:02:05,082 [WARN] PackLoader:240 - Cannot read IP mode file for STMicroelectronics.X-CUBE-AI.10.0.0
2025-01-27 15:02:05,099 [WARN] PackLoader:240 - Cannot read IP mode file for STMicroelectronics.FP-SNS-SMARTAG2.1.2.0
2025-01-27 15:02:05,221 [WARN] PackLoader:240 - Cannot read IP mode file for STMicroelectronics.X-CUBE-MEMS1.11.1.0
2025-01-27 15:02:05,439 [INFO] WebApp:167 - Instantiating new browser for Auth
2025-01-27 15:02:05,553 [INFO] LogOutputStream:77 - [STDOUT_REDIRECT] 1 : Invalid condition id : UX_CORESTACK_Condition cause : null
2025-01-27 15:02:05,554 [INFO] LogOutputStream:77 - [STDOUT_REDIRECT] 1 : Invalid condition id : UX_CORESTACK_Condition cause : null
2025-01-27 15:02:05,558 [INFO] LogOutputStream:77 - [STDOUT_REDIRECT] 1 : Invalid condition id : UX_CORESTACK_Condition cause : null
2025-01-27 15:02:05,561 [INFO] LogOutputStream:77 - [STDOUT_REDIRECT] 1 : Invalid condition id : UX_CORESTACK_Condition cause : null
2025-01-27 15:02:05,564 [INFO] LogOutputStream:77 - [STDOUT_REDIRECT] 1 : Invalid condition id : UX_CORESTACK_Condition cause : null
2025-01-27 15:02:05,572 [WARN] PackLoader:240 - Cannot read IP mode file for STMicroelectronics.X-CUBE-AZRTOS-WL.2.0.0
2025-01-27 15:02:05,583 [WARN] PackLoader:240 - Cannot read IP mode file for STMicroelectronics.FP-SNS-MOTENV1.5.0.0
2025-01-27 15:02:05,595 [WARN] PackLoader:240 - Cannot read IP mode file for wolfSSL.I-CUBE-wolfMQTT.1.19.0
2025-01-27 15:02:05,610 [WARN] PackLoader:240 - Cannot read IP mode file for WES.I-CUBE-Cesium.1.3.0
2025-01-27 15:02:05,620 [WARN] PackLoader:240 - Cannot read IP mode file for STMicroelectronics.X-CUBE-BLE2.3.3.0
2025-01-27 15:02:05,632 [WARN] PackLoader:240 - Cannot read IP mode file for STMicroelectronics.X-CUBE-NFC9.1.0.0
2025-01-27 15:02:05,664 [WARN] PackLoader:240 - Cannot read IP mode file for STMicroelectronics.X-CUBE-AZRTOS-G0.1.1.0
2025-01-27 15:02:05,682 [WARN] PackLoader:240 - Cannot read IP mode file for STMicroelectronics.X-CUBE-SAFEA1.1.2.2
2025-01-27 15:02:05,695 [WARN] PackLoader:240 - Cannot read IP mode file for STMicroelectronics.X-CUBE-NFC4.3.0.0
2025-01-27 15:02:05,716 [WARN] PackLoader:240 - Cannot read IP mode file for EmbeddedOffice.I-CUBE-FS-RTOS.1.0.1
2025-01-27 15:02:05,717 [ERROR] ConditionMgr:805 - Attr not supported : Dmpu
2025-01-27 15:02:05,717 [ERROR] ConditionMgr:805 - Attr not supported : Dmpu
2025-01-27 15:02:05,717 [ERROR] ConditionMgr:805 - Attr not supported : Dmpu
2025-01-27 15:02:05,717 [ERROR] ConditionMgr:805 - Attr not supported : Dmpu
2025-01-27 15:02:05,717 [ERROR] ConditionMgr:805 - Attr not supported : Dmpu
2025-01-27 15:02:05,717 [ERROR] ConditionMgr:805 - Attr not supported : Dmpu
2025-01-27 15:02:05,717 [ERROR] ConditionMgr:805 - Attr not supported : Dmpu
2025-01-27 15:02:05,718 [ERROR] ConditionMgr:805 - Attr not supported : Dmpu
2025-01-27 15:02:05,718 [ERROR] ConditionMgr:805 - Attr not supported : Dmpu
2025-01-27 15:02:05,718 [ERROR] ConditionMgr:805 - Attr not supported : Dmpu
2025-01-27 15:02:05,718 [ERROR] ConditionMgr:805 - Attr not supported : Dmpu
2025-01-27 15:02:05,718 [ERROR] ConditionMgr:805 - Attr not supported : Dmpu
2025-01-27 15:02:05,718 [ERROR] ConditionMgr:805 - Attr not supported : Dmpu
2025-01-27 15:02:05,718 [ERROR] ConditionMgr:805 - Attr not supported : Dmpu
2025-01-27 15:02:05,718 [ERROR] ConditionMgr:805 - Attr not supported : Dmpu
2025-01-27 15:02:05,718 [ERROR] ConditionMgr:805 - Attr not supported : Dmpu
2025-01-27 15:02:05,719 [ERROR] ConditionMgr:805 - Attr not supported : Dmpu
2025-01-27 15:02:05,719 [ERROR] ConditionMgr:805 - Attr not supported : Dmpu
2025-01-27 15:02:05,719 [ERROR] ConditionMgr:805 - Attr not supported : Dmpu
2025-01-27 15:02:05,719 [ERROR] ConditionMgr:805 - Attr not supported : Dmpu
2025-01-27 15:02:05,719 [ERROR] ConditionMgr:805 - Attr not supported : Dmpu
2025-01-27 15:02:05,719 [ERROR] ConditionMgr:805 - Attr not supported : Dmpu
2025-01-27 15:02:05,720 [ERROR] ConditionMgr:805 - Attr not supported : Dmpu
2025-01-27 15:02:05,720 [ERROR] ConditionMgr:805 - Attr not supported : Dmpu
2025-01-27 15:02:05,720 [ERROR] ConditionMgr:805 - Attr not supported : Dmpu
2025-01-27 15:02:05,721 [ERROR] ConditionMgr:805 - Attr not supported : Dmpu
2025-01-27 15:02:05,721 [ERROR] ConditionMgr:805 - Attr not supported : Dmpu
2025-01-27 15:02:05,722 [ERROR] ConditionMgr:805 - Attr not supported : Dmpu
2025-01-27 15:02:05,722 [ERROR] ConditionMgr:805 - Attr not supported : Dmpu
2025-01-27 15:02:05,723 [ERROR] ConditionMgr:805 - Attr not supported : Dmpu
2025-01-27 15:02:05,723 [ERROR] ConditionMgr:805 - Attr not supported : Dmpu
2025-01-27 15:02:05,723 [ERROR] ConditionMgr:805 - Attr not supported : Dmpu
2025-01-27 15:02:05,723 [ERROR] ConditionMgr:805 - Attr not supported : Dmpu
2025-01-27 15:02:05,723 [ERROR] ConditionMgr:805 - Attr not supported : Dmpu
2025-01-27 15:02:05,723 [ERROR] ConditionMgr:805 - Attr not supported : Dmpu
2025-01-27 15:02:05,724 [ERROR] ConditionMgr:805 - Attr not supported : Dmpu
2025-01-27 15:02:05,724 [ERROR] ConditionMgr:805 - Attr not supported : Dmpu
2025-01-27 15:02:05,724 [ERROR] ConditionMgr:805 - Attr not supported : Dmpu
2025-01-27 15:02:05,724 [ERROR] ConditionMgr:805 - Attr not supported : Dmpu
2025-01-27 15:02:05,724 [ERROR] ConditionMgr:805 - Attr not supported : Dmpu
2025-01-27 15:02:05,724 [ERROR] ConditionMgr:805 - Attr not supported : Dmpu
2025-01-27 15:02:05,724 [ERROR] ConditionMgr:805 - Attr not supported : Dmpu
2025-01-27 15:02:05,724 [ERROR] ConditionMgr:805 - Attr not supported : Dmpu
2025-01-27 15:02:05,724 [ERROR] ConditionMgr:805 - Attr not supported : Dmpu
2025-01-27 15:02:05,724 [ERROR] ConditionMgr:805 - Attr not supported : Dmpu
2025-01-27 15:02:05,724 [ERROR] ConditionMgr:805 - Attr not supported : Dmpu
2025-01-27 15:02:05,724 [ERROR] ConditionMgr:805 - Attr not supported : Dmpu
2025-01-27 15:02:05,724 [ERROR] ConditionMgr:805 - Attr not supported : Dmpu
2025-01-27 15:02:05,724 [ERROR] ConditionMgr:805 - Attr not supported : Dmpu
2025-01-27 15:02:05,725 [ERROR] ConditionMgr:805 - Attr not supported : Dmpu
2025-01-27 15:02:05,725 [ERROR] ConditionMgr:805 - Attr not supported : Dmpu
2025-01-27 15:02:05,725 [ERROR] ConditionMgr:805 - Attr not supported : Dmpu
2025-01-27 15:02:05,725 [ERROR] ConditionMgr:805 - Attr not supported : Dmpu
2025-01-27 15:02:05,725 [ERROR] ConditionMgr:805 - Attr not supported : Dmpu
2025-01-27 15:02:05,725 [ERROR] ConditionMgr:805 - Attr not supported : Dmpu
2025-01-27 15:02:05,725 [ERROR] ConditionMgr:805 - Attr not supported : Dmpu
2025-01-27 15:02:05,725 [ERROR] ConditionMgr:805 - Attr not supported : Dmpu
2025-01-27 15:02:05,725 [ERROR] ConditionMgr:805 - Attr not supported : Dmpu
2025-01-27 15:02:05,725 [ERROR] ConditionMgr:805 - Attr not supported : Dmpu
2025-01-27 15:02:05,725 [ERROR] ConditionMgr:805 - Attr not supported : Dmpu
2025-01-27 15:02:05,725 [ERROR] ConditionMgr:805 - Attr not supported : Dmpu
2025-01-27 15:02:05,726 [ERROR] ConditionMgr:805 - Attr not supported : Dmpu
2025-01-27 15:02:05,726 [ERROR] ConditionMgr:805 - Attr not supported : Dmpu
2025-01-27 15:02:05,726 [ERROR] ConditionMgr:805 - Attr not supported : Dmpu
2025-01-27 15:02:05,733 [ERROR] Engine:466 - C:\Users\kohlmanz\.stm32cubemx\thirdparties\pdsc\STMicroelectronics.X-CUBE-TCPP.4.2.0.pdsc: PDSC version is not supported
2025-01-27 15:02:05,744 [WARN] PackLoader:240 - Cannot read IP mode file for RealThread.X-CUBE-RT-Thread_Nano.4.1.1
2025-01-27 15:02:05,753 [WARN] PackLoader:240 - Cannot read IP mode file for STMicroelectronics.FP-ATR-SIGFOX1.3.2.0
2025-01-27 15:02:05,763 [WARN] ConditionMgr:438 - getConditionDescription Invalid condition id : Cortex-A Device cause : null
2025-01-27 15:02:05,785 [WARN] ConditionMgr:1039 - genDependencies : Invalid condition id : Cortex-A Device cause : null
2025-01-27 15:02:05,785 [WARN] ConditionMgr:1039 - genDependencies : Invalid condition id : Cortex-A Device cause : null
2025-01-27 15:02:05,785 [WARN] ConditionMgr:1039 - genDependencies : Invalid condition id : Cortex-A Device cause : null
2025-01-27 15:02:05,802 [WARN] PackLoader:240 - Cannot read IP mode file for STMicroelectronics.X-CUBE-EEPRMA1.5.1.0
2025-01-27 15:02:05,811 [WARN] PackLoader:240 - Cannot read IP mode file for wolfSSL.I-CUBE-wolfSSL.5.7.4
2025-01-27 15:02:05,823 [WARN] PackLoader:240 - Cannot read IP mode file for ITTIA_DB.I-CUBE-ITTIADB.8.9.0
2025-01-27 15:02:05,912 [WARN] PackLoader:240 - Cannot read IP mode file for SEGGER.I-CUBE-embOS.1.3.1
2025-01-27 15:02:06,025 [WARN] PackLoader:240 - Cannot read IP mode file for STMicroelectronics.X-CUBE-ALGOBUILD.1.4.0
2025-01-27 15:02:06,033 [WARN] PackLoader:240 - Cannot read IP mode file for STMicroelectronics.X-CUBE-AI.9.1.0
2025-01-27 15:02:06,101 [WARN] PackLoader:240 - Cannot read IP mode file for STMicroelectronics.X-CUBE-AZRTOS-F4.1.1.0
2025-01-27 15:02:06,123 [WARN] PackLoader:240 - Cannot read IP mode file for STMicroelectronics.X-CUBE-ISPU.2.1.0
2025-01-27 15:02:06,167 [WARN] PackLoader:240 - Cannot read IP mode file for STMicroelectronics.X-CUBE-AZRTOS-L5.2.0.0
2025-01-27 15:02:06,185 [WARN] PackLoader:240 - Cannot read IP mode file for STMicroelectronics.X-CUBE-NFC6.3.1.0
2025-01-27 15:02:06,200 [WARN] PackLoader:240 - Cannot read IP mode file for STMicroelectronics.X-CUBE-DPower.1.2.0
2025-01-27 15:02:06,212 [WARN] PackLoader:240 - Cannot read IP mode file for STMicroelectronics.X-CUBE-FREERTOS.1.3.0
2025-01-27 15:02:06,224 [WARN] PackLoader:240 - Cannot read IP mode file for STMicroelectronics.X-CUBE-NFC7.1.0.1
2025-01-27 15:02:06,259 [WARN] ConditionMgr:438 - getConditionDescription Invalid condition id : LAN8742 Phy interface Condition cause : null
2025-01-27 15:02:06,260 [WARN] PackLoader:240 - Cannot read IP mode file for STMicroelectronics.X-CUBE-AZRTOS-L4.2.0.0
2025-01-27 15:02:06,261 [WARN] ConditionMgr:1039 - genDependencies : Invalid condition id : LAN8742 Phy interface Condition cause : null
2025-01-27 15:02:06,262 [WARN] ConditionMgr:1039 - genDependencies : Invalid condition id : LAN8742 Phy interface Condition cause : null
2025-01-27 15:02:06,263 [WARN] ConditionMgr:1039 - genDependencies : Invalid condition id : LAN8742 Phy interface Condition cause : null
2025-01-27 15:02:06,277 [WARN] PackLoader:240 - Cannot read IP mode file for STMicroelectronics.X-CUBE-SFXS2LP1.4.0.0
2025-01-27 15:02:06,310 [WARN] PackLoader:240 - Cannot read IP mode file for STMicroelectronics.X-CUBE-AZRTOS-H7.3.3.0
2025-01-27 15:02:06,335 [WARN] PackLoader:240 - Cannot read IP mode file for STMicroelectronics.X-CUBE-IPS.3.0.0
2025-01-27 15:02:06,374 [WARN] ConditionMgr:438 - getConditionDescription Invalid condition id : UX DEVICE CLASS RTOS Condition cause : null
2025-01-27 15:02:06,375 [WARN] ConditionMgr:438 - getConditionDescription Invalid condition id : UX DEVICE CLASS RTOS Condition cause : null
2025-01-27 15:02:06,378 [WARN] PackLoader:240 - Cannot read IP mode file for STMicroelectronics.X-CUBE-AZRTOS-WB.2.0.0
2025-01-27 15:02:06,379 [WARN] ConditionMgr:1039 - genDependencies : Invalid condition id : UX DEVICE CLASS RTOS Condition cause : null
2025-01-27 15:02:06,379 [WARN] ConditionMgr:1039 - genDependencies : Invalid condition id : UX DEVICE CLASS RTOS Condition cause : null
2025-01-27 15:02:06,380 [WARN] ConditionMgr:1039 - genDependencies : Invalid condition id : UX DEVICE CLASS RTOS Condition cause : null
2025-01-27 15:02:06,380 [WARN] ConditionMgr:1039 - genDependencies : Invalid condition id : UX DEVICE CLASS RTOS Condition cause : null
2025-01-27 15:02:06,380 [WARN] ConditionMgr:1039 - genDependencies : Invalid condition id : UX DEVICE CLASS RTOS Condition cause : null
2025-01-27 15:02:06,393 [WARN] PackLoader:240 - Cannot read IP mode file for STMicroelectronics.X-CUBE-GNSS1.7.0.0
2025-01-27 15:02:06,401 [WARN] PackLoader:240 - Cannot read IP mode file for STMicroelectronics.X-CUBE-GNSS1.7.0.1
2025-01-27 15:02:06,411 [WARN] PackLoader:240 - Cannot read IP mode file for STMicroelectronics.FP-SNS-STBOX1.2.0.0
2025-01-27 15:02:06,440 [WARN] PackLoader:240 - Cannot read IP mode file for STMicroelectronics.X-CUBE-SUBG2.5.0.0
2025-01-27 15:02:06,455 [WARN] PackLoader:240 - Cannot read IP mode file for Cesanta.I-CUBE-Mongoose.7.13.0
2025-01-27 15:02:06,476 [WARN] PackLoader:240 - Cannot read IP mode file for STMicroelectronics.X-CUBE-AZRTOS-G4.2.0.0
2025-01-27 15:02:06,485 [ERROR] Engine:466 - C:\Users\kohlmanz\.stm32cubemx\thirdparties\pdsc\STMicroelectronics.X-CUBE-IPS.3.1.0.pdsc: PDSC version is not supported
2025-01-27 15:02:06,494 [WARN] PackLoader:240 - Cannot read IP mode file for STMicroelectronics.X-CUBE-ALS.1.0.2
2025-01-27 15:02:06,505 [WARN] PackLoader:240 - Cannot read IP mode file for STMicroelectronics.X-CUBE-TOUCHGFX.4.24.2
2025-01-27 15:02:06,512 [WARN] PackLoader:240 - Cannot read IP mode file for STMicroelectronics.X-CUBE-TOUCHGFX.4.24.1
2025-01-27 15:02:06,596 [WARN] PackLoader:240 - Cannot read IP mode file for wolfSSL.I-CUBE-wolfTPM.3.4.0
2025-01-27 15:02:06,607 [WARN] PackLoader:240 - Cannot read IP mode file for portGmbH.I-Cube-SoM-uGOAL.1.1.0
2025-01-27 15:02:06,635 [WARN] PackLoader:240 - Cannot read IP mode file for STMicroelectronics.X-CUBE-AZRTOS-H7RS.1.0.0
2025-01-27 15:02:06,653 [WARN] PackLoader:240 - Cannot read IP mode file for STMicroelectronics.X-CUBE-TOF1.3.4.2
2025-01-27 15:02:06,674 [WARN] PackLoader:240 - Cannot read IP mode file for wolfSSL.I-CUBE-wolfSSH.1.4.17
2025-01-27 15:02:06,675 [INFO] ThirdParty:978 - Integrity check success = true
2025-01-27 15:02:06,676 [INFO] IntegrityCheckThread:100 - exiting critical section [integrity check]
2025-01-27 15:02:06,676 [INFO] IntegrityCheckThread:103 - End integrity checks thread
2025-01-27 15:02:07,848 [INFO] WebApp:448 - Apply proxy settings
2025-01-27 15:02:07,848 [INFO] WebApp:533 - Chromium requires no authentication
2025-01-27 15:02:07,870 [INFO] WebApp:476 - Direct internet connection detected
2025-01-27 15:02:07,928 [INFO] WebApp:869 - Register for checkConnection events
2025-01-27 15:02:07,928 [INFO] WebApp:448 - Apply proxy settings
2025-01-27 15:02:07,928 [INFO] WebApp:533 - Chromium requires no authentication
2025-01-27 15:02:07,929 [INFO] WebApp:476 - Direct internet connection detected
2025-01-27 15:02:08,155 [INFO] WebApp:186 - Connection restablished
2025-01-27 15:02:08,508 [INFO] WebApp:220 - Starting web application
2025-01-27 15:02:08,508 [INFO] WebApp:578 - Web application path used C:\ST\STM32CubeIDE_1.16.0\STM32CubeIDE\plugins\com.st.stm32cube.common.mx_6.12.1.202409122256\db\plugins\mcufinder\reactClient1\index.html
2025-01-27 15:02:08,748 [INFO] UserAuth:417 - Internet connection configuration mode: 1
2025-01-27 15:02:09,605 [ERROR] LogOutputStream:75 - [STDERR_REDIRECT] Jan 27, 2025 3:02:09 PM org.glassfish.grizzly.http.server.NetworkListener start
2025-01-27 15:02:09,607 [ERROR] LogOutputStream:75 - [STDERR_REDIRECT] INFO: Started listener bound to [localhost:1597]
2025-01-27 15:02:09,608 [ERROR] LogOutputStream:75 - [STDERR_REDIRECT] 
2025-01-27 15:02:09,610 [ERROR] LogOutputStream:75 - [STDERR_REDIRECT] Jan 27, 2025 3:02:09 PM org.glassfish.grizzly.http.server.HttpServer start
2025-01-27 15:02:09,612 [ERROR] LogOutputStream:75 - [STDERR_REDIRECT] INFO: [HttpServer] Started.
2025-01-27 15:02:09,612 [ERROR] LogOutputStream:75 - [STDERR_REDIRECT] 
2025-01-27 16:01:26,367 [INFO] WebApp:189 - Connection lost
2025-01-27 16:01:26,693 [INFO] WebApp:186 - Connection restablished
2025-01-27 16:05:40,290 [INFO] WebApp:189 - Connection lost
2025-01-27 16:05:40,486 [INFO] WebApp:186 - Connection restablished
2025-01-27 17:32:12,833 [INFO] WebApp:189 - Connection lost
2025-01-27 17:32:13,526 [INFO] WebApp:186 - Connection restablished
2025-01-27 18:46:54,500 [INFO] WebApp:189 - Connection lost
2025-01-27 18:47:06,918 [INFO] WebApp:186 - Connection restablished
2025-01-27 18:48:10,724 [INFO] WebApp:189 - Connection lost
2025-01-27 18:48:10,883 [INFO] WebApp:186 - Connection restablished
2025-01-27 18:48:51,212 [INFO] WebApp:189 - Connection lost
2025-01-27 18:48:51,350 [INFO] WebApp:186 - Connection restablished
2025-01-27 20:53:31,897 [INFO] WebApp:189 - Connection lost
