2024-12-02 16:01:04,412 [INFO] Activator:176 - 


2024-12-02 16:01:04,440 [INFO] Activator:177 - !SESSION log4j initialized
2024-12-02 16:01:27,150 [INFO] LogOutputStream:77 - [STDOUT_REDIRECT] 
2024-12-02 16:01:38,970 [INFO] ApplicationProperties:184 - Using Application install path: C:\ST\STM32CubeIDE_1.16.0\STM32CubeIDE\plugins\com.st.stm32cube.common.mx_6.12.1.202409122256
2024-12-02 16:01:38,991 [INFO] DbMcusXml:78 - Set database path to: C:\ST\STM32CubeIDE_1.16.0\STM32CubeIDE\plugins\com.st.stm32cube.common.mx_6.12.1.202409122256\\db\/mcu/
2024-12-02 16:01:38,992 [INFO] ApiDb:274 - Set plugin database path to: C:\ST\STM32CubeIDE_1.16.0\STM32CubeIDE\plugins\com.st.stm32cube.common.mx_6.12.1.202409122256\\db\/plugins/boardmanager/
2024-12-02 16:01:38,993 [WARN] ApiDb:259 - Overriding images path with different value:  => C:\ST\STM32CubeIDE_1.16.0\STM32CubeIDE\plugins\com.st.stm32cube.common.mx_6.12.1.202409122256\\db\/plugins/mcufinder/images/
2024-12-02 16:01:39,004 [INFO] ApiDb:250 - Set database path to: C:\Users\kohlmanz\.stmcufinder\plugins\mcufinder//mcu/
2024-12-02 16:01:39,005 [INFO] DbMcusAds:125 - Set database path to: C:\Users\kohlmanz\.stmcufinder\plugins\mcufinder//mcu/
2024-12-02 16:01:39,015 [INFO] CrossReferenceDbSqlite:203 - Set database path to: C:\Users\kohlmanz\.stmcufinder\plugins\mcufinder//mcu/cs/
2024-12-02 16:01:39,168 [INFO] RulesReader:64 - Compatibility file has been processed (297 Rules)
2024-12-02 16:01:39,308 [INFO] DbMcusXml:78 - Set database path to: C:\ST\STM32CubeIDE_1.16.0\STM32CubeIDE\plugins\com.st.stm32cube.common.mx_6.12.1.202409122256\\db\/mcu/
2024-12-02 16:01:39,308 [INFO] ApiDb:274 - Set plugin database path to: C:\ST\STM32CubeIDE_1.16.0\STM32CubeIDE\plugins\com.st.stm32cube.common.mx_6.12.1.202409122256\\db\/plugins/boardmanager/
2024-12-02 16:01:39,308 [INFO] ApiDb:261 - Set plugin images path to: C:\ST\STM32CubeIDE_1.16.0\STM32CubeIDE\plugins\com.st.stm32cube.common.mx_6.12.1.202409122256\\db\/plugins/mcufinder/images/
2024-12-02 16:01:39,309 [WARN] DbFile:41 - Overriding database path with different value: C:\Users\kohlmanz\.stmcufinder\plugins\mcufinder/ => C:\Users\kohlmanz\.stmcufinder\plugins\mcufinder
2024-12-02 16:01:39,309 [INFO] ApiDb:250 - Set database path to: C:\Users\kohlmanz\.stmcufinder\plugins\mcufinder//mcu/
2024-12-02 16:01:39,309 [WARN] DbFile:41 - Overriding database path with different value: C:\Users\kohlmanz\.stmcufinder\plugins\mcufinder/ => C:\Users\kohlmanz\.stmcufinder\plugins\mcufinder
2024-12-02 16:01:39,309 [INFO] DbMcusAds:125 - Set database path to: C:\Users\kohlmanz\.stmcufinder\plugins\mcufinder//mcu/
2024-12-02 16:01:39,309 [WARN] DbFile:41 - Overriding database path with different value: C:\Users\kohlmanz\.stmcufinder\plugins\mcufinder/ => C:\Users\kohlmanz\.stmcufinder\plugins\mcufinder
2024-12-02 16:01:39,309 [WARN] DbFile:41 - Overriding database path with different value: C:\Users\kohlmanz\.stmcufinder\plugins\mcufinder/ => C:\Users\kohlmanz\.stmcufinder\plugins\mcufinder
2024-12-02 16:01:39,309 [INFO] CrossReferenceDbSqlite:203 - Set database path to: C:\Users\kohlmanz\.stmcufinder\plugins\mcufinder//mcu/cs/
2024-12-02 16:01:39,464 [INFO] MainPanel:268 - HeapMemory: 268435456
2024-12-02 16:01:39,620 [INFO] DbMcusXml:78 - Set database path to: C:\ST\STM32CubeIDE_1.16.0\STM32CubeIDE\plugins\com.st.stm32cube.common.mx_6.12.1.202409122256\\db\/mcu/
2024-12-02 16:01:39,620 [INFO] ApiDb:274 - Set plugin database path to: C:\ST\STM32CubeIDE_1.16.0\STM32CubeIDE\plugins\com.st.stm32cube.common.mx_6.12.1.202409122256\\db\/plugins/boardmanager/
2024-12-02 16:01:39,621 [INFO] ApiDb:261 - Set plugin images path to: C:\ST\STM32CubeIDE_1.16.0\STM32CubeIDE\plugins\com.st.stm32cube.common.mx_6.12.1.202409122256\\db\/plugins/mcufinder/images/
2024-12-02 16:01:39,621 [WARN] DbFile:41 - Overriding database path with different value: C:\Users\kohlmanz\.stmcufinder\plugins\mcufinder/ => C:\Users\kohlmanz\.stmcufinder\plugins\mcufinder
2024-12-02 16:01:39,622 [INFO] ApiDb:250 - Set database path to: C:\Users\kohlmanz\.stmcufinder\plugins\mcufinder//mcu/
2024-12-02 16:01:39,622 [WARN] DbFile:41 - Overriding database path with different value: C:\Users\kohlmanz\.stmcufinder\plugins\mcufinder/ => C:\Users\kohlmanz\.stmcufinder\plugins\mcufinder
2024-12-02 16:01:39,622 [INFO] DbMcusAds:125 - Set database path to: C:\Users\kohlmanz\.stmcufinder\plugins\mcufinder//mcu/
2024-12-02 16:01:39,622 [WARN] DbFile:41 - Overriding database path with different value: C:\Users\kohlmanz\.stmcufinder\plugins\mcufinder/ => C:\Users\kohlmanz\.stmcufinder\plugins\mcufinder
2024-12-02 16:01:39,622 [WARN] DbFile:41 - Overriding database path with different value: C:\Users\kohlmanz\.stmcufinder\plugins\mcufinder/ => C:\Users\kohlmanz\.stmcufinder\plugins\mcufinder
2024-12-02 16:01:39,622 [INFO] CrossReferenceDbSqlite:203 - Set database path to: C:\Users\kohlmanz\.stmcufinder\plugins\mcufinder//mcu/cs/
2024-12-02 16:01:39,651 [INFO] ApplicationProperties:184 - Using Application install path: C:\ST\STM32CubeIDE_1.16.0\STM32CubeIDE\plugins\com.st.stm32cube.common.mx_6.12.1.202409122256
2024-12-02 16:01:39,653 [INFO] PluginManage:196 - Search for loadable plugins [exclusion list=, ]
2024-12-02 16:01:39,656 [INFO] PluginManage:310 - Check plugin analytics
2024-12-02 16:01:39,999 [INFO] AnalyticsPlugin:253 - Accepted Software Licenses: STM32CubeMX.6.12.0,STM32CubeMX.6.12.1,STM32CubeMX.6.13.0
2024-12-02 16:01:40,000 [INFO] AnalyticsPlugin:255 - Accepted CMSIS Pack Licenses: 
2024-12-02 16:01:40,000 [INFO] AnalyticsPlugin:257 - Accepted Firmware Licenses: FW.F4.1.28.0,FW.G4.1.6.0
2024-12-02 16:01:40,008 [INFO] PluginManage:359 - Loaded plugin analytics (category:tool,tabindex:-1)
2024-12-02 16:01:40,009 [INFO] PluginManage:310 - Check plugin cadmodel
2024-12-02 16:01:40,026 [INFO] CADModel:105 - Init CAD model plugin
2024-12-02 16:01:40,026 [INFO] PluginManage:359 - Loaded plugin cadmodel (category:power,tabindex:5)
2024-12-02 16:01:40,026 [INFO] PluginManage:310 - Check plugin clock
2024-12-02 16:01:40,048 [INFO] PluginManage:359 - Loaded plugin clock (category:base,tabindex:2)
2024-12-02 16:01:40,049 [INFO] PluginManage:310 - Check plugin ddr
2024-12-02 16:01:40,053 [INFO] PluginManage:359 - Loaded plugin ddr (category:tool,tabindex:6)
2024-12-02 16:01:40,053 [INFO] PluginManage:310 - Check plugin filemanager
2024-12-02 16:01:40,317 [INFO] PluginManage:359 - Loaded plugin filemanager (category:base,tabindex:10)
2024-12-02 16:01:40,317 [INFO] PluginManage:310 - Check plugin ipmanager
2024-12-02 16:01:40,327 [INFO] PluginManage:359 - Loaded plugin ipmanager (category:base,tabindex:5)
2024-12-02 16:01:40,327 [INFO] PluginManage:310 - Check plugin lpbam
2024-12-02 16:01:40,338 [INFO] PluginManage:359 - Loaded plugin lpbam (category:base,tabindex:0)
2024-12-02 16:01:40,338 [INFO] PluginManage:310 - Check plugin memorymap
2024-12-02 16:01:40,359 [INFO] PluginManage:359 - Loaded plugin memorymap (category:base,tabindex:4)
2024-12-02 16:01:40,359 [INFO] PluginManage:310 - Check plugin pinoutandconfiguration
2024-12-02 16:01:40,371 [INFO] PluginManage:359 - Loaded plugin pinoutandconfiguration (category:base,tabindex:1)
2024-12-02 16:01:40,371 [INFO] PluginManage:310 - Check plugin pinoutconfig
2024-12-02 16:01:40,529 [WARN] SupportedApi:132 - Cannot load RTOS API schema: s4s-elt-must-match.1: The content of 'definitions' must match (annotation?, (simpleType | complexType)?, (unique | key | keyref)*)). A problem was found starting at: attribute.
2024-12-02 16:01:40,731 [INFO] PluginManage:359 - Loaded plugin pinoutconfig (category:base,tabindex:0)
2024-12-02 16:01:40,732 [INFO] PluginManage:310 - Check plugin power
2024-12-02 16:01:40,776 [INFO] PluginManage:359 - Loaded plugin power (category:power,tabindex:4)
2024-12-02 16:01:40,776 [INFO] PluginManage:310 - Check plugin projectmanager
2024-12-02 16:01:40,815 [INFO] PluginManage:359 - Loaded plugin projectmanager (category:projectmanager,tabindex:4)
2024-12-02 16:01:40,815 [INFO] PluginManage:310 - Check plugin rif
2024-12-02 16:01:40,830 [INFO] PluginManage:359 - Loaded plugin rif (category:base,tabindex:3)
2024-12-02 16:01:40,830 [INFO] PluginManage:310 - Check plugin thirdparty
2024-12-02 16:01:41,244 [INFO] PluginManage:359 - Loaded plugin thirdparty (category:base,tabindex:-1)
2024-12-02 16:01:41,243 [WARN] IntegrityCheckThread:84 - waiting for thirdparty lock release [integrity check]
2024-12-02 16:01:41,245 [INFO] PluginManage:310 - Check plugin tools
2024-12-02 16:01:41,245 [INFO] IntegrityCheckThread:86 - entering critical section [integrity check]
2024-12-02 16:01:41,247 [INFO] ThirdPartyUpdaterWithRetryManager:70 - Updater plugin not ready yet. [1/15]
2024-12-02 16:01:41,256 [INFO] PluginManage:359 - Loaded plugin tools (category:base,tabindex:7)
2024-12-02 16:01:41,257 [INFO] PluginManage:310 - Check plugin tutovideos
2024-12-02 16:01:41,582 [INFO] PluginManage:359 - Loaded plugin tutovideos (category:base,tabindex:-1)
2024-12-02 16:01:41,582 [INFO] PluginManage:310 - Check plugin updater
2024-12-02 16:01:41,626 [INFO] PluginManage:359 - Loaded plugin updater (category:base,tabindex:12)
2024-12-02 16:01:41,627 [INFO] PluginManage:310 - Check plugin userauth
2024-12-02 16:01:41,637 [INFO] UserAuth:113 - Init User Auth plugin
2024-12-02 16:01:41,637 [INFO] PluginManage:359 - Loaded plugin userauth (category:base,tabindex:14)
2024-12-02 16:01:41,638 [INFO] PluginManage:283 - PluginManage : Loaded plugins [18]
2024-12-02 16:01:42,019 [INFO] PinOutPanel:1561 - setPackage(No Configuration,No Configuration)
2024-12-02 16:01:42,254 [INFO] CADModel:165 - CPN selected for project level
2024-12-02 16:01:42,255 [INFO] CADModel:114 - Register for checkConnection events
2024-12-02 16:01:42,281 [INFO] IPUIPlugin:80 - create IPUIPlugin
2024-12-02 16:01:42,282 [INFO] PluginManager:220 - loadIPPluginJar : add adc
2024-12-02 16:01:42,287 [INFO] IPUIPlugin:80 - create IPUIPlugin
2024-12-02 16:01:42,287 [INFO] PluginManager:220 - loadIPPluginJar : add aes
2024-12-02 16:01:42,292 [INFO] IPUIPlugin:80 - create IPUIPlugin
2024-12-02 16:01:42,292 [INFO] PluginManager:220 - loadIPPluginJar : add can
2024-12-02 16:01:42,296 [INFO] IPUIPlugin:80 - create IPUIPlugin
2024-12-02 16:01:42,296 [INFO] PluginManager:220 - loadIPPluginJar : add comp
2024-12-02 16:01:42,300 [INFO] IPUIPlugin:80 - create IPUIPlugin
2024-12-02 16:01:42,300 [INFO] PluginManager:220 - loadIPPluginJar : add cryp
2024-12-02 16:01:42,305 [INFO] IPUIPlugin:80 - create IPUIPlugin
2024-12-02 16:01:42,305 [INFO] PluginManager:220 - loadIPPluginJar : add ddr_ctrl_phy
2024-12-02 16:01:42,310 [INFO] IPUIPlugin:80 - create IPUIPlugin
2024-12-02 16:01:42,310 [INFO] PluginManager:220 - loadIPPluginJar : add dfsdm
2024-12-02 16:01:42,318 [INFO] IPUIPlugin:80 - create IPUIPlugin
2024-12-02 16:01:42,319 [INFO] PluginManager:220 - loadIPPluginJar : add dma
2024-12-02 16:01:42,323 [INFO] IPUIPlugin:80 - create IPUIPlugin
2024-12-02 16:01:42,324 [INFO] PluginManager:220 - loadIPPluginJar : add dma3
2024-12-02 16:01:42,328 [INFO] IPUIPlugin:80 - create IPUIPlugin
2024-12-02 16:01:42,328 [INFO] PluginManager:220 - loadIPPluginJar : add extmemmanager
2024-12-02 16:01:42,330 [INFO] IPUIPlugin:80 - create IPUIPlugin
2024-12-02 16:01:42,332 [INFO] PluginManager:220 - loadIPPluginJar : add fatfs
2024-12-02 16:01:42,339 [INFO] IPUIPlugin:80 - create IPUIPlugin
2024-12-02 16:01:42,339 [INFO] PluginManager:220 - loadIPPluginJar : add fmc
2024-12-02 16:01:42,348 [INFO] IPUIPlugin:80 - create IPUIPlugin
2024-12-02 16:01:42,349 [INFO] PluginManager:220 - loadIPPluginJar : add freertos
2024-12-02 16:01:42,351 [INFO] IPUIPlugin:80 - create IPUIPlugin
2024-12-02 16:01:42,351 [INFO] PluginManager:220 - loadIPPluginJar : add genericplugin
2024-12-02 16:01:42,355 [INFO] IPUIPlugin:80 - create IPUIPlugin
2024-12-02 16:01:42,355 [INFO] PluginManager:220 - loadIPPluginJar : add gfxmmu
2024-12-02 16:01:42,362 [INFO] IPUIPlugin:80 - create IPUIPlugin
2024-12-02 16:01:42,363 [INFO] PluginManager:220 - loadIPPluginJar : add gic
2024-12-02 16:01:42,369 [INFO] IPUIPlugin:80 - create IPUIPlugin
2024-12-02 16:01:42,369 [INFO] PluginManager:220 - loadIPPluginJar : add gpio
2024-12-02 16:01:42,374 [INFO] IPUIPlugin:80 - create IPUIPlugin
2024-12-02 16:01:42,374 [INFO] PluginManager:220 - loadIPPluginJar : add gtzc
2024-12-02 16:01:42,379 [INFO] IPUIPlugin:80 - create IPUIPlugin
2024-12-02 16:01:42,379 [INFO] PluginManager:220 - loadIPPluginJar : add hash
2024-12-02 16:01:42,384 [INFO] IPUIPlugin:80 - create IPUIPlugin
2024-12-02 16:01:42,384 [INFO] PluginManager:220 - loadIPPluginJar : add i2c
2024-12-02 16:01:42,387 [INFO] IPUIPlugin:80 - create IPUIPlugin
2024-12-02 16:01:42,387 [INFO] PluginManager:220 - loadIPPluginJar : add i2s
2024-12-02 16:01:42,394 [INFO] IPUIPlugin:80 - create IPUIPlugin
2024-12-02 16:01:42,394 [INFO] PluginManager:220 - loadIPPluginJar : add i3c
2024-12-02 16:01:42,398 [INFO] IPUIPlugin:80 - create IPUIPlugin
2024-12-02 16:01:42,399 [INFO] PluginManager:220 - loadIPPluginJar : add ipddr
2024-12-02 16:01:42,413 [INFO] IPUIPlugin:80 - create IPUIPlugin
2024-12-02 16:01:42,415 [INFO] PluginManager:220 - loadIPPluginJar : add linkedlist
2024-12-02 16:01:42,421 [INFO] IPUIPlugin:80 - create IPUIPlugin
2024-12-02 16:01:42,422 [INFO] PluginManager:220 - loadIPPluginJar : add lorawan
2024-12-02 16:01:42,424 [INFO] IPUIPlugin:80 - create IPUIPlugin
2024-12-02 16:01:42,424 [INFO] PluginManager:220 - loadIPPluginJar : add ltdc
2024-12-02 16:01:42,432 [INFO] IPUIPlugin:80 - create IPUIPlugin
2024-12-02 16:01:42,433 [INFO] PluginManager:220 - loadIPPluginJar : add mdma
2024-12-02 16:01:42,440 [INFO] IPUIPlugin:80 - create IPUIPlugin
2024-12-02 16:01:42,440 [INFO] PluginManager:220 - loadIPPluginJar : add nvic
2024-12-02 16:01:42,447 [INFO] IPUIPlugin:80 - create IPUIPlugin
2024-12-02 16:01:42,447 [INFO] PluginManager:220 - loadIPPluginJar : add opamp
2024-12-02 16:01:42,451 [INFO] IPUIPlugin:80 - create IPUIPlugin
2024-12-02 16:01:42,451 [INFO] PluginManager:220 - loadIPPluginJar : add openamp
2024-12-02 16:01:42,456 [INFO] IPUIPlugin:80 - create IPUIPlugin
2024-12-02 16:01:42,456 [INFO] PluginManager:220 - loadIPPluginJar : add pdm2pcm
2024-12-02 16:01:42,464 [INFO] IPUIPlugin:80 - create IPUIPlugin
2024-12-02 16:01:42,467 [INFO] PluginManager:220 - loadIPPluginJar : add plateformsettings
2024-12-02 16:01:42,469 [INFO] IPUIPlugin:80 - create IPUIPlugin
2024-12-02 16:01:42,469 [INFO] PluginManager:220 - loadIPPluginJar : add quadspi
2024-12-02 16:01:42,472 [INFO] IPUIPlugin:80 - create IPUIPlugin
2024-12-02 16:01:42,474 [INFO] PluginManager:220 - loadIPPluginJar : add radio
2024-12-02 16:01:42,481 [INFO] IPUIPlugin:80 - create IPUIPlugin
2024-12-02 16:01:42,481 [INFO] PluginManager:220 - loadIPPluginJar : add resmgrutility
2024-12-02 16:01:42,486 [INFO] IPUIPlugin:80 - create IPUIPlugin
2024-12-02 16:01:42,486 [INFO] PluginManager:220 - loadIPPluginJar : add sai
2024-12-02 16:01:42,489 [INFO] IPUIPlugin:80 - create IPUIPlugin
2024-12-02 16:01:42,489 [INFO] PluginManager:220 - loadIPPluginJar : add spi
2024-12-02 16:01:42,495 [INFO] IPUIPlugin:80 - create IPUIPlugin
2024-12-02 16:01:42,495 [INFO] PluginManager:220 - loadIPPluginJar : add stm32_wpan
2024-12-02 16:01:42,498 [INFO] IPUIPlugin:80 - create IPUIPlugin
2024-12-02 16:01:42,498 [INFO] PluginManager:220 - loadIPPluginJar : add tim
2024-12-02 16:01:42,503 [INFO] IPUIPlugin:80 - create IPUIPlugin
2024-12-02 16:01:42,503 [INFO] PluginManager:220 - loadIPPluginJar : add touchsensing
2024-12-02 16:01:42,506 [INFO] IPUIPlugin:80 - create IPUIPlugin
2024-12-02 16:01:42,506 [INFO] PluginManager:220 - loadIPPluginJar : add tracer_emb
2024-12-02 16:01:42,510 [INFO] IPUIPlugin:80 - create IPUIPlugin
2024-12-02 16:01:42,510 [INFO] PluginManager:220 - loadIPPluginJar : add ts
2024-12-02 16:01:42,512 [INFO] IPUIPlugin:80 - create IPUIPlugin
2024-12-02 16:01:42,512 [INFO] PluginManager:220 - loadIPPluginJar : add tsc
2024-12-02 16:01:42,515 [INFO] IPUIPlugin:80 - create IPUIPlugin
2024-12-02 16:01:42,515 [INFO] PluginManager:220 - loadIPPluginJar : add ucpd
2024-12-02 16:01:42,519 [INFO] IPUIPlugin:80 - create IPUIPlugin
2024-12-02 16:01:42,519 [INFO] PluginManager:220 - loadIPPluginJar : add usart
2024-12-02 16:01:42,523 [INFO] IPUIPlugin:80 - create IPUIPlugin
2024-12-02 16:01:42,523 [INFO] PluginManager:220 - loadIPPluginJar : add usbx
2024-12-02 16:01:42,678 [INFO] CADModel:165 - CPN selected for project level
2024-12-02 16:01:42,678 [INFO] CADModel:114 - Register for checkConnection events
2024-12-02 16:01:42,678 [FATAL] Updater:334 - Updater called before beeing initialized
2024-12-02 16:01:42,678 [ERROR] CADModel:125 - Updater not yet initialized, retry later 
2024-12-02 16:01:42,951 [INFO] CADModel:165 - CPN selected for project level
2024-12-02 16:01:42,951 [INFO] CADModel:114 - Register for checkConnection events
2024-12-02 16:01:42,951 [FATAL] Updater:334 - Updater called before beeing initialized
2024-12-02 16:01:42,951 [ERROR] CADModel:125 - Updater not yet initialized, retry later 
2024-12-02 16:01:42,955 [FATAL] Updater:334 - Updater called before beeing initialized
2024-12-02 16:01:43,247 [FATAL] Updater:334 - Updater called before beeing initialized
2024-12-02 16:01:43,263 [INFO] DbMcusAds:53 - JSON generation date=Fri Sep 20 08:04:23 CDT 2024 (1726837463113)
2024-12-02 16:01:43,264 [FATAL] Updater:334 - Updater called before beeing initialized
2024-12-02 16:01:43,348 [WARN] DetailPanel:346 - Failed to get advertising image, set to default
2024-12-02 16:01:43,511 [FATAL] Updater:334 - Updater called before beeing initialized
2024-12-02 16:01:43,513 [FATAL] Updater:334 - Updater called before beeing initialized
2024-12-02 16:01:43,514 [FATAL] Updater:334 - Updater called before beeing initialized
2024-12-02 16:01:43,514 [WARN] DetailPanel:346 - Failed to get advertising image, set to default
2024-12-02 16:01:43,516 [FATAL] Updater:334 - Updater called before beeing initialized
2024-12-02 16:01:43,686 [ERROR] Updater:1164 - MainUpdater not yet initialized. External WinMGr cannot be set.
2024-12-02 16:01:43,689 [INFO] Updater:1100 - Updater Version found : 6.12.1
2024-12-02 16:01:43,727 [INFO] ApplicationProperties:184 - Using Application install path: C:\ST\STM32CubeIDE_1.16.0\STM32CubeIDE\plugins\com.st.stm32cube.common.mx_6.12.1.202409122256
2024-12-02 16:01:43,839 [INFO] MainUpdater:526 - Copy updater definitions from MX database
2024-12-02 16:01:44,235 [INFO] MainUpdater:2873 - connection check result : 10
2024-12-02 16:01:44,235 [INFO] MainUpdater:3567 - Updater definition file requires update
2024-12-02 16:01:44,237 [INFO] MainUpdater:290 - Updater Check For Update Now.
2024-12-02 16:01:44,237 [INFO] MicroXplorer:498 - Change Database Version : DB.6.0.121
2024-12-02 16:01:44,247 [WARN] MainUpdater:1194 - Updater busy. Cannot search thirdparties
2024-12-02 16:01:44,247 [INFO] ThirdPartyUpdaterWithRetryManager:96 - Updater plugin is busy. [1/15]
2024-12-02 16:01:44,248 [INFO] McuFinderGlobals:63 - Set McuFinder mode to 2 (CubeIDE integrated)
2024-12-02 16:01:44,250 [INFO] UserAuth:417 - Internet connection configuration mode: 1
2024-12-02 16:01:44,273 [INFO] ServerAccessManage:473 - Download File updaters.zip
2024-12-02 16:01:44,286 [INFO] JxBrowserEngine:152 - Initiate JxBrowser Engine with user profile folder
2024-12-02 16:01:44,382 [INFO] FileExtend:240 - Unzip File : updaters.zip
2024-12-02 16:01:44,382 [INFO] FileExtend:255 - Standard Zip Deflate
2024-12-02 16:01:46,673 [INFO] ServerAccessManage:473 - Download File PacksControlFlags.xml
2024-12-02 16:01:46,781 [INFO] ServerAccessManage:473 - Download File cubemx.pidx
2024-12-02 16:01:47,047 [INFO] LoadServerUpdatesThread:375 - End of LoadServerUpdate Thread
2024-12-02 16:01:47,249 [WARN] MainUpdater:1194 - Updater busy. Cannot search thirdparties
2024-12-02 16:01:47,249 [INFO] ThirdPartyUpdaterWithRetryManager:96 - Updater plugin is busy. [2/15]
2024-12-02 16:01:47,317 [INFO] CheckServerUpdateThread:120 - End of CheckServer Thread
2024-12-02 16:01:47,796 [INFO] WebApp:167 - Instantiating new browser for Auth
2024-12-02 16:01:49,213 [INFO] WebApp:448 - Apply proxy settings
2024-12-02 16:01:49,213 [INFO] WebApp:533 - Chromium requires no authentication
2024-12-02 16:01:49,231 [INFO] WebApp:476 - Direct internet connection detected
2024-12-02 16:01:49,277 [INFO] WebApp:869 - Register for checkConnection events
2024-12-02 16:01:49,278 [INFO] WebApp:448 - Apply proxy settings
2024-12-02 16:01:49,278 [INFO] WebApp:533 - Chromium requires no authentication
2024-12-02 16:01:49,280 [INFO] WebApp:476 - Direct internet connection detected
2024-12-02 16:01:49,606 [INFO] WebApp:186 - Connection restablished
2024-12-02 16:01:49,696 [INFO] WebApp:220 - Starting web application
2024-12-02 16:01:49,696 [INFO] WebApp:578 - Web application path used C:\ST\STM32CubeIDE_1.16.0\STM32CubeIDE\plugins\com.st.stm32cube.common.mx_6.12.1.202409122256\db\plugins\mcufinder\reactClient1\index.html
2024-12-02 16:01:49,930 [INFO] UserAuth:417 - Internet connection configuration mode: 1
2024-12-02 16:01:50,838 [WARN] PackLoader:240 - Cannot read IP mode file for STMicroelectronics.FP-SNS-MOTENVWB1.1.4.0
2024-12-02 16:01:50,856 [WARN] PackLoader:240 - Cannot read IP mode file for STMicroelectronics.FP-ATR-ASTRA1.2.0.1
2024-12-02 16:01:50,874 [WARN] PackLoader:240 - Cannot read IP mode file for STMicroelectronics.X-CUBE-SMBUS.2.1.0
2024-12-02 16:01:50,896 [WARN] PackLoader:240 - Cannot read IP mode file for STMicroelectronics.X-CUBE-WB05N.1.1.0
2024-12-02 16:01:50,911 [WARN] PackLoader:240 - Cannot read IP mode file for STMicroelectronics.X-CUBE-TOUCHGFX.4.23.0
2024-12-02 16:01:50,993 [WARN] PackLoader:240 - Cannot read IP mode file for STMicroelectronics.X-CUBE-AZRTOS-F7.1.1.0
2024-12-02 16:01:51,156 [WARN] PackLoader:240 - Cannot read IP mode file for STMicroelectronics.FP-SNS-MOTENV1.4.3.2
2024-12-02 16:01:51,291 [WARN] PackLoader:240 - Cannot read IP mode file for STMicroelectronics.X-CUBE-MEMS1.11.0.0
2024-12-02 16:01:51,510 [ERROR] LogOutputStream:75 - [STDERR_REDIRECT] Dec 02, 2024 4:01:51 PM org.glassfish.grizzly.http.server.NetworkListener start
2024-12-02 16:01:51,513 [ERROR] LogOutputStream:75 - [STDERR_REDIRECT] INFO: Started listener bound to [localhost:1598]
2024-12-02 16:01:51,515 [ERROR] LogOutputStream:75 - [STDERR_REDIRECT] 
2024-12-02 16:01:51,519 [ERROR] LogOutputStream:75 - [STDERR_REDIRECT] Dec 02, 2024 4:01:51 PM org.glassfish.grizzly.http.server.HttpServer start
2024-12-02 16:01:51,520 [ERROR] LogOutputStream:75 - [STDERR_REDIRECT] INFO: [HttpServer] Started.
2024-12-02 16:01:51,521 [ERROR] LogOutputStream:75 - [STDERR_REDIRECT] 
2024-12-02 16:01:51,593 [WARN] PackLoader:240 - Cannot read IP mode file for STMicroelectronics.FP-SNS-FLIGHT1.5.0.2
2024-12-02 16:01:51,611 [WARN] PackLoader:240 - Cannot read IP mode file for STMicroelectronics.X-CUBE-DISPLAY.3.0.0
2024-12-02 16:01:51,630 [WARN] PackLoader:240 - Cannot read IP mode file for STMicroelectronics.X-CUBE-BLE1.7.0.0
2024-12-02 16:01:51,646 [WARN] PackLoader:240 - Cannot read IP mode file for STMicroelectronics.X-CUBE-NFC10.1.0.0
2024-12-02 16:01:51,664 [WARN] PackLoader:240 - Cannot read IP mode file for emotas.I-CUBE-CANOPEN.1.3.0
2024-12-02 16:01:51,875 [WARN] PackLoader:240 - Cannot read IP mode file for STMicroelectronics.X-CUBE-BLEMGR.3.1.0
2024-12-02 16:01:51,892 [WARN] PackLoader:240 - Cannot read IP mode file for STMicroelectronics.FP-SNS-SMARTAG2.1.2.0
2024-12-02 16:01:51,917 [INFO] LogOutputStream:77 - [STDOUT_REDIRECT] 1 : Invalid condition id : UX_CORESTACK_Condition cause : null
2024-12-02 16:01:51,920 [INFO] LogOutputStream:77 - [STDOUT_REDIRECT] 1 : Invalid condition id : UX_CORESTACK_Condition cause : null
2024-12-02 16:01:51,923 [INFO] LogOutputStream:77 - [STDOUT_REDIRECT] 1 : Invalid condition id : UX_CORESTACK_Condition cause : null
2024-12-02 16:01:51,926 [INFO] LogOutputStream:77 - [STDOUT_REDIRECT] 1 : Invalid condition id : UX_CORESTACK_Condition cause : null
2024-12-02 16:01:51,928 [INFO] LogOutputStream:77 - [STDOUT_REDIRECT] 1 : Invalid condition id : UX_CORESTACK_Condition cause : null
2024-12-02 16:01:51,937 [WARN] PackLoader:240 - Cannot read IP mode file for STMicroelectronics.X-CUBE-AZRTOS-WL.2.0.0
2024-12-02 16:01:51,950 [WARN] PackLoader:240 - Cannot read IP mode file for STMicroelectronics.FP-SNS-MOTENV1.5.0.0
2024-12-02 16:01:51,981 [WARN] PackLoader:240 - Cannot read IP mode file for wolfSSL.I-CUBE-wolfMQTT.1.19.0
2024-12-02 16:01:52,000 [WARN] PackLoader:240 - Cannot read IP mode file for WES.I-CUBE-Cesium.1.3.0
2024-12-02 16:01:52,011 [WARN] PackLoader:240 - Cannot read IP mode file for STMicroelectronics.X-CUBE-BLE2.3.3.0
2024-12-02 16:01:52,025 [WARN] PackLoader:240 - Cannot read IP mode file for STMicroelectronics.X-CUBE-NFC9.1.0.0
2024-12-02 16:01:52,041 [WARN] PackLoader:240 - Cannot read IP mode file for STMicroelectronics.X-CUBE-TCPP.4.1.0
2024-12-02 16:01:52,068 [WARN] PackLoader:240 - Cannot read IP mode file for STMicroelectronics.X-CUBE-ALGOBUILD.1.3.0
2024-12-02 16:01:52,125 [WARN] PackLoader:240 - Cannot read IP mode file for STMicroelectronics.X-CUBE-AZRTOS-G0.1.1.0
2024-12-02 16:01:52,142 [WARN] PackLoader:240 - Cannot read IP mode file for STMicroelectronics.X-CUBE-SAFEA1.1.2.2
2024-12-02 16:01:52,157 [WARN] PackLoader:240 - Cannot read IP mode file for STMicroelectronics.X-CUBE-NFC4.3.0.0
2024-12-02 16:01:52,180 [WARN] PackLoader:240 - Cannot read IP mode file for EmbeddedOffice.I-CUBE-FS-RTOS.1.0.1
2024-12-02 16:01:52,181 [ERROR] ConditionMgr:805 - Attr not supported : Dmpu
2024-12-02 16:01:52,181 [ERROR] ConditionMgr:805 - Attr not supported : Dmpu
2024-12-02 16:01:52,181 [ERROR] ConditionMgr:805 - Attr not supported : Dmpu
2024-12-02 16:01:52,183 [ERROR] ConditionMgr:805 - Attr not supported : Dmpu
2024-12-02 16:01:52,185 [ERROR] ConditionMgr:805 - Attr not supported : Dmpu
2024-12-02 16:01:52,190 [ERROR] ConditionMgr:805 - Attr not supported : Dmpu
2024-12-02 16:01:52,191 [ERROR] ConditionMgr:805 - Attr not supported : Dmpu
2024-12-02 16:01:52,191 [ERROR] ConditionMgr:805 - Attr not supported : Dmpu
2024-12-02 16:01:52,192 [ERROR] ConditionMgr:805 - Attr not supported : Dmpu
2024-12-02 16:01:52,192 [ERROR] ConditionMgr:805 - Attr not supported : Dmpu
2024-12-02 16:01:52,193 [ERROR] ConditionMgr:805 - Attr not supported : Dmpu
2024-12-02 16:01:52,193 [ERROR] ConditionMgr:805 - Attr not supported : Dmpu
2024-12-02 16:01:52,193 [ERROR] ConditionMgr:805 - Attr not supported : Dmpu
2024-12-02 16:01:52,193 [ERROR] ConditionMgr:805 - Attr not supported : Dmpu
2024-12-02 16:01:52,193 [ERROR] ConditionMgr:805 - Attr not supported : Dmpu
2024-12-02 16:01:52,193 [ERROR] ConditionMgr:805 - Attr not supported : Dmpu
2024-12-02 16:01:52,193 [ERROR] ConditionMgr:805 - Attr not supported : Dmpu
2024-12-02 16:01:52,193 [ERROR] ConditionMgr:805 - Attr not supported : Dmpu
2024-12-02 16:01:52,194 [ERROR] ConditionMgr:805 - Attr not supported : Dmpu
2024-12-02 16:01:52,194 [ERROR] ConditionMgr:805 - Attr not supported : Dmpu
2024-12-02 16:01:52,194 [ERROR] ConditionMgr:805 - Attr not supported : Dmpu
2024-12-02 16:01:52,194 [ERROR] ConditionMgr:805 - Attr not supported : Dmpu
2024-12-02 16:01:52,194 [ERROR] ConditionMgr:805 - Attr not supported : Dmpu
2024-12-02 16:01:52,194 [ERROR] ConditionMgr:805 - Attr not supported : Dmpu
2024-12-02 16:01:52,194 [ERROR] ConditionMgr:805 - Attr not supported : Dmpu
2024-12-02 16:01:52,195 [ERROR] ConditionMgr:805 - Attr not supported : Dmpu
2024-12-02 16:01:52,195 [ERROR] ConditionMgr:805 - Attr not supported : Dmpu
2024-12-02 16:01:52,195 [ERROR] ConditionMgr:805 - Attr not supported : Dmpu
2024-12-02 16:01:52,195 [ERROR] ConditionMgr:805 - Attr not supported : Dmpu
2024-12-02 16:01:52,195 [ERROR] ConditionMgr:805 - Attr not supported : Dmpu
2024-12-02 16:01:52,195 [ERROR] ConditionMgr:805 - Attr not supported : Dmpu
2024-12-02 16:01:52,195 [ERROR] ConditionMgr:805 - Attr not supported : Dmpu
2024-12-02 16:01:52,195 [ERROR] ConditionMgr:805 - Attr not supported : Dmpu
2024-12-02 16:01:52,195 [ERROR] ConditionMgr:805 - Attr not supported : Dmpu
2024-12-02 16:01:52,195 [ERROR] ConditionMgr:805 - Attr not supported : Dmpu
2024-12-02 16:01:52,195 [ERROR] ConditionMgr:805 - Attr not supported : Dmpu
2024-12-02 16:01:52,195 [ERROR] ConditionMgr:805 - Attr not supported : Dmpu
2024-12-02 16:01:52,196 [ERROR] ConditionMgr:805 - Attr not supported : Dmpu
2024-12-02 16:01:52,196 [ERROR] ConditionMgr:805 - Attr not supported : Dmpu
2024-12-02 16:01:52,198 [ERROR] ConditionMgr:805 - Attr not supported : Dmpu
2024-12-02 16:01:52,198 [ERROR] ConditionMgr:805 - Attr not supported : Dmpu
2024-12-02 16:01:52,198 [ERROR] ConditionMgr:805 - Attr not supported : Dmpu
2024-12-02 16:01:52,199 [ERROR] ConditionMgr:805 - Attr not supported : Dmpu
2024-12-02 16:01:52,199 [ERROR] ConditionMgr:805 - Attr not supported : Dmpu
2024-12-02 16:01:52,199 [ERROR] ConditionMgr:805 - Attr not supported : Dmpu
2024-12-02 16:01:52,199 [ERROR] ConditionMgr:805 - Attr not supported : Dmpu
2024-12-02 16:01:52,200 [ERROR] ConditionMgr:805 - Attr not supported : Dmpu
2024-12-02 16:01:52,200 [ERROR] ConditionMgr:805 - Attr not supported : Dmpu
2024-12-02 16:01:52,200 [ERROR] ConditionMgr:805 - Attr not supported : Dmpu
2024-12-02 16:01:52,200 [ERROR] ConditionMgr:805 - Attr not supported : Dmpu
2024-12-02 16:01:52,200 [ERROR] ConditionMgr:805 - Attr not supported : Dmpu
2024-12-02 16:01:52,200 [ERROR] ConditionMgr:805 - Attr not supported : Dmpu
2024-12-02 16:01:52,200 [ERROR] ConditionMgr:805 - Attr not supported : Dmpu
2024-12-02 16:01:52,200 [ERROR] ConditionMgr:805 - Attr not supported : Dmpu
2024-12-02 16:01:52,201 [ERROR] ConditionMgr:805 - Attr not supported : Dmpu
2024-12-02 16:01:52,201 [ERROR] ConditionMgr:805 - Attr not supported : Dmpu
2024-12-02 16:01:52,201 [ERROR] ConditionMgr:805 - Attr not supported : Dmpu
2024-12-02 16:01:52,201 [ERROR] ConditionMgr:805 - Attr not supported : Dmpu
2024-12-02 16:01:52,201 [ERROR] ConditionMgr:805 - Attr not supported : Dmpu
2024-12-02 16:01:52,202 [ERROR] ConditionMgr:805 - Attr not supported : Dmpu
2024-12-02 16:01:52,202 [ERROR] ConditionMgr:805 - Attr not supported : Dmpu
2024-12-02 16:01:52,202 [ERROR] ConditionMgr:805 - Attr not supported : Dmpu
2024-12-02 16:01:52,203 [ERROR] ConditionMgr:805 - Attr not supported : Dmpu
2024-12-02 16:01:52,204 [ERROR] ConditionMgr:805 - Attr not supported : Dmpu
2024-12-02 16:01:52,223 [WARN] PackLoader:240 - Cannot read IP mode file for STMicroelectronics.X-CUBE-BLEMGR.3.0.0
2024-12-02 16:01:52,238 [WARN] PackLoader:240 - Cannot read IP mode file for RealThread.X-CUBE-RT-Thread_Nano.4.1.1
2024-12-02 16:01:52,248 [WARN] PackLoader:240 - Cannot read IP mode file for STMicroelectronics.FP-ATR-SIGFOX1.3.2.0
2024-12-02 16:01:52,257 [WARN] ConditionMgr:438 - getConditionDescription Invalid condition id : Cortex-A Device cause : null
2024-12-02 16:01:52,274 [WARN] ConditionMgr:1039 - genDependencies : Invalid condition id : Cortex-A Device cause : null
2024-12-02 16:01:52,275 [WARN] ConditionMgr:1039 - genDependencies : Invalid condition id : Cortex-A Device cause : null
2024-12-02 16:01:52,275 [WARN] ConditionMgr:1039 - genDependencies : Invalid condition id : Cortex-A Device cause : null
2024-12-02 16:01:52,292 [WARN] PackLoader:240 - Cannot read IP mode file for STMicroelectronics.X-CUBE-EEPRMA1.5.1.0
2024-12-02 16:01:52,357 [WARN] PackLoader:240 - Cannot read IP mode file for SEGGER.I-CUBE-embOS.1.3.1
2024-12-02 16:01:52,457 [WARN] PackLoader:240 - Cannot read IP mode file for STMicroelectronics.X-CUBE-ALGOBUILD.1.4.0
2024-12-02 16:01:52,468 [WARN] PackLoader:240 - Cannot read IP mode file for STMicroelectronics.X-CUBE-AI.9.1.0
2024-12-02 16:01:52,478 [WARN] PackLoader:240 - Cannot read IP mode file for STMicroelectronics.X-CUBE-GNSS1.6.0.0
2024-12-02 16:01:52,519 [WARN] PackLoader:240 - Cannot read IP mode file for STMicroelectronics.X-CUBE-AZRTOS-F4.1.1.0
2024-12-02 16:01:52,538 [WARN] PackLoader:240 - Cannot read IP mode file for STMicroelectronics.X-CUBE-ISPU.2.1.0
2024-12-02 16:01:52,552 [WARN] PackLoader:240 - Cannot read IP mode file for STMicroelectronics.X-CUBE-FREERTOS.1.2.0
2024-12-02 16:01:52,562 [WARN] PackLoader:240 - Cannot read IP mode file for wolfSSL.I-CUBE-wolfSSL.5.6.6
2024-12-02 16:01:52,598 [WARN] PackLoader:240 - Cannot read IP mode file for STMicroelectronics.X-CUBE-AZRTOS-L5.2.0.0
2024-12-02 16:01:52,612 [WARN] PackLoader:240 - Cannot read IP mode file for STMicroelectronics.X-CUBE-EEPRMA1.4.2.0
2024-12-02 16:01:52,631 [WARN] PackLoader:240 - Cannot read IP mode file for STMicroelectronics.X-CUBE-NFC6.3.1.0
2024-12-02 16:01:52,647 [WARN] PackLoader:240 - Cannot read IP mode file for ITTIA_DB.I-CUBE-ITTIADB.8.8.0
2024-12-02 16:01:52,658 [WARN] PackLoader:240 - Cannot read IP mode file for STMicroelectronics.X-CUBE-DPower.1.2.0
2024-12-02 16:01:52,666 [WARN] PackLoader:240 - Cannot read IP mode file for STMicroelectronics.X-CUBE-AI.9.0.0
2024-12-02 16:01:52,676 [WARN] PackLoader:240 - Cannot read IP mode file for STMicroelectronics.X-CUBE-NFC7.1.0.1
2024-12-02 16:01:52,688 [WARN] PackLoader:240 - Cannot read IP mode file for STMicroelectronics.X-CUBE-NFC6.3.0.0
2024-12-02 16:01:52,697 [WARN] PackLoader:240 - Cannot read IP mode file for STMicroelectronics.X-CUBE-AI.8.1.0
2024-12-02 16:01:52,727 [WARN] ConditionMgr:438 - getConditionDescription Invalid condition id : LAN8742 Phy interface Condition cause : null
2024-12-02 16:01:52,730 [WARN] PackLoader:240 - Cannot read IP mode file for STMicroelectronics.X-CUBE-AZRTOS-L4.2.0.0
2024-12-02 16:01:52,732 [WARN] ConditionMgr:1039 - genDependencies : Invalid condition id : LAN8742 Phy interface Condition cause : null
2024-12-02 16:01:52,732 [WARN] ConditionMgr:1039 - genDependencies : Invalid condition id : LAN8742 Phy interface Condition cause : null
2024-12-02 16:01:52,734 [WARN] ConditionMgr:1039 - genDependencies : Invalid condition id : LAN8742 Phy interface Condition cause : null
2024-12-02 16:01:52,747 [WARN] PackLoader:240 - Cannot read IP mode file for STMicroelectronics.X-CUBE-SFXS2LP1.4.0.0
2024-12-02 16:01:52,816 [WARN] PackLoader:240 - Cannot read IP mode file for STMicroelectronics.X-CUBE-AZRTOS-H7.3.3.0
2024-12-02 16:01:52,878 [WARN] PackLoader:240 - Cannot read IP mode file for STMicroelectronics.X-CUBE-IPS.3.0.0
2024-12-02 16:01:52,937 [WARN] ConditionMgr:438 - getConditionDescription Invalid condition id : UX DEVICE CLASS RTOS Condition cause : null
2024-12-02 16:01:52,937 [WARN] ConditionMgr:438 - getConditionDescription Invalid condition id : UX DEVICE CLASS RTOS Condition cause : null
2024-12-02 16:01:52,943 [WARN] PackLoader:240 - Cannot read IP mode file for STMicroelectronics.X-CUBE-AZRTOS-WB.2.0.0
2024-12-02 16:01:52,945 [WARN] ConditionMgr:1039 - genDependencies : Invalid condition id : UX DEVICE CLASS RTOS Condition cause : null
2024-12-02 16:01:52,945 [WARN] ConditionMgr:1039 - genDependencies : Invalid condition id : UX DEVICE CLASS RTOS Condition cause : null
2024-12-02 16:01:52,946 [WARN] ConditionMgr:1039 - genDependencies : Invalid condition id : UX DEVICE CLASS RTOS Condition cause : null
2024-12-02 16:01:52,947 [WARN] ConditionMgr:1039 - genDependencies : Invalid condition id : UX DEVICE CLASS RTOS Condition cause : null
2024-12-02 16:01:52,947 [WARN] ConditionMgr:1039 - genDependencies : Invalid condition id : UX DEVICE CLASS RTOS Condition cause : null
2024-12-02 16:01:52,990 [WARN] PackLoader:240 - Cannot read IP mode file for STMicroelectronics.X-CUBE-GNSS1.7.0.0
2024-12-02 16:01:53,012 [WARN] PackLoader:240 - Cannot read IP mode file for STMicroelectronics.FP-SNS-STBOX1.2.0.0
2024-12-02 16:01:53,057 [WARN] PackLoader:240 - Cannot read IP mode file for STMicroelectronics.X-CUBE-SUBG2.5.0.0
2024-12-02 16:01:53,078 [WARN] PackLoader:240 - Cannot read IP mode file for Cesanta.I-CUBE-Mongoose.7.13.0
2024-12-02 16:01:53,109 [WARN] PackLoader:240 - Cannot read IP mode file for STMicroelectronics.X-CUBE-AZRTOS-G4.2.0.0
2024-12-02 16:01:53,144 [WARN] PackLoader:240 - Cannot read IP mode file for Infineon.AIROC-Wi-Fi-Bluetooth-STM32.1.5.1
2024-12-02 16:01:53,160 [WARN] PackLoader:240 - Cannot read IP mode file for STMicroelectronics.FP-SNS-MOTENVWB1.1.3.1
2024-12-02 16:01:53,168 [WARN] PackLoader:240 - Cannot read IP mode file for STMicroelectronics.X-CUBE-ISPU.2.0.0
2024-12-02 16:01:53,179 [WARN] PackLoader:240 - Cannot read IP mode file for STMicroelectronics.X-CUBE-ALS.1.0.2
2024-12-02 16:01:53,260 [WARN] PackLoader:240 - Cannot read IP mode file for STMicroelectronics.X-CUBE-MEMS1.10.0.0
2024-12-02 16:01:53,521 [WARN] PackLoader:240 - Cannot read IP mode file for STMicroelectronics.X-CUBE-FREERTOS.1.1.0
2024-12-02 16:01:53,527 [WARN] PackLoader:240 - Cannot read IP mode file for STMicroelectronics.X-CUBE-TOUCHGFX.4.24.0
2024-12-02 16:01:53,536 [WARN] PackLoader:240 - Cannot read IP mode file for STMicroelectronics.X-CUBE-TOUCHGFX.4.24.1
2024-12-02 16:01:53,690 [WARN] PackLoader:240 - Cannot read IP mode file for wolfSSL.I-CUBE-wolfTPM.3.4.0
2024-12-02 16:01:53,707 [WARN] PackLoader:240 - Cannot read IP mode file for portGmbH.I-Cube-SoM-uGOAL.1.1.0
2024-12-02 16:01:53,716 [WARN] PackLoader:240 - Cannot read IP mode file for STMicroelectronics.X-CUBE-ALS.1.0.1
2024-12-02 16:01:53,765 [WARN] PackLoader:240 - Cannot read IP mode file for STMicroelectronics.X-CUBE-AZRTOS-H7RS.1.0.0
2024-12-02 16:01:53,781 [WARN] PackLoader:240 - Cannot read IP mode file for STMicroelectronics.FP-ATR-ASTRA1.2.0.0
2024-12-02 16:01:53,807 [WARN] PackLoader:240 - Cannot read IP mode file for STMicroelectronics.X-CUBE-TOF1.3.4.2
2024-12-02 16:01:53,882 [WARN] PackLoader:240 - Cannot read IP mode file for STMicroelectronics.X-CUBE-TOF1.3.4.0
2024-12-02 16:01:53,945 [WARN] PackLoader:240 - Cannot read IP mode file for STMicroelectronics.X-CUBE-TOF1.3.4.1
2024-12-02 16:01:54,098 [WARN] PackLoader:240 - Cannot read IP mode file for STMicroelectronics.X-CUBE-AZRTOS-H7.3.2.0
2024-12-02 16:01:54,117 [WARN] PackLoader:240 - Cannot read IP mode file for wolfSSL.I-CUBE-wolfSSH.1.4.17
2024-12-02 16:01:54,121 [INFO] ThirdParty:978 - Integrity check success = true
2024-12-02 16:01:54,121 [INFO] IntegrityCheckThread:100 - exiting critical section [integrity check]
2024-12-02 16:01:54,121 [INFO] IntegrityCheckThread:103 - End integrity checks thread
2024-12-02 16:02:21,858 [INFO] McuFinderGlobals:63 - Set McuFinder mode to 2 (CubeIDE integrated)
2024-12-02 16:02:21,879 [INFO] MainUpdater:2873 - connection check result : 10
2024-12-02 16:02:21,885 [INFO] MainUpdater:2873 - connection check result : 10
2024-12-02 16:02:22,165 [INFO] RulesReader:64 - Compatibility file has been processed (297 Rules)
2024-12-02 16:02:22,226 [INFO] RulesReader:64 - Compatibility file has been processed (297 Rules)
2024-12-02 16:02:22,247 [INFO] MicroXplorer:468 - Change Database Path : 
2024-12-02 16:02:22,248 [INFO] MicroXplorer:498 - Change Database Version : DB.6.0.121
2024-12-02 16:02:22,347 [WARN] ThirdParty:871 - waiting for thirdparty lock release [close project]
2024-12-02 16:02:22,347 [INFO] ThirdParty:873 - entering critical section [close project]
2024-12-02 16:02:22,354 [INFO] ThirdParty:883 - exiting critical section [close project]
2024-12-02 16:02:22,383 [INFO] PinOutPanel:1561 - setPackage(No Configuration,No Configuration)
2024-12-02 16:02:22,398 [INFO] UtilMem:75 - Begin LoadConfig() Used Memory: 268165936 Bytes (426770432)
2024-12-02 16:02:22,407 [INFO] MicroXplorer:468 - Change Database Path : 
2024-12-02 16:02:22,408 [INFO] MicroXplorer:498 - Change Database Version : DB.6.0.121
2024-12-02 16:02:22,409 [INFO] OpenFileManager:332 - Change cursor
2024-12-02 16:02:22,529 [INFO] Mcu:2032 - Initializing MCU STM32G491R(C-E)Tx STM32G491RETx STM32G491RET6
2024-12-02 16:02:31,572 [INFO] Context:742 - Trying to add GPIOservice into a context  which must be forbidden
2024-12-02 16:02:33,156 [INFO] ApiDbMcu:508 - Load IP Config File for NUCLEO-G491RE
2024-12-02 16:02:33,324 [INFO] ImportTextPane:205 - (OptionalMessage_ERROR) Unable to find key (Mcu.IP9) in loaded IOC file
2024-12-02 16:02:33,324 [INFO] ImportTextPane:205 - (OptionalMessage_ERROR) Unknown IP (dummy)
2024-12-02 16:02:34,075 [INFO] RtosManager:555 - Registered RTOS mode: class=CMSIS, group=RTOS, mode=CMSIS_V1, owner=FREERTOS
2024-12-02 16:02:34,076 [INFO] RtosManager:555 - Registered RTOS mode: class=CMSIS, group=RTOS2, mode=CMSIS_V2, owner=FREERTOS
2024-12-02 16:02:34,077 [INFO] RtosManager:555 - Registered RTOS mode: class=RTOS, group=Core, mode=CMSIS_V1, owner=FREERTOS
2024-12-02 16:02:34,077 [INFO] RtosManager:555 - Registered RTOS mode: class=RTOS, group=Core, mode=CMSIS_V2, owner=FREERTOS
2024-12-02 16:02:34,080 [WARN] ModelIntegratedComponent:184 - Missing modes for component STMicroelectronics:FreeRTOS:0.0.1:STMicroelectronics:RTOS:FreeRTOS:Core:::10.2.0:
2024-12-02 16:02:34,137 [WARN] ModelIntegratedComponent:63 - No mode defined for component null
2024-12-02 16:02:34,137 [WARN] ModelIntegratedComponent:63 - No mode defined for component null
2024-12-02 16:02:34,138 [WARN] ModelIntegratedComponent:63 - No mode defined for component null
2024-12-02 16:02:34,138 [WARN] ModelIntegratedComponent:63 - No mode defined for component null
2024-12-02 16:02:34,138 [WARN] ModelIntegratedComponent:63 - No mode defined for component null
2024-12-02 16:02:34,138 [WARN] ModelIntegratedComponent:63 - No mode defined for component null
2024-12-02 16:02:34,138 [WARN] ModelIntegratedComponent:63 - No mode defined for component null
2024-12-02 16:02:34,138 [WARN] ModelIntegratedComponent:63 - No mode defined for component null
2024-12-02 16:02:34,138 [WARN] ModelIntegratedComponent:63 - No mode defined for component null
2024-12-02 16:02:34,138 [WARN] ModelIntegratedComponent:63 - No mode defined for component null
2024-12-02 16:02:34,138 [WARN] ModelIntegratedComponent:63 - No mode defined for component null
2024-12-02 16:02:34,138 [WARN] ModelIntegratedComponent:63 - No mode defined for component null
2024-12-02 16:02:34,138 [WARN] ModelIntegratedComponent:63 - No mode defined for component null
2024-12-02 16:02:34,138 [WARN] ModelIntegratedComponent:63 - No mode defined for component null
2024-12-02 16:02:34,138 [WARN] ModelIntegratedComponent:63 - No mode defined for component null
2024-12-02 16:02:34,138 [WARN] ModelIntegratedComponent:63 - No mode defined for component null
2024-12-02 16:02:34,138 [WARN] ModelIntegratedComponent:63 - No mode defined for component null
2024-12-02 16:02:34,138 [WARN] ModelIntegratedComponent:63 - No mode defined for component null
2024-12-02 16:02:34,138 [WARN] ModelIntegratedComponent:63 - No mode defined for component null
2024-12-02 16:02:34,138 [WARN] ModelIntegratedComponent:63 - No mode defined for component null
2024-12-02 16:02:34,138 [WARN] ModelIntegratedComponent:63 - No mode defined for component null
2024-12-02 16:02:34,138 [WARN] ModelIntegratedComponent:63 - No mode defined for component null
2024-12-02 16:02:34,138 [WARN] ModelIntegratedComponent:63 - No mode defined for component null
2024-12-02 16:02:34,139 [WARN] ModelIntegratedComponent:63 - No mode defined for component null
2024-12-02 16:02:34,139 [WARN] ModelIntegratedComponent:63 - No mode defined for component null
2024-12-02 16:02:34,139 [WARN] ModelIntegratedComponent:63 - No mode defined for component null
2024-12-02 16:02:34,139 [WARN] ModelIntegratedComponent:63 - No mode defined for component null
2024-12-02 16:02:34,139 [WARN] ModelIntegratedComponent:63 - No mode defined for component null
2024-12-02 16:02:34,139 [WARN] ModelIntegratedComponent:63 - No mode defined for component null
2024-12-02 16:02:34,139 [WARN] ModelIntegratedComponent:63 - No mode defined for component null
2024-12-02 16:02:34,139 [WARN] ModelIntegratedComponent:63 - No mode defined for component null
2024-12-02 16:02:34,139 [WARN] ModelIntegratedComponent:63 - No mode defined for component null
2024-12-02 16:02:34,139 [WARN] ModelIntegratedComponent:63 - No mode defined for component null
2024-12-02 16:02:34,139 [WARN] ModelIntegratedComponent:63 - No mode defined for component null
2024-12-02 16:02:34,139 [WARN] ModelIntegratedComponent:63 - No mode defined for component null
2024-12-02 16:02:34,141 [WARN] ModelPack:524 - Component already loaded: STMicroelectronics:HAL Drivers:0.0.0:STMicroelectronics:Device:STMicro_Driver:XSPI:HAL::0.0.1:HAL_XSPI
2024-12-02 16:02:34,315 [INFO] ThirdPartyModel:298 - Start build external matchings
2024-12-02 16:02:35,591 [INFO] ThirdPartyModel:316 - End build external matchings
2024-12-02 16:02:35,626 [INFO] ImportTextPane:205 - (OptionalMessage_ERROR) IP (ADC1) : Parameter (CommonPathInternal) has invalid value (null|null|null|null)
2024-12-02 16:02:35,627 [WARN] IP:2191 - MessageRAMOffset not found: check if there is a RefParameter without a condition.
2024-12-02 16:02:35,627 [WARN] IP:2191 - RxFifo0ElmtsNbr not found: check if there is a RefParameter without a condition.
2024-12-02 16:02:35,627 [WARN] IP:2191 - RxFifo0ElmtSize not found: check if there is a RefParameter without a condition.
2024-12-02 16:02:35,627 [WARN] IP:2191 - RxFifo1ElmtsNbr not found: check if there is a RefParameter without a condition.
2024-12-02 16:02:35,627 [WARN] IP:2191 - RxFifo1ElmtSize not found: check if there is a RefParameter without a condition.
2024-12-02 16:02:35,627 [WARN] IP:2191 - RxBuffersNbr not found: check if there is a RefParameter without a condition.
2024-12-02 16:02:35,627 [WARN] IP:2191 - RxBufferSize not found: check if there is a RefParameter without a condition.
2024-12-02 16:02:35,627 [WARN] IP:2191 - TxEventsNbr not found: check if there is a RefParameter without a condition.
2024-12-02 16:02:35,627 [WARN] IP:2191 - TxBuffersNbr not found: check if there is a RefParameter without a condition.
2024-12-02 16:02:35,627 [WARN] IP:2191 - TxFifoQueueElmtsNbr not found: check if there is a RefParameter without a condition.
2024-12-02 16:02:35,627 [WARN] IP:2191 - TxElmtSize not found: check if there is a RefParameter without a condition.
2024-12-02 16:02:35,627 [WARN] IP:2191 - ClockCalibrationCCU not found: check if there is a RefParameter without a condition.
2024-12-02 16:02:35,627 [WARN] IP:2191 - ClockDividerCCU not found: check if there is a RefParameter without a condition.
2024-12-02 16:02:35,627 [WARN] IP:2191 - MinOscClkPeriodsCCU not found: check if there is a RefParameter without a condition.
2024-12-02 16:02:35,627 [WARN] IP:2191 - TimeQuantaPerBitTimeCCU not found: check if there is a RefParameter without a condition.
2024-12-02 16:02:35,628 [WARN] IP:2191 - WatchdogStartValueCCU not found: check if there is a RefParameter without a condition.
2024-12-02 16:02:37,094 [INFO] ApiDb:581 - Connected to CubeFinder SQLite database (C:\Users\kohlmanz\.stmcufinder\plugins\mcufinder\mcu\cube-finder-db.db)
2024-12-02 16:02:37,227 [INFO] ApiDb:668 - CubeFinder database Data Model version=2.1
2024-12-02 16:02:37,227 [INFO] ApiDb:669 - CubeFinder database Configuration version=3.0.39
2024-12-02 16:02:37,228 [INFO] ApiDb:670 - CubeFinder database generation date=2024-11-21 (1732182206)
2024-12-02 16:02:37,228 [INFO] ApiDb:671 - CubeFinder database FW Pack versions=[FP-ATR-ASTRA1_V2.0.0, FP-SNS-FLIGHT1_V5.0.2, FP-SNS-MOTENV1_V5.0.0, FP-SNS-MOTENVWB1_V1.4.0, FP-SNS-SMARTAG2_V1.2.0, FP-SNS-STBOX1_V2.0.0, STM32Cube_FW_C0_V1.3.0, STM32Cube_FW_F4_V1.28.1, STM32Cube_FW_F7_V1.17.2, STM32Cube_FW_G0_V1.6.2, STM32Cube_FW_G4_V1.6.1, STM32Cube_FW_H5_V1.4.0, STM32Cube_FW_H7RS_V1.1.0, STM32Cube_FW_H7_V1.12.0, STM32Cube_FW_L0_V1.12.2, STM32Cube_FW_L4_V1.18.1, STM32Cube_FW_L5_V1.5.1, STM32Cube_FW_N6_V1.0.0, STM32Cube_FW_U0_V1.2.0, STM32Cube_FW_U3_V1.0.0, STM32Cube_FW_U5_V1.7.0, STM32Cube_FW_WB0_V1.1.0, STM32Cube_FW_WBA_V1.5.0, STM32Cube_FW_WB_V1.21.0, STM32Cube_FW_WL3_V1.0.0, STM32Cube_FW_WL_V1.3.0, X-CUBE-ALGOBUILD_V1.4.0, X-CUBE-ALS_V1.0.2, X-CUBE-AZRTOS-F4_V1.1.0, X-CUBE-AZRTOS-F7_V1.1.0, X-CUBE-AZRTOS-G0_V1.1.0, X-CUBE-AZRTOS-G4_V2.0.0, X-CUBE-AZRTOS-H7RS_V1.0.0, X-CUBE-AZRTOS-H7_V3.3.0, X-CUBE-AZRTOS-L4_V2.0.0, X-CUBE-AZRTOS-L5_V2.0.0, X-CUBE-AZRTOS-WB_V2.0.0, X-CUBE-AZRTOS-WL_V2.0.0, X-CUBE-BLE1_V7.0.0, X-CUBE-BLE2_V3.3.0, X-CUBE-BLEMGR_V3.1.0, X-CUBE-EEPRMA1_V5.1.0, X-CUBE-FREERTOS_V1.2.0, X-CUBE-GNSS1_V6.0.0, X-CUBE-MEMS1_V11.0.0, X-CUBE-NFC4_V3.0.0, X-CUBE-NFC7_V1.0.1, X-CUBE-SFXS2LP1_V4.0.0, X-CUBE-SUBG2_V5.0.0, X-CUBE-TOF1_V3.4.2]
2024-12-02 16:02:37,441 [INFO] DbBoardsSqlite:226 - include board P-NUCLEO-WB55-NUCLEO as a kit item of type 'Nucleo-64'
2024-12-02 16:02:37,442 [INFO] DbBoardsSqlite:226 - include board P-NUCLEO-WB55-USBDONGLE as a kit item of type 'Nucleo USB Dongle'
2024-12-02 16:02:37,443 [INFO] DbBoardsSqlite:226 - include board STEVAL-IDP005V1 as a kit item of type 'Evaluation Board'
2024-12-02 16:02:37,444 [INFO] DbBoardsSqlite:226 - include board STEVAL-IDP005V2 as a kit item of type 'Evaluation Board'
2024-12-02 16:02:38,361 [INFO] ApiDb:240 - Found 646 in-development CPN: [B-G473E-ZEST1S, B-WB1M-WPAN1, B-WL5M-SUBG1, NUCLEO-C031C6, NUCLEO-C071RB, NUCLEO-H503RB, NUCLEO-H533RE, NUCLEO-H563ZI, NUCLEO-H7S3L8, NUCLEO-U031R8, NUCLEO-U083RC, NUCLEO-U545RE-Q, NUCLEO-U5A5ZJ-Q, NUCLEO-WB05KZ, NUCLEO-WB07CC, NUCLEO-WB09KE, NUCLEO-WBA52CG, NUCLEO-WBA55CG, STEVAL-PROTEUS1, STEVAL-SMARTAG2, STEVAL-STWINBX1, STM320518-EVAL, STM32C0116-DK, STM32C011D6Y3TR, STM32C011D6Y6TR, STM32C011F4P3, STM32C011F4P6, STM32C011F4U3, STM32C011F4U6TR, STM32C011F6P3, STM32C011F6P6, STM32C011F6U3, STM32C011F6U6TR, STM32C011J4M3, STM32C011J4M6, STM32C011J6M3, STM32C011J6M6, STM32C0316-DK, STM32C031C4T3, STM32C031C4T6, STM32C031C4U3, STM32C031C4U6, STM32C031C6T3, STM32C031C6T6, STM32C031C6U3, STM32C031C6U6, STM32C031F4P3, STM32C031F4P6, STM32C031F6P3, STM32C031F6P6, STM32C031G4U3, STM32C031G4U6, STM32C031G6U3, STM32C031G6U6, STM32C031K4T3, STM32C031K4T6, STM32C031K4U3, STM32C031K4U6, STM32C031K6T3, STM32C031K6T6, STM32C031K6U3, STM32C031K6U6, STM32C071C8T6, STM32C071C8T6N, STM32C071C8U6, STM32C071C8U6N, STM32C071CBT6, STM32C071CBT6N, STM32C071CBU6, STM32C071CBU6N, STM32C071F8P6, STM32C071F8P6N, STM32C071FBP6, STM32C071FBP6N, STM32C071FBY6TR, STM32C071G8U6, STM32C071G8U6N, STM32C071GBU6, STM32C071GBU6N, STM32C071K8T6, STM32C071K8T6N, STM32C071K8U6, STM32C071K8U6N, STM32C071KBT6, STM32C071KBT6N, STM32C071KBU6, STM32C071KBU6N, STM32C071R8T6, STM32C071R8T6N, STM32C071RBI6N, STM32C071RBT6, STM32C071RBT6N, STM32G071K8TXN, STM32G071K8UXN, STM32G081GBU6N, STM32G081KBT6N, STM32G081KBUXN, STM32G0B1CCT6N, STM32G0B1KCT6, STM32G0B1NEY6TR, STM32G0B1RCT6N, STM32G0C1CCT6, STM32G0C1CCT6N, STM32G0C1CCU6N, STM32G0C1CET6N, STM32G0C1CEU6N, STM32G0C1KCT6, STM32G0C1NEY6TR, STM32G0C1RCI6N, STM32G0C1RCT6N, STM32G0C1REI6N, STM32G0C1RET6N, STM32G0C1VCI6, STM32G0C1VEI6, STM32G411C6T3, STM32G411C6T6, STM32G411C6U3, STM32G411C6U6, STM32G411C8T3, STM32G411C8T6, STM32G411C8U3, STM32G411C8U6, STM32G411CBT3, STM32G411CBT6, STM32G411CBU3, STM32G411CBU6, STM32G411K6T3, STM32G411K6T6, STM32G411K6U3, STM32G411K6U6, STM32G411K8T3, STM32G411K8T6, STM32G411K8U3, STM32G411K8U6, STM32G411KBT3, STM32G411KBT6, STM32G411KBU3, STM32G411KBU6, STM32G411M6T3, STM32G411M6T6, STM32G411M8T3, STM32G411M8T6, STM32G411MBT3, STM32G411MBT6, STM32G411R6T3, STM32G411R6T6, STM32G411R8T3, STM32G411R8T6, STM32G411RBT3, STM32G411RBT6, STM32G414CBT3, STM32G414CBT6, STM32G414CBU3, STM32G414CBU6, STM32G414CCT3, STM32G414CCT6, STM32G414CCU3, STM32G414CCU6, STM32G414MBT3, STM32G414MBT6, STM32G414MCT3, STM32G414MCT6, STM32G414RBT3, STM32G414RBT6, STM32G414RCT3, STM32G414RCT6, STM32G414VBT3, STM32G414VBT6, STM32G414VCT3, STM32G414VCT6, STM32G431CBT3Z, STM32G431RBT3Z, STM32G471CCT6, STM32G471CCU6, STM32G471CET3, STM32G471CET6, STM32G471CEU3, STM32G471CEU6, STM32G471MCT6, STM32G471MET3, STM32G471MET6, STM32G471MEY6TR, STM32G471QCT6, STM32G471QET3, STM32G471RCT6, STM32G471RET3, STM32G471RET6, STM32G471VCH6, STM32G471VCI6, STM32G471VCT6, STM32G471VEH3, STM32G471VEH6, STM32G471VEI3, STM32G471VEI6, STM32G471VET3, STM32G471VET6, STM32G473QET3Z, STM32G473RET3Z, STM32G474CCT6, STM32G491RET3Z, STM32H503CBT6, STM32H503CBU6, STM32H503EBY6TR, STM32H503KBU6, STM32H503RBT6, STM32H523CCT6, STM32H523CCU6, STM32H523CET6, STM32H523CEU6, STM32H523HEY6TR, STM32H523RCT6, STM32H523RET6, STM32H523VCI6, STM32H523VCT6, STM32H523VEI6, STM32H523VET6, STM32H523ZCJ6, STM32H523ZCT6, STM32H523ZEJ6, STM32H523ZET6, STM32H533CET6, STM32H533CEU6, STM32H533HEY6TR, STM32H533RET6, STM32H533VEI6, STM32H533VET6, STM32H533ZEJ6, STM32H533ZET6, STM32H562AGI6, STM32H562AII6, STM32H562IGK6, STM32H562IGT6, STM32H562IIK6, STM32H562IIT6, STM32H562RGT6, STM32H562RGV6, STM32H562RIT6, STM32H562RIV6, STM32H562VGT6, STM32H562VIT6, STM32H562ZGT6, STM32H562ZIT6, STM32H563AGI6, STM32H563AII3Q, STM32H563AII6, STM32H563IGK6, STM32H563IGT6, STM32H563IIK3Q, STM32H563IIK6, STM32H563IIT3Q, STM32H563IIT6, STM32H563MIY3QTR, STM32H563RGT6, STM32H563RGV6, STM32H563RIT6, STM32H563RIV6, STM32H563VGT6, STM32H563VIT3Q, STM32H563VIT6, STM32H563ZGT6, STM32H563ZIT3Q, STM32H563ZIT6, STM32H573AII3Q, STM32H573AII6, STM32H573I-DK, STM32H573IIK3Q, STM32H573IIK6, STM32H573IIT3Q, STM32H573IIT6, STM32H573MIY3QTR, STM32H573RIT6, STM32H573RIV6, STM32H573VIT3Q, STM32H573VIT6, STM32H573ZIT3Q, STM32H573ZIT6, STM32H7R3A8I6, STM32H7R3I8K6, STM32H7R3I8T6, STM32H7R3L8H6, STM32H7R3L8H6H, STM32H7R3R8V6, STM32H7R3V8H6, STM32H7R3V8T6, STM32H7R3V8Y6TR, STM32H7R3Z8J6, STM32H7R3Z8T6, STM32H7R7A8I6, STM32H7R7I8K6, STM32H7R7I8T6, STM32H7R7L8H6, STM32H7R7L8H6H, STM32H7R7Z8J6, STM32H7S3A8I6, STM32H7S3I8K6, STM32H7S3I8T6, STM32H7S3L8H6, STM32H7S3L8H6H, STM32H7S3R8V6, STM32H7S3V8H6, STM32H7S3V8T6, STM32H7S3V8Y6TR, STM32H7S3Z8J6, STM32H7S3Z8T6, STM32H7S78-DK, STM32H7S7A8I6, STM32H7S7I8K6, STM32H7S7I8T6, STM32H7S7L8H6, STM32H7S7L8H6H, STM32H7S7Z8J6, STM32L4R5QGI6STR, STM32MP131AAE3, STM32MP131AAF3, STM32MP131AAG3, STM32MP131CAE3, STM32MP131CAF3, STM32MP131CAG3, STM32MP131DAE7, STM32MP131DAF7, STM32MP131DAG7, STM32MP131FAE7, STM32MP131FAF7, STM32MP131FAG7, STM32MP133AAE3, STM32MP133AAF3, STM32MP133AAG3, STM32MP133CAE3, STM32MP133CAF3, STM32MP133CAG3, STM32MP133DAE7, STM32MP133DAF7, STM32MP133DAG7, STM32MP133FAE7, STM32MP133FAF7, STM32MP133FAG7, STM32MP135AAE3, STM32MP135AAF3, STM32MP135AAG3, STM32MP135CAE3, STM32MP135CAF3, STM32MP135CAG3, STM32MP135DAE7, STM32MP135DAF7, STM32MP135DAG7, STM32MP135F-DK, STM32MP135FAE7, STM32MP135FAF7, STM32MP135FAF7T, STM32MP135FAF7U, STM32MP135FAG7, STM32MP251AAI3, STM32MP251AAK3, STM32MP251AAL3, STM32MP251CAI3, STM32MP251CAK3, STM32MP251CAL3, STM32MP251DAI3, STM32MP251DAK3, STM32MP251DAL3, STM32MP251FAI3, STM32MP251FAK3, STM32MP251FAL3, STM32MP253AAI3, STM32MP253AAK3, STM32MP253AAL3, STM32MP253CAI3, STM32MP253CAK3, STM32MP253CAL3, STM32MP253DAI3, STM32MP253DAK3, STM32MP253DAL3, STM32MP253FAI3, STM32MP253FAK3, STM32MP253FAL3, STM32MP255AAI3, STM32MP255AAK3, STM32MP255AAL3, STM32MP255CAI3, STM32MP255CAK3, STM32MP255CAL3, STM32MP255DAI3, STM32MP255DAK3, STM32MP255DAL3, STM32MP255FAI3, STM32MP255FAK3, STM32MP255FAL3, STM32MP257AAI3, STM32MP257AAK3, STM32MP257AAL3, STM32MP257CAI3, STM32MP257CAK3, STM32MP257CAL3, STM32MP257DAI3, STM32MP257DAK3, STM32MP257DAL3, STM32MP257F-DK, STM32MP257F-EV1, STM32MP257FAI3, STM32MP257FAK3, STM32MP257FAL3, STM32U031C6T6, STM32U031C6U6, STM32U031C8T6, STM32U031C8U6, STM32U031F4P6, STM32U031F6P6, STM32U031F8P6, STM32U031G6Y6TR, STM32U031G8Y6TR, STM32U031K4U6, STM32U031K6U6, STM32U031K8U6, STM32U031R6I6, STM32U031R6T6, STM32U031R8I6, STM32U031R8T6, STM32U073C8T6, STM32U073C8U6, STM32U073CBT6, STM32U073CBU6, STM32U073CCT6, STM32U073CCU6, STM32U073H8Y6TR, STM32U073HBY6TR, STM32U073HCY6TR, STM32U073K8U6, STM32U073KBU6, STM32U073KCU6, STM32U073M8I6, STM32U073M8T6, STM32U073MBI6, STM32U073MBT6, STM32U073MCI6, STM32U073MCT6, STM32U073R8I6, STM32U073R8T6, STM32U073RBI6, STM32U073RBT6, STM32U073RCI6, STM32U073RCT6, STM32U083C-DK, STM32U083CCT6, STM32U083CCU6, STM32U083HCY6TR, STM32U083KCU6, STM32U083MCI6, STM32U083MCT6, STM32U083RCI6, STM32U083RCT6, STM32U535CBT6, STM32U535CBT6Q, STM32U535CBU6, STM32U535CBU6Q, STM32U535CCT6, STM32U535CCT6Q, STM32U535CCU6, STM32U535CCU6Q, STM32U535CET6, STM32U535CET6Q, STM32U535CEU6, STM32U535CEU6Q, STM32U535JEY6QTR, STM32U535NCY6QTR, STM32U535NEY6QTR, STM32U535RBI6, STM32U535RBI6Q, STM32U535RBT6, STM32U535RBT6Q, STM32U535RCI6, STM32U535RCI6Q, STM32U535RCT6, STM32U535RCT6Q, STM32U535REI6, STM32U535REI6Q, STM32U535RET6, STM32U535RET6Q, STM32U535VCI6, STM32U535VCI6Q, STM32U535VCT6, STM32U535VCT6Q, STM32U535VEI6, STM32U535VEI6Q, STM32U535VET6, STM32U535VET6Q, STM32U545CET6, STM32U545CET6Q, STM32U545CEU6, STM32U545CEU6Q, STM32U545JEY6QTR, STM32U545NEY6QTR, STM32U545REI6, STM32U545REI6Q, STM32U545RET6, STM32U545RET6Q, STM32U545VEI6, STM32U545VEI6Q, STM32U545VET6, STM32U545VET6Q, STM32U595AIH6, STM32U595AIH6Q, STM32U595AJH6, STM32U595AJH6Q, STM32U595QII6, STM32U595QII6Q, STM32U595QJI6, STM32U595QJI6Q, STM32U595RIT6, STM32U595RIT6Q, STM32U595RJT6, STM32U595RJT6Q, STM32U595VIT6, STM32U595VIT6Q, STM32U595VJT6, STM32U595VJT6Q, STM32U595ZIT6, STM32U595ZIT6Q, STM32U595ZIY6QTR, STM32U595ZJT6, STM32U595ZJT6Q, STM32U595ZJY6QTR, STM32U599BJY6QTR, STM32U599NIH6Q, STM32U599NJH6Q, STM32U599VIT6Q, STM32U599VJT6, STM32U599VJT6Q, STM32U599ZIT6Q, STM32U599ZIY6QTR, STM32U599ZJT6Q, STM32U599ZJY6QTR, STM32U5A5AJH6, STM32U5A5AJH6Q, STM32U5A5QII3Q , STM32U5A5QJI6, STM32U5A5QJI6Q, STM32U5A5RJT6, STM32U5A5RJT6Q, STM32U5A5VJT6, STM32U5A5VJT6Q, STM32U5A5ZJT6, STM32U5A5ZJT6Q, STM32U5A5ZJY6QTR, STM32U5A9BJY6QTR, STM32U5A9J-DK, STM32U5A9NJH6Q, STM32U5A9VJT6Q, STM32U5A9ZJT6Q, STM32U5A9ZJY6QTR, STM32U5F7VIT6, STM32U5F7VIT6Q, STM32U5F7VJT6, STM32U5F7VJT6Q, STM32U5F9BJY6QTR, STM32U5F9NJH6Q, STM32U5F9VIT6Q, STM32U5F9VJT6Q, STM32U5F9ZIJ6QTR, STM32U5F9ZIT6Q, STM32U5F9ZJJ6QTR, STM32U5F9ZJT6Q, STM32U5G7VJT6, STM32U5G7VJT6Q, STM32U5G9BJY6QTR, STM32U5G9J-DK1, STM32U5G9J-DK2, STM32U5G9NJH6Q, STM32U5G9VJT6Q, STM32U5G9ZJJ6QTR, STM32U5G9ZJT6Q, STM32WB05KZV6TR, STM32WB05KZV7TR, STM32WB05TZF6TR, STM32WB05TZF7TR, STM32WB06CCF6TR, STM32WB06CCF7TR, STM32WB06CCV6TR, STM32WB06CCV7TR, STM32WB06KCV6TR, STM32WB06KCV7TR, STM32WB07CCF6TR, STM32WB07CCF7TR, STM32WB07CCV6TR, STM32WB07CCV7TR, STM32WB07KCV6TR, STM32WB07KCV7TR, STM32WB09KEV6TR, STM32WB09KEV7TR, STM32WB09TEF6TR, STM32WB09TEF7TR, STM32WB1MMCH6, STM32WBA50KGU6, STM32WBA50KGU6TR, STM32WBA52CEU6, STM32WBA52CEU6TR, STM32WBA52CEU7, STM32WBA52CEU7TR, STM32WBA52CGU6, STM32WBA52CGU6TR, STM32WBA52CGU6U, STM32WBA52CGU7, STM32WBA52CGU7TR, STM32WBA52KEU6, STM32WBA52KEU6TR, STM32WBA52KGU6, STM32WBA52KGU6TR, STM32WBA54CEU6, STM32WBA54CEU6TR, STM32WBA54CEU7, STM32WBA54CEU7TR, STM32WBA54CGU6, STM32WBA54CGU6TR, STM32WBA54CGU7, STM32WBA54CGU7TR, STM32WBA54KEU6, STM32WBA54KEU6TR, STM32WBA54KEU7, STM32WBA54KEU7TR, STM32WBA54KGU6, STM32WBA54KGU6TR, STM32WBA54KGU7, STM32WBA54KGU7TR, STM32WBA55CEU6, STM32WBA55CEU6TR, STM32WBA55CEU7, STM32WBA55CEU7TR, STM32WBA55CGU6, STM32WBA55CGU6TR, STM32WBA55CGU6U, STM32WBA55CGU7, STM32WBA55CGU7TR, STM32WBA55G-DK1, STM32WBA55HEF6, STM32WBA55HEF7, STM32WBA55HGF6, STM32WBA55HGF7, STM32WBA55UEI6, STM32WBA55UEI6TR, STM32WBA55UEI7, STM32WBA55UEI7TR, STM32WBA55UGI6, STM32WBA55UGI6TR, STM32WBA55UGI7, STM32WBA55UGI7TR, STM32WL5MOCH6, STM32WL5MOCH6TR]
2024-12-02 16:02:38,366 [INFO] ApiDb:668 - CubeFinder database Data Model version=2.1
2024-12-02 16:02:38,366 [INFO] ApiDb:669 - CubeFinder database Configuration version=3.0.39
2024-12-02 16:02:38,366 [INFO] ApiDb:670 - CubeFinder database generation date=2024-11-21 (1732182206)
2024-12-02 16:02:38,366 [INFO] ApiDb:671 - CubeFinder database FW Pack versions=[FP-ATR-ASTRA1_V2.0.0, FP-SNS-FLIGHT1_V5.0.2, FP-SNS-MOTENV1_V5.0.0, FP-SNS-MOTENVWB1_V1.4.0, FP-SNS-SMARTAG2_V1.2.0, FP-SNS-STBOX1_V2.0.0, STM32Cube_FW_C0_V1.3.0, STM32Cube_FW_F4_V1.28.1, STM32Cube_FW_F7_V1.17.2, STM32Cube_FW_G0_V1.6.2, STM32Cube_FW_G4_V1.6.1, STM32Cube_FW_H5_V1.4.0, STM32Cube_FW_H7RS_V1.1.0, STM32Cube_FW_H7_V1.12.0, STM32Cube_FW_L0_V1.12.2, STM32Cube_FW_L4_V1.18.1, STM32Cube_FW_L5_V1.5.1, STM32Cube_FW_N6_V1.0.0, STM32Cube_FW_U0_V1.2.0, STM32Cube_FW_U3_V1.0.0, STM32Cube_FW_U5_V1.7.0, STM32Cube_FW_WB0_V1.1.0, STM32Cube_FW_WBA_V1.5.0, STM32Cube_FW_WB_V1.21.0, STM32Cube_FW_WL3_V1.0.0, STM32Cube_FW_WL_V1.3.0, X-CUBE-ALGOBUILD_V1.4.0, X-CUBE-ALS_V1.0.2, X-CUBE-AZRTOS-F4_V1.1.0, X-CUBE-AZRTOS-F7_V1.1.0, X-CUBE-AZRTOS-G0_V1.1.0, X-CUBE-AZRTOS-G4_V2.0.0, X-CUBE-AZRTOS-H7RS_V1.0.0, X-CUBE-AZRTOS-H7_V3.3.0, X-CUBE-AZRTOS-L4_V2.0.0, X-CUBE-AZRTOS-L5_V2.0.0, X-CUBE-AZRTOS-WB_V2.0.0, X-CUBE-AZRTOS-WL_V2.0.0, X-CUBE-BLE1_V7.0.0, X-CUBE-BLE2_V3.3.0, X-CUBE-BLEMGR_V3.1.0, X-CUBE-EEPRMA1_V5.1.0, X-CUBE-FREERTOS_V1.2.0, X-CUBE-GNSS1_V6.0.0, X-CUBE-MEMS1_V11.0.0, X-CUBE-NFC4_V3.0.0, X-CUBE-NFC7_V1.0.1, X-CUBE-SFXS2LP1_V4.0.0, X-CUBE-SUBG2_V5.0.0, X-CUBE-TOF1_V3.4.2]
2024-12-02 16:02:40,970 [INFO] ApiDb:240 - Found 646 in-development CPN: [B-G473E-ZEST1S, B-WB1M-WPAN1, B-WL5M-SUBG1, NUCLEO-C031C6, NUCLEO-C071RB, NUCLEO-H503RB, NUCLEO-H533RE, NUCLEO-H563ZI, NUCLEO-H7S3L8, NUCLEO-U031R8, NUCLEO-U083RC, NUCLEO-U545RE-Q, NUCLEO-U5A5ZJ-Q, NUCLEO-WB05KZ, NUCLEO-WB07CC, NUCLEO-WB09KE, NUCLEO-WBA52CG, NUCLEO-WBA55CG, STEVAL-PROTEUS1, STEVAL-SMARTAG2, STEVAL-STWINBX1, STM320518-EVAL, STM32C0116-DK, STM32C011D6Y3TR, STM32C011D6Y6TR, STM32C011F4P3, STM32C011F4P6, STM32C011F4U3, STM32C011F4U6TR, STM32C011F6P3, STM32C011F6P6, STM32C011F6U3, STM32C011F6U6TR, STM32C011J4M3, STM32C011J4M6, STM32C011J6M3, STM32C011J6M6, STM32C0316-DK, STM32C031C4T3, STM32C031C4T6, STM32C031C4U3, STM32C031C4U6, STM32C031C6T3, STM32C031C6T6, STM32C031C6U3, STM32C031C6U6, STM32C031F4P3, STM32C031F4P6, STM32C031F6P3, STM32C031F6P6, STM32C031G4U3, STM32C031G4U6, STM32C031G6U3, STM32C031G6U6, STM32C031K4T3, STM32C031K4T6, STM32C031K4U3, STM32C031K4U6, STM32C031K6T3, STM32C031K6T6, STM32C031K6U3, STM32C031K6U6, STM32C071C8T6, STM32C071C8T6N, STM32C071C8U6, STM32C071C8U6N, STM32C071CBT6, STM32C071CBT6N, STM32C071CBU6, STM32C071CBU6N, STM32C071F8P6, STM32C071F8P6N, STM32C071FBP6, STM32C071FBP6N, STM32C071FBY6TR, STM32C071G8U6, STM32C071G8U6N, STM32C071GBU6, STM32C071GBU6N, STM32C071K8T6, STM32C071K8T6N, STM32C071K8U6, STM32C071K8U6N, STM32C071KBT6, STM32C071KBT6N, STM32C071KBU6, STM32C071KBU6N, STM32C071R8T6, STM32C071R8T6N, STM32C071RBI6N, STM32C071RBT6, STM32C071RBT6N, STM32G071K8TXN, STM32G071K8UXN, STM32G081GBU6N, STM32G081KBT6N, STM32G081KBUXN, STM32G0B1CCT6N, STM32G0B1KCT6, STM32G0B1NEY6TR, STM32G0B1RCT6N, STM32G0C1CCT6, STM32G0C1CCT6N, STM32G0C1CCU6N, STM32G0C1CET6N, STM32G0C1CEU6N, STM32G0C1KCT6, STM32G0C1NEY6TR, STM32G0C1RCI6N, STM32G0C1RCT6N, STM32G0C1REI6N, STM32G0C1RET6N, STM32G0C1VCI6, STM32G0C1VEI6, STM32G411C6T3, STM32G411C6T6, STM32G411C6U3, STM32G411C6U6, STM32G411C8T3, STM32G411C8T6, STM32G411C8U3, STM32G411C8U6, STM32G411CBT3, STM32G411CBT6, STM32G411CBU3, STM32G411CBU6, STM32G411K6T3, STM32G411K6T6, STM32G411K6U3, STM32G411K6U6, STM32G411K8T3, STM32G411K8T6, STM32G411K8U3, STM32G411K8U6, STM32G411KBT3, STM32G411KBT6, STM32G411KBU3, STM32G411KBU6, STM32G411M6T3, STM32G411M6T6, STM32G411M8T3, STM32G411M8T6, STM32G411MBT3, STM32G411MBT6, STM32G411R6T3, STM32G411R6T6, STM32G411R8T3, STM32G411R8T6, STM32G411RBT3, STM32G411RBT6, STM32G414CBT3, STM32G414CBT6, STM32G414CBU3, STM32G414CBU6, STM32G414CCT3, STM32G414CCT6, STM32G414CCU3, STM32G414CCU6, STM32G414MBT3, STM32G414MBT6, STM32G414MCT3, STM32G414MCT6, STM32G414RBT3, STM32G414RBT6, STM32G414RCT3, STM32G414RCT6, STM32G414VBT3, STM32G414VBT6, STM32G414VCT3, STM32G414VCT6, STM32G431CBT3Z, STM32G431RBT3Z, STM32G471CCT6, STM32G471CCU6, STM32G471CET3, STM32G471CET6, STM32G471CEU3, STM32G471CEU6, STM32G471MCT6, STM32G471MET3, STM32G471MET6, STM32G471MEY6TR, STM32G471QCT6, STM32G471QET3, STM32G471RCT6, STM32G471RET3, STM32G471RET6, STM32G471VCH6, STM32G471VCI6, STM32G471VCT6, STM32G471VEH3, STM32G471VEH6, STM32G471VEI3, STM32G471VEI6, STM32G471VET3, STM32G471VET6, STM32G473QET3Z, STM32G473RET3Z, STM32G474CCT6, STM32G491RET3Z, STM32H503CBT6, STM32H503CBU6, STM32H503EBY6TR, STM32H503KBU6, STM32H503RBT6, STM32H523CCT6, STM32H523CCU6, STM32H523CET6, STM32H523CEU6, STM32H523HEY6TR, STM32H523RCT6, STM32H523RET6, STM32H523VCI6, STM32H523VCT6, STM32H523VEI6, STM32H523VET6, STM32H523ZCJ6, STM32H523ZCT6, STM32H523ZEJ6, STM32H523ZET6, STM32H533CET6, STM32H533CEU6, STM32H533HEY6TR, STM32H533RET6, STM32H533VEI6, STM32H533VET6, STM32H533ZEJ6, STM32H533ZET6, STM32H562AGI6, STM32H562AII6, STM32H562IGK6, STM32H562IGT6, STM32H562IIK6, STM32H562IIT6, STM32H562RGT6, STM32H562RGV6, STM32H562RIT6, STM32H562RIV6, STM32H562VGT6, STM32H562VIT6, STM32H562ZGT6, STM32H562ZIT6, STM32H563AGI6, STM32H563AII3Q, STM32H563AII6, STM32H563IGK6, STM32H563IGT6, STM32H563IIK3Q, STM32H563IIK6, STM32H563IIT3Q, STM32H563IIT6, STM32H563MIY3QTR, STM32H563RGT6, STM32H563RGV6, STM32H563RIT6, STM32H563RIV6, STM32H563VGT6, STM32H563VIT3Q, STM32H563VIT6, STM32H563ZGT6, STM32H563ZIT3Q, STM32H563ZIT6, STM32H573AII3Q, STM32H573AII6, STM32H573I-DK, STM32H573IIK3Q, STM32H573IIK6, STM32H573IIT3Q, STM32H573IIT6, STM32H573MIY3QTR, STM32H573RIT6, STM32H573RIV6, STM32H573VIT3Q, STM32H573VIT6, STM32H573ZIT3Q, STM32H573ZIT6, STM32H7R3A8I6, STM32H7R3I8K6, STM32H7R3I8T6, STM32H7R3L8H6, STM32H7R3L8H6H, STM32H7R3R8V6, STM32H7R3V8H6, STM32H7R3V8T6, STM32H7R3V8Y6TR, STM32H7R3Z8J6, STM32H7R3Z8T6, STM32H7R7A8I6, STM32H7R7I8K6, STM32H7R7I8T6, STM32H7R7L8H6, STM32H7R7L8H6H, STM32H7R7Z8J6, STM32H7S3A8I6, STM32H7S3I8K6, STM32H7S3I8T6, STM32H7S3L8H6, STM32H7S3L8H6H, STM32H7S3R8V6, STM32H7S3V8H6, STM32H7S3V8T6, STM32H7S3V8Y6TR, STM32H7S3Z8J6, STM32H7S3Z8T6, STM32H7S78-DK, STM32H7S7A8I6, STM32H7S7I8K6, STM32H7S7I8T6, STM32H7S7L8H6, STM32H7S7L8H6H, STM32H7S7Z8J6, STM32L4R5QGI6STR, STM32MP131AAE3, STM32MP131AAF3, STM32MP131AAG3, STM32MP131CAE3, STM32MP131CAF3, STM32MP131CAG3, STM32MP131DAE7, STM32MP131DAF7, STM32MP131DAG7, STM32MP131FAE7, STM32MP131FAF7, STM32MP131FAG7, STM32MP133AAE3, STM32MP133AAF3, STM32MP133AAG3, STM32MP133CAE3, STM32MP133CAF3, STM32MP133CAG3, STM32MP133DAE7, STM32MP133DAF7, STM32MP133DAG7, STM32MP133FAE7, STM32MP133FAF7, STM32MP133FAG7, STM32MP135AAE3, STM32MP135AAF3, STM32MP135AAG3, STM32MP135CAE3, STM32MP135CAF3, STM32MP135CAG3, STM32MP135DAE7, STM32MP135DAF7, STM32MP135DAG7, STM32MP135F-DK, STM32MP135FAE7, STM32MP135FAF7, STM32MP135FAF7T, STM32MP135FAF7U, STM32MP135FAG7, STM32MP251AAI3, STM32MP251AAK3, STM32MP251AAL3, STM32MP251CAI3, STM32MP251CAK3, STM32MP251CAL3, STM32MP251DAI3, STM32MP251DAK3, STM32MP251DAL3, STM32MP251FAI3, STM32MP251FAK3, STM32MP251FAL3, STM32MP253AAI3, STM32MP253AAK3, STM32MP253AAL3, STM32MP253CAI3, STM32MP253CAK3, STM32MP253CAL3, STM32MP253DAI3, STM32MP253DAK3, STM32MP253DAL3, STM32MP253FAI3, STM32MP253FAK3, STM32MP253FAL3, STM32MP255AAI3, STM32MP255AAK3, STM32MP255AAL3, STM32MP255CAI3, STM32MP255CAK3, STM32MP255CAL3, STM32MP255DAI3, STM32MP255DAK3, STM32MP255DAL3, STM32MP255FAI3, STM32MP255FAK3, STM32MP255FAL3, STM32MP257AAI3, STM32MP257AAK3, STM32MP257AAL3, STM32MP257CAI3, STM32MP257CAK3, STM32MP257CAL3, STM32MP257DAI3, STM32MP257DAK3, STM32MP257DAL3, STM32MP257F-DK, STM32MP257F-EV1, STM32MP257FAI3, STM32MP257FAK3, STM32MP257FAL3, STM32U031C6T6, STM32U031C6U6, STM32U031C8T6, STM32U031C8U6, STM32U031F4P6, STM32U031F6P6, STM32U031F8P6, STM32U031G6Y6TR, STM32U031G8Y6TR, STM32U031K4U6, STM32U031K6U6, STM32U031K8U6, STM32U031R6I6, STM32U031R6T6, STM32U031R8I6, STM32U031R8T6, STM32U073C8T6, STM32U073C8U6, STM32U073CBT6, STM32U073CBU6, STM32U073CCT6, STM32U073CCU6, STM32U073H8Y6TR, STM32U073HBY6TR, STM32U073HCY6TR, STM32U073K8U6, STM32U073KBU6, STM32U073KCU6, STM32U073M8I6, STM32U073M8T6, STM32U073MBI6, STM32U073MBT6, STM32U073MCI6, STM32U073MCT6, STM32U073R8I6, STM32U073R8T6, STM32U073RBI6, STM32U073RBT6, STM32U073RCI6, STM32U073RCT6, STM32U083C-DK, STM32U083CCT6, STM32U083CCU6, STM32U083HCY6TR, STM32U083KCU6, STM32U083MCI6, STM32U083MCT6, STM32U083RCI6, STM32U083RCT6, STM32U535CBT6, STM32U535CBT6Q, STM32U535CBU6, STM32U535CBU6Q, STM32U535CCT6, STM32U535CCT6Q, STM32U535CCU6, STM32U535CCU6Q, STM32U535CET6, STM32U535CET6Q, STM32U535CEU6, STM32U535CEU6Q, STM32U535JEY6QTR, STM32U535NCY6QTR, STM32U535NEY6QTR, STM32U535RBI6, STM32U535RBI6Q, STM32U535RBT6, STM32U535RBT6Q, STM32U535RCI6, STM32U535RCI6Q, STM32U535RCT6, STM32U535RCT6Q, STM32U535REI6, STM32U535REI6Q, STM32U535RET6, STM32U535RET6Q, STM32U535VCI6, STM32U535VCI6Q, STM32U535VCT6, STM32U535VCT6Q, STM32U535VEI6, STM32U535VEI6Q, STM32U535VET6, STM32U535VET6Q, STM32U545CET6, STM32U545CET6Q, STM32U545CEU6, STM32U545CEU6Q, STM32U545JEY6QTR, STM32U545NEY6QTR, STM32U545REI6, STM32U545REI6Q, STM32U545RET6, STM32U545RET6Q, STM32U545VEI6, STM32U545VEI6Q, STM32U545VET6, STM32U545VET6Q, STM32U595AIH6, STM32U595AIH6Q, STM32U595AJH6, STM32U595AJH6Q, STM32U595QII6, STM32U595QII6Q, STM32U595QJI6, STM32U595QJI6Q, STM32U595RIT6, STM32U595RIT6Q, STM32U595RJT6, STM32U595RJT6Q, STM32U595VIT6, STM32U595VIT6Q, STM32U595VJT6, STM32U595VJT6Q, STM32U595ZIT6, STM32U595ZIT6Q, STM32U595ZIY6QTR, STM32U595ZJT6, STM32U595ZJT6Q, STM32U595ZJY6QTR, STM32U599BJY6QTR, STM32U599NIH6Q, STM32U599NJH6Q, STM32U599VIT6Q, STM32U599VJT6, STM32U599VJT6Q, STM32U599ZIT6Q, STM32U599ZIY6QTR, STM32U599ZJT6Q, STM32U599ZJY6QTR, STM32U5A5AJH6, STM32U5A5AJH6Q, STM32U5A5QII3Q , STM32U5A5QJI6, STM32U5A5QJI6Q, STM32U5A5RJT6, STM32U5A5RJT6Q, STM32U5A5VJT6, STM32U5A5VJT6Q, STM32U5A5ZJT6, STM32U5A5ZJT6Q, STM32U5A5ZJY6QTR, STM32U5A9BJY6QTR, STM32U5A9J-DK, STM32U5A9NJH6Q, STM32U5A9VJT6Q, STM32U5A9ZJT6Q, STM32U5A9ZJY6QTR, STM32U5F7VIT6, STM32U5F7VIT6Q, STM32U5F7VJT6, STM32U5F7VJT6Q, STM32U5F9BJY6QTR, STM32U5F9NJH6Q, STM32U5F9VIT6Q, STM32U5F9VJT6Q, STM32U5F9ZIJ6QTR, STM32U5F9ZIT6Q, STM32U5F9ZJJ6QTR, STM32U5F9ZJT6Q, STM32U5G7VJT6, STM32U5G7VJT6Q, STM32U5G9BJY6QTR, STM32U5G9J-DK1, STM32U5G9J-DK2, STM32U5G9NJH6Q, STM32U5G9VJT6Q, STM32U5G9ZJJ6QTR, STM32U5G9ZJT6Q, STM32WB05KZV6TR, STM32WB05KZV7TR, STM32WB05TZF6TR, STM32WB05TZF7TR, STM32WB06CCF6TR, STM32WB06CCF7TR, STM32WB06CCV6TR, STM32WB06CCV7TR, STM32WB06KCV6TR, STM32WB06KCV7TR, STM32WB07CCF6TR, STM32WB07CCF7TR, STM32WB07CCV6TR, STM32WB07CCV7TR, STM32WB07KCV6TR, STM32WB07KCV7TR, STM32WB09KEV6TR, STM32WB09KEV7TR, STM32WB09TEF6TR, STM32WB09TEF7TR, STM32WB1MMCH6, STM32WBA50KGU6, STM32WBA50KGU6TR, STM32WBA52CEU6, STM32WBA52CEU6TR, STM32WBA52CEU7, STM32WBA52CEU7TR, STM32WBA52CGU6, STM32WBA52CGU6TR, STM32WBA52CGU6U, STM32WBA52CGU7, STM32WBA52CGU7TR, STM32WBA52KEU6, STM32WBA52KEU6TR, STM32WBA52KGU6, STM32WBA52KGU6TR, STM32WBA54CEU6, STM32WBA54CEU6TR, STM32WBA54CEU7, STM32WBA54CEU7TR, STM32WBA54CGU6, STM32WBA54CGU6TR, STM32WBA54CGU7, STM32WBA54CGU7TR, STM32WBA54KEU6, STM32WBA54KEU6TR, STM32WBA54KEU7, STM32WBA54KEU7TR, STM32WBA54KGU6, STM32WBA54KGU6TR, STM32WBA54KGU7, STM32WBA54KGU7TR, STM32WBA55CEU6, STM32WBA55CEU6TR, STM32WBA55CEU7, STM32WBA55CEU7TR, STM32WBA55CGU6, STM32WBA55CGU6TR, STM32WBA55CGU6U, STM32WBA55CGU7, STM32WBA55CGU7TR, STM32WBA55G-DK1, STM32WBA55HEF6, STM32WBA55HEF7, STM32WBA55HGF6, STM32WBA55HGF7, STM32WBA55UEI6, STM32WBA55UEI6TR, STM32WBA55UEI7, STM32WBA55UEI7TR, STM32WBA55UGI6, STM32WBA55UGI6TR, STM32WBA55UGI7, STM32WBA55UGI7TR, STM32WL5MOCH6, STM32WL5MOCH6TR]
2024-12-02 16:02:40,978 [INFO] DbMcus:218 - Found 4389 MCUs, 4389 are supported
2024-12-02 16:02:40,980 [INFO] ApiDb:423 - Load user favorites file C:\Users\kohlmanz/.stm32cubeide/favorites.mcus.txt: 0 item(s)
2024-12-02 16:02:40,980 [INFO] ApiDb:427 - User favorites MCUs=[]
2024-12-02 16:02:40,981 [INFO] DbMcus:224 - Set 0 / 0 favorites MCUs
2024-12-02 16:02:42,102 [INFO] BoardInfo:889 - No configuration file found for board P-NUCLEO-WB55
2024-12-02 16:02:42,103 [INFO] DbBoards:161 - Kit is not supported: P-NUCLEO-WB55
2024-12-02 16:02:42,114 [INFO] BoardInfo:889 - No configuration file found for board STEVAL-BFA001V1B
2024-12-02 16:02:42,116 [INFO] DbBoards:161 - Kit is not supported: STEVAL-BFA001V1B
2024-12-02 16:02:42,119 [INFO] BoardInfo:889 - No configuration file found for board STEVAL-BFA001V2B
2024-12-02 16:02:42,120 [INFO] DbBoards:161 - Kit is not supported: STEVAL-BFA001V2B
2024-12-02 16:02:42,423 [INFO] DbBoards:168 - Found 201 boards, 198 are supported
2024-12-02 16:02:42,423 [INFO] DbBoards:169 - Found 201 boards, 25 of them is supported for  Bsp
2024-12-02 16:02:42,425 [INFO] ApiDb:423 - Load user favorites file C:\Users\kohlmanz/.stm32cubeide/favorites.boards.txt: 0 item(s)
2024-12-02 16:02:42,426 [INFO] ApiDb:427 - User favorites Boards=[]
2024-12-02 16:02:42,426 [INFO] DbBoards:198 - Set 0 / 0 favorites Boards
2024-12-02 16:02:43,227 [INFO] UtilMem:75 - End LoadConfig() Used Memory: 525051008 Bytes (837812224)
2024-12-02 16:02:43,479 [WARN] ThirdParty:833 - waiting for thirdparty lock release [change project]
2024-12-02 16:02:43,480 [INFO] ThirdParty:835 - entering critical section [change project]
2024-12-02 16:02:43,480 [INFO] ThirdParty:1030 - CMSIS Pack Vendor :STMicroelectronics USBPD 4.1
2024-12-02 16:02:43,480 [INFO] ThirdParty:1030 - CMSIS Pack Vendor :STMicroelectronics X-CUBE-AZRTOS-H7 3.3.0
2024-12-02 16:02:43,480 [INFO] ThirdParty:1030 - CMSIS Pack Vendor :STMicroelectronics X-CUBE-NFC9 1.0.0
2024-12-02 16:02:43,480 [INFO] ThirdParty:1030 - CMSIS Pack Vendor :STMicroelectronics X-CUBE-GNSS1 6.0.0
2024-12-02 16:02:43,480 [INFO] ThirdParty:1030 - CMSIS Pack Vendor :STMicroelectronics USB_HOST 2.0.0
2024-12-02 16:02:43,480 [INFO] ThirdParty:1030 - CMSIS Pack Vendor :STMicroelectronics FP-SNS-MOTENVWB1 1.4.0
2024-12-02 16:02:43,480 [INFO] ThirdParty:1030 - CMSIS Pack Vendor :STMicroelectronics X-CUBE-AZRTOS-F4 1.1.0
2024-12-02 16:02:43,480 [INFO] ThirdParty:1030 - CMSIS Pack Vendor :STMicroelectronics LIBJPEG 8.0.0
2024-12-02 16:02:43,480 [INFO] ThirdParty:1030 - CMSIS Pack Vendor :STMicroelectronics FP-ATR-ASTRA1 2.0.1
2024-12-02 16:02:43,480 [INFO] ThirdParty:1030 - CMSIS Pack Vendor :STMicroelectronics X-CUBE-SMBUS 2.1.0
2024-12-02 16:02:43,480 [INFO] ThirdParty:1030 - CMSIS Pack Vendor :STMicroelectronics X-CUBE-WB05N 1.1.0
2024-12-02 16:02:43,480 [INFO] ThirdParty:1030 - CMSIS Pack Vendor :STMicroelectronics USB_DEVICE 3.0.0
2024-12-02 16:02:43,480 [INFO] ThirdParty:1030 - CMSIS Pack Vendor :STMicroelectronics X-CUBE-TCPP 4.1.0
2024-12-02 16:02:43,482 [INFO] ThirdParty:1030 - CMSIS Pack Vendor :STMicroelectronics X-CUBE-ISPU 2.1.0
2024-12-02 16:02:43,482 [INFO] ThirdParty:1030 - CMSIS Pack Vendor :STMicroelectronics X-CUBE-FREERTOS 1.2.0
2024-12-02 16:02:43,482 [INFO] ThirdParty:1030 - CMSIS Pack Vendor :STMicroelectronics X-CUBE-IPS 3.0.0
2024-12-02 16:02:43,482 [INFO] ThirdParty:1030 - CMSIS Pack Vendor :STMicroelectronics X-CUBE-AZRTOS-WB 2.0.0
2024-12-02 16:02:43,483 [INFO] ThirdParty:1030 - CMSIS Pack Vendor :wolfSSL I-CUBE-wolfSSL 5.6.6
2024-12-02 16:02:43,483 [INFO] ThirdParty:1030 - CMSIS Pack Vendor :STMicroelectronics X-CUBE-GNSS1 7.0.0
2024-12-02 16:02:43,483 [INFO] ThirdParty:1030 - CMSIS Pack Vendor :STMicroelectronics X-CUBE-TOUCHGFX 4.23.0
2024-12-02 16:02:43,483 [INFO] ThirdParty:1030 - CMSIS Pack Vendor :STMicroelectronics X-CUBE-AZRTOS-F7 1.1.0
2024-12-02 16:02:43,483 [INFO] ThirdParty:1030 - CMSIS Pack Vendor :STMicroelectronics X-CUBE-AZRTOS-L5 2.0.0
2024-12-02 16:02:43,483 [INFO] ThirdParty:1030 - CMSIS Pack Vendor :STMicroelectronics USB_DEVICE 2.0.0
2024-12-02 16:02:43,484 [INFO] ThirdParty:1030 - CMSIS Pack Vendor :STMicroelectronics X-CUBE-EEPRMA1 4.2.0
2024-12-02 16:02:43,484 [INFO] ThirdParty:1030 - CMSIS Pack Vendor :STMicroelectronics X-CUBE-NFC6 3.1.0
2024-12-02 16:02:43,484 [INFO] ThirdParty:1030 - CMSIS Pack Vendor :ITTIA_DB I-CUBE-ITTIADB 8.8.0
2024-12-02 16:02:43,484 [INFO] ThirdParty:1030 - CMSIS Pack Vendor :STMicroelectronics FP-SNS-STBOX1 2.0.0
2024-12-02 16:02:43,484 [INFO] ThirdParty:1030 - CMSIS Pack Vendor :STMicroelectronics FP-SNS-MOTENV1 4.3.2
2024-12-02 16:02:43,484 [INFO] ThirdParty:1030 - CMSIS Pack Vendor :STMicroelectronics X-CUBE-ALGOBUILD 1.3.0
2024-12-02 16:02:43,484 [INFO] ThirdParty:1030 - CMSIS Pack Vendor :STMicroelectronics X-CUBE-MEMS1 11.0.0
2024-12-02 16:02:43,484 [INFO] ThirdParty:1030 - CMSIS Pack Vendor :STMicroelectronics FreeRTOS 0.0.1
2024-12-02 16:02:43,484 [INFO] ThirdParty:1030 - CMSIS Pack Vendor :STMicroelectronics X-CUBE-AZRTOS-G0 1.1.0
2024-12-02 16:02:43,484 [INFO] ThirdParty:1030 - CMSIS Pack Vendor :STMicroelectronics X-CUBE-SAFEA1 1.2.2
2024-12-02 16:02:43,484 [INFO] ThirdParty:1030 - CMSIS Pack Vendor :STMicroelectronics X-CUBE-NFC4 3.0.0
2024-12-02 16:02:43,484 [INFO] ThirdParty:1030 - CMSIS Pack Vendor :STMicroelectronics X-CUBE-DPower 1.2.0
2024-12-02 16:02:43,484 [INFO] ThirdParty:1030 - CMSIS Pack Vendor :STMicroelectronics X-CUBE-SUBG2 5.0.0
2024-12-02 16:02:43,484 [INFO] ThirdParty:1030 - CMSIS Pack Vendor :STMicroelectronics STM32_WPAN 1.0.0
2024-12-02 16:02:43,484 [INFO] ThirdParty:1030 - CMSIS Pack Vendor :EmbeddedOffice I-CUBE-FS-RTOS 1.0.1
2024-12-02 16:02:43,484 [INFO] ThirdParty:1030 - CMSIS Pack Vendor :STMicroelectronics lwIP 2.0.3
2024-12-02 16:02:43,484 [INFO] ThirdParty:1030 - CMSIS Pack Vendor :STMicroelectronics FP-SNS-FLIGHT1 5.0.2
2024-12-02 16:02:43,484 [INFO] ThirdParty:1030 - CMSIS Pack Vendor :Cesanta I-CUBE-Mongoose 7.13.0
2024-12-02 16:02:43,484 [INFO] ThirdParty:1030 - CMSIS Pack Vendor :STMicroelectronics USB_HOST 1.0.0
2024-12-02 16:02:43,484 [INFO] ThirdParty:1030 - CMSIS Pack Vendor :STMicroelectronics X-CUBE-AI 9.0.0
2024-12-02 16:02:43,484 [INFO] ThirdParty:1030 - CMSIS Pack Vendor :STMicroelectronics X-CUBE-AZRTOS-G4 2.0.0
2024-12-02 16:02:43,484 [INFO] ThirdParty:1030 - CMSIS Pack Vendor :STMicroelectronics PDM2PCM 3.1.0
2024-12-02 16:02:43,484 [INFO] ThirdParty:1030 - CMSIS Pack Vendor :Infineon AIROC-Wi-Fi-Bluetooth-STM32 1.5.1
2024-12-02 16:02:43,484 [INFO] ThirdParty:1030 - CMSIS Pack Vendor :STMicroelectronics X-CUBE-BLEMGR 3.0.0
2024-12-02 16:02:43,485 [INFO] ThirdParty:1030 - CMSIS Pack Vendor :STMicroelectronics PDM2PCM 3.3.0
2024-12-02 16:02:43,485 [INFO] ThirdParty:1030 - CMSIS Pack Vendor :STMicroelectronics X-CUBE-DISPLAY 3.0.0
2024-12-02 16:02:43,485 [INFO] ThirdParty:1030 - CMSIS Pack Vendor :RealThread X-CUBE-RT-Thread_Nano 4.1.1
2024-12-02 16:02:43,485 [INFO] ThirdParty:1030 - CMSIS Pack Vendor :STMicroelectronics FP-SNS-MOTENVWB1 1.3.1
2024-12-02 16:02:43,485 [INFO] ThirdParty:1030 - CMSIS Pack Vendor :STMicroelectronics X-CUBE-BLE1 7.0.0
2024-12-02 16:02:43,485 [INFO] ThirdParty:1030 - CMSIS Pack Vendor :STMicroelectronics FP-ATR-SIGFOX1 3.2.0
2024-12-02 16:02:43,485 [INFO] ThirdParty:1030 - CMSIS Pack Vendor :STMicroelectronics X-CUBE-NFC10 1.0.0
2024-12-02 16:02:43,485 [INFO] ThirdParty:1030 - CMSIS Pack Vendor :quantropi X-CUBE-qispace-sdk-base 1.9.3
2024-12-02 16:02:43,485 [INFO] ThirdParty:1030 - CMSIS Pack Vendor :STMicroelectronics X-CUBE-ISPU 2.0.0
2024-12-02 16:02:43,485 [INFO] ThirdParty:1030 - CMSIS Pack Vendor :STMicroelectronics X-CUBE-EEPRMA1 5.1.0
2024-12-02 16:02:43,485 [INFO] ThirdParty:1030 - CMSIS Pack Vendor :STMicroelectronics HAL Drivers 0.0.0
2024-12-02 16:02:43,485 [INFO] ThirdParty:1030 - CMSIS Pack Vendor :STMicroelectronics MBEDTLS 2.16.2
2024-12-02 16:02:43,485 [INFO] ThirdParty:1030 - CMSIS Pack Vendor :STMicroelectronics X-CUBE-ALS 1.0.2
2024-12-02 16:02:43,485 [INFO] ThirdParty:1030 - CMSIS Pack Vendor :emotas I-CUBE-CANOPEN 1.3.0
2024-12-02 16:02:43,485 [INFO] ThirdParty:1030 - CMSIS Pack Vendor :STMicroelectronics X-CUBE-MEMS1 10.0.0
2024-12-02 16:02:43,485 [INFO] ThirdParty:1030 - CMSIS Pack Vendor :STMicroelectronics X-CUBE-FREERTOS 1.1.0
2024-12-02 16:02:43,485 [INFO] ThirdParty:1030 - CMSIS Pack Vendor :STMicroelectronics X-CUBE-NFC7 1.0.1
2024-12-02 16:02:43,485 [INFO] ThirdParty:1030 - CMSIS Pack Vendor :STMicroelectronics MBEDTLS 2.14.1
2024-12-02 16:02:43,485 [INFO] ThirdParty:1030 - CMSIS Pack Vendor :STMicroelectronics X-CUBE-TOUCHGFX 4.24.0
2024-12-02 16:02:43,485 [INFO] ThirdParty:1030 - CMSIS Pack Vendor :STMicroelectronics X-CUBE-TOUCHGFX 4.24.1
2024-12-02 16:02:43,485 [INFO] ThirdParty:1030 - CMSIS Pack Vendor :STMicroelectronics X-CUBE-NFC6 3.0.0
2024-12-02 16:02:43,485 [INFO] ThirdParty:1030 - CMSIS Pack Vendor :wolfSSL I-CUBE-wolfTPM 3.4.0
2024-12-02 16:02:43,485 [INFO] ThirdParty:1030 - CMSIS Pack Vendor :portGmbH I-Cube-SoM-uGOAL 1.1.0
2024-12-02 16:02:43,485 [INFO] ThirdParty:1030 - CMSIS Pack Vendor :STMicroelectronics X-CUBE-ALS 1.0.1
2024-12-02 16:02:43,485 [INFO] ThirdParty:1030 - CMSIS Pack Vendor :STMicroelectronics X-CUBE-BLEMGR 3.1.0
2024-12-02 16:02:43,485 [INFO] ThirdParty:1030 - CMSIS Pack Vendor :STMicroelectronics ThreadX 1.0.0
2024-12-02 16:02:43,485 [INFO] ThirdParty:1030 - CMSIS Pack Vendor :STMicroelectronics FP-SNS-SMARTAG2 1.2.0
2024-12-02 16:02:43,485 [INFO] ThirdParty:1030 - CMSIS Pack Vendor :STMicroelectronics X-CUBE-AZRTOS-WL 2.0.0
2024-12-02 16:02:43,486 [INFO] ThirdParty:1030 - CMSIS Pack Vendor :SEGGER I-CUBE-embOS 1.3.1
2024-12-02 16:02:43,486 [INFO] ThirdParty:1030 - CMSIS Pack Vendor :STMicroelectronics X-CUBE-ALGOBUILD 1.4.0
2024-12-02 16:02:43,486 [INFO] ThirdParty:1030 - CMSIS Pack Vendor :STMicroelectronics FP-SNS-MOTENV1 5.0.0
2024-12-02 16:02:43,486 [INFO] ThirdParty:1030 - CMSIS Pack Vendor :STMicroelectronics USB_DEVICE 1.0.0
2024-12-02 16:02:43,486 [INFO] ThirdParty:1030 - CMSIS Pack Vendor :STMicroelectronics X-CUBE-AI 8.1.0
2024-12-02 16:02:43,486 [INFO] ThirdParty:1030 - CMSIS Pack Vendor :STMicroelectronics X-CUBE-AZRTOS-H7RS 1.0.0
2024-12-02 16:02:43,486 [INFO] ThirdParty:1030 - CMSIS Pack Vendor :wolfSSL I-CUBE-wolfMQTT 1.19.0
2024-12-02 16:02:43,486 [INFO] ThirdParty:1030 - CMSIS Pack Vendor :STMicroelectronics X-CUBE-AZRTOS-L4 2.0.0
2024-12-02 16:02:43,486 [INFO] ThirdParty:1030 - CMSIS Pack Vendor :STMicroelectronics ThreadX 0.0.2
2024-12-02 16:02:43,486 [INFO] ThirdParty:1030 - CMSIS Pack Vendor :WES I-CUBE-Cesium 1.3.0
2024-12-02 16:02:43,486 [INFO] ThirdParty:1030 - CMSIS Pack Vendor :STMicroelectronics FP-ATR-ASTRA1 2.0.0
2024-12-02 16:02:43,486 [INFO] ThirdParty:1030 - CMSIS Pack Vendor :STMicroelectronics lwIP 2.1.2
2024-12-02 16:02:43,486 [INFO] ThirdParty:1030 - CMSIS Pack Vendor :STMicroelectronics X-CUBE-SFXS2LP1 4.0.0
2024-12-02 16:02:43,486 [INFO] ThirdParty:1030 - CMSIS Pack Vendor :STMicroelectronics X-CUBE-BLE2 3.3.0
2024-12-02 16:02:43,486 [INFO] ThirdParty:1030 - CMSIS Pack Vendor :STMicroelectronics X-CUBE-TOF1 3.4.2
2024-12-02 16:02:43,486 [INFO] ThirdParty:1030 - CMSIS Pack Vendor :STMicroelectronics X-CUBE-AI 9.1.0
2024-12-02 16:02:43,486 [INFO] ThirdParty:1030 - CMSIS Pack Vendor :STMicroelectronics X-CUBE-TOF1 3.4.0
2024-12-02 16:02:43,486 [INFO] ThirdParty:1030 - CMSIS Pack Vendor :STMicroelectronics X-CUBE-TOF1 3.4.1
2024-12-02 16:02:43,486 [INFO] ThirdParty:1030 - CMSIS Pack Vendor :STMicroelectronics X-CUBE-AZRTOS-H7 3.2.0
2024-12-02 16:02:43,486 [INFO] ThirdParty:1030 - CMSIS Pack Vendor :STMicroelectronics PDM2PCM 3.2.0
2024-12-02 16:02:43,486 [INFO] ThirdParty:1030 - CMSIS Pack Vendor :wolfSSL I-CUBE-wolfSSH 1.4.17
2024-12-02 16:02:43,486 [INFO] ThirdParty:841 - exiting critical section [change project]
2024-12-02 16:02:44,863 [INFO] PinOutPanel:1561 - setPackage(No Configuration,No Configuration)
2024-12-02 16:02:44,866 [INFO] PinOutPanel:1561 - setPackage(STM32G491RETx,LQFP64)
2024-12-02 16:02:46,403 [INFO] UtilMem:75 - Before build in PCC Used Memory: 550375424 Bytes (837812224)
2024-12-02 16:02:51,065 [INFO] UtilMem:75 - After build in PCC Used Memory: 691548464 Bytes (926941184)
2024-12-02 16:02:51,170 [INFO] IPUIPlugin:80 - create IPUIPlugin
2024-12-02 16:02:51,170 [INFO] IPUIPlugin:80 - create IPUIPlugin
2024-12-02 16:02:51,170 [INFO] IPUIPlugin:80 - create IPUIPlugin
2024-12-02 16:02:51,170 [INFO] IPUIPlugin:80 - create IPUIPlugin
2024-12-02 16:02:51,170 [INFO] IPUIPlugin:80 - create IPUIPlugin
2024-12-02 16:02:51,170 [INFO] IPUIPlugin:80 - create IPUIPlugin
2024-12-02 16:02:51,170 [INFO] IPUIPlugin:80 - create IPUIPlugin
2024-12-02 16:02:51,171 [INFO] IPUIPlugin:80 - create IPUIPlugin
2024-12-02 16:02:51,171 [INFO] IPUIPlugin:80 - create IPUIPlugin
2024-12-02 16:02:51,171 [INFO] IPUIPlugin:80 - create IPUIPlugin
2024-12-02 16:02:51,171 [INFO] IPUIPlugin:80 - create IPUIPlugin
2024-12-02 16:02:51,171 [INFO] IPUIPlugin:80 - create IPUIPlugin
2024-12-02 16:02:51,171 [INFO] IPUIPlugin:80 - create IPUIPlugin
2024-12-02 16:02:51,171 [INFO] IPUIPlugin:80 - create IPUIPlugin
2024-12-02 16:02:51,171 [INFO] IPUIPlugin:80 - create IPUIPlugin
2024-12-02 16:02:51,171 [INFO] IPUIPlugin:80 - create IPUIPlugin
2024-12-02 16:02:51,171 [INFO] IPUIPlugin:80 - create IPUIPlugin
2024-12-02 16:02:51,171 [INFO] IPUIPlugin:80 - create IPUIPlugin
2024-12-02 16:02:51,172 [INFO] IPUIPlugin:80 - create IPUIPlugin
2024-12-02 16:02:51,172 [INFO] IPUIPlugin:80 - create IPUIPlugin
2024-12-02 16:02:51,172 [INFO] IPUIPlugin:80 - create IPUIPlugin
2024-12-02 16:02:51,172 [INFO] IPUIPlugin:80 - create IPUIPlugin
2024-12-02 16:02:51,172 [INFO] IPUIPlugin:80 - create IPUIPlugin
2024-12-02 16:02:51,172 [INFO] IPUIPlugin:80 - create IPUIPlugin
2024-12-02 16:02:51,172 [INFO] IPUIPlugin:80 - create IPUIPlugin
2024-12-02 16:02:51,172 [INFO] IPUIPlugin:80 - create IPUIPlugin
2024-12-02 16:02:51,173 [INFO] IPUIPlugin:80 - create IPUIPlugin
2024-12-02 16:02:51,173 [INFO] IPUIPlugin:80 - create IPUIPlugin
2024-12-02 16:02:51,173 [INFO] IPUIPlugin:80 - create IPUIPlugin
2024-12-02 16:02:51,173 [INFO] IPUIPlugin:80 - create IPUIPlugin
2024-12-02 16:02:51,173 [INFO] IPUIPlugin:80 - create IPUIPlugin
2024-12-02 16:02:51,174 [INFO] IPUIPlugin:80 - create IPUIPlugin
2024-12-02 16:02:51,174 [INFO] IPUIPlugin:80 - create IPUIPlugin
2024-12-02 16:02:51,174 [INFO] IPUIPlugin:80 - create IPUIPlugin
2024-12-02 16:02:51,174 [INFO] IPUIPlugin:80 - create IPUIPlugin
2024-12-02 16:02:51,174 [INFO] IPUIPlugin:80 - create IPUIPlugin
2024-12-02 16:02:51,174 [INFO] IPUIPlugin:80 - create IPUIPlugin
2024-12-02 16:02:51,175 [INFO] IPUIPlugin:80 - create IPUIPlugin
2024-12-02 16:02:51,175 [INFO] IPUIPlugin:80 - create IPUIPlugin
2024-12-02 16:02:51,175 [INFO] IPUIPlugin:80 - create IPUIPlugin
2024-12-02 16:02:51,175 [INFO] IPUIPlugin:80 - create IPUIPlugin
2024-12-02 16:02:51,175 [INFO] IPUIPlugin:80 - create IPUIPlugin
2024-12-02 16:02:51,176 [INFO] IPUIPlugin:80 - create IPUIPlugin
2024-12-02 16:02:51,176 [INFO] IPUIPlugin:80 - create IPUIPlugin
2024-12-02 16:02:51,177 [INFO] IPUIPlugin:80 - create IPUIPlugin
2024-12-02 16:02:51,177 [INFO] IPUIPlugin:80 - create IPUIPlugin
2024-12-02 16:02:51,178 [INFO] IPUIPlugin:80 - create IPUIPlugin
2024-12-02 16:02:51,178 [INFO] IPUIPlugin:80 - create IPUIPlugin
2024-12-02 16:02:51,178 [INFO] IPUIPlugin:80 - create IPUIPlugin
2024-12-02 16:02:51,179 [INFO] IPUIPlugin:80 - create IPUIPlugin
2024-12-02 16:02:51,179 [INFO] IPUIPlugin:80 - create IPUIPlugin
2024-12-02 16:02:51,179 [INFO] IPUIPlugin:80 - create IPUIPlugin
2024-12-02 16:02:51,180 [INFO] IPUIPlugin:80 - create IPUIPlugin
2024-12-02 16:02:51,180 [INFO] IPUIPlugin:80 - create IPUIPlugin
2024-12-02 16:02:51,180 [INFO] IPUIPlugin:80 - create IPUIPlugin
2024-12-02 16:02:51,181 [INFO] IPUIPlugin:80 - create IPUIPlugin
2024-12-02 16:02:51,181 [INFO] IPUIPlugin:80 - create IPUIPlugin
2024-12-02 16:02:51,182 [INFO] IPUIPlugin:80 - create IPUIPlugin
2024-12-02 16:02:51,182 [INFO] IPUIPlugin:80 - create IPUIPlugin
2024-12-02 16:02:51,182 [INFO] IPUIPlugin:80 - create IPUIPlugin
2024-12-02 16:02:51,183 [INFO] IPUIPlugin:80 - create IPUIPlugin
2024-12-02 16:02:51,186 [INFO] IPUIPlugin:80 - create IPUIPlugin
2024-12-02 16:02:51,186 [INFO] IPUIPlugin:80 - create IPUIPlugin
2024-12-02 16:02:51,186 [INFO] IPUIPlugin:80 - create IPUIPlugin
2024-12-02 16:02:51,187 [INFO] IPUIPlugin:80 - create IPUIPlugin
2024-12-02 16:02:51,276 [WARN] IP:2191 - MessageRAMOffset not found: check if there is a RefParameter without a condition.
2024-12-02 16:02:51,276 [WARN] IP:2191 - RxFifo0ElmtsNbr not found: check if there is a RefParameter without a condition.
2024-12-02 16:02:51,276 [WARN] IP:2191 - RxFifo0ElmtSize not found: check if there is a RefParameter without a condition.
2024-12-02 16:02:51,276 [WARN] IP:2191 - RxFifo1ElmtsNbr not found: check if there is a RefParameter without a condition.
2024-12-02 16:02:51,276 [WARN] IP:2191 - RxFifo1ElmtSize not found: check if there is a RefParameter without a condition.
2024-12-02 16:02:51,276 [WARN] IP:2191 - RxBuffersNbr not found: check if there is a RefParameter without a condition.
2024-12-02 16:02:51,276 [WARN] IP:2191 - RxBufferSize not found: check if there is a RefParameter without a condition.
2024-12-02 16:02:51,276 [WARN] IP:2191 - TxEventsNbr not found: check if there is a RefParameter without a condition.
2024-12-02 16:02:51,276 [WARN] IP:2191 - TxBuffersNbr not found: check if there is a RefParameter without a condition.
2024-12-02 16:02:51,276 [WARN] IP:2191 - TxFifoQueueElmtsNbr not found: check if there is a RefParameter without a condition.
2024-12-02 16:02:51,276 [WARN] IP:2191 - TxElmtSize not found: check if there is a RefParameter without a condition.
2024-12-02 16:02:51,276 [WARN] IP:2191 - ClockCalibrationCCU not found: check if there is a RefParameter without a condition.
2024-12-02 16:02:51,277 [WARN] IP:2191 - ClockDividerCCU not found: check if there is a RefParameter without a condition.
2024-12-02 16:02:51,277 [WARN] IP:2191 - MinOscClkPeriodsCCU not found: check if there is a RefParameter without a condition.
2024-12-02 16:02:51,277 [WARN] IP:2191 - TimeQuantaPerBitTimeCCU not found: check if there is a RefParameter without a condition.
2024-12-02 16:02:51,277 [WARN] IP:2191 - WatchdogStartValueCCU not found: check if there is a RefParameter without a condition.
2024-12-02 16:02:51,339 [INFO] LogOutputStream:77 - [STDOUT_REDIRECT] Nominal 
2024-12-02 16:02:51,340 [INFO] Can:71 - Can Add PropertyChangeListener com.st.microxplorer.plugins.ip.can.Can@24bfddf7
2024-12-02 16:02:52,364 [INFO] CADModel:165 - CPN selected for project levelSTM32G491RET6
2024-12-02 16:02:52,364 [INFO] CADModel:114 - Register for checkConnection events
2024-12-02 16:02:52,415 [INFO] OpenFileManager:363 - Restore cursor
2024-12-02 16:02:52,968 [WARN] IP:2191 - MessageRAMOffset not found: check if there is a RefParameter without a condition.
2024-12-02 16:02:52,968 [WARN] IP:2191 - RxFifo0ElmtsNbr not found: check if there is a RefParameter without a condition.
2024-12-02 16:02:52,968 [WARN] IP:2191 - RxFifo0ElmtSize not found: check if there is a RefParameter without a condition.
2024-12-02 16:02:52,968 [WARN] IP:2191 - RxFifo1ElmtsNbr not found: check if there is a RefParameter without a condition.
2024-12-02 16:02:52,968 [WARN] IP:2191 - RxFifo1ElmtSize not found: check if there is a RefParameter without a condition.
2024-12-02 16:02:52,968 [WARN] IP:2191 - RxBuffersNbr not found: check if there is a RefParameter without a condition.
2024-12-02 16:02:52,968 [WARN] IP:2191 - RxBufferSize not found: check if there is a RefParameter without a condition.
2024-12-02 16:02:52,968 [WARN] IP:2191 - TxEventsNbr not found: check if there is a RefParameter without a condition.
2024-12-02 16:02:52,968 [WARN] IP:2191 - TxBuffersNbr not found: check if there is a RefParameter without a condition.
2024-12-02 16:02:52,968 [WARN] IP:2191 - TxFifoQueueElmtsNbr not found: check if there is a RefParameter without a condition.
2024-12-02 16:02:52,968 [WARN] IP:2191 - TxElmtSize not found: check if there is a RefParameter without a condition.
2024-12-02 16:02:52,968 [WARN] IP:2191 - ClockCalibrationCCU not found: check if there is a RefParameter without a condition.
2024-12-02 16:02:52,968 [WARN] IP:2191 - ClockDividerCCU not found: check if there is a RefParameter without a condition.
2024-12-02 16:02:52,968 [WARN] IP:2191 - MinOscClkPeriodsCCU not found: check if there is a RefParameter without a condition.
2024-12-02 16:02:52,968 [WARN] IP:2191 - TimeQuantaPerBitTimeCCU not found: check if there is a RefParameter without a condition.
2024-12-02 16:02:52,968 [WARN] IP:2191 - WatchdogStartValueCCU not found: check if there is a RefParameter without a condition.
2024-12-02 19:49:29,711 [INFO] WebApp:189 - Connection lost
2024-12-02 19:49:30,110 [INFO] WebApp:186 - Connection restablished
