2024-10-14 07:19:43,781 [INFO] Activator:176 - 


2024-10-14 07:19:43,787 [INFO] Activator:177 - !SESSION log4j initialized
2024-10-14 07:19:50,449 [INFO] LogOutputStream:77 - [STDOUT_REDIRECT] 
2024-10-14 07:19:52,294 [INFO] ApplicationProperties:184 - Using Application install path: C:\ST\STM32CubeIDE_1.16.0\STM32CubeIDE\plugins\com.st.stm32cube.common.mx_6.12.1.202409122256
2024-10-14 07:19:52,331 [INFO] DbMcusXml:78 - Set database path to: C:\ST\STM32CubeIDE_1.16.0\STM32CubeIDE\plugins\com.st.stm32cube.common.mx_6.12.1.202409122256\\db\/mcu/
2024-10-14 07:19:52,332 [INFO] ApiDb:274 - Set plugin database path to: C:\ST\STM32CubeIDE_1.16.0\STM32CubeIDE\plugins\com.st.stm32cube.common.mx_6.12.1.202409122256\\db\/plugins/boardmanager/
2024-10-14 07:19:52,333 [WARN] ApiDb:259 - Overriding images path with different value:  => C:\ST\STM32CubeIDE_1.16.0\STM32CubeIDE\plugins\com.st.stm32cube.common.mx_6.12.1.202409122256\\db\/plugins/mcufinder/images/
2024-10-14 07:19:52,349 [INFO] ApiDb:250 - Set database path to: C:\Users\kohlmanz\.stmcufinder\plugins\mcufinder//mcu/
2024-10-14 07:19:52,351 [INFO] DbMcusAds:125 - Set database path to: C:\Users\kohlmanz\.stmcufinder\plugins\mcufinder//mcu/
2024-10-14 07:19:52,356 [INFO] CrossReferenceDbSqlite:203 - Set database path to: C:\Users\kohlmanz\.stmcufinder\plugins\mcufinder//mcu/cs/
2024-10-14 07:19:52,491 [INFO] RulesReader:64 - Compatibility file has been processed (297 Rules)
2024-10-14 07:19:52,621 [INFO] DbMcusXml:78 - Set database path to: C:\ST\STM32CubeIDE_1.16.0\STM32CubeIDE\plugins\com.st.stm32cube.common.mx_6.12.1.202409122256\\db\/mcu/
2024-10-14 07:19:52,622 [INFO] ApiDb:274 - Set plugin database path to: C:\ST\STM32CubeIDE_1.16.0\STM32CubeIDE\plugins\com.st.stm32cube.common.mx_6.12.1.202409122256\\db\/plugins/boardmanager/
2024-10-14 07:19:52,622 [INFO] ApiDb:261 - Set plugin images path to: C:\ST\STM32CubeIDE_1.16.0\STM32CubeIDE\plugins\com.st.stm32cube.common.mx_6.12.1.202409122256\\db\/plugins/mcufinder/images/
2024-10-14 07:19:52,622 [WARN] DbFile:41 - Overriding database path with different value: C:\Users\kohlmanz\.stmcufinder\plugins\mcufinder/ => C:\Users\kohlmanz\.stmcufinder\plugins\mcufinder
2024-10-14 07:19:52,623 [INFO] ApiDb:250 - Set database path to: C:\Users\kohlmanz\.stmcufinder\plugins\mcufinder//mcu/
2024-10-14 07:19:52,623 [WARN] DbFile:41 - Overriding database path with different value: C:\Users\kohlmanz\.stmcufinder\plugins\mcufinder/ => C:\Users\kohlmanz\.stmcufinder\plugins\mcufinder
2024-10-14 07:19:52,623 [INFO] DbMcusAds:125 - Set database path to: C:\Users\kohlmanz\.stmcufinder\plugins\mcufinder//mcu/
2024-10-14 07:19:52,623 [WARN] DbFile:41 - Overriding database path with different value: C:\Users\kohlmanz\.stmcufinder\plugins\mcufinder/ => C:\Users\kohlmanz\.stmcufinder\plugins\mcufinder
2024-10-14 07:19:52,623 [WARN] DbFile:41 - Overriding database path with different value: C:\Users\kohlmanz\.stmcufinder\plugins\mcufinder/ => C:\Users\kohlmanz\.stmcufinder\plugins\mcufinder
2024-10-14 07:19:52,623 [INFO] CrossReferenceDbSqlite:203 - Set database path to: C:\Users\kohlmanz\.stmcufinder\plugins\mcufinder//mcu/cs/
2024-10-14 07:19:52,776 [INFO] MainPanel:268 - HeapMemory: 268435456
2024-10-14 07:19:52,972 [INFO] DbMcusXml:78 - Set database path to: C:\ST\STM32CubeIDE_1.16.0\STM32CubeIDE\plugins\com.st.stm32cube.common.mx_6.12.1.202409122256\\db\/mcu/
2024-10-14 07:19:52,972 [INFO] ApiDb:274 - Set plugin database path to: C:\ST\STM32CubeIDE_1.16.0\STM32CubeIDE\plugins\com.st.stm32cube.common.mx_6.12.1.202409122256\\db\/plugins/boardmanager/
2024-10-14 07:19:52,972 [INFO] ApiDb:261 - Set plugin images path to: C:\ST\STM32CubeIDE_1.16.0\STM32CubeIDE\plugins\com.st.stm32cube.common.mx_6.12.1.202409122256\\db\/plugins/mcufinder/images/
2024-10-14 07:19:52,974 [WARN] DbFile:41 - Overriding database path with different value: C:\Users\kohlmanz\.stmcufinder\plugins\mcufinder/ => C:\Users\kohlmanz\.stmcufinder\plugins\mcufinder
2024-10-14 07:19:52,974 [INFO] ApiDb:250 - Set database path to: C:\Users\kohlmanz\.stmcufinder\plugins\mcufinder//mcu/
2024-10-14 07:19:52,974 [WARN] DbFile:41 - Overriding database path with different value: C:\Users\kohlmanz\.stmcufinder\plugins\mcufinder/ => C:\Users\kohlmanz\.stmcufinder\plugins\mcufinder
2024-10-14 07:19:52,974 [INFO] DbMcusAds:125 - Set database path to: C:\Users\kohlmanz\.stmcufinder\plugins\mcufinder//mcu/
2024-10-14 07:19:52,974 [WARN] DbFile:41 - Overriding database path with different value: C:\Users\kohlmanz\.stmcufinder\plugins\mcufinder/ => C:\Users\kohlmanz\.stmcufinder\plugins\mcufinder
2024-10-14 07:19:52,974 [WARN] DbFile:41 - Overriding database path with different value: C:\Users\kohlmanz\.stmcufinder\plugins\mcufinder/ => C:\Users\kohlmanz\.stmcufinder\plugins\mcufinder
2024-10-14 07:19:52,974 [INFO] CrossReferenceDbSqlite:203 - Set database path to: C:\Users\kohlmanz\.stmcufinder\plugins\mcufinder//mcu/cs/
2024-10-14 07:19:52,998 [INFO] ApplicationProperties:184 - Using Application install path: C:\ST\STM32CubeIDE_1.16.0\STM32CubeIDE\plugins\com.st.stm32cube.common.mx_6.12.1.202409122256
2024-10-14 07:19:53,000 [INFO] PluginManage:196 - Search for loadable plugins [exclusion list=, ]
2024-10-14 07:19:53,003 [INFO] PluginManage:310 - Check plugin analytics
2024-10-14 07:19:53,228 [INFO] AnalyticsPlugin:253 - Accepted Software Licenses: STM32CubeMX.6.12.0
2024-10-14 07:19:53,228 [INFO] AnalyticsPlugin:255 - Accepted CMSIS Pack Licenses: 
2024-10-14 07:19:53,228 [INFO] AnalyticsPlugin:257 - Accepted Firmware Licenses: FW.F4.1.28.0,FW.G4.1.6.0
2024-10-14 07:19:53,233 [INFO] PluginManage:359 - Loaded plugin analytics (category:tool,tabindex:-1)
2024-10-14 07:19:53,234 [INFO] PluginManage:310 - Check plugin cadmodel
2024-10-14 07:19:53,241 [INFO] CADModel:105 - Init CAD model plugin
2024-10-14 07:19:53,242 [INFO] PluginManage:359 - Loaded plugin cadmodel (category:power,tabindex:5)
2024-10-14 07:19:53,242 [INFO] PluginManage:310 - Check plugin clock
2024-10-14 07:19:53,261 [INFO] PluginManage:359 - Loaded plugin clock (category:base,tabindex:2)
2024-10-14 07:19:53,261 [INFO] PluginManage:310 - Check plugin ddr
2024-10-14 07:19:53,266 [INFO] PluginManage:359 - Loaded plugin ddr (category:tool,tabindex:6)
2024-10-14 07:19:53,266 [INFO] PluginManage:310 - Check plugin filemanager
2024-10-14 07:19:53,497 [INFO] PluginManage:359 - Loaded plugin filemanager (category:base,tabindex:10)
2024-10-14 07:19:53,498 [INFO] PluginManage:310 - Check plugin ipmanager
2024-10-14 07:19:53,510 [INFO] PluginManage:359 - Loaded plugin ipmanager (category:base,tabindex:5)
2024-10-14 07:19:53,510 [INFO] PluginManage:310 - Check plugin lpbam
2024-10-14 07:19:53,523 [INFO] PluginManage:359 - Loaded plugin lpbam (category:base,tabindex:0)
2024-10-14 07:19:53,524 [INFO] PluginManage:310 - Check plugin memorymap
2024-10-14 07:19:53,544 [INFO] PluginManage:359 - Loaded plugin memorymap (category:base,tabindex:4)
2024-10-14 07:19:53,544 [INFO] PluginManage:310 - Check plugin pinoutandconfiguration
2024-10-14 07:19:53,556 [INFO] PluginManage:359 - Loaded plugin pinoutandconfiguration (category:base,tabindex:1)
2024-10-14 07:19:53,556 [INFO] PluginManage:310 - Check plugin pinoutconfig
2024-10-14 07:19:53,673 [WARN] SupportedApi:132 - Cannot load RTOS API schema: s4s-elt-must-match.1: The content of 'definitions' must match (annotation?, (simpleType | complexType)?, (unique | key | keyref)*)). A problem was found starting at: attribute.
2024-10-14 07:19:53,856 [INFO] PluginManage:359 - Loaded plugin pinoutconfig (category:base,tabindex:0)
2024-10-14 07:19:53,857 [INFO] PluginManage:310 - Check plugin power
2024-10-14 07:19:53,870 [INFO] PluginManage:359 - Loaded plugin power (category:power,tabindex:4)
2024-10-14 07:19:53,870 [INFO] PluginManage:310 - Check plugin projectmanager
2024-10-14 07:19:53,891 [INFO] PluginManage:359 - Loaded plugin projectmanager (category:projectmanager,tabindex:4)
2024-10-14 07:19:53,891 [INFO] PluginManage:310 - Check plugin rif
2024-10-14 07:19:53,902 [INFO] PluginManage:359 - Loaded plugin rif (category:base,tabindex:3)
2024-10-14 07:19:53,902 [INFO] PluginManage:310 - Check plugin thirdparty
2024-10-14 07:19:54,088 [INFO] PluginManage:359 - Loaded plugin thirdparty (category:base,tabindex:-1)
2024-10-14 07:19:54,088 [WARN] IntegrityCheckThread:84 - waiting for thirdparty lock release [integrity check]
2024-10-14 07:19:54,089 [INFO] IntegrityCheckThread:86 - entering critical section [integrity check]
2024-10-14 07:19:54,089 [INFO] PluginManage:310 - Check plugin tools
2024-10-14 07:19:54,090 [INFO] ThirdPartyUpdaterWithRetryManager:70 - Updater plugin not ready yet. [1/15]
2024-10-14 07:19:54,094 [INFO] PluginManage:359 - Loaded plugin tools (category:base,tabindex:7)
2024-10-14 07:19:54,094 [INFO] PluginManage:310 - Check plugin tutovideos
2024-10-14 07:19:54,387 [INFO] PluginManage:359 - Loaded plugin tutovideos (category:base,tabindex:-1)
2024-10-14 07:19:54,387 [INFO] PluginManage:310 - Check plugin updater
2024-10-14 07:19:54,412 [INFO] PluginManage:359 - Loaded plugin updater (category:base,tabindex:12)
2024-10-14 07:19:54,412 [INFO] PluginManage:310 - Check plugin userauth
2024-10-14 07:19:54,421 [INFO] UserAuth:113 - Init User Auth plugin
2024-10-14 07:19:54,421 [INFO] PluginManage:359 - Loaded plugin userauth (category:base,tabindex:14)
2024-10-14 07:19:54,422 [INFO] PluginManage:283 - PluginManage : Loaded plugins [18]
2024-10-14 07:19:54,729 [INFO] PinOutPanel:1561 - setPackage(No Configuration,No Configuration)
2024-10-14 07:19:54,848 [INFO] CADModel:165 - CPN selected for project level
2024-10-14 07:19:54,848 [INFO] CADModel:114 - Register for checkConnection events
2024-10-14 07:19:54,876 [INFO] IPUIPlugin:80 - create IPUIPlugin
2024-10-14 07:19:54,876 [INFO] PluginManager:220 - loadIPPluginJar : add adc
2024-10-14 07:19:54,880 [INFO] IPUIPlugin:80 - create IPUIPlugin
2024-10-14 07:19:54,881 [INFO] PluginManager:220 - loadIPPluginJar : add aes
2024-10-14 07:19:54,885 [INFO] IPUIPlugin:80 - create IPUIPlugin
2024-10-14 07:19:54,885 [INFO] PluginManager:220 - loadIPPluginJar : add can
2024-10-14 07:19:54,887 [INFO] IPUIPlugin:80 - create IPUIPlugin
2024-10-14 07:19:54,887 [INFO] PluginManager:220 - loadIPPluginJar : add comp
2024-10-14 07:19:54,892 [INFO] IPUIPlugin:80 - create IPUIPlugin
2024-10-14 07:19:54,892 [INFO] PluginManager:220 - loadIPPluginJar : add cryp
2024-10-14 07:19:54,898 [INFO] IPUIPlugin:80 - create IPUIPlugin
2024-10-14 07:19:54,898 [INFO] PluginManager:220 - loadIPPluginJar : add ddr_ctrl_phy
2024-10-14 07:19:54,903 [INFO] IPUIPlugin:80 - create IPUIPlugin
2024-10-14 07:19:54,903 [INFO] PluginManager:220 - loadIPPluginJar : add dfsdm
2024-10-14 07:19:54,912 [INFO] IPUIPlugin:80 - create IPUIPlugin
2024-10-14 07:19:54,912 [INFO] PluginManager:220 - loadIPPluginJar : add dma
2024-10-14 07:19:54,916 [INFO] IPUIPlugin:80 - create IPUIPlugin
2024-10-14 07:19:54,916 [INFO] PluginManager:220 - loadIPPluginJar : add dma3
2024-10-14 07:19:54,920 [INFO] IPUIPlugin:80 - create IPUIPlugin
2024-10-14 07:19:54,920 [INFO] PluginManager:220 - loadIPPluginJar : add extmemmanager
2024-10-14 07:19:54,922 [INFO] IPUIPlugin:80 - create IPUIPlugin
2024-10-14 07:19:54,923 [INFO] PluginManager:220 - loadIPPluginJar : add fatfs
2024-10-14 07:19:54,930 [INFO] IPUIPlugin:80 - create IPUIPlugin
2024-10-14 07:19:54,930 [INFO] PluginManager:220 - loadIPPluginJar : add fmc
2024-10-14 07:19:54,941 [INFO] IPUIPlugin:80 - create IPUIPlugin
2024-10-14 07:19:54,942 [INFO] PluginManager:220 - loadIPPluginJar : add freertos
2024-10-14 07:19:54,944 [INFO] IPUIPlugin:80 - create IPUIPlugin
2024-10-14 07:19:54,944 [INFO] PluginManager:220 - loadIPPluginJar : add genericplugin
2024-10-14 07:19:54,948 [INFO] IPUIPlugin:80 - create IPUIPlugin
2024-10-14 07:19:54,950 [INFO] PluginManager:220 - loadIPPluginJar : add gfxmmu
2024-10-14 07:19:54,964 [INFO] IPUIPlugin:80 - create IPUIPlugin
2024-10-14 07:19:54,965 [INFO] PluginManager:220 - loadIPPluginJar : add gic
2024-10-14 07:19:54,972 [INFO] IPUIPlugin:80 - create IPUIPlugin
2024-10-14 07:19:54,972 [INFO] PluginManager:220 - loadIPPluginJar : add gpio
2024-10-14 07:19:54,979 [INFO] IPUIPlugin:80 - create IPUIPlugin
2024-10-14 07:19:54,979 [INFO] PluginManager:220 - loadIPPluginJar : add gtzc
2024-10-14 07:19:54,984 [INFO] IPUIPlugin:80 - create IPUIPlugin
2024-10-14 07:19:54,984 [INFO] PluginManager:220 - loadIPPluginJar : add hash
2024-10-14 07:19:54,988 [INFO] IPUIPlugin:80 - create IPUIPlugin
2024-10-14 07:19:54,988 [INFO] PluginManager:220 - loadIPPluginJar : add i2c
2024-10-14 07:19:54,991 [INFO] IPUIPlugin:80 - create IPUIPlugin
2024-10-14 07:19:54,991 [INFO] PluginManager:220 - loadIPPluginJar : add i2s
2024-10-14 07:19:54,995 [INFO] IPUIPlugin:80 - create IPUIPlugin
2024-10-14 07:19:54,995 [INFO] PluginManager:220 - loadIPPluginJar : add i3c
2024-10-14 07:19:55,001 [INFO] IPUIPlugin:80 - create IPUIPlugin
2024-10-14 07:19:55,001 [INFO] PluginManager:220 - loadIPPluginJar : add ipddr
2024-10-14 07:19:55,014 [INFO] IPUIPlugin:80 - create IPUIPlugin
2024-10-14 07:19:55,014 [INFO] PluginManager:220 - loadIPPluginJar : add linkedlist
2024-10-14 07:19:55,019 [INFO] IPUIPlugin:80 - create IPUIPlugin
2024-10-14 07:19:55,019 [INFO] PluginManager:220 - loadIPPluginJar : add lorawan
2024-10-14 07:19:55,022 [INFO] IPUIPlugin:80 - create IPUIPlugin
2024-10-14 07:19:55,022 [INFO] PluginManager:220 - loadIPPluginJar : add ltdc
2024-10-14 07:19:55,031 [INFO] IPUIPlugin:80 - create IPUIPlugin
2024-10-14 07:19:55,031 [INFO] PluginManager:220 - loadIPPluginJar : add mdma
2024-10-14 07:19:55,037 [INFO] IPUIPlugin:80 - create IPUIPlugin
2024-10-14 07:19:55,037 [INFO] PluginManager:220 - loadIPPluginJar : add nvic
2024-10-14 07:19:55,042 [INFO] IPUIPlugin:80 - create IPUIPlugin
2024-10-14 07:19:55,042 [INFO] PluginManager:220 - loadIPPluginJar : add opamp
2024-10-14 07:19:55,047 [INFO] IPUIPlugin:80 - create IPUIPlugin
2024-10-14 07:19:55,047 [INFO] PluginManager:220 - loadIPPluginJar : add openamp
2024-10-14 07:19:55,051 [INFO] IPUIPlugin:80 - create IPUIPlugin
2024-10-14 07:19:55,052 [INFO] PluginManager:220 - loadIPPluginJar : add pdm2pcm
2024-10-14 07:19:55,060 [INFO] IPUIPlugin:80 - create IPUIPlugin
2024-10-14 07:19:55,063 [INFO] PluginManager:220 - loadIPPluginJar : add plateformsettings
2024-10-14 07:19:55,065 [INFO] IPUIPlugin:80 - create IPUIPlugin
2024-10-14 07:19:55,065 [INFO] PluginManager:220 - loadIPPluginJar : add quadspi
2024-10-14 07:19:55,068 [INFO] IPUIPlugin:80 - create IPUIPlugin
2024-10-14 07:19:55,071 [INFO] PluginManager:220 - loadIPPluginJar : add radio
2024-10-14 07:19:55,078 [INFO] IPUIPlugin:80 - create IPUIPlugin
2024-10-14 07:19:55,078 [INFO] PluginManager:220 - loadIPPluginJar : add resmgrutility
2024-10-14 07:19:55,083 [INFO] IPUIPlugin:80 - create IPUIPlugin
2024-10-14 07:19:55,083 [INFO] PluginManager:220 - loadIPPluginJar : add sai
2024-10-14 07:19:55,086 [INFO] IPUIPlugin:80 - create IPUIPlugin
2024-10-14 07:19:55,087 [INFO] PluginManager:220 - loadIPPluginJar : add spi
2024-10-14 07:19:55,095 [INFO] IPUIPlugin:80 - create IPUIPlugin
2024-10-14 07:19:55,095 [INFO] PluginManager:220 - loadIPPluginJar : add stm32_wpan
2024-10-14 07:19:55,099 [INFO] IPUIPlugin:80 - create IPUIPlugin
2024-10-14 07:19:55,099 [INFO] PluginManager:220 - loadIPPluginJar : add tim
2024-10-14 07:19:55,104 [INFO] IPUIPlugin:80 - create IPUIPlugin
2024-10-14 07:19:55,104 [INFO] PluginManager:220 - loadIPPluginJar : add touchsensing
2024-10-14 07:19:55,108 [INFO] IPUIPlugin:80 - create IPUIPlugin
2024-10-14 07:19:55,108 [INFO] PluginManager:220 - loadIPPluginJar : add tracer_emb
2024-10-14 07:19:55,113 [INFO] IPUIPlugin:80 - create IPUIPlugin
2024-10-14 07:19:55,114 [INFO] PluginManager:220 - loadIPPluginJar : add ts
2024-10-14 07:19:55,118 [INFO] IPUIPlugin:80 - create IPUIPlugin
2024-10-14 07:19:55,118 [INFO] PluginManager:220 - loadIPPluginJar : add tsc
2024-10-14 07:19:55,122 [INFO] IPUIPlugin:80 - create IPUIPlugin
2024-10-14 07:19:55,122 [INFO] PluginManager:220 - loadIPPluginJar : add ucpd
2024-10-14 07:19:55,127 [INFO] IPUIPlugin:80 - create IPUIPlugin
2024-10-14 07:19:55,127 [INFO] PluginManager:220 - loadIPPluginJar : add usart
2024-10-14 07:19:55,133 [INFO] IPUIPlugin:80 - create IPUIPlugin
2024-10-14 07:19:55,133 [INFO] PluginManager:220 - loadIPPluginJar : add usbx
2024-10-14 07:19:55,296 [INFO] CADModel:165 - CPN selected for project level
2024-10-14 07:19:55,296 [INFO] CADModel:114 - Register for checkConnection events
2024-10-14 07:19:55,296 [FATAL] Updater:334 - Updater called before beeing initialized
2024-10-14 07:19:55,297 [ERROR] CADModel:125 - Updater not yet initialized, retry later 
2024-10-14 07:19:55,518 [INFO] CADModel:165 - CPN selected for project level
2024-10-14 07:19:55,518 [INFO] CADModel:114 - Register for checkConnection events
2024-10-14 07:19:55,518 [FATAL] Updater:334 - Updater called before beeing initialized
2024-10-14 07:19:55,518 [ERROR] CADModel:125 - Updater not yet initialized, retry later 
2024-10-14 07:19:55,524 [FATAL] Updater:334 - Updater called before beeing initialized
2024-10-14 07:19:55,688 [FATAL] Updater:334 - Updater called before beeing initialized
2024-10-14 07:19:55,697 [INFO] DbMcusAds:53 - JSON generation date=Fri Sep 20 08:04:23 CDT 2024 (1726837463113)
2024-10-14 07:19:55,697 [FATAL] Updater:334 - Updater called before beeing initialized
2024-10-14 07:19:55,767 [WARN] DetailPanel:346 - Failed to get advertising image, set to default
2024-10-14 07:19:55,911 [FATAL] Updater:334 - Updater called before beeing initialized
2024-10-14 07:19:55,913 [FATAL] Updater:334 - Updater called before beeing initialized
2024-10-14 07:19:55,913 [FATAL] Updater:334 - Updater called before beeing initialized
2024-10-14 07:19:55,913 [WARN] DetailPanel:346 - Failed to get advertising image, set to default
2024-10-14 07:19:55,914 [FATAL] Updater:334 - Updater called before beeing initialized
2024-10-14 07:19:55,989 [ERROR] Updater:1164 - MainUpdater not yet initialized. External WinMGr cannot be set.
2024-10-14 07:19:55,992 [INFO] Updater:1100 - Updater Version found : 6.12.1
2024-10-14 07:19:56,026 [INFO] ApplicationProperties:184 - Using Application install path: C:\ST\STM32CubeIDE_1.16.0\STM32CubeIDE\plugins\com.st.stm32cube.common.mx_6.12.1.202409122256
2024-10-14 07:19:56,715 [INFO] MainUpdater:2873 - connection check result : 10
2024-10-14 07:19:56,717 [INFO] MainUpdater:290 - Updater Check For Update Now.
2024-10-14 07:19:56,717 [INFO] MicroXplorer:498 - Change Database Version : DB.6.0.121
2024-10-14 07:19:56,725 [INFO] McuFinderGlobals:63 - Set McuFinder mode to 2 (CubeIDE integrated)
2024-10-14 07:19:56,727 [INFO] UserAuth:417 - Internet connection configuration mode: 1
2024-10-14 07:19:56,790 [INFO] JxBrowserEngine:152 - Initiate JxBrowser Engine with user profile folder
2024-10-14 07:19:56,979 [INFO] CheckServerUpdateThread:120 - End of CheckServer Thread
2024-10-14 07:19:57,494 [WARN] PackLoader:240 - Cannot read IP mode file for STMicroelectronics.FP-SNS-MOTENVWB1.1.4.0
2024-10-14 07:19:57,512 [WARN] PackLoader:240 - Cannot read IP mode file for STMicroelectronics.X-CUBE-SMBUS.2.1.0
2024-10-14 07:19:57,525 [WARN] PackLoader:240 - Cannot read IP mode file for STMicroelectronics.X-CUBE-WB05N.1.1.0
2024-10-14 07:19:57,533 [WARN] PackLoader:240 - Cannot read IP mode file for STMicroelectronics.X-CUBE-TOUCHGFX.4.23.0
2024-10-14 07:19:57,632 [WARN] PackLoader:240 - Cannot read IP mode file for STMicroelectronics.X-CUBE-AZRTOS-F7.1.1.0
2024-10-14 07:19:57,648 [WARN] PackLoader:240 - Cannot read IP mode file for STMicroelectronics.FP-SNS-MOTENV1.4.3.2
2024-10-14 07:19:57,753 [WARN] PackLoader:240 - Cannot read IP mode file for STMicroelectronics.X-CUBE-MEMS1.11.0.0
2024-10-14 07:19:57,962 [WARN] PackLoader:240 - Cannot read IP mode file for STMicroelectronics.FP-SNS-FLIGHT1.5.0.2
2024-10-14 07:19:57,976 [WARN] PackLoader:240 - Cannot read IP mode file for STMicroelectronics.X-CUBE-DISPLAY.3.0.0
2024-10-14 07:19:57,990 [WARN] PackLoader:240 - Cannot read IP mode file for STMicroelectronics.X-CUBE-BLE1.7.0.0
2024-10-14 07:19:58,002 [WARN] PackLoader:240 - Cannot read IP mode file for STMicroelectronics.X-CUBE-NFC10.1.0.0
2024-10-14 07:19:58,015 [WARN] PackLoader:240 - Cannot read IP mode file for emotas.I-CUBE-CANOPEN.1.3.0
2024-10-14 07:19:58,029 [WARN] PackLoader:240 - Cannot read IP mode file for STMicroelectronics.X-CUBE-BLEMGR.3.1.0
2024-10-14 07:19:58,041 [WARN] PackLoader:240 - Cannot read IP mode file for STMicroelectronics.FP-SNS-SMARTAG2.1.2.0
2024-10-14 07:19:58,076 [INFO] LogOutputStream:77 - [STDOUT_REDIRECT] 1 : Invalid condition id : UX_CORESTACK_Condition cause : null
2024-10-14 07:19:58,079 [INFO] LogOutputStream:77 - [STDOUT_REDIRECT] 1 : Invalid condition id : UX_CORESTACK_Condition cause : null
2024-10-14 07:19:58,082 [INFO] LogOutputStream:77 - [STDOUT_REDIRECT] 1 : Invalid condition id : UX_CORESTACK_Condition cause : null
2024-10-14 07:19:58,084 [INFO] LogOutputStream:77 - [STDOUT_REDIRECT] 1 : Invalid condition id : UX_CORESTACK_Condition cause : null
2024-10-14 07:19:58,087 [INFO] LogOutputStream:77 - [STDOUT_REDIRECT] 1 : Invalid condition id : UX_CORESTACK_Condition cause : null
2024-10-14 07:19:58,091 [WARN] PackLoader:240 - Cannot read IP mode file for STMicroelectronics.X-CUBE-AZRTOS-WL.2.0.0
2024-10-14 07:19:58,099 [WARN] PackLoader:240 - Cannot read IP mode file for STMicroelectronics.FP-SNS-MOTENV1.5.0.0
2024-10-14 07:19:58,108 [WARN] PackLoader:240 - Cannot read IP mode file for wolfSSL.I-CUBE-wolfMQTT.1.19.0
2024-10-14 07:19:58,123 [WARN] PackLoader:240 - Cannot read IP mode file for WES.I-CUBE-Cesium.1.3.0
2024-10-14 07:19:58,132 [WARN] PackLoader:240 - Cannot read IP mode file for STMicroelectronics.X-CUBE-BLE2.3.3.0
2024-10-14 07:19:58,143 [WARN] PackLoader:240 - Cannot read IP mode file for STMicroelectronics.X-CUBE-NFC9.1.0.0
2024-10-14 07:19:58,153 [WARN] PackLoader:240 - Cannot read IP mode file for STMicroelectronics.X-CUBE-TCPP.4.1.0
2024-10-14 07:19:58,164 [WARN] PackLoader:240 - Cannot read IP mode file for STMicroelectronics.X-CUBE-ALGOBUILD.1.3.0
2024-10-14 07:19:58,187 [WARN] PackLoader:240 - Cannot read IP mode file for STMicroelectronics.X-CUBE-AZRTOS-G0.1.1.0
2024-10-14 07:19:58,200 [WARN] PackLoader:240 - Cannot read IP mode file for STMicroelectronics.X-CUBE-SAFEA1.1.2.2
2024-10-14 07:19:58,209 [WARN] PackLoader:240 - Cannot read IP mode file for STMicroelectronics.X-CUBE-NFC4.3.0.0
2024-10-14 07:19:58,226 [WARN] PackLoader:240 - Cannot read IP mode file for EmbeddedOffice.I-CUBE-FS-RTOS.1.0.1
2024-10-14 07:19:58,227 [ERROR] ConditionMgr:805 - Attr not supported : Dmpu
2024-10-14 07:19:58,227 [ERROR] ConditionMgr:805 - Attr not supported : Dmpu
2024-10-14 07:19:58,227 [ERROR] ConditionMgr:805 - Attr not supported : Dmpu
2024-10-14 07:19:58,227 [ERROR] ConditionMgr:805 - Attr not supported : Dmpu
2024-10-14 07:19:58,227 [ERROR] ConditionMgr:805 - Attr not supported : Dmpu
2024-10-14 07:19:58,227 [ERROR] ConditionMgr:805 - Attr not supported : Dmpu
2024-10-14 07:19:58,227 [ERROR] ConditionMgr:805 - Attr not supported : Dmpu
2024-10-14 07:19:58,227 [ERROR] ConditionMgr:805 - Attr not supported : Dmpu
2024-10-14 07:19:58,227 [ERROR] ConditionMgr:805 - Attr not supported : Dmpu
2024-10-14 07:19:58,227 [ERROR] ConditionMgr:805 - Attr not supported : Dmpu
2024-10-14 07:19:58,228 [ERROR] ConditionMgr:805 - Attr not supported : Dmpu
2024-10-14 07:19:58,228 [ERROR] ConditionMgr:805 - Attr not supported : Dmpu
2024-10-14 07:19:58,228 [ERROR] ConditionMgr:805 - Attr not supported : Dmpu
2024-10-14 07:19:58,228 [ERROR] ConditionMgr:805 - Attr not supported : Dmpu
2024-10-14 07:19:58,228 [ERROR] ConditionMgr:805 - Attr not supported : Dmpu
2024-10-14 07:19:58,228 [ERROR] ConditionMgr:805 - Attr not supported : Dmpu
2024-10-14 07:19:58,228 [ERROR] ConditionMgr:805 - Attr not supported : Dmpu
2024-10-14 07:19:58,228 [ERROR] ConditionMgr:805 - Attr not supported : Dmpu
2024-10-14 07:19:58,228 [ERROR] ConditionMgr:805 - Attr not supported : Dmpu
2024-10-14 07:19:58,228 [ERROR] ConditionMgr:805 - Attr not supported : Dmpu
2024-10-14 07:19:58,228 [ERROR] ConditionMgr:805 - Attr not supported : Dmpu
2024-10-14 07:19:58,229 [ERROR] ConditionMgr:805 - Attr not supported : Dmpu
2024-10-14 07:19:58,229 [ERROR] ConditionMgr:805 - Attr not supported : Dmpu
2024-10-14 07:19:58,229 [ERROR] ConditionMgr:805 - Attr not supported : Dmpu
2024-10-14 07:19:58,229 [ERROR] ConditionMgr:805 - Attr not supported : Dmpu
2024-10-14 07:19:58,229 [ERROR] ConditionMgr:805 - Attr not supported : Dmpu
2024-10-14 07:19:58,229 [ERROR] ConditionMgr:805 - Attr not supported : Dmpu
2024-10-14 07:19:58,229 [ERROR] ConditionMgr:805 - Attr not supported : Dmpu
2024-10-14 07:19:58,230 [ERROR] ConditionMgr:805 - Attr not supported : Dmpu
2024-10-14 07:19:58,230 [ERROR] ConditionMgr:805 - Attr not supported : Dmpu
2024-10-14 07:19:58,230 [ERROR] ConditionMgr:805 - Attr not supported : Dmpu
2024-10-14 07:19:58,230 [ERROR] ConditionMgr:805 - Attr not supported : Dmpu
2024-10-14 07:19:58,230 [ERROR] ConditionMgr:805 - Attr not supported : Dmpu
2024-10-14 07:19:58,230 [ERROR] ConditionMgr:805 - Attr not supported : Dmpu
2024-10-14 07:19:58,230 [ERROR] ConditionMgr:805 - Attr not supported : Dmpu
2024-10-14 07:19:58,230 [ERROR] ConditionMgr:805 - Attr not supported : Dmpu
2024-10-14 07:19:58,231 [ERROR] ConditionMgr:805 - Attr not supported : Dmpu
2024-10-14 07:19:58,231 [ERROR] ConditionMgr:805 - Attr not supported : Dmpu
2024-10-14 07:19:58,231 [ERROR] ConditionMgr:805 - Attr not supported : Dmpu
2024-10-14 07:19:58,231 [ERROR] ConditionMgr:805 - Attr not supported : Dmpu
2024-10-14 07:19:58,231 [ERROR] ConditionMgr:805 - Attr not supported : Dmpu
2024-10-14 07:19:58,231 [ERROR] ConditionMgr:805 - Attr not supported : Dmpu
2024-10-14 07:19:58,231 [ERROR] ConditionMgr:805 - Attr not supported : Dmpu
2024-10-14 07:19:58,232 [ERROR] ConditionMgr:805 - Attr not supported : Dmpu
2024-10-14 07:19:58,232 [ERROR] ConditionMgr:805 - Attr not supported : Dmpu
2024-10-14 07:19:58,232 [ERROR] ConditionMgr:805 - Attr not supported : Dmpu
2024-10-14 07:19:58,232 [ERROR] ConditionMgr:805 - Attr not supported : Dmpu
2024-10-14 07:19:58,232 [ERROR] ConditionMgr:805 - Attr not supported : Dmpu
2024-10-14 07:19:58,232 [ERROR] ConditionMgr:805 - Attr not supported : Dmpu
2024-10-14 07:19:58,232 [ERROR] ConditionMgr:805 - Attr not supported : Dmpu
2024-10-14 07:19:58,233 [ERROR] ConditionMgr:805 - Attr not supported : Dmpu
2024-10-14 07:19:58,233 [ERROR] ConditionMgr:805 - Attr not supported : Dmpu
2024-10-14 07:19:58,233 [ERROR] ConditionMgr:805 - Attr not supported : Dmpu
2024-10-14 07:19:58,233 [ERROR] ConditionMgr:805 - Attr not supported : Dmpu
2024-10-14 07:19:58,233 [ERROR] ConditionMgr:805 - Attr not supported : Dmpu
2024-10-14 07:19:58,233 [ERROR] ConditionMgr:805 - Attr not supported : Dmpu
2024-10-14 07:19:58,233 [ERROR] ConditionMgr:805 - Attr not supported : Dmpu
2024-10-14 07:19:58,233 [ERROR] ConditionMgr:805 - Attr not supported : Dmpu
2024-10-14 07:19:58,234 [ERROR] ConditionMgr:805 - Attr not supported : Dmpu
2024-10-14 07:19:58,234 [ERROR] ConditionMgr:805 - Attr not supported : Dmpu
2024-10-14 07:19:58,234 [ERROR] ConditionMgr:805 - Attr not supported : Dmpu
2024-10-14 07:19:58,234 [ERROR] ConditionMgr:805 - Attr not supported : Dmpu
2024-10-14 07:19:58,234 [ERROR] ConditionMgr:805 - Attr not supported : Dmpu
2024-10-14 07:19:58,234 [ERROR] ConditionMgr:805 - Attr not supported : Dmpu
2024-10-14 07:19:58,250 [WARN] PackLoader:240 - Cannot read IP mode file for STMicroelectronics.X-CUBE-BLEMGR.3.0.0
2024-10-14 07:19:58,265 [WARN] PackLoader:240 - Cannot read IP mode file for RealThread.X-CUBE-RT-Thread_Nano.4.1.1
2024-10-14 07:19:58,275 [WARN] PackLoader:240 - Cannot read IP mode file for STMicroelectronics.FP-ATR-SIGFOX1.3.2.0
2024-10-14 07:19:58,285 [WARN] PackLoader:240 - Cannot read IP mode file for STMicroelectronics.X-CUBE-EEPRMA1.5.1.0
2024-10-14 07:19:58,407 [WARN] PackLoader:240 - Cannot read IP mode file for SEGGER.I-CUBE-embOS.1.3.1
2024-10-14 07:19:58,521 [WARN] PackLoader:240 - Cannot read IP mode file for STMicroelectronics.X-CUBE-ALGOBUILD.1.4.0
2024-10-14 07:19:58,531 [WARN] PackLoader:240 - Cannot read IP mode file for STMicroelectronics.X-CUBE-AI.9.1.0
2024-10-14 07:19:58,540 [WARN] PackLoader:240 - Cannot read IP mode file for STMicroelectronics.X-CUBE-GNSS1.6.0.0
2024-10-14 07:19:58,560 [WARN] PackLoader:240 - Cannot read IP mode file for STMicroelectronics.X-CUBE-AZRTOS-F4.1.1.0
2024-10-14 07:19:58,571 [WARN] PackLoader:240 - Cannot read IP mode file for STMicroelectronics.X-CUBE-ISPU.2.1.0
2024-10-14 07:19:58,573 [INFO] WebApp:167 - Instantiating new browser for Auth
2024-10-14 07:19:58,579 [WARN] PackLoader:240 - Cannot read IP mode file for STMicroelectronics.X-CUBE-FREERTOS.1.2.0
2024-10-14 07:19:58,586 [WARN] PackLoader:240 - Cannot read IP mode file for wolfSSL.I-CUBE-wolfSSL.5.6.6
2024-10-14 07:19:58,609 [WARN] PackLoader:240 - Cannot read IP mode file for STMicroelectronics.X-CUBE-AZRTOS-L5.2.0.0
2024-10-14 07:19:58,637 [WARN] PackLoader:240 - Cannot read IP mode file for STMicroelectronics.X-CUBE-EEPRMA1.4.2.0
2024-10-14 07:19:58,675 [WARN] PackLoader:240 - Cannot read IP mode file for STMicroelectronics.X-CUBE-NFC6.3.1.0
2024-10-14 07:19:58,692 [WARN] PackLoader:240 - Cannot read IP mode file for ITTIA_DB.I-CUBE-ITTIADB.8.8.0
2024-10-14 07:19:58,704 [WARN] PackLoader:240 - Cannot read IP mode file for STMicroelectronics.X-CUBE-DPower.1.2.0
2024-10-14 07:19:58,713 [WARN] PackLoader:240 - Cannot read IP mode file for STMicroelectronics.X-CUBE-AI.9.0.0
2024-10-14 07:19:58,724 [WARN] PackLoader:240 - Cannot read IP mode file for STMicroelectronics.X-CUBE-NFC7.1.0.1
2024-10-14 07:19:58,738 [WARN] PackLoader:240 - Cannot read IP mode file for STMicroelectronics.X-CUBE-NFC6.3.0.0
2024-10-14 07:19:58,749 [WARN] PackLoader:240 - Cannot read IP mode file for STMicroelectronics.X-CUBE-AI.8.1.0
2024-10-14 07:19:58,779 [WARN] ConditionMgr:438 - getConditionDescription Invalid condition id : LAN8742 Phy interface Condition cause : null
2024-10-14 07:19:58,782 [WARN] PackLoader:240 - Cannot read IP mode file for STMicroelectronics.X-CUBE-AZRTOS-L4.2.0.0
2024-10-14 07:19:58,784 [WARN] ConditionMgr:1039 - genDependencies : Invalid condition id : LAN8742 Phy interface Condition cause : null
2024-10-14 07:19:58,785 [WARN] ConditionMgr:1039 - genDependencies : Invalid condition id : LAN8742 Phy interface Condition cause : null
2024-10-14 07:19:58,786 [WARN] ConditionMgr:1039 - genDependencies : Invalid condition id : LAN8742 Phy interface Condition cause : null
2024-10-14 07:19:58,799 [WARN] PackLoader:240 - Cannot read IP mode file for STMicroelectronics.X-CUBE-SFXS2LP1.4.0.0
2024-10-14 07:19:58,847 [WARN] PackLoader:240 - Cannot read IP mode file for STMicroelectronics.X-CUBE-AZRTOS-H7.3.3.0
2024-10-14 07:19:58,879 [WARN] PackLoader:240 - Cannot read IP mode file for STMicroelectronics.X-CUBE-IPS.3.0.0
2024-10-14 07:19:58,904 [WARN] ConditionMgr:438 - getConditionDescription Invalid condition id : UX DEVICE CLASS RTOS Condition cause : null
2024-10-14 07:19:58,904 [WARN] ConditionMgr:438 - getConditionDescription Invalid condition id : UX DEVICE CLASS RTOS Condition cause : null
2024-10-14 07:19:58,908 [WARN] PackLoader:240 - Cannot read IP mode file for STMicroelectronics.X-CUBE-AZRTOS-WB.2.0.0
2024-10-14 07:19:58,909 [WARN] ConditionMgr:1039 - genDependencies : Invalid condition id : UX DEVICE CLASS RTOS Condition cause : null
2024-10-14 07:19:58,909 [WARN] ConditionMgr:1039 - genDependencies : Invalid condition id : UX DEVICE CLASS RTOS Condition cause : null
2024-10-14 07:19:58,909 [WARN] ConditionMgr:1039 - genDependencies : Invalid condition id : UX DEVICE CLASS RTOS Condition cause : null
2024-10-14 07:19:58,910 [WARN] ConditionMgr:1039 - genDependencies : Invalid condition id : UX DEVICE CLASS RTOS Condition cause : null
2024-10-14 07:19:58,910 [WARN] ConditionMgr:1039 - genDependencies : Invalid condition id : UX DEVICE CLASS RTOS Condition cause : null
2024-10-14 07:19:58,918 [WARN] PackLoader:240 - Cannot read IP mode file for STMicroelectronics.X-CUBE-GNSS1.7.0.0
2024-10-14 07:19:58,927 [WARN] PackLoader:240 - Cannot read IP mode file for STMicroelectronics.FP-SNS-STBOX1.2.0.0
2024-10-14 07:19:58,946 [WARN] PackLoader:240 - Cannot read IP mode file for STMicroelectronics.X-CUBE-SUBG2.5.0.0
2024-10-14 07:19:58,959 [WARN] PackLoader:240 - Cannot read IP mode file for Cesanta.I-CUBE-Mongoose.7.13.0
2024-10-14 07:19:58,971 [WARN] PackLoader:240 - Cannot read IP mode file for STMicroelectronics.X-CUBE-AZRTOS-G4.2.0.0
2024-10-14 07:19:58,987 [WARN] PackLoader:240 - Cannot read IP mode file for Infineon.AIROC-Wi-Fi-Bluetooth-STM32.1.5.1
2024-10-14 07:19:58,995 [WARN] PackLoader:240 - Cannot read IP mode file for STMicroelectronics.FP-SNS-MOTENVWB1.1.3.1
2024-10-14 07:19:59,000 [WARN] PackLoader:240 - Cannot read IP mode file for STMicroelectronics.X-CUBE-ISPU.2.0.0
2024-10-14 07:19:59,006 [WARN] PackLoader:240 - Cannot read IP mode file for STMicroelectronics.X-CUBE-ALS.1.0.2
2024-10-14 07:19:59,067 [WARN] PackLoader:240 - Cannot read IP mode file for STMicroelectronics.X-CUBE-MEMS1.10.0.0
2024-10-14 07:19:59,181 [WARN] PackLoader:240 - Cannot read IP mode file for STMicroelectronics.X-CUBE-FREERTOS.1.1.0
2024-10-14 07:19:59,185 [WARN] PackLoader:240 - Cannot read IP mode file for STMicroelectronics.X-CUBE-TOUCHGFX.4.24.0
2024-10-14 07:19:59,189 [WARN] PackLoader:240 - Cannot read IP mode file for STMicroelectronics.X-CUBE-TOUCHGFX.4.24.1
2024-10-14 07:19:59,195 [WARN] PackLoader:240 - Cannot read IP mode file for wolfSSL.I-CUBE-wolfTPM.3.4.0
2024-10-14 07:19:59,203 [WARN] PackLoader:240 - Cannot read IP mode file for portGmbH.I-Cube-SoM-uGOAL.1.1.0
2024-10-14 07:19:59,208 [WARN] PackLoader:240 - Cannot read IP mode file for STMicroelectronics.X-CUBE-ALS.1.0.1
2024-10-14 07:19:59,227 [WARN] PackLoader:240 - Cannot read IP mode file for STMicroelectronics.X-CUBE-AZRTOS-H7RS.1.0.0
2024-10-14 07:19:59,235 [WARN] PackLoader:240 - Cannot read IP mode file for STMicroelectronics.FP-ATR-ASTRA1.2.0.0
2024-10-14 07:19:59,247 [WARN] PackLoader:240 - Cannot read IP mode file for STMicroelectronics.X-CUBE-TOF1.3.4.2
2024-10-14 07:19:59,267 [WARN] PackLoader:240 - Cannot read IP mode file for STMicroelectronics.X-CUBE-TOF1.3.4.0
2024-10-14 07:19:59,294 [WARN] PackLoader:240 - Cannot read IP mode file for STMicroelectronics.X-CUBE-TOF1.3.4.1
2024-10-14 07:19:59,329 [WARN] PackLoader:240 - Cannot read IP mode file for STMicroelectronics.X-CUBE-AZRTOS-H7.3.2.0
2024-10-14 07:19:59,340 [WARN] PackLoader:240 - Cannot read IP mode file for wolfSSL.I-CUBE-wolfSSH.1.4.17
2024-10-14 07:19:59,341 [INFO] ThirdParty:978 - Integrity check success = true
2024-10-14 07:19:59,342 [INFO] IntegrityCheckThread:100 - exiting critical section [integrity check]
2024-10-14 07:19:59,342 [INFO] IntegrityCheckThread:103 - End integrity checks thread
2024-10-14 07:20:00,448 [INFO] WebApp:448 - Apply proxy settings
2024-10-14 07:20:00,448 [INFO] WebApp:533 - Chromium requires no authentication
2024-10-14 07:20:00,462 [INFO] WebApp:476 - Direct internet connection detected
2024-10-14 07:20:00,501 [INFO] WebApp:869 - Register for checkConnection events
2024-10-14 07:20:00,501 [INFO] WebApp:448 - Apply proxy settings
2024-10-14 07:20:00,501 [INFO] WebApp:533 - Chromium requires no authentication
2024-10-14 07:20:00,502 [INFO] WebApp:476 - Direct internet connection detected
2024-10-14 07:20:00,661 [INFO] WebApp:186 - Connection restablished
2024-10-14 07:20:00,796 [INFO] WebApp:220 - Starting web application
2024-10-14 07:20:00,796 [INFO] WebApp:578 - Web application path used C:\ST\STM32CubeIDE_1.16.0\STM32CubeIDE\plugins\com.st.stm32cube.common.mx_6.12.1.202409122256\db\plugins\mcufinder\reactClient1\index.html
2024-10-14 07:20:00,922 [INFO] UserAuth:417 - Internet connection configuration mode: 1
2024-10-14 07:20:01,479 [ERROR] LogOutputStream:75 - [STDERR_REDIRECT] Oct 14, 2024 7:20:01 AM org.glassfish.grizzly.http.server.NetworkListener start
2024-10-14 07:20:01,481 [ERROR] LogOutputStream:75 - [STDERR_REDIRECT] INFO: Started listener bound to [localhost:1595]
2024-10-14 07:20:01,481 [ERROR] LogOutputStream:75 - [STDERR_REDIRECT] 
2024-10-14 07:20:01,483 [ERROR] LogOutputStream:75 - [STDERR_REDIRECT] Oct 14, 2024 7:20:01 AM org.glassfish.grizzly.http.server.HttpServer start
2024-10-14 07:20:01,484 [ERROR] LogOutputStream:75 - [STDERR_REDIRECT] INFO: [HttpServer] Started.
2024-10-14 07:20:01,484 [ERROR] LogOutputStream:75 - [STDERR_REDIRECT] 
2024-10-14 07:56:15,530 [INFO] WebApp:189 - Connection lost
2024-10-14 07:56:21,735 [INFO] WebApp:186 - Connection restablished
2024-10-14 07:56:24,109 [INFO] WebApp:189 - Connection lost
2024-10-14 07:56:24,283 [INFO] WebApp:186 - Connection restablished
2024-10-14 08:16:33,064 [INFO] WebApp:189 - Connection lost
2024-10-14 08:16:33,207 [INFO] WebApp:186 - Connection restablished
2024-10-14 08:24:37,582 [INFO] WebApp:189 - Connection lost
2024-10-14 08:24:37,701 [INFO] WebApp:186 - Connection restablished
2024-10-14 13:10:50,536 [INFO] WebApp:189 - Connection lost
2024-10-14 13:10:51,096 [INFO] WebApp:186 - Connection restablished
2024-10-14 13:55:11,645 [INFO] WebApp:189 - Connection lost
2024-10-14 13:55:12,154 [INFO] WebApp:186 - Connection restablished
2024-10-14 14:12:26,079 [INFO] WebApp:189 - Connection lost
2024-10-14 14:12:26,452 [INFO] WebApp:186 - Connection restablished
2024-10-14 15:59:52,679 [INFO] WebApp:189 - Connection lost
2024-10-14 15:59:52,947 [INFO] WebApp:186 - Connection restablished
2024-10-14 19:32:48,552 [INFO] WebApp:189 - Connection lost
2024-10-14 19:32:48,754 [INFO] WebApp:186 - Connection restablished
2024-10-14 22:09:33,537 [ERROR] LogOutputStream:75 - [STDERR_REDIRECT] 
