2025-01-05 16:32:37,284 [INFO] Activator:176 - 


2025-01-05 16:32:37,295 [INFO] Activator:177 - !SESSION log4j initialized
2025-01-05 16:32:53,227 [INFO] LogOutputStream:77 - [STDOUT_REDIRECT] 
2025-01-05 16:33:03,785 [INFO] ApplicationProperties:184 - Using Application install path: C:\ST\STM32CubeIDE_1.16.0\STM32CubeIDE\plugins\com.st.stm32cube.common.mx_6.12.1.202409122256
2025-01-05 16:33:03,850 [INFO] DbMcusXml:78 - Set database path to: C:\ST\STM32CubeIDE_1.16.0\STM32CubeIDE\plugins\com.st.stm32cube.common.mx_6.12.1.202409122256\\db\/mcu/
2025-01-05 16:33:03,854 [INFO] ApiDb:274 - Set plugin database path to: C:\ST\STM32CubeIDE_1.16.0\STM32CubeIDE\plugins\com.st.stm32cube.common.mx_6.12.1.202409122256\\db\/plugins/boardmanager/
2025-01-05 16:33:03,857 [WARN] ApiDb:259 - Overriding images path with different value:  => C:\ST\STM32CubeIDE_1.16.0\STM32CubeIDE\plugins\com.st.stm32cube.common.mx_6.12.1.202409122256\\db\/plugins/mcufinder/images/
2025-01-05 16:33:03,877 [INFO] ApiDb:250 - Set database path to: C:\Users\kohlmanz\.stmcufinder\plugins\mcufinder//mcu/
2025-01-05 16:33:03,880 [INFO] DbMcusAds:125 - Set database path to: C:\Users\kohlmanz\.stmcufinder\plugins\mcufinder//mcu/
2025-01-05 16:33:03,885 [INFO] CrossReferenceDbSqlite:203 - Set database path to: C:\Users\kohlmanz\.stmcufinder\plugins\mcufinder//mcu/cs/
2025-01-05 16:33:04,262 [INFO] RulesReader:64 - Compatibility file has been processed (297 Rules)
2025-01-05 16:33:04,495 [INFO] DbMcusXml:78 - Set database path to: C:\ST\STM32CubeIDE_1.16.0\STM32CubeIDE\plugins\com.st.stm32cube.common.mx_6.12.1.202409122256\\db\/mcu/
2025-01-05 16:33:04,496 [INFO] ApiDb:274 - Set plugin database path to: C:\ST\STM32CubeIDE_1.16.0\STM32CubeIDE\plugins\com.st.stm32cube.common.mx_6.12.1.202409122256\\db\/plugins/boardmanager/
2025-01-05 16:33:04,496 [INFO] ApiDb:261 - Set plugin images path to: C:\ST\STM32CubeIDE_1.16.0\STM32CubeIDE\plugins\com.st.stm32cube.common.mx_6.12.1.202409122256\\db\/plugins/mcufinder/images/
2025-01-05 16:33:04,496 [WARN] DbFile:41 - Overriding database path with different value: C:\Users\kohlmanz\.stmcufinder\plugins\mcufinder/ => C:\Users\kohlmanz\.stmcufinder\plugins\mcufinder
2025-01-05 16:33:04,496 [INFO] ApiDb:250 - Set database path to: C:\Users\kohlmanz\.stmcufinder\plugins\mcufinder//mcu/
2025-01-05 16:33:04,497 [WARN] DbFile:41 - Overriding database path with different value: C:\Users\kohlmanz\.stmcufinder\plugins\mcufinder/ => C:\Users\kohlmanz\.stmcufinder\plugins\mcufinder
2025-01-05 16:33:04,497 [INFO] DbMcusAds:125 - Set database path to: C:\Users\kohlmanz\.stmcufinder\plugins\mcufinder//mcu/
2025-01-05 16:33:04,497 [WARN] DbFile:41 - Overriding database path with different value: C:\Users\kohlmanz\.stmcufinder\plugins\mcufinder/ => C:\Users\kohlmanz\.stmcufinder\plugins\mcufinder
2025-01-05 16:33:04,497 [WARN] DbFile:41 - Overriding database path with different value: C:\Users\kohlmanz\.stmcufinder\plugins\mcufinder/ => C:\Users\kohlmanz\.stmcufinder\plugins\mcufinder
2025-01-05 16:33:04,497 [INFO] CrossReferenceDbSqlite:203 - Set database path to: C:\Users\kohlmanz\.stmcufinder\plugins\mcufinder//mcu/cs/
2025-01-05 16:33:04,667 [INFO] MainPanel:268 - HeapMemory: 300941312
2025-01-05 16:33:04,819 [INFO] DbMcusXml:78 - Set database path to: C:\ST\STM32CubeIDE_1.16.0\STM32CubeIDE\plugins\com.st.stm32cube.common.mx_6.12.1.202409122256\\db\/mcu/
2025-01-05 16:33:04,820 [INFO] ApiDb:274 - Set plugin database path to: C:\ST\STM32CubeIDE_1.16.0\STM32CubeIDE\plugins\com.st.stm32cube.common.mx_6.12.1.202409122256\\db\/plugins/boardmanager/
2025-01-05 16:33:04,820 [INFO] ApiDb:261 - Set plugin images path to: C:\ST\STM32CubeIDE_1.16.0\STM32CubeIDE\plugins\com.st.stm32cube.common.mx_6.12.1.202409122256\\db\/plugins/mcufinder/images/
2025-01-05 16:33:04,820 [WARN] DbFile:41 - Overriding database path with different value: C:\Users\kohlmanz\.stmcufinder\plugins\mcufinder/ => C:\Users\kohlmanz\.stmcufinder\plugins\mcufinder
2025-01-05 16:33:04,820 [INFO] ApiDb:250 - Set database path to: C:\Users\kohlmanz\.stmcufinder\plugins\mcufinder//mcu/
2025-01-05 16:33:04,821 [WARN] DbFile:41 - Overriding database path with different value: C:\Users\kohlmanz\.stmcufinder\plugins\mcufinder/ => C:\Users\kohlmanz\.stmcufinder\plugins\mcufinder
2025-01-05 16:33:04,821 [INFO] DbMcusAds:125 - Set database path to: C:\Users\kohlmanz\.stmcufinder\plugins\mcufinder//mcu/
2025-01-05 16:33:04,821 [WARN] DbFile:41 - Overriding database path with different value: C:\Users\kohlmanz\.stmcufinder\plugins\mcufinder/ => C:\Users\kohlmanz\.stmcufinder\plugins\mcufinder
2025-01-05 16:33:04,821 [WARN] DbFile:41 - Overriding database path with different value: C:\Users\kohlmanz\.stmcufinder\plugins\mcufinder/ => C:\Users\kohlmanz\.stmcufinder\plugins\mcufinder
2025-01-05 16:33:04,821 [INFO] CrossReferenceDbSqlite:203 - Set database path to: C:\Users\kohlmanz\.stmcufinder\plugins\mcufinder//mcu/cs/
2025-01-05 16:33:04,851 [INFO] ApplicationProperties:184 - Using Application install path: C:\ST\STM32CubeIDE_1.16.0\STM32CubeIDE\plugins\com.st.stm32cube.common.mx_6.12.1.202409122256
2025-01-05 16:33:04,853 [INFO] PluginManage:196 - Search for loadable plugins [exclusion list=, ]
2025-01-05 16:33:04,855 [INFO] PluginManage:310 - Check plugin analytics
2025-01-05 16:33:05,439 [INFO] AnalyticsPlugin:253 - Accepted Software Licenses: STM32CubeMX.6.12.0,STM32CubeMX.6.12.1,STM32CubeMX.6.13.0
2025-01-05 16:33:05,440 [INFO] AnalyticsPlugin:255 - Accepted CMSIS Pack Licenses: 
2025-01-05 16:33:05,440 [INFO] AnalyticsPlugin:257 - Accepted Firmware Licenses: FW.F4.1.28.0,FW.G4.1.6.0
2025-01-05 16:33:05,449 [INFO] PluginManage:359 - Loaded plugin analytics (category:tool,tabindex:-1)
2025-01-05 16:33:05,451 [INFO] PluginManage:310 - Check plugin cadmodel
2025-01-05 16:33:05,459 [INFO] CADModel:105 - Init CAD model plugin
2025-01-05 16:33:05,460 [INFO] PluginManage:359 - Loaded plugin cadmodel (category:power,tabindex:5)
2025-01-05 16:33:05,460 [INFO] PluginManage:310 - Check plugin clock
2025-01-05 16:33:05,499 [INFO] PluginManage:359 - Loaded plugin clock (category:base,tabindex:2)
2025-01-05 16:33:05,499 [INFO] PluginManage:310 - Check plugin ddr
2025-01-05 16:33:05,510 [INFO] PluginManage:359 - Loaded plugin ddr (category:tool,tabindex:6)
2025-01-05 16:33:05,510 [INFO] PluginManage:310 - Check plugin filemanager
2025-01-05 16:33:05,833 [INFO] PluginManage:359 - Loaded plugin filemanager (category:base,tabindex:10)
2025-01-05 16:33:05,833 [INFO] PluginManage:310 - Check plugin ipmanager
2025-01-05 16:33:05,851 [INFO] PluginManage:359 - Loaded plugin ipmanager (category:base,tabindex:5)
2025-01-05 16:33:05,851 [INFO] PluginManage:310 - Check plugin lpbam
2025-01-05 16:33:05,872 [INFO] PluginManage:359 - Loaded plugin lpbam (category:base,tabindex:0)
2025-01-05 16:33:05,872 [INFO] PluginManage:310 - Check plugin memorymap
2025-01-05 16:33:05,898 [INFO] PluginManage:359 - Loaded plugin memorymap (category:base,tabindex:4)
2025-01-05 16:33:05,899 [INFO] PluginManage:310 - Check plugin pinoutandconfiguration
2025-01-05 16:33:05,912 [INFO] PluginManage:359 - Loaded plugin pinoutandconfiguration (category:base,tabindex:1)
2025-01-05 16:33:05,912 [INFO] PluginManage:310 - Check plugin pinoutconfig
2025-01-05 16:33:06,168 [WARN] SupportedApi:132 - Cannot load RTOS API schema: s4s-elt-must-match.1: The content of 'definitions' must match (annotation?, (simpleType | complexType)?, (unique | key | keyref)*)). A problem was found starting at: attribute.
2025-01-05 16:33:06,568 [INFO] PluginManage:359 - Loaded plugin pinoutconfig (category:base,tabindex:0)
2025-01-05 16:33:06,568 [INFO] PluginManage:310 - Check plugin power
2025-01-05 16:33:06,590 [INFO] PluginManage:359 - Loaded plugin power (category:power,tabindex:4)
2025-01-05 16:33:06,590 [INFO] PluginManage:310 - Check plugin projectmanager
2025-01-05 16:33:06,632 [INFO] PluginManage:359 - Loaded plugin projectmanager (category:projectmanager,tabindex:4)
2025-01-05 16:33:06,632 [INFO] PluginManage:310 - Check plugin rif
2025-01-05 16:33:06,651 [INFO] PluginManage:359 - Loaded plugin rif (category:base,tabindex:3)
2025-01-05 16:33:06,651 [INFO] PluginManage:310 - Check plugin thirdparty
2025-01-05 16:33:06,940 [WARN] IntegrityCheckThread:84 - waiting for thirdparty lock release [integrity check]
2025-01-05 16:33:06,940 [INFO] IntegrityCheckThread:86 - entering critical section [integrity check]
2025-01-05 16:33:06,943 [INFO] ThirdPartyUpdaterWithRetryManager:70 - Updater plugin not ready yet. [1/15]
2025-01-05 16:33:06,943 [INFO] PluginManage:359 - Loaded plugin thirdparty (category:base,tabindex:-1)
2025-01-05 16:33:06,945 [INFO] PluginManage:310 - Check plugin tools
2025-01-05 16:33:06,954 [INFO] PluginManage:359 - Loaded plugin tools (category:base,tabindex:7)
2025-01-05 16:33:06,954 [INFO] PluginManage:310 - Check plugin tutovideos
2025-01-05 16:33:07,535 [INFO] PluginManage:359 - Loaded plugin tutovideos (category:base,tabindex:-1)
2025-01-05 16:33:07,535 [INFO] PluginManage:310 - Check plugin updater
2025-01-05 16:33:07,574 [INFO] PluginManage:359 - Loaded plugin updater (category:base,tabindex:12)
2025-01-05 16:33:07,575 [INFO] PluginManage:310 - Check plugin userauth
2025-01-05 16:33:07,587 [INFO] UserAuth:113 - Init User Auth plugin
2025-01-05 16:33:07,587 [INFO] PluginManage:359 - Loaded plugin userauth (category:base,tabindex:14)
2025-01-05 16:33:07,589 [INFO] PluginManage:283 - PluginManage : Loaded plugins [18]
2025-01-05 16:33:08,179 [INFO] PinOutPanel:1561 - setPackage(No Configuration,No Configuration)
2025-01-05 16:33:08,377 [INFO] CADModel:165 - CPN selected for project level
2025-01-05 16:33:08,377 [INFO] CADModel:114 - Register for checkConnection events
2025-01-05 16:33:08,408 [INFO] IPUIPlugin:80 - create IPUIPlugin
2025-01-05 16:33:08,408 [INFO] PluginManager:220 - loadIPPluginJar : add adc
2025-01-05 16:33:08,413 [INFO] IPUIPlugin:80 - create IPUIPlugin
2025-01-05 16:33:08,413 [INFO] PluginManager:220 - loadIPPluginJar : add aes
2025-01-05 16:33:08,419 [INFO] IPUIPlugin:80 - create IPUIPlugin
2025-01-05 16:33:08,419 [INFO] PluginManager:220 - loadIPPluginJar : add can
2025-01-05 16:33:08,422 [INFO] IPUIPlugin:80 - create IPUIPlugin
2025-01-05 16:33:08,422 [INFO] PluginManager:220 - loadIPPluginJar : add comp
2025-01-05 16:33:08,426 [INFO] IPUIPlugin:80 - create IPUIPlugin
2025-01-05 16:33:08,426 [INFO] PluginManager:220 - loadIPPluginJar : add cryp
2025-01-05 16:33:08,431 [INFO] IPUIPlugin:80 - create IPUIPlugin
2025-01-05 16:33:08,431 [INFO] PluginManager:220 - loadIPPluginJar : add ddr_ctrl_phy
2025-01-05 16:33:08,435 [INFO] IPUIPlugin:80 - create IPUIPlugin
2025-01-05 16:33:08,435 [INFO] PluginManager:220 - loadIPPluginJar : add dfsdm
2025-01-05 16:33:08,444 [INFO] IPUIPlugin:80 - create IPUIPlugin
2025-01-05 16:33:08,446 [INFO] PluginManager:220 - loadIPPluginJar : add dma
2025-01-05 16:33:08,450 [INFO] IPUIPlugin:80 - create IPUIPlugin
2025-01-05 16:33:08,450 [INFO] PluginManager:220 - loadIPPluginJar : add dma3
2025-01-05 16:33:08,454 [INFO] IPUIPlugin:80 - create IPUIPlugin
2025-01-05 16:33:08,454 [INFO] PluginManager:220 - loadIPPluginJar : add extmemmanager
2025-01-05 16:33:08,458 [INFO] IPUIPlugin:80 - create IPUIPlugin
2025-01-05 16:33:08,458 [INFO] PluginManager:220 - loadIPPluginJar : add fatfs
2025-01-05 16:33:08,470 [INFO] IPUIPlugin:80 - create IPUIPlugin
2025-01-05 16:33:08,471 [INFO] PluginManager:220 - loadIPPluginJar : add fmc
2025-01-05 16:33:08,482 [INFO] IPUIPlugin:80 - create IPUIPlugin
2025-01-05 16:33:08,482 [INFO] PluginManager:220 - loadIPPluginJar : add freertos
2025-01-05 16:33:08,484 [INFO] IPUIPlugin:80 - create IPUIPlugin
2025-01-05 16:33:08,485 [INFO] PluginManager:220 - loadIPPluginJar : add genericplugin
2025-01-05 16:33:08,488 [INFO] IPUIPlugin:80 - create IPUIPlugin
2025-01-05 16:33:08,488 [INFO] PluginManager:220 - loadIPPluginJar : add gfxmmu
2025-01-05 16:33:08,495 [INFO] IPUIPlugin:80 - create IPUIPlugin
2025-01-05 16:33:08,495 [INFO] PluginManager:220 - loadIPPluginJar : add gic
2025-01-05 16:33:08,502 [INFO] IPUIPlugin:80 - create IPUIPlugin
2025-01-05 16:33:08,502 [INFO] PluginManager:220 - loadIPPluginJar : add gpio
2025-01-05 16:33:08,505 [INFO] IPUIPlugin:80 - create IPUIPlugin
2025-01-05 16:33:08,506 [INFO] PluginManager:220 - loadIPPluginJar : add gtzc
2025-01-05 16:33:08,509 [INFO] IPUIPlugin:80 - create IPUIPlugin
2025-01-05 16:33:08,509 [INFO] PluginManager:220 - loadIPPluginJar : add hash
2025-01-05 16:33:08,514 [INFO] IPUIPlugin:80 - create IPUIPlugin
2025-01-05 16:33:08,514 [INFO] PluginManager:220 - loadIPPluginJar : add i2c
2025-01-05 16:33:08,517 [INFO] IPUIPlugin:80 - create IPUIPlugin
2025-01-05 16:33:08,518 [INFO] PluginManager:220 - loadIPPluginJar : add i2s
2025-01-05 16:33:08,521 [INFO] IPUIPlugin:80 - create IPUIPlugin
2025-01-05 16:33:08,521 [INFO] PluginManager:220 - loadIPPluginJar : add i3c
2025-01-05 16:33:08,526 [INFO] IPUIPlugin:80 - create IPUIPlugin
2025-01-05 16:33:08,526 [INFO] PluginManager:220 - loadIPPluginJar : add ipddr
2025-01-05 16:33:08,537 [INFO] IPUIPlugin:80 - create IPUIPlugin
2025-01-05 16:33:08,537 [INFO] PluginManager:220 - loadIPPluginJar : add linkedlist
2025-01-05 16:33:08,544 [INFO] IPUIPlugin:80 - create IPUIPlugin
2025-01-05 16:33:08,545 [INFO] PluginManager:220 - loadIPPluginJar : add lorawan
2025-01-05 16:33:08,547 [INFO] IPUIPlugin:80 - create IPUIPlugin
2025-01-05 16:33:08,547 [INFO] PluginManager:220 - loadIPPluginJar : add ltdc
2025-01-05 16:33:08,555 [INFO] IPUIPlugin:80 - create IPUIPlugin
2025-01-05 16:33:08,555 [INFO] PluginManager:220 - loadIPPluginJar : add mdma
2025-01-05 16:33:08,560 [INFO] IPUIPlugin:80 - create IPUIPlugin
2025-01-05 16:33:08,560 [INFO] PluginManager:220 - loadIPPluginJar : add nvic
2025-01-05 16:33:08,565 [INFO] IPUIPlugin:80 - create IPUIPlugin
2025-01-05 16:33:08,565 [INFO] PluginManager:220 - loadIPPluginJar : add opamp
2025-01-05 16:33:08,569 [INFO] IPUIPlugin:80 - create IPUIPlugin
2025-01-05 16:33:08,569 [INFO] PluginManager:220 - loadIPPluginJar : add openamp
2025-01-05 16:33:08,574 [INFO] IPUIPlugin:80 - create IPUIPlugin
2025-01-05 16:33:08,574 [INFO] PluginManager:220 - loadIPPluginJar : add pdm2pcm
2025-01-05 16:33:08,583 [INFO] IPUIPlugin:80 - create IPUIPlugin
2025-01-05 16:33:08,587 [INFO] PluginManager:220 - loadIPPluginJar : add plateformsettings
2025-01-05 16:33:08,590 [INFO] IPUIPlugin:80 - create IPUIPlugin
2025-01-05 16:33:08,590 [INFO] PluginManager:220 - loadIPPluginJar : add quadspi
2025-01-05 16:33:08,594 [INFO] IPUIPlugin:80 - create IPUIPlugin
2025-01-05 16:33:08,597 [INFO] PluginManager:220 - loadIPPluginJar : add radio
2025-01-05 16:33:08,602 [INFO] IPUIPlugin:80 - create IPUIPlugin
2025-01-05 16:33:08,604 [INFO] PluginManager:220 - loadIPPluginJar : add resmgrutility
2025-01-05 16:33:08,609 [INFO] IPUIPlugin:80 - create IPUIPlugin
2025-01-05 16:33:08,609 [INFO] PluginManager:220 - loadIPPluginJar : add sai
2025-01-05 16:33:08,613 [INFO] IPUIPlugin:80 - create IPUIPlugin
2025-01-05 16:33:08,613 [INFO] PluginManager:220 - loadIPPluginJar : add spi
2025-01-05 16:33:08,621 [INFO] IPUIPlugin:80 - create IPUIPlugin
2025-01-05 16:33:08,622 [INFO] PluginManager:220 - loadIPPluginJar : add stm32_wpan
2025-01-05 16:33:08,624 [INFO] IPUIPlugin:80 - create IPUIPlugin
2025-01-05 16:33:08,625 [INFO] PluginManager:220 - loadIPPluginJar : add tim
2025-01-05 16:33:08,630 [INFO] IPUIPlugin:80 - create IPUIPlugin
2025-01-05 16:33:08,631 [INFO] PluginManager:220 - loadIPPluginJar : add touchsensing
2025-01-05 16:33:08,635 [INFO] IPUIPlugin:80 - create IPUIPlugin
2025-01-05 16:33:08,635 [INFO] PluginManager:220 - loadIPPluginJar : add tracer_emb
2025-01-05 16:33:08,638 [INFO] IPUIPlugin:80 - create IPUIPlugin
2025-01-05 16:33:08,638 [INFO] PluginManager:220 - loadIPPluginJar : add ts
2025-01-05 16:33:08,641 [INFO] IPUIPlugin:80 - create IPUIPlugin
2025-01-05 16:33:08,641 [INFO] PluginManager:220 - loadIPPluginJar : add tsc
2025-01-05 16:33:08,644 [INFO] IPUIPlugin:80 - create IPUIPlugin
2025-01-05 16:33:08,644 [INFO] PluginManager:220 - loadIPPluginJar : add ucpd
2025-01-05 16:33:08,648 [INFO] IPUIPlugin:80 - create IPUIPlugin
2025-01-05 16:33:08,649 [INFO] PluginManager:220 - loadIPPluginJar : add usart
2025-01-05 16:33:08,653 [INFO] IPUIPlugin:80 - create IPUIPlugin
2025-01-05 16:33:08,653 [INFO] PluginManager:220 - loadIPPluginJar : add usbx
2025-01-05 16:33:08,826 [INFO] CADModel:165 - CPN selected for project level
2025-01-05 16:33:08,826 [INFO] CADModel:114 - Register for checkConnection events
2025-01-05 16:33:08,827 [FATAL] Updater:334 - Updater called before beeing initialized
2025-01-05 16:33:08,827 [ERROR] CADModel:125 - Updater not yet initialized, retry later 
2025-01-05 16:33:09,096 [INFO] CADModel:165 - CPN selected for project level
2025-01-05 16:33:09,097 [INFO] CADModel:114 - Register for checkConnection events
2025-01-05 16:33:09,097 [FATAL] Updater:334 - Updater called before beeing initialized
2025-01-05 16:33:09,097 [ERROR] CADModel:125 - Updater not yet initialized, retry later 
2025-01-05 16:33:09,103 [FATAL] Updater:334 - Updater called before beeing initialized
2025-01-05 16:33:09,380 [FATAL] Updater:334 - Updater called before beeing initialized
2025-01-05 16:33:09,392 [INFO] DbMcusAds:53 - JSON generation date=Tue Dec 17 10:01:15 CST 2024 (1734451275222)
2025-01-05 16:33:09,393 [FATAL] Updater:334 - Updater called before beeing initialized
2025-01-05 16:33:09,492 [WARN] DetailPanel:346 - Failed to get advertising image, set to default
2025-01-05 16:33:09,704 [FATAL] Updater:334 - Updater called before beeing initialized
2025-01-05 16:33:09,707 [FATAL] Updater:334 - Updater called before beeing initialized
2025-01-05 16:33:09,707 [FATAL] Updater:334 - Updater called before beeing initialized
2025-01-05 16:33:09,707 [WARN] DetailPanel:346 - Failed to get advertising image, set to default
2025-01-05 16:33:09,709 [FATAL] Updater:334 - Updater called before beeing initialized
2025-01-05 16:33:09,863 [ERROR] Updater:1164 - MainUpdater not yet initialized. External WinMGr cannot be set.
2025-01-05 16:33:09,869 [INFO] Updater:1100 - Updater Version found : 6.12.1
2025-01-05 16:33:09,932 [INFO] ApplicationProperties:184 - Using Application install path: C:\ST\STM32CubeIDE_1.16.0\STM32CubeIDE\plugins\com.st.stm32cube.common.mx_6.12.1.202409122256
2025-01-05 16:33:09,946 [INFO] ThirdPartyUpdaterWithRetryManager:70 - Updater plugin not ready yet. [2/15]
2025-01-05 16:33:11,070 [INFO] MainUpdater:2873 - connection check result : 10
2025-01-05 16:33:11,071 [INFO] MainUpdater:290 - Updater Check For Update Now.
2025-01-05 16:33:11,071 [INFO] MicroXplorer:498 - Change Database Version : DB.6.0.121
2025-01-05 16:33:11,087 [INFO] McuFinderGlobals:63 - Set McuFinder mode to 2 (CubeIDE integrated)
2025-01-05 16:33:11,088 [INFO] UserAuth:417 - Internet connection configuration mode: 1
2025-01-05 16:33:11,311 [INFO] JxBrowserEngine:152 - Initiate JxBrowser Engine with user profile folder
2025-01-05 16:33:11,396 [INFO] CheckServerUpdateThread:120 - End of CheckServer Thread
2025-01-05 16:33:13,117 [INFO] WebApp:167 - Instantiating new browser for Auth
2025-01-05 16:33:13,805 [WARN] PackLoader:240 - Cannot read IP mode file for STMicroelectronics.FP-SNS-MOTENVWB1.1.4.0
2025-01-05 16:33:13,842 [WARN] PackLoader:240 - Cannot read IP mode file for STMicroelectronics.FP-ATR-ASTRA1.2.0.1
2025-01-05 16:33:13,871 [WARN] PackLoader:240 - Cannot read IP mode file for STMicroelectronics.X-CUBE-SMBUS.2.1.0
2025-01-05 16:33:13,912 [WARN] PackLoader:240 - Cannot read IP mode file for STMicroelectronics.X-CUBE-WB05N.1.1.0
2025-01-05 16:33:14,003 [WARN] PackLoader:240 - Cannot read IP mode file for STMicroelectronics.X-CUBE-AZRTOS-F7.1.1.0
2025-01-05 16:33:14,234 [WARN] PackLoader:240 - Cannot read IP mode file for STMicroelectronics.X-CUBE-MEMS1.11.0.0
2025-01-05 16:33:14,842 [WARN] PackLoader:240 - Cannot read IP mode file for STMicroelectronics.FP-SNS-FLIGHT1.5.0.2
2025-01-05 16:33:14,889 [WARN] PackLoader:240 - Cannot read IP mode file for Infineon.AIROC-Wi-Fi-Bluetooth-STM32.1.7.0
2025-01-05 16:33:14,933 [WARN] PackLoader:240 - Cannot read IP mode file for STMicroelectronics.X-CUBE-DISPLAY.3.0.0
2025-01-05 16:33:14,979 [WARN] PackLoader:240 - Cannot read IP mode file for STMicroelectronics.X-CUBE-BLE1.7.0.0
2025-01-05 16:33:14,999 [WARN] PackLoader:240 - Cannot read IP mode file for STMicroelectronics.X-CUBE-NFC10.1.0.0
2025-01-05 16:33:15,032 [WARN] PackLoader:240 - Cannot read IP mode file for STMicroelectronics.X-CUBE-BLEMGR.4.0.0
2025-01-05 16:33:15,069 [WARN] PackLoader:240 - Cannot read IP mode file for emotas.I-CUBE-CANOPEN.1.3.0
2025-01-05 16:33:15,480 [WARN] PackLoader:240 - Cannot read IP mode file for STMicroelectronics.FP-SNS-SMARTAG2.1.2.0
2025-01-05 16:33:15,615 [WARN] PackLoader:240 - Cannot read IP mode file for STMicroelectronics.X-CUBE-MEMS1.11.1.0
2025-01-05 16:33:16,065 [INFO] LogOutputStream:77 - [STDOUT_REDIRECT] 1 : Invalid condition id : UX_CORESTACK_Condition cause : null
2025-01-05 16:33:16,070 [INFO] LogOutputStream:77 - [STDOUT_REDIRECT] 1 : Invalid condition id : UX_CORESTACK_Condition cause : null
2025-01-05 16:33:16,079 [INFO] LogOutputStream:77 - [STDOUT_REDIRECT] 1 : Invalid condition id : UX_CORESTACK_Condition cause : null
2025-01-05 16:33:16,088 [INFO] LogOutputStream:77 - [STDOUT_REDIRECT] 1 : Invalid condition id : UX_CORESTACK_Condition cause : null
2025-01-05 16:33:16,098 [INFO] LogOutputStream:77 - [STDOUT_REDIRECT] 1 : Invalid condition id : UX_CORESTACK_Condition cause : null
2025-01-05 16:33:16,113 [WARN] PackLoader:240 - Cannot read IP mode file for STMicroelectronics.X-CUBE-AZRTOS-WL.2.0.0
2025-01-05 16:33:16,145 [WARN] PackLoader:240 - Cannot read IP mode file for STMicroelectronics.FP-SNS-MOTENV1.5.0.0
2025-01-05 16:33:16,173 [WARN] PackLoader:240 - Cannot read IP mode file for wolfSSL.I-CUBE-wolfMQTT.1.19.0
2025-01-05 16:33:16,215 [WARN] PackLoader:240 - Cannot read IP mode file for WES.I-CUBE-Cesium.1.3.0
2025-01-05 16:33:16,311 [WARN] PackLoader:240 - Cannot read IP mode file for STMicroelectronics.X-CUBE-BLE2.3.3.0
2025-01-05 16:33:16,348 [WARN] PackLoader:240 - Cannot read IP mode file for STMicroelectronics.X-CUBE-NFC9.1.0.0
2025-01-05 16:33:16,434 [WARN] PackLoader:240 - Cannot read IP mode file for STMicroelectronics.X-CUBE-AZRTOS-G0.1.1.0
2025-01-05 16:33:16,470 [WARN] PackLoader:240 - Cannot read IP mode file for STMicroelectronics.X-CUBE-SAFEA1.1.2.2
2025-01-05 16:33:16,500 [WARN] PackLoader:240 - Cannot read IP mode file for STMicroelectronics.X-CUBE-NFC4.3.0.0
2025-01-05 16:33:16,538 [WARN] PackLoader:240 - Cannot read IP mode file for EmbeddedOffice.I-CUBE-FS-RTOS.1.0.1
2025-01-05 16:33:16,540 [ERROR] ConditionMgr:805 - Attr not supported : Dmpu
2025-01-05 16:33:16,541 [ERROR] ConditionMgr:805 - Attr not supported : Dmpu
2025-01-05 16:33:16,542 [ERROR] ConditionMgr:805 - Attr not supported : Dmpu
2025-01-05 16:33:16,542 [ERROR] ConditionMgr:805 - Attr not supported : Dmpu
2025-01-05 16:33:16,542 [ERROR] ConditionMgr:805 - Attr not supported : Dmpu
2025-01-05 16:33:16,544 [ERROR] ConditionMgr:805 - Attr not supported : Dmpu
2025-01-05 16:33:16,544 [ERROR] ConditionMgr:805 - Attr not supported : Dmpu
2025-01-05 16:33:16,544 [ERROR] ConditionMgr:805 - Attr not supported : Dmpu
2025-01-05 16:33:16,544 [ERROR] ConditionMgr:805 - Attr not supported : Dmpu
2025-01-05 16:33:16,545 [ERROR] ConditionMgr:805 - Attr not supported : Dmpu
2025-01-05 16:33:16,545 [ERROR] ConditionMgr:805 - Attr not supported : Dmpu
2025-01-05 16:33:16,545 [ERROR] ConditionMgr:805 - Attr not supported : Dmpu
2025-01-05 16:33:16,547 [ERROR] ConditionMgr:805 - Attr not supported : Dmpu
2025-01-05 16:33:16,547 [ERROR] ConditionMgr:805 - Attr not supported : Dmpu
2025-01-05 16:33:16,548 [ERROR] ConditionMgr:805 - Attr not supported : Dmpu
2025-01-05 16:33:16,548 [ERROR] ConditionMgr:805 - Attr not supported : Dmpu
2025-01-05 16:33:16,548 [ERROR] ConditionMgr:805 - Attr not supported : Dmpu
2025-01-05 16:33:16,549 [ERROR] ConditionMgr:805 - Attr not supported : Dmpu
2025-01-05 16:33:16,550 [ERROR] ConditionMgr:805 - Attr not supported : Dmpu
2025-01-05 16:33:16,550 [ERROR] ConditionMgr:805 - Attr not supported : Dmpu
2025-01-05 16:33:16,550 [ERROR] ConditionMgr:805 - Attr not supported : Dmpu
2025-01-05 16:33:16,550 [ERROR] ConditionMgr:805 - Attr not supported : Dmpu
2025-01-05 16:33:16,551 [ERROR] ConditionMgr:805 - Attr not supported : Dmpu
2025-01-05 16:33:16,551 [ERROR] ConditionMgr:805 - Attr not supported : Dmpu
2025-01-05 16:33:16,552 [ERROR] ConditionMgr:805 - Attr not supported : Dmpu
2025-01-05 16:33:16,552 [ERROR] ConditionMgr:805 - Attr not supported : Dmpu
2025-01-05 16:33:16,552 [ERROR] ConditionMgr:805 - Attr not supported : Dmpu
2025-01-05 16:33:16,554 [ERROR] ConditionMgr:805 - Attr not supported : Dmpu
2025-01-05 16:33:16,555 [ERROR] ConditionMgr:805 - Attr not supported : Dmpu
2025-01-05 16:33:16,555 [ERROR] ConditionMgr:805 - Attr not supported : Dmpu
2025-01-05 16:33:16,555 [ERROR] ConditionMgr:805 - Attr not supported : Dmpu
2025-01-05 16:33:16,556 [ERROR] ConditionMgr:805 - Attr not supported : Dmpu
2025-01-05 16:33:16,556 [ERROR] ConditionMgr:805 - Attr not supported : Dmpu
2025-01-05 16:33:16,557 [ERROR] ConditionMgr:805 - Attr not supported : Dmpu
2025-01-05 16:33:16,557 [ERROR] ConditionMgr:805 - Attr not supported : Dmpu
2025-01-05 16:33:16,558 [ERROR] ConditionMgr:805 - Attr not supported : Dmpu
2025-01-05 16:33:16,559 [ERROR] ConditionMgr:805 - Attr not supported : Dmpu
2025-01-05 16:33:16,559 [ERROR] ConditionMgr:805 - Attr not supported : Dmpu
2025-01-05 16:33:16,560 [ERROR] ConditionMgr:805 - Attr not supported : Dmpu
2025-01-05 16:33:16,560 [ERROR] ConditionMgr:805 - Attr not supported : Dmpu
2025-01-05 16:33:16,561 [ERROR] ConditionMgr:805 - Attr not supported : Dmpu
2025-01-05 16:33:16,561 [ERROR] ConditionMgr:805 - Attr not supported : Dmpu
2025-01-05 16:33:16,561 [ERROR] ConditionMgr:805 - Attr not supported : Dmpu
2025-01-05 16:33:16,563 [ERROR] ConditionMgr:805 - Attr not supported : Dmpu
2025-01-05 16:33:16,563 [ERROR] ConditionMgr:805 - Attr not supported : Dmpu
2025-01-05 16:33:16,563 [ERROR] ConditionMgr:805 - Attr not supported : Dmpu
2025-01-05 16:33:16,564 [ERROR] ConditionMgr:805 - Attr not supported : Dmpu
2025-01-05 16:33:16,564 [ERROR] ConditionMgr:805 - Attr not supported : Dmpu
2025-01-05 16:33:16,565 [ERROR] ConditionMgr:805 - Attr not supported : Dmpu
2025-01-05 16:33:16,565 [ERROR] ConditionMgr:805 - Attr not supported : Dmpu
2025-01-05 16:33:16,565 [ERROR] ConditionMgr:805 - Attr not supported : Dmpu
2025-01-05 16:33:16,566 [ERROR] ConditionMgr:805 - Attr not supported : Dmpu
2025-01-05 16:33:16,566 [ERROR] ConditionMgr:805 - Attr not supported : Dmpu
2025-01-05 16:33:16,567 [ERROR] ConditionMgr:805 - Attr not supported : Dmpu
2025-01-05 16:33:16,567 [ERROR] ConditionMgr:805 - Attr not supported : Dmpu
2025-01-05 16:33:16,567 [ERROR] ConditionMgr:805 - Attr not supported : Dmpu
2025-01-05 16:33:16,568 [ERROR] ConditionMgr:805 - Attr not supported : Dmpu
2025-01-05 16:33:16,568 [ERROR] ConditionMgr:805 - Attr not supported : Dmpu
2025-01-05 16:33:16,568 [ERROR] ConditionMgr:805 - Attr not supported : Dmpu
2025-01-05 16:33:16,569 [ERROR] ConditionMgr:805 - Attr not supported : Dmpu
2025-01-05 16:33:16,569 [ERROR] ConditionMgr:805 - Attr not supported : Dmpu
2025-01-05 16:33:16,570 [ERROR] ConditionMgr:805 - Attr not supported : Dmpu
2025-01-05 16:33:16,570 [ERROR] ConditionMgr:805 - Attr not supported : Dmpu
2025-01-05 16:33:16,571 [ERROR] ConditionMgr:805 - Attr not supported : Dmpu
2025-01-05 16:33:16,590 [ERROR] Engine:466 - C:\Users\kohlmanz\.stm32cubemx\thirdparties\pdsc\STMicroelectronics.X-CUBE-TCPP.4.2.0.pdsc: PDSC version is not supported
2025-01-05 16:33:16,627 [WARN] PackLoader:240 - Cannot read IP mode file for RealThread.X-CUBE-RT-Thread_Nano.4.1.1
2025-01-05 16:33:16,651 [WARN] PackLoader:240 - Cannot read IP mode file for STMicroelectronics.FP-ATR-SIGFOX1.3.2.0
2025-01-05 16:33:16,680 [WARN] ConditionMgr:438 - getConditionDescription Invalid condition id : Cortex-A Device cause : null
2025-01-05 16:33:16,745 [WARN] ConditionMgr:1039 - genDependencies : Invalid condition id : Cortex-A Device cause : null
2025-01-05 16:33:16,746 [WARN] ConditionMgr:1039 - genDependencies : Invalid condition id : Cortex-A Device cause : null
2025-01-05 16:33:16,746 [WARN] ConditionMgr:1039 - genDependencies : Invalid condition id : Cortex-A Device cause : null
2025-01-05 16:33:16,773 [WARN] PackLoader:240 - Cannot read IP mode file for STMicroelectronics.X-CUBE-EEPRMA1.5.1.0
2025-01-05 16:33:16,812 [WARN] PackLoader:240 - Cannot read IP mode file for wolfSSL.I-CUBE-wolfSSL.5.7.4
2025-01-05 16:33:16,839 [WARN] PackLoader:240 - Cannot read IP mode file for ITTIA_DB.I-CUBE-ITTIADB.8.9.0
2025-01-05 16:33:16,986 [WARN] PackLoader:240 - Cannot read IP mode file for SEGGER.I-CUBE-embOS.1.3.1
2025-01-05 16:33:17,193 [WARN] PackLoader:240 - Cannot read IP mode file for STMicroelectronics.X-CUBE-ALGOBUILD.1.4.0
2025-01-05 16:33:17,209 [WARN] PackLoader:240 - Cannot read IP mode file for STMicroelectronics.X-CUBE-AI.9.1.0
2025-01-05 16:33:17,288 [WARN] PackLoader:240 - Cannot read IP mode file for STMicroelectronics.X-CUBE-AZRTOS-F4.1.1.0
2025-01-05 16:33:17,317 [WARN] PackLoader:240 - Cannot read IP mode file for STMicroelectronics.X-CUBE-ISPU.2.1.0
2025-01-05 16:33:17,368 [WARN] PackLoader:240 - Cannot read IP mode file for STMicroelectronics.X-CUBE-AZRTOS-L5.2.0.0
2025-01-05 16:33:17,396 [WARN] PackLoader:240 - Cannot read IP mode file for STMicroelectronics.X-CUBE-NFC6.3.1.0
2025-01-05 16:33:17,417 [WARN] PackLoader:240 - Cannot read IP mode file for STMicroelectronics.X-CUBE-DPower.1.2.0
2025-01-05 16:33:17,432 [WARN] PackLoader:240 - Cannot read IP mode file for STMicroelectronics.X-CUBE-FREERTOS.1.3.0
2025-01-05 16:33:17,446 [WARN] PackLoader:240 - Cannot read IP mode file for STMicroelectronics.X-CUBE-NFC7.1.0.1
2025-01-05 16:33:17,488 [WARN] ConditionMgr:438 - getConditionDescription Invalid condition id : LAN8742 Phy interface Condition cause : null
2025-01-05 16:33:17,489 [WARN] PackLoader:240 - Cannot read IP mode file for STMicroelectronics.X-CUBE-AZRTOS-L4.2.0.0
2025-01-05 16:33:17,495 [WARN] ConditionMgr:1039 - genDependencies : Invalid condition id : LAN8742 Phy interface Condition cause : null
2025-01-05 16:33:17,496 [WARN] ConditionMgr:1039 - genDependencies : Invalid condition id : LAN8742 Phy interface Condition cause : null
2025-01-05 16:33:17,498 [WARN] ConditionMgr:1039 - genDependencies : Invalid condition id : LAN8742 Phy interface Condition cause : null
2025-01-05 16:33:17,513 [WARN] PackLoader:240 - Cannot read IP mode file for STMicroelectronics.X-CUBE-SFXS2LP1.4.0.0
2025-01-05 16:33:17,547 [WARN] PackLoader:240 - Cannot read IP mode file for STMicroelectronics.X-CUBE-AZRTOS-H7.3.3.0
2025-01-05 16:33:17,591 [WARN] PackLoader:240 - Cannot read IP mode file for STMicroelectronics.X-CUBE-IPS.3.0.0
2025-01-05 16:33:17,639 [WARN] ConditionMgr:438 - getConditionDescription Invalid condition id : UX DEVICE CLASS RTOS Condition cause : null
2025-01-05 16:33:17,640 [WARN] ConditionMgr:438 - getConditionDescription Invalid condition id : UX DEVICE CLASS RTOS Condition cause : null
2025-01-05 16:33:17,644 [WARN] PackLoader:240 - Cannot read IP mode file for STMicroelectronics.X-CUBE-AZRTOS-WB.2.0.0
2025-01-05 16:33:17,645 [WARN] ConditionMgr:1039 - genDependencies : Invalid condition id : UX DEVICE CLASS RTOS Condition cause : null
2025-01-05 16:33:17,645 [WARN] ConditionMgr:1039 - genDependencies : Invalid condition id : UX DEVICE CLASS RTOS Condition cause : null
2025-01-05 16:33:17,646 [WARN] ConditionMgr:1039 - genDependencies : Invalid condition id : UX DEVICE CLASS RTOS Condition cause : null
2025-01-05 16:33:17,646 [WARN] ConditionMgr:1039 - genDependencies : Invalid condition id : UX DEVICE CLASS RTOS Condition cause : null
2025-01-05 16:33:17,646 [WARN] ConditionMgr:1039 - genDependencies : Invalid condition id : UX DEVICE CLASS RTOS Condition cause : null
2025-01-05 16:33:17,663 [WARN] PackLoader:240 - Cannot read IP mode file for STMicroelectronics.X-CUBE-GNSS1.7.0.0
2025-01-05 16:33:17,672 [WARN] PackLoader:240 - Cannot read IP mode file for STMicroelectronics.X-CUBE-GNSS1.7.0.1
2025-01-05 16:33:17,688 [WARN] PackLoader:240 - Cannot read IP mode file for STMicroelectronics.FP-SNS-STBOX1.2.0.0
2025-01-05 16:33:17,709 [WARN] PackLoader:240 - Cannot read IP mode file for STMicroelectronics.X-CUBE-SUBG2.5.0.0
2025-01-05 16:33:17,726 [WARN] PackLoader:240 - Cannot read IP mode file for Cesanta.I-CUBE-Mongoose.7.13.0
2025-01-05 16:33:17,752 [WARN] PackLoader:240 - Cannot read IP mode file for STMicroelectronics.X-CUBE-AZRTOS-G4.2.0.0
2025-01-05 16:33:17,767 [WARN] PackLoader:240 - Cannot read IP mode file for STMicroelectronics.X-CUBE-ALS.1.0.2
2025-01-05 16:33:17,793 [WARN] PackLoader:240 - Cannot read IP mode file for STMicroelectronics.X-CUBE-TOUCHGFX.4.24.1
2025-01-05 16:33:17,920 [WARN] PackLoader:240 - Cannot read IP mode file for wolfSSL.I-CUBE-wolfTPM.3.4.0
2025-01-05 16:33:17,935 [WARN] PackLoader:240 - Cannot read IP mode file for portGmbH.I-Cube-SoM-uGOAL.1.1.0
2025-01-05 16:33:17,987 [WARN] PackLoader:240 - Cannot read IP mode file for STMicroelectronics.X-CUBE-AZRTOS-H7RS.1.0.0
2025-01-05 16:33:18,024 [WARN] PackLoader:240 - Cannot read IP mode file for STMicroelectronics.X-CUBE-TOF1.3.4.2
2025-01-05 16:33:18,067 [WARN] PackLoader:240 - Cannot read IP mode file for wolfSSL.I-CUBE-wolfSSH.1.4.17
2025-01-05 16:33:18,071 [INFO] ThirdParty:978 - Integrity check success = true
2025-01-05 16:33:18,071 [INFO] IntegrityCheckThread:100 - exiting critical section [integrity check]
2025-01-05 16:33:18,072 [INFO] IntegrityCheckThread:103 - End integrity checks thread
2025-01-05 16:33:19,700 [INFO] WebApp:448 - Apply proxy settings
2025-01-05 16:33:19,701 [INFO] WebApp:533 - Chromium requires no authentication
2025-01-05 16:33:19,734 [INFO] WebApp:476 - Direct internet connection detected
2025-01-05 16:33:19,849 [INFO] WebApp:869 - Register for checkConnection events
2025-01-05 16:33:19,849 [INFO] WebApp:448 - Apply proxy settings
2025-01-05 16:33:19,850 [INFO] WebApp:533 - Chromium requires no authentication
2025-01-05 16:33:19,852 [INFO] WebApp:476 - Direct internet connection detected
2025-01-05 16:33:20,257 [INFO] WebApp:186 - Connection restablished
2025-01-05 16:33:20,747 [INFO] WebApp:220 - Starting web application
2025-01-05 16:33:20,747 [INFO] WebApp:578 - Web application path used C:\ST\STM32CubeIDE_1.16.0\STM32CubeIDE\plugins\com.st.stm32cube.common.mx_6.12.1.202409122256\db\plugins\mcufinder\reactClient1\index.html
2025-01-05 16:33:21,132 [INFO] UserAuth:417 - Internet connection configuration mode: 1
2025-01-05 16:33:22,768 [ERROR] LogOutputStream:75 - [STDERR_REDIRECT] Jan 05, 2025 4:33:22 PM org.glassfish.grizzly.http.server.NetworkListener start
2025-01-05 16:33:22,772 [ERROR] LogOutputStream:75 - [STDERR_REDIRECT] INFO: Started listener bound to [localhost:1597]
2025-01-05 16:33:22,774 [ERROR] LogOutputStream:75 - [STDERR_REDIRECT] 
2025-01-05 16:33:22,779 [ERROR] LogOutputStream:75 - [STDERR_REDIRECT] Jan 05, 2025 4:33:22 PM org.glassfish.grizzly.http.server.HttpServer start
2025-01-05 16:33:22,780 [ERROR] LogOutputStream:75 - [STDERR_REDIRECT] INFO: [HttpServer] Started.
2025-01-05 16:33:22,781 [ERROR] LogOutputStream:75 - [STDERR_REDIRECT] 
2025-01-05 20:27:00,073 [INFO] WebApp:189 - Connection lost
2025-01-05 20:27:00,307 [INFO] WebApp:186 - Connection restablished
2025-01-05 22:06:11,330 [ERROR] LogOutputStream:75 - [STDERR_REDIRECT] 
