2024-11-15 16:26:00,658 [INFO] Activator:176 - 


2024-11-15 16:26:00,664 [INFO] Activator:177 - !SESSION log4j initialized
2024-11-15 16:26:07,952 [INFO] LogOutputStream:77 - [STDOUT_REDIRECT] 
2024-11-15 16:26:21,872 [INFO] ApplicationProperties:184 - Using Application install path: C:\ST\STM32CubeIDE_1.16.0\STM32CubeIDE\plugins\com.st.stm32cube.common.mx_6.12.1.202409122256
2024-11-15 16:26:21,888 [INFO] DbMcusXml:78 - Set database path to: C:\ST\STM32CubeIDE_1.16.0\STM32CubeIDE\plugins\com.st.stm32cube.common.mx_6.12.1.202409122256\\db\/mcu/
2024-11-15 16:26:21,889 [INFO] ApiDb:274 - Set plugin database path to: C:\ST\STM32CubeIDE_1.16.0\STM32CubeIDE\plugins\com.st.stm32cube.common.mx_6.12.1.202409122256\\db\/plugins/boardmanager/
2024-11-15 16:26:21,889 [WARN] ApiDb:259 - Overriding images path with different value:  => C:\ST\STM32CubeIDE_1.16.0\STM32CubeIDE\plugins\com.st.stm32cube.common.mx_6.12.1.202409122256\\db\/plugins/mcufinder/images/
2024-11-15 16:26:21,898 [INFO] ApiDb:250 - Set database path to: C:\Users\kohlmanz\.stmcufinder\plugins\mcufinder//mcu/
2024-11-15 16:26:21,899 [INFO] DbMcusAds:125 - Set database path to: C:\Users\kohlmanz\.stmcufinder\plugins\mcufinder//mcu/
2024-11-15 16:26:21,910 [INFO] CrossReferenceDbSqlite:203 - Set database path to: C:\Users\kohlmanz\.stmcufinder\plugins\mcufinder//mcu/cs/
2024-11-15 16:26:22,014 [INFO] RulesReader:64 - Compatibility file has been processed (297 Rules)
2024-11-15 16:26:22,111 [INFO] DbMcusXml:78 - Set database path to: C:\ST\STM32CubeIDE_1.16.0\STM32CubeIDE\plugins\com.st.stm32cube.common.mx_6.12.1.202409122256\\db\/mcu/
2024-11-15 16:26:22,111 [INFO] ApiDb:274 - Set plugin database path to: C:\ST\STM32CubeIDE_1.16.0\STM32CubeIDE\plugins\com.st.stm32cube.common.mx_6.12.1.202409122256\\db\/plugins/boardmanager/
2024-11-15 16:26:22,111 [INFO] ApiDb:261 - Set plugin images path to: C:\ST\STM32CubeIDE_1.16.0\STM32CubeIDE\plugins\com.st.stm32cube.common.mx_6.12.1.202409122256\\db\/plugins/mcufinder/images/
2024-11-15 16:26:22,112 [WARN] DbFile:41 - Overriding database path with different value: C:\Users\kohlmanz\.stmcufinder\plugins\mcufinder/ => C:\Users\kohlmanz\.stmcufinder\plugins\mcufinder
2024-11-15 16:26:22,112 [INFO] ApiDb:250 - Set database path to: C:\Users\kohlmanz\.stmcufinder\plugins\mcufinder//mcu/
2024-11-15 16:26:22,112 [WARN] DbFile:41 - Overriding database path with different value: C:\Users\kohlmanz\.stmcufinder\plugins\mcufinder/ => C:\Users\kohlmanz\.stmcufinder\plugins\mcufinder
2024-11-15 16:26:22,112 [INFO] DbMcusAds:125 - Set database path to: C:\Users\kohlmanz\.stmcufinder\plugins\mcufinder//mcu/
2024-11-15 16:26:22,112 [WARN] DbFile:41 - Overriding database path with different value: C:\Users\kohlmanz\.stmcufinder\plugins\mcufinder/ => C:\Users\kohlmanz\.stmcufinder\plugins\mcufinder
2024-11-15 16:26:22,112 [WARN] DbFile:41 - Overriding database path with different value: C:\Users\kohlmanz\.stmcufinder\plugins\mcufinder/ => C:\Users\kohlmanz\.stmcufinder\plugins\mcufinder
2024-11-15 16:26:22,112 [INFO] CrossReferenceDbSqlite:203 - Set database path to: C:\Users\kohlmanz\.stmcufinder\plugins\mcufinder//mcu/cs/
2024-11-15 16:26:22,209 [INFO] MainPanel:268 - HeapMemory: 300941312
2024-11-15 16:26:22,314 [INFO] DbMcusXml:78 - Set database path to: C:\ST\STM32CubeIDE_1.16.0\STM32CubeIDE\plugins\com.st.stm32cube.common.mx_6.12.1.202409122256\\db\/mcu/
2024-11-15 16:26:22,314 [INFO] ApiDb:274 - Set plugin database path to: C:\ST\STM32CubeIDE_1.16.0\STM32CubeIDE\plugins\com.st.stm32cube.common.mx_6.12.1.202409122256\\db\/plugins/boardmanager/
2024-11-15 16:26:22,314 [INFO] ApiDb:261 - Set plugin images path to: C:\ST\STM32CubeIDE_1.16.0\STM32CubeIDE\plugins\com.st.stm32cube.common.mx_6.12.1.202409122256\\db\/plugins/mcufinder/images/
2024-11-15 16:26:22,314 [WARN] DbFile:41 - Overriding database path with different value: C:\Users\kohlmanz\.stmcufinder\plugins\mcufinder/ => C:\Users\kohlmanz\.stmcufinder\plugins\mcufinder
2024-11-15 16:26:22,315 [INFO] ApiDb:250 - Set database path to: C:\Users\kohlmanz\.stmcufinder\plugins\mcufinder//mcu/
2024-11-15 16:26:22,315 [WARN] DbFile:41 - Overriding database path with different value: C:\Users\kohlmanz\.stmcufinder\plugins\mcufinder/ => C:\Users\kohlmanz\.stmcufinder\plugins\mcufinder
2024-11-15 16:26:22,315 [INFO] DbMcusAds:125 - Set database path to: C:\Users\kohlmanz\.stmcufinder\plugins\mcufinder//mcu/
2024-11-15 16:26:22,315 [WARN] DbFile:41 - Overriding database path with different value: C:\Users\kohlmanz\.stmcufinder\plugins\mcufinder/ => C:\Users\kohlmanz\.stmcufinder\plugins\mcufinder
2024-11-15 16:26:22,315 [WARN] DbFile:41 - Overriding database path with different value: C:\Users\kohlmanz\.stmcufinder\plugins\mcufinder/ => C:\Users\kohlmanz\.stmcufinder\plugins\mcufinder
2024-11-15 16:26:22,315 [INFO] CrossReferenceDbSqlite:203 - Set database path to: C:\Users\kohlmanz\.stmcufinder\plugins\mcufinder//mcu/cs/
2024-11-15 16:26:22,331 [INFO] ApplicationProperties:184 - Using Application install path: C:\ST\STM32CubeIDE_1.16.0\STM32CubeIDE\plugins\com.st.stm32cube.common.mx_6.12.1.202409122256
2024-11-15 16:26:22,333 [INFO] PluginManage:196 - Search for loadable plugins [exclusion list=, ]
2024-11-15 16:26:22,334 [INFO] PluginManage:310 - Check plugin analytics
2024-11-15 16:26:22,525 [INFO] AnalyticsPlugin:253 - Accepted Software Licenses: STM32CubeMX.6.12.0,STM32CubeMX.6.12.1
2024-11-15 16:26:22,525 [INFO] AnalyticsPlugin:255 - Accepted CMSIS Pack Licenses: 
2024-11-15 16:26:22,525 [INFO] AnalyticsPlugin:257 - Accepted Firmware Licenses: FW.F4.1.28.0,FW.G4.1.6.0
2024-11-15 16:26:22,529 [INFO] PluginManage:359 - Loaded plugin analytics (category:tool,tabindex:-1)
2024-11-15 16:26:22,530 [INFO] PluginManage:310 - Check plugin cadmodel
2024-11-15 16:26:22,537 [INFO] CADModel:105 - Init CAD model plugin
2024-11-15 16:26:22,537 [INFO] PluginManage:359 - Loaded plugin cadmodel (category:power,tabindex:5)
2024-11-15 16:26:22,538 [INFO] PluginManage:310 - Check plugin clock
2024-11-15 16:26:22,557 [INFO] PluginManage:359 - Loaded plugin clock (category:base,tabindex:2)
2024-11-15 16:26:22,557 [INFO] PluginManage:310 - Check plugin ddr
2024-11-15 16:26:22,562 [INFO] PluginManage:359 - Loaded plugin ddr (category:tool,tabindex:6)
2024-11-15 16:26:22,562 [INFO] PluginManage:310 - Check plugin filemanager
2024-11-15 16:26:22,719 [INFO] PluginManage:359 - Loaded plugin filemanager (category:base,tabindex:10)
2024-11-15 16:26:22,719 [INFO] PluginManage:310 - Check plugin ipmanager
2024-11-15 16:26:22,727 [INFO] PluginManage:359 - Loaded plugin ipmanager (category:base,tabindex:5)
2024-11-15 16:26:22,727 [INFO] PluginManage:310 - Check plugin lpbam
2024-11-15 16:26:22,736 [INFO] PluginManage:359 - Loaded plugin lpbam (category:base,tabindex:0)
2024-11-15 16:26:22,736 [INFO] PluginManage:310 - Check plugin memorymap
2024-11-15 16:26:22,749 [INFO] PluginManage:359 - Loaded plugin memorymap (category:base,tabindex:4)
2024-11-15 16:26:22,749 [INFO] PluginManage:310 - Check plugin pinoutandconfiguration
2024-11-15 16:26:22,758 [INFO] PluginManage:359 - Loaded plugin pinoutandconfiguration (category:base,tabindex:1)
2024-11-15 16:26:22,758 [INFO] PluginManage:310 - Check plugin pinoutconfig
2024-11-15 16:26:22,856 [WARN] SupportedApi:132 - Cannot load RTOS API schema: s4s-elt-must-match.1: The content of 'definitions' must match (annotation?, (simpleType | complexType)?, (unique | key | keyref)*)). A problem was found starting at: attribute.
2024-11-15 16:26:23,024 [INFO] PluginManage:359 - Loaded plugin pinoutconfig (category:base,tabindex:0)
2024-11-15 16:26:23,025 [INFO] PluginManage:310 - Check plugin power
2024-11-15 16:26:23,038 [INFO] PluginManage:359 - Loaded plugin power (category:power,tabindex:4)
2024-11-15 16:26:23,038 [INFO] PluginManage:310 - Check plugin projectmanager
2024-11-15 16:26:23,058 [INFO] PluginManage:359 - Loaded plugin projectmanager (category:projectmanager,tabindex:4)
2024-11-15 16:26:23,058 [INFO] PluginManage:310 - Check plugin rif
2024-11-15 16:26:23,071 [INFO] PluginManage:359 - Loaded plugin rif (category:base,tabindex:3)
2024-11-15 16:26:23,071 [INFO] PluginManage:310 - Check plugin thirdparty
2024-11-15 16:26:23,227 [WARN] IntegrityCheckThread:84 - waiting for thirdparty lock release [integrity check]
2024-11-15 16:26:23,227 [INFO] IntegrityCheckThread:86 - entering critical section [integrity check]
2024-11-15 16:26:23,229 [INFO] PluginManage:359 - Loaded plugin thirdparty (category:base,tabindex:-1)
2024-11-15 16:26:23,229 [INFO] ThirdPartyUpdaterWithRetryManager:70 - Updater plugin not ready yet. [1/15]
2024-11-15 16:26:23,229 [INFO] PluginManage:310 - Check plugin tools
2024-11-15 16:26:23,233 [INFO] PluginManage:359 - Loaded plugin tools (category:base,tabindex:7)
2024-11-15 16:26:23,233 [INFO] PluginManage:310 - Check plugin tutovideos
2024-11-15 16:26:23,410 [INFO] PluginManage:359 - Loaded plugin tutovideos (category:base,tabindex:-1)
2024-11-15 16:26:23,410 [INFO] PluginManage:310 - Check plugin updater
2024-11-15 16:26:23,428 [INFO] PluginManage:359 - Loaded plugin updater (category:base,tabindex:12)
2024-11-15 16:26:23,428 [INFO] PluginManage:310 - Check plugin userauth
2024-11-15 16:26:23,435 [INFO] UserAuth:113 - Init User Auth plugin
2024-11-15 16:26:23,435 [INFO] PluginManage:359 - Loaded plugin userauth (category:base,tabindex:14)
2024-11-15 16:26:23,435 [INFO] PluginManage:283 - PluginManage : Loaded plugins [18]
2024-11-15 16:26:23,763 [INFO] PinOutPanel:1561 - setPackage(No Configuration,No Configuration)
2024-11-15 16:26:23,874 [INFO] CADModel:165 - CPN selected for project level
2024-11-15 16:26:23,874 [INFO] CADModel:114 - Register for checkConnection events
2024-11-15 16:26:23,900 [INFO] IPUIPlugin:80 - create IPUIPlugin
2024-11-15 16:26:23,900 [INFO] PluginManager:220 - loadIPPluginJar : add adc
2024-11-15 16:26:23,905 [INFO] IPUIPlugin:80 - create IPUIPlugin
2024-11-15 16:26:23,906 [INFO] PluginManager:220 - loadIPPluginJar : add aes
2024-11-15 16:26:23,909 [INFO] IPUIPlugin:80 - create IPUIPlugin
2024-11-15 16:26:23,909 [INFO] PluginManager:220 - loadIPPluginJar : add can
2024-11-15 16:26:23,911 [INFO] IPUIPlugin:80 - create IPUIPlugin
2024-11-15 16:26:23,912 [INFO] PluginManager:220 - loadIPPluginJar : add comp
2024-11-15 16:26:23,914 [INFO] IPUIPlugin:80 - create IPUIPlugin
2024-11-15 16:26:23,915 [INFO] PluginManager:220 - loadIPPluginJar : add cryp
2024-11-15 16:26:23,919 [INFO] IPUIPlugin:80 - create IPUIPlugin
2024-11-15 16:26:23,919 [INFO] PluginManager:220 - loadIPPluginJar : add ddr_ctrl_phy
2024-11-15 16:26:23,923 [INFO] IPUIPlugin:80 - create IPUIPlugin
2024-11-15 16:26:23,923 [INFO] PluginManager:220 - loadIPPluginJar : add dfsdm
2024-11-15 16:26:23,932 [INFO] IPUIPlugin:80 - create IPUIPlugin
2024-11-15 16:26:23,933 [INFO] PluginManager:220 - loadIPPluginJar : add dma
2024-11-15 16:26:23,938 [INFO] IPUIPlugin:80 - create IPUIPlugin
2024-11-15 16:26:23,938 [INFO] PluginManager:220 - loadIPPluginJar : add dma3
2024-11-15 16:26:23,943 [INFO] IPUIPlugin:80 - create IPUIPlugin
2024-11-15 16:26:23,943 [INFO] PluginManager:220 - loadIPPluginJar : add extmemmanager
2024-11-15 16:26:23,946 [INFO] IPUIPlugin:80 - create IPUIPlugin
2024-11-15 16:26:23,946 [INFO] PluginManager:220 - loadIPPluginJar : add fatfs
2024-11-15 16:26:23,953 [INFO] IPUIPlugin:80 - create IPUIPlugin
2024-11-15 16:26:23,953 [INFO] PluginManager:220 - loadIPPluginJar : add fmc
2024-11-15 16:26:23,963 [INFO] IPUIPlugin:80 - create IPUIPlugin
2024-11-15 16:26:23,963 [INFO] PluginManager:220 - loadIPPluginJar : add freertos
2024-11-15 16:26:23,965 [INFO] IPUIPlugin:80 - create IPUIPlugin
2024-11-15 16:26:23,965 [INFO] PluginManager:220 - loadIPPluginJar : add genericplugin
2024-11-15 16:26:23,968 [INFO] IPUIPlugin:80 - create IPUIPlugin
2024-11-15 16:26:23,968 [INFO] PluginManager:220 - loadIPPluginJar : add gfxmmu
2024-11-15 16:26:23,973 [INFO] IPUIPlugin:80 - create IPUIPlugin
2024-11-15 16:26:23,973 [INFO] PluginManager:220 - loadIPPluginJar : add gic
2024-11-15 16:26:23,977 [INFO] IPUIPlugin:80 - create IPUIPlugin
2024-11-15 16:26:23,977 [INFO] PluginManager:220 - loadIPPluginJar : add gpio
2024-11-15 16:26:23,979 [INFO] IPUIPlugin:80 - create IPUIPlugin
2024-11-15 16:26:23,979 [INFO] PluginManager:220 - loadIPPluginJar : add gtzc
2024-11-15 16:26:23,982 [INFO] IPUIPlugin:80 - create IPUIPlugin
2024-11-15 16:26:23,982 [INFO] PluginManager:220 - loadIPPluginJar : add hash
2024-11-15 16:26:23,984 [INFO] IPUIPlugin:80 - create IPUIPlugin
2024-11-15 16:26:23,984 [INFO] PluginManager:220 - loadIPPluginJar : add i2c
2024-11-15 16:26:23,986 [INFO] IPUIPlugin:80 - create IPUIPlugin
2024-11-15 16:26:23,986 [INFO] PluginManager:220 - loadIPPluginJar : add i2s
2024-11-15 16:26:23,989 [INFO] IPUIPlugin:80 - create IPUIPlugin
2024-11-15 16:26:23,989 [INFO] PluginManager:220 - loadIPPluginJar : add i3c
2024-11-15 16:26:23,991 [INFO] IPUIPlugin:80 - create IPUIPlugin
2024-11-15 16:26:23,991 [INFO] PluginManager:220 - loadIPPluginJar : add ipddr
2024-11-15 16:26:23,998 [INFO] IPUIPlugin:80 - create IPUIPlugin
2024-11-15 16:26:23,998 [INFO] PluginManager:220 - loadIPPluginJar : add linkedlist
2024-11-15 16:26:24,001 [INFO] IPUIPlugin:80 - create IPUIPlugin
2024-11-15 16:26:24,001 [INFO] PluginManager:220 - loadIPPluginJar : add lorawan
2024-11-15 16:26:24,003 [INFO] IPUIPlugin:80 - create IPUIPlugin
2024-11-15 16:26:24,003 [INFO] PluginManager:220 - loadIPPluginJar : add ltdc
2024-11-15 16:26:24,007 [INFO] IPUIPlugin:80 - create IPUIPlugin
2024-11-15 16:26:24,007 [INFO] PluginManager:220 - loadIPPluginJar : add mdma
2024-11-15 16:26:24,011 [INFO] IPUIPlugin:80 - create IPUIPlugin
2024-11-15 16:26:24,011 [INFO] PluginManager:220 - loadIPPluginJar : add nvic
2024-11-15 16:26:24,014 [INFO] IPUIPlugin:80 - create IPUIPlugin
2024-11-15 16:26:24,014 [INFO] PluginManager:220 - loadIPPluginJar : add opamp
2024-11-15 16:26:24,016 [INFO] IPUIPlugin:80 - create IPUIPlugin
2024-11-15 16:26:24,017 [INFO] PluginManager:220 - loadIPPluginJar : add openamp
2024-11-15 16:26:24,019 [INFO] IPUIPlugin:80 - create IPUIPlugin
2024-11-15 16:26:24,019 [INFO] PluginManager:220 - loadIPPluginJar : add pdm2pcm
2024-11-15 16:26:24,023 [INFO] IPUIPlugin:80 - create IPUIPlugin
2024-11-15 16:26:24,025 [INFO] PluginManager:220 - loadIPPluginJar : add plateformsettings
2024-11-15 16:26:24,027 [INFO] IPUIPlugin:80 - create IPUIPlugin
2024-11-15 16:26:24,027 [INFO] PluginManager:220 - loadIPPluginJar : add quadspi
2024-11-15 16:26:24,028 [INFO] IPUIPlugin:80 - create IPUIPlugin
2024-11-15 16:26:24,031 [INFO] PluginManager:220 - loadIPPluginJar : add radio
2024-11-15 16:26:24,035 [INFO] IPUIPlugin:80 - create IPUIPlugin
2024-11-15 16:26:24,035 [INFO] PluginManager:220 - loadIPPluginJar : add resmgrutility
2024-11-15 16:26:24,037 [INFO] IPUIPlugin:80 - create IPUIPlugin
2024-11-15 16:26:24,037 [INFO] PluginManager:220 - loadIPPluginJar : add sai
2024-11-15 16:26:24,039 [INFO] IPUIPlugin:80 - create IPUIPlugin
2024-11-15 16:26:24,039 [INFO] PluginManager:220 - loadIPPluginJar : add spi
2024-11-15 16:26:24,043 [INFO] IPUIPlugin:80 - create IPUIPlugin
2024-11-15 16:26:24,043 [INFO] PluginManager:220 - loadIPPluginJar : add stm32_wpan
2024-11-15 16:26:24,045 [INFO] IPUIPlugin:80 - create IPUIPlugin
2024-11-15 16:26:24,045 [INFO] PluginManager:220 - loadIPPluginJar : add tim
2024-11-15 16:26:24,052 [INFO] IPUIPlugin:80 - create IPUIPlugin
2024-11-15 16:26:24,052 [INFO] PluginManager:220 - loadIPPluginJar : add touchsensing
2024-11-15 16:26:24,056 [INFO] IPUIPlugin:80 - create IPUIPlugin
2024-11-15 16:26:24,056 [INFO] PluginManager:220 - loadIPPluginJar : add tracer_emb
2024-11-15 16:26:24,059 [INFO] IPUIPlugin:80 - create IPUIPlugin
2024-11-15 16:26:24,060 [INFO] PluginManager:220 - loadIPPluginJar : add ts
2024-11-15 16:26:24,062 [INFO] IPUIPlugin:80 - create IPUIPlugin
2024-11-15 16:26:24,062 [INFO] PluginManager:220 - loadIPPluginJar : add tsc
2024-11-15 16:26:24,064 [INFO] IPUIPlugin:80 - create IPUIPlugin
2024-11-15 16:26:24,065 [INFO] PluginManager:220 - loadIPPluginJar : add ucpd
2024-11-15 16:26:24,067 [INFO] IPUIPlugin:80 - create IPUIPlugin
2024-11-15 16:26:24,068 [INFO] PluginManager:220 - loadIPPluginJar : add usart
2024-11-15 16:26:24,072 [INFO] IPUIPlugin:80 - create IPUIPlugin
2024-11-15 16:26:24,072 [INFO] PluginManager:220 - loadIPPluginJar : add usbx
2024-11-15 16:26:24,206 [INFO] CADModel:165 - CPN selected for project level
2024-11-15 16:26:24,207 [INFO] CADModel:114 - Register for checkConnection events
2024-11-15 16:26:24,207 [FATAL] Updater:334 - Updater called before beeing initialized
2024-11-15 16:26:24,207 [ERROR] CADModel:125 - Updater not yet initialized, retry later 
2024-11-15 16:26:24,354 [INFO] CADModel:165 - CPN selected for project level
2024-11-15 16:26:24,354 [INFO] CADModel:114 - Register for checkConnection events
2024-11-15 16:26:24,354 [FATAL] Updater:334 - Updater called before beeing initialized
2024-11-15 16:26:24,354 [ERROR] CADModel:125 - Updater not yet initialized, retry later 
2024-11-15 16:26:24,359 [FATAL] Updater:334 - Updater called before beeing initialized
2024-11-15 16:26:24,490 [FATAL] Updater:334 - Updater called before beeing initialized
2024-11-15 16:26:24,496 [INFO] DbMcusAds:53 - JSON generation date=Fri Sep 20 08:04:38 CDT 2024 (1726837478367)
2024-11-15 16:26:24,496 [FATAL] Updater:334 - Updater called before beeing initialized
2024-11-15 16:26:24,542 [WARN] DetailPanel:346 - Failed to get advertising image, set to default
2024-11-15 16:26:24,628 [FATAL] Updater:334 - Updater called before beeing initialized
2024-11-15 16:26:24,629 [FATAL] Updater:334 - Updater called before beeing initialized
2024-11-15 16:26:24,629 [FATAL] Updater:334 - Updater called before beeing initialized
2024-11-15 16:26:24,629 [WARN] DetailPanel:346 - Failed to get advertising image, set to default
2024-11-15 16:26:24,629 [FATAL] Updater:334 - Updater called before beeing initialized
2024-11-15 16:26:24,683 [ERROR] Updater:1164 - MainUpdater not yet initialized. External WinMGr cannot be set.
2024-11-15 16:26:24,686 [INFO] Updater:1100 - Updater Version found : 6.12.1
2024-11-15 16:26:24,709 [INFO] ApplicationProperties:184 - Using Application install path: C:\ST\STM32CubeIDE_1.16.0\STM32CubeIDE\plugins\com.st.stm32cube.common.mx_6.12.1.202409122256
2024-11-15 16:26:24,795 [INFO] MainUpdater:526 - Copy updater definitions from MX database
2024-11-15 16:26:25,420 [INFO] MainUpdater:2873 - connection check result : 10
2024-11-15 16:26:25,420 [INFO] MainUpdater:3567 - Updater definition file requires update
2024-11-15 16:26:25,421 [INFO] MainUpdater:290 - Updater Check For Update Now.
2024-11-15 16:26:25,421 [INFO] MicroXplorer:498 - Change Database Version : DB.6.0.121
2024-11-15 16:26:25,428 [INFO] McuFinderGlobals:63 - Set McuFinder mode to 2 (CubeIDE integrated)
2024-11-15 16:26:25,429 [INFO] UserAuth:417 - Internet connection configuration mode: 1
2024-11-15 16:26:25,447 [INFO] JxBrowserEngine:152 - Initiate JxBrowser Engine with user profile folder
2024-11-15 16:26:25,574 [INFO] ServerAccessManage:473 - Download File updaters.zip
2024-11-15 16:26:25,687 [INFO] FileExtend:240 - Unzip File : updaters.zip
2024-11-15 16:26:25,687 [INFO] FileExtend:255 - Standard Zip Deflate
2024-11-15 16:26:26,232 [WARN] MainUpdater:1194 - Updater busy. Cannot search thirdparties
2024-11-15 16:26:26,232 [INFO] ThirdPartyUpdaterWithRetryManager:96 - Updater plugin is busy. [1/15]
2024-11-15 16:26:26,709 [INFO] ServerAccessManage:473 - Download File PacksControlFlags.xml
2024-11-15 16:26:26,848 [INFO] ServerAccessManage:473 - Download File cubemx.pidx
2024-11-15 16:26:27,045 [INFO] LoadServerUpdatesThread:375 - End of LoadServerUpdate Thread
2024-11-15 16:26:27,256 [INFO] CheckServerUpdateThread:120 - End of CheckServer Thread
2024-11-15 16:26:27,291 [INFO] WebApp:167 - Instantiating new browser for Auth
2024-11-15 16:26:28,272 [INFO] WebApp:448 - Apply proxy settings
2024-11-15 16:26:28,274 [INFO] WebApp:533 - Chromium requires no authentication
2024-11-15 16:26:28,285 [INFO] WebApp:476 - Direct internet connection detected
2024-11-15 16:26:28,315 [INFO] WebApp:869 - Register for checkConnection events
2024-11-15 16:26:28,315 [INFO] WebApp:448 - Apply proxy settings
2024-11-15 16:26:28,315 [INFO] WebApp:533 - Chromium requires no authentication
2024-11-15 16:26:28,316 [INFO] WebApp:476 - Direct internet connection detected
2024-11-15 16:26:28,500 [INFO] WebApp:220 - Starting web application
2024-11-15 16:26:28,500 [INFO] WebApp:578 - Web application path used C:\ST\STM32CubeIDE_1.16.0\STM32CubeIDE\plugins\com.st.stm32cube.common.mx_6.12.1.202409122256\db\plugins\mcufinder\reactClient1\index.html
2024-11-15 16:26:28,622 [INFO] UserAuth:417 - Internet connection configuration mode: 1
2024-11-15 16:26:28,666 [INFO] WebApp:186 - Connection restablished
2024-11-15 16:26:29,116 [ERROR] LogOutputStream:75 - [STDERR_REDIRECT] Nov 15, 2024 4:26:29 PM org.glassfish.grizzly.http.server.NetworkListener start
2024-11-15 16:26:29,118 [ERROR] LogOutputStream:75 - [STDERR_REDIRECT] INFO: Started listener bound to [localhost:1593]
2024-11-15 16:26:29,119 [ERROR] LogOutputStream:75 - [STDERR_REDIRECT] 
2024-11-15 16:26:29,121 [ERROR] LogOutputStream:75 - [STDERR_REDIRECT] Nov 15, 2024 4:26:29 PM org.glassfish.grizzly.http.server.HttpServer start
2024-11-15 16:26:29,122 [ERROR] LogOutputStream:75 - [STDERR_REDIRECT] INFO: [HttpServer] Started.
2024-11-15 16:26:29,123 [ERROR] LogOutputStream:75 - [STDERR_REDIRECT] 
2024-11-15 16:26:29,588 [WARN] PackLoader:240 - Cannot read IP mode file for STMicroelectronics.FP-SNS-MOTENVWB1.1.4.0
2024-11-15 16:26:29,597 [WARN] PackLoader:240 - Cannot read IP mode file for STMicroelectronics.FP-ATR-ASTRA1.2.0.1
2024-11-15 16:26:29,604 [WARN] PackLoader:240 - Cannot read IP mode file for STMicroelectronics.X-CUBE-SMBUS.2.1.0
2024-11-15 16:26:29,612 [WARN] PackLoader:240 - Cannot read IP mode file for STMicroelectronics.X-CUBE-WB05N.1.1.0
2024-11-15 16:26:29,629 [WARN] PackLoader:240 - Cannot read IP mode file for STMicroelectronics.X-CUBE-TOUCHGFX.4.23.0
2024-11-15 16:26:29,669 [WARN] PackLoader:240 - Cannot read IP mode file for STMicroelectronics.X-CUBE-AZRTOS-F7.1.1.0
2024-11-15 16:26:29,688 [WARN] PackLoader:240 - Cannot read IP mode file for STMicroelectronics.FP-SNS-MOTENV1.4.3.2
2024-11-15 16:26:29,781 [WARN] PackLoader:240 - Cannot read IP mode file for STMicroelectronics.X-CUBE-MEMS1.11.0.0
2024-11-15 16:26:29,920 [WARN] PackLoader:240 - Cannot read IP mode file for STMicroelectronics.FP-SNS-FLIGHT1.5.0.2
2024-11-15 16:26:29,929 [WARN] PackLoader:240 - Cannot read IP mode file for STMicroelectronics.X-CUBE-DISPLAY.3.0.0
2024-11-15 16:26:29,937 [WARN] PackLoader:240 - Cannot read IP mode file for STMicroelectronics.X-CUBE-BLE1.7.0.0
2024-11-15 16:26:29,946 [WARN] PackLoader:240 - Cannot read IP mode file for STMicroelectronics.X-CUBE-NFC10.1.0.0
2024-11-15 16:26:29,958 [WARN] PackLoader:240 - Cannot read IP mode file for emotas.I-CUBE-CANOPEN.1.3.0
2024-11-15 16:26:30,092 [WARN] PackLoader:240 - Cannot read IP mode file for STMicroelectronics.X-CUBE-BLEMGR.3.1.0
2024-11-15 16:26:30,102 [WARN] PackLoader:240 - Cannot read IP mode file for STMicroelectronics.FP-SNS-SMARTAG2.1.2.0
2024-11-15 16:26:30,119 [INFO] LogOutputStream:77 - [STDOUT_REDIRECT] 1 : Invalid condition id : UX_CORESTACK_Condition cause : null
2024-11-15 16:26:30,120 [INFO] LogOutputStream:77 - [STDOUT_REDIRECT] 1 : Invalid condition id : UX_CORESTACK_Condition cause : null
2024-11-15 16:26:30,122 [INFO] LogOutputStream:77 - [STDOUT_REDIRECT] 1 : Invalid condition id : UX_CORESTACK_Condition cause : null
2024-11-15 16:26:30,124 [INFO] LogOutputStream:77 - [STDOUT_REDIRECT] 1 : Invalid condition id : UX_CORESTACK_Condition cause : null
2024-11-15 16:26:30,126 [INFO] LogOutputStream:77 - [STDOUT_REDIRECT] 1 : Invalid condition id : UX_CORESTACK_Condition cause : null
2024-11-15 16:26:30,130 [WARN] PackLoader:240 - Cannot read IP mode file for STMicroelectronics.X-CUBE-AZRTOS-WL.2.0.0
2024-11-15 16:26:30,137 [WARN] PackLoader:240 - Cannot read IP mode file for STMicroelectronics.FP-SNS-MOTENV1.5.0.0
2024-11-15 16:26:30,143 [WARN] PackLoader:240 - Cannot read IP mode file for wolfSSL.I-CUBE-wolfMQTT.1.19.0
2024-11-15 16:26:30,153 [WARN] PackLoader:240 - Cannot read IP mode file for WES.I-CUBE-Cesium.1.3.0
2024-11-15 16:26:30,159 [WARN] PackLoader:240 - Cannot read IP mode file for STMicroelectronics.X-CUBE-BLE2.3.3.0
2024-11-15 16:26:30,173 [WARN] PackLoader:240 - Cannot read IP mode file for STMicroelectronics.X-CUBE-NFC9.1.0.0
2024-11-15 16:26:30,180 [WARN] PackLoader:240 - Cannot read IP mode file for STMicroelectronics.X-CUBE-TCPP.4.1.0
2024-11-15 16:26:30,188 [WARN] PackLoader:240 - Cannot read IP mode file for STMicroelectronics.X-CUBE-ALGOBUILD.1.3.0
2024-11-15 16:26:30,212 [WARN] PackLoader:240 - Cannot read IP mode file for STMicroelectronics.X-CUBE-AZRTOS-G0.1.1.0
2024-11-15 16:26:30,222 [WARN] PackLoader:240 - Cannot read IP mode file for STMicroelectronics.X-CUBE-SAFEA1.1.2.2
2024-11-15 16:26:30,232 [WARN] PackLoader:240 - Cannot read IP mode file for STMicroelectronics.X-CUBE-NFC4.3.0.0
2024-11-15 16:26:30,246 [WARN] PackLoader:240 - Cannot read IP mode file for EmbeddedOffice.I-CUBE-FS-RTOS.1.0.1
2024-11-15 16:26:30,247 [ERROR] ConditionMgr:805 - Attr not supported : Dmpu
2024-11-15 16:26:30,247 [ERROR] ConditionMgr:805 - Attr not supported : Dmpu
2024-11-15 16:26:30,247 [ERROR] ConditionMgr:805 - Attr not supported : Dmpu
2024-11-15 16:26:30,247 [ERROR] ConditionMgr:805 - Attr not supported : Dmpu
2024-11-15 16:26:30,248 [ERROR] ConditionMgr:805 - Attr not supported : Dmpu
2024-11-15 16:26:30,248 [ERROR] ConditionMgr:805 - Attr not supported : Dmpu
2024-11-15 16:26:30,248 [ERROR] ConditionMgr:805 - Attr not supported : Dmpu
2024-11-15 16:26:30,248 [ERROR] ConditionMgr:805 - Attr not supported : Dmpu
2024-11-15 16:26:30,248 [ERROR] ConditionMgr:805 - Attr not supported : Dmpu
2024-11-15 16:26:30,249 [ERROR] ConditionMgr:805 - Attr not supported : Dmpu
2024-11-15 16:26:30,249 [ERROR] ConditionMgr:805 - Attr not supported : Dmpu
2024-11-15 16:26:30,249 [ERROR] ConditionMgr:805 - Attr not supported : Dmpu
2024-11-15 16:26:30,249 [ERROR] ConditionMgr:805 - Attr not supported : Dmpu
2024-11-15 16:26:30,249 [ERROR] ConditionMgr:805 - Attr not supported : Dmpu
2024-11-15 16:26:30,249 [ERROR] ConditionMgr:805 - Attr not supported : Dmpu
2024-11-15 16:26:30,249 [ERROR] ConditionMgr:805 - Attr not supported : Dmpu
2024-11-15 16:26:30,249 [ERROR] ConditionMgr:805 - Attr not supported : Dmpu
2024-11-15 16:26:30,249 [ERROR] ConditionMgr:805 - Attr not supported : Dmpu
2024-11-15 16:26:30,249 [ERROR] ConditionMgr:805 - Attr not supported : Dmpu
2024-11-15 16:26:30,249 [ERROR] ConditionMgr:805 - Attr not supported : Dmpu
2024-11-15 16:26:30,249 [ERROR] ConditionMgr:805 - Attr not supported : Dmpu
2024-11-15 16:26:30,249 [ERROR] ConditionMgr:805 - Attr not supported : Dmpu
2024-11-15 16:26:30,249 [ERROR] ConditionMgr:805 - Attr not supported : Dmpu
2024-11-15 16:26:30,249 [ERROR] ConditionMgr:805 - Attr not supported : Dmpu
2024-11-15 16:26:30,250 [ERROR] ConditionMgr:805 - Attr not supported : Dmpu
2024-11-15 16:26:30,250 [ERROR] ConditionMgr:805 - Attr not supported : Dmpu
2024-11-15 16:26:30,250 [ERROR] ConditionMgr:805 - Attr not supported : Dmpu
2024-11-15 16:26:30,250 [ERROR] ConditionMgr:805 - Attr not supported : Dmpu
2024-11-15 16:26:30,250 [ERROR] ConditionMgr:805 - Attr not supported : Dmpu
2024-11-15 16:26:30,251 [ERROR] ConditionMgr:805 - Attr not supported : Dmpu
2024-11-15 16:26:30,251 [ERROR] ConditionMgr:805 - Attr not supported : Dmpu
2024-11-15 16:26:30,251 [ERROR] ConditionMgr:805 - Attr not supported : Dmpu
2024-11-15 16:26:30,251 [ERROR] ConditionMgr:805 - Attr not supported : Dmpu
2024-11-15 16:26:30,251 [ERROR] ConditionMgr:805 - Attr not supported : Dmpu
2024-11-15 16:26:30,251 [ERROR] ConditionMgr:805 - Attr not supported : Dmpu
2024-11-15 16:26:30,251 [ERROR] ConditionMgr:805 - Attr not supported : Dmpu
2024-11-15 16:26:30,252 [ERROR] ConditionMgr:805 - Attr not supported : Dmpu
2024-11-15 16:26:30,252 [ERROR] ConditionMgr:805 - Attr not supported : Dmpu
2024-11-15 16:26:30,253 [ERROR] ConditionMgr:805 - Attr not supported : Dmpu
2024-11-15 16:26:30,253 [ERROR] ConditionMgr:805 - Attr not supported : Dmpu
2024-11-15 16:26:30,253 [ERROR] ConditionMgr:805 - Attr not supported : Dmpu
2024-11-15 16:26:30,253 [ERROR] ConditionMgr:805 - Attr not supported : Dmpu
2024-11-15 16:26:30,253 [ERROR] ConditionMgr:805 - Attr not supported : Dmpu
2024-11-15 16:26:30,253 [ERROR] ConditionMgr:805 - Attr not supported : Dmpu
2024-11-15 16:26:30,253 [ERROR] ConditionMgr:805 - Attr not supported : Dmpu
2024-11-15 16:26:30,253 [ERROR] ConditionMgr:805 - Attr not supported : Dmpu
2024-11-15 16:26:30,253 [ERROR] ConditionMgr:805 - Attr not supported : Dmpu
2024-11-15 16:26:30,253 [ERROR] ConditionMgr:805 - Attr not supported : Dmpu
2024-11-15 16:26:30,253 [ERROR] ConditionMgr:805 - Attr not supported : Dmpu
2024-11-15 16:26:30,253 [ERROR] ConditionMgr:805 - Attr not supported : Dmpu
2024-11-15 16:26:30,253 [ERROR] ConditionMgr:805 - Attr not supported : Dmpu
2024-11-15 16:26:30,253 [ERROR] ConditionMgr:805 - Attr not supported : Dmpu
2024-11-15 16:26:30,253 [ERROR] ConditionMgr:805 - Attr not supported : Dmpu
2024-11-15 16:26:30,254 [ERROR] ConditionMgr:805 - Attr not supported : Dmpu
2024-11-15 16:26:30,254 [ERROR] ConditionMgr:805 - Attr not supported : Dmpu
2024-11-15 16:26:30,254 [ERROR] ConditionMgr:805 - Attr not supported : Dmpu
2024-11-15 16:26:30,254 [ERROR] ConditionMgr:805 - Attr not supported : Dmpu
2024-11-15 16:26:30,254 [ERROR] ConditionMgr:805 - Attr not supported : Dmpu
2024-11-15 16:26:30,254 [ERROR] ConditionMgr:805 - Attr not supported : Dmpu
2024-11-15 16:26:30,254 [ERROR] ConditionMgr:805 - Attr not supported : Dmpu
2024-11-15 16:26:30,254 [ERROR] ConditionMgr:805 - Attr not supported : Dmpu
2024-11-15 16:26:30,254 [ERROR] ConditionMgr:805 - Attr not supported : Dmpu
2024-11-15 16:26:30,254 [ERROR] ConditionMgr:805 - Attr not supported : Dmpu
2024-11-15 16:26:30,254 [ERROR] ConditionMgr:805 - Attr not supported : Dmpu
2024-11-15 16:26:30,262 [WARN] PackLoader:240 - Cannot read IP mode file for STMicroelectronics.X-CUBE-BLEMGR.3.0.0
2024-11-15 16:26:30,270 [WARN] PackLoader:240 - Cannot read IP mode file for RealThread.X-CUBE-RT-Thread_Nano.4.1.1
2024-11-15 16:26:30,276 [WARN] PackLoader:240 - Cannot read IP mode file for STMicroelectronics.FP-ATR-SIGFOX1.3.2.0
2024-11-15 16:26:30,283 [WARN] ConditionMgr:438 - getConditionDescription Invalid condition id : Cortex-A Device cause : null
2024-11-15 16:26:30,298 [WARN] ConditionMgr:1039 - genDependencies : Invalid condition id : Cortex-A Device cause : null
2024-11-15 16:26:30,298 [WARN] ConditionMgr:1039 - genDependencies : Invalid condition id : Cortex-A Device cause : null
2024-11-15 16:26:30,298 [WARN] ConditionMgr:1039 - genDependencies : Invalid condition id : Cortex-A Device cause : null
2024-11-15 16:26:30,307 [WARN] PackLoader:240 - Cannot read IP mode file for STMicroelectronics.X-CUBE-EEPRMA1.5.1.0
2024-11-15 16:26:30,341 [WARN] PackLoader:240 - Cannot read IP mode file for SEGGER.I-CUBE-embOS.1.3.1
2024-11-15 16:26:30,379 [WARN] PackLoader:240 - Cannot read IP mode file for STMicroelectronics.X-CUBE-ALGOBUILD.1.4.0
2024-11-15 16:26:30,384 [WARN] PackLoader:240 - Cannot read IP mode file for STMicroelectronics.X-CUBE-AI.9.1.0
2024-11-15 16:26:30,391 [WARN] PackLoader:240 - Cannot read IP mode file for STMicroelectronics.X-CUBE-GNSS1.6.0.0
2024-11-15 16:26:30,410 [WARN] PackLoader:240 - Cannot read IP mode file for STMicroelectronics.X-CUBE-AZRTOS-F4.1.1.0
2024-11-15 16:26:30,419 [WARN] PackLoader:240 - Cannot read IP mode file for STMicroelectronics.X-CUBE-ISPU.2.1.0
2024-11-15 16:26:30,425 [WARN] PackLoader:240 - Cannot read IP mode file for STMicroelectronics.X-CUBE-FREERTOS.1.2.0
2024-11-15 16:26:30,431 [WARN] PackLoader:240 - Cannot read IP mode file for wolfSSL.I-CUBE-wolfSSL.5.6.6
2024-11-15 16:26:30,446 [WARN] PackLoader:240 - Cannot read IP mode file for STMicroelectronics.X-CUBE-AZRTOS-L5.2.0.0
2024-11-15 16:26:30,452 [WARN] PackLoader:240 - Cannot read IP mode file for STMicroelectronics.X-CUBE-EEPRMA1.4.2.0
2024-11-15 16:26:30,460 [WARN] PackLoader:240 - Cannot read IP mode file for STMicroelectronics.X-CUBE-NFC6.3.1.0
2024-11-15 16:26:30,467 [WARN] PackLoader:240 - Cannot read IP mode file for ITTIA_DB.I-CUBE-ITTIADB.8.8.0
2024-11-15 16:26:30,473 [WARN] PackLoader:240 - Cannot read IP mode file for STMicroelectronics.X-CUBE-DPower.1.2.0
2024-11-15 16:26:30,477 [WARN] PackLoader:240 - Cannot read IP mode file for STMicroelectronics.X-CUBE-AI.9.0.0
2024-11-15 16:26:30,484 [WARN] PackLoader:240 - Cannot read IP mode file for STMicroelectronics.X-CUBE-NFC7.1.0.1
2024-11-15 16:26:30,492 [WARN] PackLoader:240 - Cannot read IP mode file for STMicroelectronics.X-CUBE-NFC6.3.0.0
2024-11-15 16:26:30,499 [WARN] PackLoader:240 - Cannot read IP mode file for STMicroelectronics.X-CUBE-AI.8.1.0
2024-11-15 16:26:30,521 [WARN] ConditionMgr:438 - getConditionDescription Invalid condition id : LAN8742 Phy interface Condition cause : null
2024-11-15 16:26:30,522 [WARN] PackLoader:240 - Cannot read IP mode file for STMicroelectronics.X-CUBE-AZRTOS-L4.2.0.0
2024-11-15 16:26:30,523 [WARN] ConditionMgr:1039 - genDependencies : Invalid condition id : LAN8742 Phy interface Condition cause : null
2024-11-15 16:26:30,524 [WARN] ConditionMgr:1039 - genDependencies : Invalid condition id : LAN8742 Phy interface Condition cause : null
2024-11-15 16:26:30,524 [WARN] ConditionMgr:1039 - genDependencies : Invalid condition id : LAN8742 Phy interface Condition cause : null
2024-11-15 16:26:30,536 [WARN] PackLoader:240 - Cannot read IP mode file for STMicroelectronics.X-CUBE-SFXS2LP1.4.0.0
2024-11-15 16:26:30,560 [WARN] PackLoader:240 - Cannot read IP mode file for STMicroelectronics.X-CUBE-AZRTOS-H7.3.3.0
2024-11-15 16:26:30,585 [WARN] PackLoader:240 - Cannot read IP mode file for STMicroelectronics.X-CUBE-IPS.3.0.0
2024-11-15 16:26:30,606 [WARN] ConditionMgr:438 - getConditionDescription Invalid condition id : UX DEVICE CLASS RTOS Condition cause : null
2024-11-15 16:26:30,606 [WARN] ConditionMgr:438 - getConditionDescription Invalid condition id : UX DEVICE CLASS RTOS Condition cause : null
2024-11-15 16:26:30,608 [WARN] PackLoader:240 - Cannot read IP mode file for STMicroelectronics.X-CUBE-AZRTOS-WB.2.0.0
2024-11-15 16:26:30,609 [WARN] ConditionMgr:1039 - genDependencies : Invalid condition id : UX DEVICE CLASS RTOS Condition cause : null
2024-11-15 16:26:30,609 [WARN] ConditionMgr:1039 - genDependencies : Invalid condition id : UX DEVICE CLASS RTOS Condition cause : null
2024-11-15 16:26:30,609 [WARN] ConditionMgr:1039 - genDependencies : Invalid condition id : UX DEVICE CLASS RTOS Condition cause : null
2024-11-15 16:26:30,609 [WARN] ConditionMgr:1039 - genDependencies : Invalid condition id : UX DEVICE CLASS RTOS Condition cause : null
2024-11-15 16:26:30,610 [WARN] ConditionMgr:1039 - genDependencies : Invalid condition id : UX DEVICE CLASS RTOS Condition cause : null
2024-11-15 16:26:30,616 [WARN] PackLoader:240 - Cannot read IP mode file for STMicroelectronics.X-CUBE-GNSS1.7.0.0
2024-11-15 16:26:30,626 [WARN] PackLoader:240 - Cannot read IP mode file for STMicroelectronics.FP-SNS-STBOX1.2.0.0
2024-11-15 16:26:30,642 [WARN] PackLoader:240 - Cannot read IP mode file for STMicroelectronics.X-CUBE-SUBG2.5.0.0
2024-11-15 16:26:30,680 [WARN] PackLoader:240 - Cannot read IP mode file for Cesanta.I-CUBE-Mongoose.7.13.0
2024-11-15 16:26:30,698 [WARN] PackLoader:240 - Cannot read IP mode file for STMicroelectronics.X-CUBE-AZRTOS-G4.2.0.0
2024-11-15 16:26:30,717 [WARN] PackLoader:240 - Cannot read IP mode file for Infineon.AIROC-Wi-Fi-Bluetooth-STM32.1.5.1
2024-11-15 16:26:30,726 [WARN] PackLoader:240 - Cannot read IP mode file for STMicroelectronics.FP-SNS-MOTENVWB1.1.3.1
2024-11-15 16:26:30,732 [WARN] PackLoader:240 - Cannot read IP mode file for STMicroelectronics.X-CUBE-ISPU.2.0.0
2024-11-15 16:26:30,736 [WARN] PackLoader:240 - Cannot read IP mode file for STMicroelectronics.X-CUBE-ALS.1.0.2
2024-11-15 16:26:30,768 [WARN] PackLoader:240 - Cannot read IP mode file for STMicroelectronics.X-CUBE-MEMS1.10.0.0
2024-11-15 16:26:30,877 [WARN] PackLoader:240 - Cannot read IP mode file for STMicroelectronics.X-CUBE-FREERTOS.1.1.0
2024-11-15 16:26:30,881 [WARN] PackLoader:240 - Cannot read IP mode file for STMicroelectronics.X-CUBE-TOUCHGFX.4.24.0
2024-11-15 16:26:30,889 [WARN] PackLoader:240 - Cannot read IP mode file for STMicroelectronics.X-CUBE-TOUCHGFX.4.24.1
2024-11-15 16:26:30,969 [WARN] PackLoader:240 - Cannot read IP mode file for wolfSSL.I-CUBE-wolfTPM.3.4.0
2024-11-15 16:26:30,979 [WARN] PackLoader:240 - Cannot read IP mode file for portGmbH.I-Cube-SoM-uGOAL.1.1.0
2024-11-15 16:26:30,986 [WARN] PackLoader:240 - Cannot read IP mode file for STMicroelectronics.X-CUBE-ALS.1.0.1
2024-11-15 16:26:31,016 [WARN] PackLoader:240 - Cannot read IP mode file for STMicroelectronics.X-CUBE-AZRTOS-H7RS.1.0.0
2024-11-15 16:26:31,025 [WARN] PackLoader:240 - Cannot read IP mode file for STMicroelectronics.FP-ATR-ASTRA1.2.0.0
2024-11-15 16:26:31,040 [WARN] PackLoader:240 - Cannot read IP mode file for STMicroelectronics.X-CUBE-TOF1.3.4.2
2024-11-15 16:26:31,068 [WARN] PackLoader:240 - Cannot read IP mode file for STMicroelectronics.X-CUBE-TOF1.3.4.0
2024-11-15 16:26:31,094 [WARN] PackLoader:240 - Cannot read IP mode file for STMicroelectronics.X-CUBE-TOF1.3.4.1
2024-11-15 16:26:31,134 [WARN] PackLoader:240 - Cannot read IP mode file for STMicroelectronics.X-CUBE-AZRTOS-H7.3.2.0
2024-11-15 16:26:31,144 [WARN] PackLoader:240 - Cannot read IP mode file for wolfSSL.I-CUBE-wolfSSH.1.4.17
2024-11-15 16:26:31,145 [INFO] ThirdParty:978 - Integrity check success = true
2024-11-15 16:26:31,145 [INFO] IntegrityCheckThread:100 - exiting critical section [integrity check]
2024-11-15 16:26:31,145 [INFO] IntegrityCheckThread:103 - End integrity checks thread
2024-11-15 16:40:29,730 [ERROR] LogOutputStream:75 - [STDERR_REDIRECT] 
2024-11-15 16:40:29,733 [ERROR] LogOutputStream:75 - [STDERR_REDIRECT] 
