2024-10-21 09:11:15,593 [INFO] Activator:176 - 


2024-10-21 09:11:15,599 [INFO] Activator:177 - !SESSION log4j initialized
2024-10-21 09:11:23,021 [INFO] LogOutputStream:77 - [STDOUT_REDIRECT] 
2024-10-21 09:11:25,015 [INFO] ApplicationProperties:184 - Using Application install path: C:\ST\STM32CubeIDE_1.16.0\STM32CubeIDE\plugins\com.st.stm32cube.common.mx_6.12.1.202409122256
2024-10-21 09:11:25,045 [INFO] DbMcusXml:78 - Set database path to: C:\ST\STM32CubeIDE_1.16.0\STM32CubeIDE\plugins\com.st.stm32cube.common.mx_6.12.1.202409122256\\db\/mcu/
2024-10-21 09:11:25,046 [INFO] ApiDb:274 - Set plugin database path to: C:\ST\STM32CubeIDE_1.16.0\STM32CubeIDE\plugins\com.st.stm32cube.common.mx_6.12.1.202409122256\\db\/plugins/boardmanager/
2024-10-21 09:11:25,047 [WARN] ApiDb:259 - Overriding images path with different value:  => C:\ST\STM32CubeIDE_1.16.0\STM32CubeIDE\plugins\com.st.stm32cube.common.mx_6.12.1.202409122256\\db\/plugins/mcufinder/images/
2024-10-21 09:11:25,062 [INFO] ApiDb:250 - Set database path to: C:\Users\kohlmanz\.stmcufinder\plugins\mcufinder//mcu/
2024-10-21 09:11:25,064 [INFO] DbMcusAds:125 - Set database path to: C:\Users\kohlmanz\.stmcufinder\plugins\mcufinder//mcu/
2024-10-21 09:11:25,069 [INFO] CrossReferenceDbSqlite:203 - Set database path to: C:\Users\kohlmanz\.stmcufinder\plugins\mcufinder//mcu/cs/
2024-10-21 09:11:25,230 [INFO] RulesReader:64 - Compatibility file has been processed (297 Rules)
2024-10-21 09:11:25,397 [INFO] DbMcusXml:78 - Set database path to: C:\ST\STM32CubeIDE_1.16.0\STM32CubeIDE\plugins\com.st.stm32cube.common.mx_6.12.1.202409122256\\db\/mcu/
2024-10-21 09:11:25,397 [INFO] ApiDb:274 - Set plugin database path to: C:\ST\STM32CubeIDE_1.16.0\STM32CubeIDE\plugins\com.st.stm32cube.common.mx_6.12.1.202409122256\\db\/plugins/boardmanager/
2024-10-21 09:11:25,397 [INFO] ApiDb:261 - Set plugin images path to: C:\ST\STM32CubeIDE_1.16.0\STM32CubeIDE\plugins\com.st.stm32cube.common.mx_6.12.1.202409122256\\db\/plugins/mcufinder/images/
2024-10-21 09:11:25,397 [WARN] DbFile:41 - Overriding database path with different value: C:\Users\kohlmanz\.stmcufinder\plugins\mcufinder/ => C:\Users\kohlmanz\.stmcufinder\plugins\mcufinder
2024-10-21 09:11:25,397 [INFO] ApiDb:250 - Set database path to: C:\Users\kohlmanz\.stmcufinder\plugins\mcufinder//mcu/
2024-10-21 09:11:25,397 [WARN] DbFile:41 - Overriding database path with different value: C:\Users\kohlmanz\.stmcufinder\plugins\mcufinder/ => C:\Users\kohlmanz\.stmcufinder\plugins\mcufinder
2024-10-21 09:11:25,398 [INFO] DbMcusAds:125 - Set database path to: C:\Users\kohlmanz\.stmcufinder\plugins\mcufinder//mcu/
2024-10-21 09:11:25,398 [WARN] DbFile:41 - Overriding database path with different value: C:\Users\kohlmanz\.stmcufinder\plugins\mcufinder/ => C:\Users\kohlmanz\.stmcufinder\plugins\mcufinder
2024-10-21 09:11:25,398 [WARN] DbFile:41 - Overriding database path with different value: C:\Users\kohlmanz\.stmcufinder\plugins\mcufinder/ => C:\Users\kohlmanz\.stmcufinder\plugins\mcufinder
2024-10-21 09:11:25,398 [INFO] CrossReferenceDbSqlite:203 - Set database path to: C:\Users\kohlmanz\.stmcufinder\plugins\mcufinder//mcu/cs/
2024-10-21 09:11:25,540 [INFO] MainPanel:268 - HeapMemory: 268435456
2024-10-21 09:11:25,701 [INFO] DbMcusXml:78 - Set database path to: C:\ST\STM32CubeIDE_1.16.0\STM32CubeIDE\plugins\com.st.stm32cube.common.mx_6.12.1.202409122256\\db\/mcu/
2024-10-21 09:11:25,701 [INFO] ApiDb:274 - Set plugin database path to: C:\ST\STM32CubeIDE_1.16.0\STM32CubeIDE\plugins\com.st.stm32cube.common.mx_6.12.1.202409122256\\db\/plugins/boardmanager/
2024-10-21 09:11:25,701 [INFO] ApiDb:261 - Set plugin images path to: C:\ST\STM32CubeIDE_1.16.0\STM32CubeIDE\plugins\com.st.stm32cube.common.mx_6.12.1.202409122256\\db\/plugins/mcufinder/images/
2024-10-21 09:11:25,702 [WARN] DbFile:41 - Overriding database path with different value: C:\Users\kohlmanz\.stmcufinder\plugins\mcufinder/ => C:\Users\kohlmanz\.stmcufinder\plugins\mcufinder
2024-10-21 09:11:25,702 [INFO] ApiDb:250 - Set database path to: C:\Users\kohlmanz\.stmcufinder\plugins\mcufinder//mcu/
2024-10-21 09:11:25,702 [WARN] DbFile:41 - Overriding database path with different value: C:\Users\kohlmanz\.stmcufinder\plugins\mcufinder/ => C:\Users\kohlmanz\.stmcufinder\plugins\mcufinder
2024-10-21 09:11:25,702 [INFO] DbMcusAds:125 - Set database path to: C:\Users\kohlmanz\.stmcufinder\plugins\mcufinder//mcu/
2024-10-21 09:11:25,702 [WARN] DbFile:41 - Overriding database path with different value: C:\Users\kohlmanz\.stmcufinder\plugins\mcufinder/ => C:\Users\kohlmanz\.stmcufinder\plugins\mcufinder
2024-10-21 09:11:25,702 [WARN] DbFile:41 - Overriding database path with different value: C:\Users\kohlmanz\.stmcufinder\plugins\mcufinder/ => C:\Users\kohlmanz\.stmcufinder\plugins\mcufinder
2024-10-21 09:11:25,702 [INFO] CrossReferenceDbSqlite:203 - Set database path to: C:\Users\kohlmanz\.stmcufinder\plugins\mcufinder//mcu/cs/
2024-10-21 09:11:25,728 [INFO] ApplicationProperties:184 - Using Application install path: C:\ST\STM32CubeIDE_1.16.0\STM32CubeIDE\plugins\com.st.stm32cube.common.mx_6.12.1.202409122256
2024-10-21 09:11:25,731 [INFO] PluginManage:196 - Search for loadable plugins [exclusion list=, ]
2024-10-21 09:11:25,734 [INFO] PluginManage:310 - Check plugin analytics
2024-10-21 09:11:25,994 [INFO] AnalyticsPlugin:253 - Accepted Software Licenses: STM32CubeMX.6.12.0
2024-10-21 09:11:25,995 [INFO] AnalyticsPlugin:255 - Accepted CMSIS Pack Licenses: 
2024-10-21 09:11:25,995 [INFO] AnalyticsPlugin:257 - Accepted Firmware Licenses: FW.F4.1.28.0,FW.G4.1.6.0
2024-10-21 09:11:25,999 [INFO] PluginManage:359 - Loaded plugin analytics (category:tool,tabindex:-1)
2024-10-21 09:11:25,999 [INFO] PluginManage:310 - Check plugin cadmodel
2024-10-21 09:11:26,007 [INFO] CADModel:105 - Init CAD model plugin
2024-10-21 09:11:26,007 [INFO] PluginManage:359 - Loaded plugin cadmodel (category:power,tabindex:5)
2024-10-21 09:11:26,007 [INFO] PluginManage:310 - Check plugin clock
2024-10-21 09:11:26,021 [INFO] PluginManage:359 - Loaded plugin clock (category:base,tabindex:2)
2024-10-21 09:11:26,022 [INFO] PluginManage:310 - Check plugin ddr
2024-10-21 09:11:26,028 [INFO] PluginManage:359 - Loaded plugin ddr (category:tool,tabindex:6)
2024-10-21 09:11:26,028 [INFO] PluginManage:310 - Check plugin filemanager
2024-10-21 09:11:26,264 [INFO] PluginManage:359 - Loaded plugin filemanager (category:base,tabindex:10)
2024-10-21 09:11:26,264 [INFO] PluginManage:310 - Check plugin ipmanager
2024-10-21 09:11:26,274 [INFO] PluginManage:359 - Loaded plugin ipmanager (category:base,tabindex:5)
2024-10-21 09:11:26,274 [INFO] PluginManage:310 - Check plugin lpbam
2024-10-21 09:11:26,286 [INFO] PluginManage:359 - Loaded plugin lpbam (category:base,tabindex:0)
2024-10-21 09:11:26,287 [INFO] PluginManage:310 - Check plugin memorymap
2024-10-21 09:11:26,307 [INFO] PluginManage:359 - Loaded plugin memorymap (category:base,tabindex:4)
2024-10-21 09:11:26,308 [INFO] PluginManage:310 - Check plugin pinoutandconfiguration
2024-10-21 09:11:26,331 [INFO] PluginManage:359 - Loaded plugin pinoutandconfiguration (category:base,tabindex:1)
2024-10-21 09:11:26,331 [INFO] PluginManage:310 - Check plugin pinoutconfig
2024-10-21 09:11:26,566 [WARN] SupportedApi:132 - Cannot load RTOS API schema: s4s-elt-must-match.1: The content of 'definitions' must match (annotation?, (simpleType | complexType)?, (unique | key | keyref)*)). A problem was found starting at: attribute.
2024-10-21 09:11:26,809 [INFO] PluginManage:359 - Loaded plugin pinoutconfig (category:base,tabindex:0)
2024-10-21 09:11:26,810 [INFO] PluginManage:310 - Check plugin power
2024-10-21 09:11:26,827 [INFO] PluginManage:359 - Loaded plugin power (category:power,tabindex:4)
2024-10-21 09:11:26,828 [INFO] PluginManage:310 - Check plugin projectmanager
2024-10-21 09:11:26,858 [INFO] PluginManage:359 - Loaded plugin projectmanager (category:projectmanager,tabindex:4)
2024-10-21 09:11:26,859 [INFO] PluginManage:310 - Check plugin rif
2024-10-21 09:11:26,868 [INFO] PluginManage:359 - Loaded plugin rif (category:base,tabindex:3)
2024-10-21 09:11:26,868 [INFO] PluginManage:310 - Check plugin thirdparty
2024-10-21 09:11:27,068 [WARN] IntegrityCheckThread:84 - waiting for thirdparty lock release [integrity check]
2024-10-21 09:11:27,068 [INFO] IntegrityCheckThread:86 - entering critical section [integrity check]
2024-10-21 09:11:27,070 [INFO] PluginManage:359 - Loaded plugin thirdparty (category:base,tabindex:-1)
2024-10-21 09:11:27,070 [INFO] ThirdPartyUpdaterWithRetryManager:70 - Updater plugin not ready yet. [1/15]
2024-10-21 09:11:27,070 [INFO] PluginManage:310 - Check plugin tools
2024-10-21 09:11:27,076 [INFO] PluginManage:359 - Loaded plugin tools (category:base,tabindex:7)
2024-10-21 09:11:27,077 [INFO] PluginManage:310 - Check plugin tutovideos
2024-10-21 09:11:27,354 [INFO] PluginManage:359 - Loaded plugin tutovideos (category:base,tabindex:-1)
2024-10-21 09:11:27,355 [INFO] PluginManage:310 - Check plugin updater
2024-10-21 09:11:27,374 [INFO] PluginManage:359 - Loaded plugin updater (category:base,tabindex:12)
2024-10-21 09:11:27,374 [INFO] PluginManage:310 - Check plugin userauth
2024-10-21 09:11:27,383 [INFO] UserAuth:113 - Init User Auth plugin
2024-10-21 09:11:27,383 [INFO] PluginManage:359 - Loaded plugin userauth (category:base,tabindex:14)
2024-10-21 09:11:27,383 [INFO] PluginManage:283 - PluginManage : Loaded plugins [18]
2024-10-21 09:11:27,664 [INFO] PinOutPanel:1561 - setPackage(No Configuration,No Configuration)
2024-10-21 09:11:27,759 [INFO] CADModel:165 - CPN selected for project level
2024-10-21 09:11:27,760 [INFO] CADModel:114 - Register for checkConnection events
2024-10-21 09:11:27,783 [INFO] IPUIPlugin:80 - create IPUIPlugin
2024-10-21 09:11:27,783 [INFO] PluginManager:220 - loadIPPluginJar : add adc
2024-10-21 09:11:27,786 [INFO] IPUIPlugin:80 - create IPUIPlugin
2024-10-21 09:11:27,787 [INFO] PluginManager:220 - loadIPPluginJar : add aes
2024-10-21 09:11:27,790 [INFO] IPUIPlugin:80 - create IPUIPlugin
2024-10-21 09:11:27,791 [INFO] PluginManager:220 - loadIPPluginJar : add can
2024-10-21 09:11:27,793 [INFO] IPUIPlugin:80 - create IPUIPlugin
2024-10-21 09:11:27,793 [INFO] PluginManager:220 - loadIPPluginJar : add comp
2024-10-21 09:11:27,796 [INFO] IPUIPlugin:80 - create IPUIPlugin
2024-10-21 09:11:27,796 [INFO] PluginManager:220 - loadIPPluginJar : add cryp
2024-10-21 09:11:27,801 [INFO] IPUIPlugin:80 - create IPUIPlugin
2024-10-21 09:11:27,801 [INFO] PluginManager:220 - loadIPPluginJar : add ddr_ctrl_phy
2024-10-21 09:11:27,805 [INFO] IPUIPlugin:80 - create IPUIPlugin
2024-10-21 09:11:27,805 [INFO] PluginManager:220 - loadIPPluginJar : add dfsdm
2024-10-21 09:11:27,812 [INFO] IPUIPlugin:80 - create IPUIPlugin
2024-10-21 09:11:27,813 [INFO] PluginManager:220 - loadIPPluginJar : add dma
2024-10-21 09:11:27,816 [INFO] IPUIPlugin:80 - create IPUIPlugin
2024-10-21 09:11:27,816 [INFO] PluginManager:220 - loadIPPluginJar : add dma3
2024-10-21 09:11:27,821 [INFO] IPUIPlugin:80 - create IPUIPlugin
2024-10-21 09:11:27,821 [INFO] PluginManager:220 - loadIPPluginJar : add extmemmanager
2024-10-21 09:11:27,824 [INFO] IPUIPlugin:80 - create IPUIPlugin
2024-10-21 09:11:27,824 [INFO] PluginManager:220 - loadIPPluginJar : add fatfs
2024-10-21 09:11:27,831 [INFO] IPUIPlugin:80 - create IPUIPlugin
2024-10-21 09:11:27,831 [INFO] PluginManager:220 - loadIPPluginJar : add fmc
2024-10-21 09:11:27,839 [INFO] IPUIPlugin:80 - create IPUIPlugin
2024-10-21 09:11:27,839 [INFO] PluginManager:220 - loadIPPluginJar : add freertos
2024-10-21 09:11:27,842 [INFO] IPUIPlugin:80 - create IPUIPlugin
2024-10-21 09:11:27,842 [INFO] PluginManager:220 - loadIPPluginJar : add genericplugin
2024-10-21 09:11:27,845 [INFO] IPUIPlugin:80 - create IPUIPlugin
2024-10-21 09:11:27,845 [INFO] PluginManager:220 - loadIPPluginJar : add gfxmmu
2024-10-21 09:11:27,851 [INFO] IPUIPlugin:80 - create IPUIPlugin
2024-10-21 09:11:27,852 [INFO] PluginManager:220 - loadIPPluginJar : add gic
2024-10-21 09:11:27,857 [INFO] IPUIPlugin:80 - create IPUIPlugin
2024-10-21 09:11:27,858 [INFO] PluginManager:220 - loadIPPluginJar : add gpio
2024-10-21 09:11:27,862 [INFO] IPUIPlugin:80 - create IPUIPlugin
2024-10-21 09:11:27,862 [INFO] PluginManager:220 - loadIPPluginJar : add gtzc
2024-10-21 09:11:27,865 [INFO] IPUIPlugin:80 - create IPUIPlugin
2024-10-21 09:11:27,866 [INFO] PluginManager:220 - loadIPPluginJar : add hash
2024-10-21 09:11:27,869 [INFO] IPUIPlugin:80 - create IPUIPlugin
2024-10-21 09:11:27,870 [INFO] PluginManager:220 - loadIPPluginJar : add i2c
2024-10-21 09:11:27,873 [INFO] IPUIPlugin:80 - create IPUIPlugin
2024-10-21 09:11:27,873 [INFO] PluginManager:220 - loadIPPluginJar : add i2s
2024-10-21 09:11:27,877 [INFO] IPUIPlugin:80 - create IPUIPlugin
2024-10-21 09:11:27,877 [INFO] PluginManager:220 - loadIPPluginJar : add i3c
2024-10-21 09:11:27,882 [INFO] IPUIPlugin:80 - create IPUIPlugin
2024-10-21 09:11:27,882 [INFO] PluginManager:220 - loadIPPluginJar : add ipddr
2024-10-21 09:11:27,894 [INFO] IPUIPlugin:80 - create IPUIPlugin
2024-10-21 09:11:27,894 [INFO] PluginManager:220 - loadIPPluginJar : add linkedlist
2024-10-21 09:11:27,900 [INFO] IPUIPlugin:80 - create IPUIPlugin
2024-10-21 09:11:27,900 [INFO] PluginManager:220 - loadIPPluginJar : add lorawan
2024-10-21 09:11:27,902 [INFO] IPUIPlugin:80 - create IPUIPlugin
2024-10-21 09:11:27,902 [INFO] PluginManager:220 - loadIPPluginJar : add ltdc
2024-10-21 09:11:27,910 [INFO] IPUIPlugin:80 - create IPUIPlugin
2024-10-21 09:11:27,910 [INFO] PluginManager:220 - loadIPPluginJar : add mdma
2024-10-21 09:11:27,915 [INFO] IPUIPlugin:80 - create IPUIPlugin
2024-10-21 09:11:27,915 [INFO] PluginManager:220 - loadIPPluginJar : add nvic
2024-10-21 09:11:27,921 [INFO] IPUIPlugin:80 - create IPUIPlugin
2024-10-21 09:11:27,921 [INFO] PluginManager:220 - loadIPPluginJar : add opamp
2024-10-21 09:11:27,925 [INFO] IPUIPlugin:80 - create IPUIPlugin
2024-10-21 09:11:27,926 [INFO] PluginManager:220 - loadIPPluginJar : add openamp
2024-10-21 09:11:27,931 [INFO] IPUIPlugin:80 - create IPUIPlugin
2024-10-21 09:11:27,931 [INFO] PluginManager:220 - loadIPPluginJar : add pdm2pcm
2024-10-21 09:11:27,940 [INFO] IPUIPlugin:80 - create IPUIPlugin
2024-10-21 09:11:27,944 [INFO] PluginManager:220 - loadIPPluginJar : add plateformsettings
2024-10-21 09:11:27,946 [INFO] IPUIPlugin:80 - create IPUIPlugin
2024-10-21 09:11:27,947 [INFO] PluginManager:220 - loadIPPluginJar : add quadspi
2024-10-21 09:11:27,950 [INFO] IPUIPlugin:80 - create IPUIPlugin
2024-10-21 09:11:27,953 [INFO] PluginManager:220 - loadIPPluginJar : add radio
2024-10-21 09:11:27,959 [INFO] IPUIPlugin:80 - create IPUIPlugin
2024-10-21 09:11:27,959 [INFO] PluginManager:220 - loadIPPluginJar : add resmgrutility
2024-10-21 09:11:27,963 [INFO] IPUIPlugin:80 - create IPUIPlugin
2024-10-21 09:11:27,964 [INFO] PluginManager:220 - loadIPPluginJar : add sai
2024-10-21 09:11:27,967 [INFO] IPUIPlugin:80 - create IPUIPlugin
2024-10-21 09:11:27,967 [INFO] PluginManager:220 - loadIPPluginJar : add spi
2024-10-21 09:11:27,974 [INFO] IPUIPlugin:80 - create IPUIPlugin
2024-10-21 09:11:27,974 [INFO] PluginManager:220 - loadIPPluginJar : add stm32_wpan
2024-10-21 09:11:27,977 [INFO] IPUIPlugin:80 - create IPUIPlugin
2024-10-21 09:11:27,977 [INFO] PluginManager:220 - loadIPPluginJar : add tim
2024-10-21 09:11:27,981 [INFO] IPUIPlugin:80 - create IPUIPlugin
2024-10-21 09:11:27,982 [INFO] PluginManager:220 - loadIPPluginJar : add touchsensing
2024-10-21 09:11:27,985 [INFO] IPUIPlugin:80 - create IPUIPlugin
2024-10-21 09:11:27,985 [INFO] PluginManager:220 - loadIPPluginJar : add tracer_emb
2024-10-21 09:11:27,988 [INFO] IPUIPlugin:80 - create IPUIPlugin
2024-10-21 09:11:27,988 [INFO] PluginManager:220 - loadIPPluginJar : add ts
2024-10-21 09:11:27,991 [INFO] IPUIPlugin:80 - create IPUIPlugin
2024-10-21 09:11:27,991 [INFO] PluginManager:220 - loadIPPluginJar : add tsc
2024-10-21 09:11:27,994 [INFO] IPUIPlugin:80 - create IPUIPlugin
2024-10-21 09:11:27,994 [INFO] PluginManager:220 - loadIPPluginJar : add ucpd
2024-10-21 09:11:27,998 [INFO] IPUIPlugin:80 - create IPUIPlugin
2024-10-21 09:11:27,998 [INFO] PluginManager:220 - loadIPPluginJar : add usart
2024-10-21 09:11:28,002 [INFO] IPUIPlugin:80 - create IPUIPlugin
2024-10-21 09:11:28,002 [INFO] PluginManager:220 - loadIPPluginJar : add usbx
2024-10-21 09:11:28,148 [INFO] CADModel:165 - CPN selected for project level
2024-10-21 09:11:28,148 [INFO] CADModel:114 - Register for checkConnection events
2024-10-21 09:11:28,148 [FATAL] Updater:334 - Updater called before beeing initialized
2024-10-21 09:11:28,148 [ERROR] CADModel:125 - Updater not yet initialized, retry later 
2024-10-21 09:11:28,323 [INFO] CADModel:165 - CPN selected for project level
2024-10-21 09:11:28,323 [INFO] CADModel:114 - Register for checkConnection events
2024-10-21 09:11:28,323 [FATAL] Updater:334 - Updater called before beeing initialized
2024-10-21 09:11:28,323 [ERROR] CADModel:125 - Updater not yet initialized, retry later 
2024-10-21 09:11:28,328 [FATAL] Updater:334 - Updater called before beeing initialized
2024-10-21 09:11:28,479 [FATAL] Updater:334 - Updater called before beeing initialized
2024-10-21 09:11:28,487 [INFO] DbMcusAds:53 - JSON generation date=Fri Sep 20 08:04:38 CDT 2024 (1726837478367)
2024-10-21 09:11:28,488 [FATAL] Updater:334 - Updater called before beeing initialized
2024-10-21 09:11:28,544 [WARN] DetailPanel:346 - Failed to get advertising image, set to default
2024-10-21 09:11:28,665 [FATAL] Updater:334 - Updater called before beeing initialized
2024-10-21 09:11:28,668 [FATAL] Updater:334 - Updater called before beeing initialized
2024-10-21 09:11:28,668 [FATAL] Updater:334 - Updater called before beeing initialized
2024-10-21 09:11:28,669 [WARN] DetailPanel:346 - Failed to get advertising image, set to default
2024-10-21 09:11:28,670 [FATAL] Updater:334 - Updater called before beeing initialized
2024-10-21 09:11:28,810 [ERROR] Updater:1164 - MainUpdater not yet initialized. External WinMGr cannot be set.
2024-10-21 09:11:28,813 [INFO] Updater:1100 - Updater Version found : 6.12.1
2024-10-21 09:11:28,851 [INFO] ApplicationProperties:184 - Using Application install path: C:\ST\STM32CubeIDE_1.16.0\STM32CubeIDE\plugins\com.st.stm32cube.common.mx_6.12.1.202409122256
2024-10-21 09:11:29,670 [INFO] MainUpdater:2873 - connection check result : 10
2024-10-21 09:11:29,671 [INFO] MainUpdater:290 - Updater Check For Update Now.
2024-10-21 09:11:29,671 [INFO] MicroXplorer:498 - Change Database Version : DB.6.0.121
2024-10-21 09:11:29,686 [INFO] McuFinderGlobals:63 - Set McuFinder mode to 2 (CubeIDE integrated)
2024-10-21 09:11:29,688 [INFO] UserAuth:417 - Internet connection configuration mode: 1
2024-10-21 09:11:29,759 [INFO] JxBrowserEngine:152 - Initiate JxBrowser Engine with user profile folder
2024-10-21 09:11:29,870 [INFO] CheckServerUpdateThread:120 - End of CheckServer Thread
2024-10-21 09:11:30,397 [WARN] PackLoader:240 - Cannot read IP mode file for STMicroelectronics.FP-SNS-MOTENVWB1.1.4.0
2024-10-21 09:11:30,416 [WARN] PackLoader:240 - Cannot read IP mode file for STMicroelectronics.X-CUBE-SMBUS.2.1.0
2024-10-21 09:11:30,431 [WARN] PackLoader:240 - Cannot read IP mode file for STMicroelectronics.X-CUBE-WB05N.1.1.0
2024-10-21 09:11:30,441 [WARN] PackLoader:240 - Cannot read IP mode file for STMicroelectronics.X-CUBE-TOUCHGFX.4.23.0
2024-10-21 09:11:30,496 [WARN] PackLoader:240 - Cannot read IP mode file for STMicroelectronics.X-CUBE-AZRTOS-F7.1.1.0
2024-10-21 09:11:30,515 [WARN] PackLoader:240 - Cannot read IP mode file for STMicroelectronics.FP-SNS-MOTENV1.4.3.2
2024-10-21 09:11:30,585 [WARN] PackLoader:240 - Cannot read IP mode file for STMicroelectronics.X-CUBE-MEMS1.11.0.0
2024-10-21 09:11:30,810 [WARN] PackLoader:240 - Cannot read IP mode file for STMicroelectronics.FP-SNS-FLIGHT1.5.0.2
2024-10-21 09:11:30,825 [WARN] PackLoader:240 - Cannot read IP mode file for STMicroelectronics.X-CUBE-DISPLAY.3.0.0
2024-10-21 09:11:30,845 [WARN] PackLoader:240 - Cannot read IP mode file for STMicroelectronics.X-CUBE-BLE1.7.0.0
2024-10-21 09:11:30,858 [WARN] PackLoader:240 - Cannot read IP mode file for STMicroelectronics.X-CUBE-NFC10.1.0.0
2024-10-21 09:11:30,876 [WARN] PackLoader:240 - Cannot read IP mode file for emotas.I-CUBE-CANOPEN.1.3.0
2024-10-21 09:11:31,062 [WARN] PackLoader:240 - Cannot read IP mode file for STMicroelectronics.X-CUBE-BLEMGR.3.1.0
2024-10-21 09:11:31,075 [WARN] PackLoader:240 - Cannot read IP mode file for STMicroelectronics.FP-SNS-SMARTAG2.1.2.0
2024-10-21 09:11:31,091 [INFO] LogOutputStream:77 - [STDOUT_REDIRECT] 1 : Invalid condition id : UX_CORESTACK_Condition cause : null
2024-10-21 09:11:31,092 [INFO] LogOutputStream:77 - [STDOUT_REDIRECT] 1 : Invalid condition id : UX_CORESTACK_Condition cause : null
2024-10-21 09:11:31,094 [INFO] LogOutputStream:77 - [STDOUT_REDIRECT] 1 : Invalid condition id : UX_CORESTACK_Condition cause : null
2024-10-21 09:11:31,097 [INFO] LogOutputStream:77 - [STDOUT_REDIRECT] 1 : Invalid condition id : UX_CORESTACK_Condition cause : null
2024-10-21 09:11:31,100 [INFO] LogOutputStream:77 - [STDOUT_REDIRECT] 1 : Invalid condition id : UX_CORESTACK_Condition cause : null
2024-10-21 09:11:31,103 [WARN] PackLoader:240 - Cannot read IP mode file for STMicroelectronics.X-CUBE-AZRTOS-WL.2.0.0
2024-10-21 09:11:31,108 [WARN] PackLoader:240 - Cannot read IP mode file for STMicroelectronics.FP-SNS-MOTENV1.5.0.0
2024-10-21 09:11:31,116 [WARN] PackLoader:240 - Cannot read IP mode file for wolfSSL.I-CUBE-wolfMQTT.1.19.0
2024-10-21 09:11:31,132 [WARN] PackLoader:240 - Cannot read IP mode file for WES.I-CUBE-Cesium.1.3.0
2024-10-21 09:11:31,138 [WARN] PackLoader:240 - Cannot read IP mode file for STMicroelectronics.X-CUBE-BLE2.3.3.0
2024-10-21 09:11:31,148 [WARN] PackLoader:240 - Cannot read IP mode file for STMicroelectronics.X-CUBE-NFC9.1.0.0
2024-10-21 09:11:31,156 [WARN] PackLoader:240 - Cannot read IP mode file for STMicroelectronics.X-CUBE-TCPP.4.1.0
2024-10-21 09:11:31,166 [WARN] PackLoader:240 - Cannot read IP mode file for STMicroelectronics.X-CUBE-ALGOBUILD.1.3.0
2024-10-21 09:11:31,180 [WARN] PackLoader:240 - Cannot read IP mode file for STMicroelectronics.X-CUBE-AZRTOS-G0.1.1.0
2024-10-21 09:11:31,190 [WARN] PackLoader:240 - Cannot read IP mode file for STMicroelectronics.X-CUBE-SAFEA1.1.2.2
2024-10-21 09:11:31,197 [WARN] PackLoader:240 - Cannot read IP mode file for STMicroelectronics.X-CUBE-NFC4.3.0.0
2024-10-21 09:11:31,212 [WARN] PackLoader:240 - Cannot read IP mode file for EmbeddedOffice.I-CUBE-FS-RTOS.1.0.1
2024-10-21 09:11:31,213 [ERROR] ConditionMgr:805 - Attr not supported : Dmpu
2024-10-21 09:11:31,213 [ERROR] ConditionMgr:805 - Attr not supported : Dmpu
2024-10-21 09:11:31,213 [ERROR] ConditionMgr:805 - Attr not supported : Dmpu
2024-10-21 09:11:31,213 [ERROR] ConditionMgr:805 - Attr not supported : Dmpu
2024-10-21 09:11:31,213 [ERROR] ConditionMgr:805 - Attr not supported : Dmpu
2024-10-21 09:11:31,213 [ERROR] ConditionMgr:805 - Attr not supported : Dmpu
2024-10-21 09:11:31,213 [ERROR] ConditionMgr:805 - Attr not supported : Dmpu
2024-10-21 09:11:31,213 [ERROR] ConditionMgr:805 - Attr not supported : Dmpu
2024-10-21 09:11:31,214 [ERROR] ConditionMgr:805 - Attr not supported : Dmpu
2024-10-21 09:11:31,214 [ERROR] ConditionMgr:805 - Attr not supported : Dmpu
2024-10-21 09:11:31,214 [ERROR] ConditionMgr:805 - Attr not supported : Dmpu
2024-10-21 09:11:31,214 [ERROR] ConditionMgr:805 - Attr not supported : Dmpu
2024-10-21 09:11:31,214 [ERROR] ConditionMgr:805 - Attr not supported : Dmpu
2024-10-21 09:11:31,214 [ERROR] ConditionMgr:805 - Attr not supported : Dmpu
2024-10-21 09:11:31,214 [ERROR] ConditionMgr:805 - Attr not supported : Dmpu
2024-10-21 09:11:31,214 [ERROR] ConditionMgr:805 - Attr not supported : Dmpu
2024-10-21 09:11:31,214 [ERROR] ConditionMgr:805 - Attr not supported : Dmpu
2024-10-21 09:11:31,214 [ERROR] ConditionMgr:805 - Attr not supported : Dmpu
2024-10-21 09:11:31,214 [ERROR] ConditionMgr:805 - Attr not supported : Dmpu
2024-10-21 09:11:31,214 [ERROR] ConditionMgr:805 - Attr not supported : Dmpu
2024-10-21 09:11:31,214 [ERROR] ConditionMgr:805 - Attr not supported : Dmpu
2024-10-21 09:11:31,214 [ERROR] ConditionMgr:805 - Attr not supported : Dmpu
2024-10-21 09:11:31,214 [ERROR] ConditionMgr:805 - Attr not supported : Dmpu
2024-10-21 09:11:31,214 [ERROR] ConditionMgr:805 - Attr not supported : Dmpu
2024-10-21 09:11:31,214 [ERROR] ConditionMgr:805 - Attr not supported : Dmpu
2024-10-21 09:11:31,214 [ERROR] ConditionMgr:805 - Attr not supported : Dmpu
2024-10-21 09:11:31,214 [ERROR] ConditionMgr:805 - Attr not supported : Dmpu
2024-10-21 09:11:31,214 [ERROR] ConditionMgr:805 - Attr not supported : Dmpu
2024-10-21 09:11:31,214 [ERROR] ConditionMgr:805 - Attr not supported : Dmpu
2024-10-21 09:11:31,215 [ERROR] ConditionMgr:805 - Attr not supported : Dmpu
2024-10-21 09:11:31,215 [ERROR] ConditionMgr:805 - Attr not supported : Dmpu
2024-10-21 09:11:31,215 [ERROR] ConditionMgr:805 - Attr not supported : Dmpu
2024-10-21 09:11:31,215 [ERROR] ConditionMgr:805 - Attr not supported : Dmpu
2024-10-21 09:11:31,215 [ERROR] ConditionMgr:805 - Attr not supported : Dmpu
2024-10-21 09:11:31,215 [ERROR] ConditionMgr:805 - Attr not supported : Dmpu
2024-10-21 09:11:31,215 [ERROR] ConditionMgr:805 - Attr not supported : Dmpu
2024-10-21 09:11:31,215 [ERROR] ConditionMgr:805 - Attr not supported : Dmpu
2024-10-21 09:11:31,215 [ERROR] ConditionMgr:805 - Attr not supported : Dmpu
2024-10-21 09:11:31,215 [ERROR] ConditionMgr:805 - Attr not supported : Dmpu
2024-10-21 09:11:31,215 [ERROR] ConditionMgr:805 - Attr not supported : Dmpu
2024-10-21 09:11:31,215 [ERROR] ConditionMgr:805 - Attr not supported : Dmpu
2024-10-21 09:11:31,215 [ERROR] ConditionMgr:805 - Attr not supported : Dmpu
2024-10-21 09:11:31,215 [ERROR] ConditionMgr:805 - Attr not supported : Dmpu
2024-10-21 09:11:31,215 [ERROR] ConditionMgr:805 - Attr not supported : Dmpu
2024-10-21 09:11:31,215 [ERROR] ConditionMgr:805 - Attr not supported : Dmpu
2024-10-21 09:11:31,215 [ERROR] ConditionMgr:805 - Attr not supported : Dmpu
2024-10-21 09:11:31,215 [ERROR] ConditionMgr:805 - Attr not supported : Dmpu
2024-10-21 09:11:31,215 [ERROR] ConditionMgr:805 - Attr not supported : Dmpu
2024-10-21 09:11:31,216 [ERROR] ConditionMgr:805 - Attr not supported : Dmpu
2024-10-21 09:11:31,216 [ERROR] ConditionMgr:805 - Attr not supported : Dmpu
2024-10-21 09:11:31,216 [ERROR] ConditionMgr:805 - Attr not supported : Dmpu
2024-10-21 09:11:31,216 [ERROR] ConditionMgr:805 - Attr not supported : Dmpu
2024-10-21 09:11:31,216 [ERROR] ConditionMgr:805 - Attr not supported : Dmpu
2024-10-21 09:11:31,216 [ERROR] ConditionMgr:805 - Attr not supported : Dmpu
2024-10-21 09:11:31,216 [ERROR] ConditionMgr:805 - Attr not supported : Dmpu
2024-10-21 09:11:31,216 [ERROR] ConditionMgr:805 - Attr not supported : Dmpu
2024-10-21 09:11:31,216 [ERROR] ConditionMgr:805 - Attr not supported : Dmpu
2024-10-21 09:11:31,216 [ERROR] ConditionMgr:805 - Attr not supported : Dmpu
2024-10-21 09:11:31,216 [ERROR] ConditionMgr:805 - Attr not supported : Dmpu
2024-10-21 09:11:31,216 [ERROR] ConditionMgr:805 - Attr not supported : Dmpu
2024-10-21 09:11:31,216 [ERROR] ConditionMgr:805 - Attr not supported : Dmpu
2024-10-21 09:11:31,216 [ERROR] ConditionMgr:805 - Attr not supported : Dmpu
2024-10-21 09:11:31,216 [ERROR] ConditionMgr:805 - Attr not supported : Dmpu
2024-10-21 09:11:31,216 [ERROR] ConditionMgr:805 - Attr not supported : Dmpu
2024-10-21 09:11:31,224 [WARN] PackLoader:240 - Cannot read IP mode file for STMicroelectronics.X-CUBE-BLEMGR.3.0.0
2024-10-21 09:11:31,231 [WARN] PackLoader:240 - Cannot read IP mode file for RealThread.X-CUBE-RT-Thread_Nano.4.1.1
2024-10-21 09:11:31,237 [WARN] PackLoader:240 - Cannot read IP mode file for STMicroelectronics.FP-ATR-SIGFOX1.3.2.0
2024-10-21 09:11:31,245 [WARN] PackLoader:240 - Cannot read IP mode file for STMicroelectronics.X-CUBE-EEPRMA1.5.1.0
2024-10-21 09:11:31,288 [WARN] PackLoader:240 - Cannot read IP mode file for SEGGER.I-CUBE-embOS.1.3.1
2024-10-21 09:11:31,338 [WARN] PackLoader:240 - Cannot read IP mode file for STMicroelectronics.X-CUBE-ALGOBUILD.1.4.0
2024-10-21 09:11:31,344 [WARN] PackLoader:240 - Cannot read IP mode file for STMicroelectronics.X-CUBE-AI.9.1.0
2024-10-21 09:11:31,351 [WARN] PackLoader:240 - Cannot read IP mode file for STMicroelectronics.X-CUBE-GNSS1.6.0.0
2024-10-21 09:11:31,374 [WARN] PackLoader:240 - Cannot read IP mode file for STMicroelectronics.X-CUBE-AZRTOS-F4.1.1.0
2024-10-21 09:11:31,387 [WARN] PackLoader:240 - Cannot read IP mode file for STMicroelectronics.X-CUBE-ISPU.2.1.0
2024-10-21 09:11:31,396 [WARN] PackLoader:240 - Cannot read IP mode file for STMicroelectronics.X-CUBE-FREERTOS.1.2.0
2024-10-21 09:11:31,405 [WARN] PackLoader:240 - Cannot read IP mode file for wolfSSL.I-CUBE-wolfSSL.5.6.6
2024-10-21 09:11:31,425 [WARN] PackLoader:240 - Cannot read IP mode file for STMicroelectronics.X-CUBE-AZRTOS-L5.2.0.0
2024-10-21 09:11:31,433 [WARN] PackLoader:240 - Cannot read IP mode file for STMicroelectronics.X-CUBE-EEPRMA1.4.2.0
2024-10-21 09:11:31,444 [WARN] PackLoader:240 - Cannot read IP mode file for STMicroelectronics.X-CUBE-NFC6.3.1.0
2024-10-21 09:11:31,457 [WARN] PackLoader:240 - Cannot read IP mode file for ITTIA_DB.I-CUBE-ITTIADB.8.8.0
2024-10-21 09:11:31,465 [WARN] PackLoader:240 - Cannot read IP mode file for STMicroelectronics.X-CUBE-DPower.1.2.0
2024-10-21 09:11:31,470 [WARN] PackLoader:240 - Cannot read IP mode file for STMicroelectronics.X-CUBE-AI.9.0.0
2024-10-21 09:11:31,477 [WARN] PackLoader:240 - Cannot read IP mode file for STMicroelectronics.X-CUBE-NFC7.1.0.1
2024-10-21 09:11:31,498 [WARN] PackLoader:240 - Cannot read IP mode file for STMicroelectronics.X-CUBE-NFC6.3.0.0
2024-10-21 09:11:31,504 [WARN] PackLoader:240 - Cannot read IP mode file for STMicroelectronics.X-CUBE-AI.8.1.0
2024-10-21 09:11:31,525 [WARN] ConditionMgr:438 - getConditionDescription Invalid condition id : LAN8742 Phy interface Condition cause : null
2024-10-21 09:11:31,526 [WARN] PackLoader:240 - Cannot read IP mode file for STMicroelectronics.X-CUBE-AZRTOS-L4.2.0.0
2024-10-21 09:11:31,527 [WARN] ConditionMgr:1039 - genDependencies : Invalid condition id : LAN8742 Phy interface Condition cause : null
2024-10-21 09:11:31,528 [WARN] ConditionMgr:1039 - genDependencies : Invalid condition id : LAN8742 Phy interface Condition cause : null
2024-10-21 09:11:31,529 [WARN] ConditionMgr:1039 - genDependencies : Invalid condition id : LAN8742 Phy interface Condition cause : null
2024-10-21 09:11:31,540 [WARN] PackLoader:240 - Cannot read IP mode file for STMicroelectronics.X-CUBE-SFXS2LP1.4.0.0
2024-10-21 09:11:31,562 [WARN] PackLoader:240 - Cannot read IP mode file for STMicroelectronics.X-CUBE-AZRTOS-H7.3.3.0
2024-10-21 09:11:31,577 [WARN] PackLoader:240 - Cannot read IP mode file for STMicroelectronics.X-CUBE-IPS.3.0.0
2024-10-21 09:11:31,594 [WARN] ConditionMgr:438 - getConditionDescription Invalid condition id : UX DEVICE CLASS RTOS Condition cause : null
2024-10-21 09:11:31,594 [WARN] ConditionMgr:438 - getConditionDescription Invalid condition id : UX DEVICE CLASS RTOS Condition cause : null
2024-10-21 09:11:31,596 [WARN] PackLoader:240 - Cannot read IP mode file for STMicroelectronics.X-CUBE-AZRTOS-WB.2.0.0
2024-10-21 09:11:31,596 [WARN] ConditionMgr:1039 - genDependencies : Invalid condition id : UX DEVICE CLASS RTOS Condition cause : null
2024-10-21 09:11:31,596 [WARN] ConditionMgr:1039 - genDependencies : Invalid condition id : UX DEVICE CLASS RTOS Condition cause : null
2024-10-21 09:11:31,597 [WARN] ConditionMgr:1039 - genDependencies : Invalid condition id : UX DEVICE CLASS RTOS Condition cause : null
2024-10-21 09:11:31,597 [WARN] ConditionMgr:1039 - genDependencies : Invalid condition id : UX DEVICE CLASS RTOS Condition cause : null
2024-10-21 09:11:31,597 [WARN] ConditionMgr:1039 - genDependencies : Invalid condition id : UX DEVICE CLASS RTOS Condition cause : null
2024-10-21 09:11:31,603 [WARN] PackLoader:240 - Cannot read IP mode file for STMicroelectronics.X-CUBE-GNSS1.7.0.0
2024-10-21 09:11:31,611 [WARN] PackLoader:240 - Cannot read IP mode file for STMicroelectronics.FP-SNS-STBOX1.2.0.0
2024-10-21 09:11:31,624 [WARN] PackLoader:240 - Cannot read IP mode file for STMicroelectronics.X-CUBE-SUBG2.5.0.0
2024-10-21 09:11:31,634 [WARN] PackLoader:240 - Cannot read IP mode file for Cesanta.I-CUBE-Mongoose.7.13.0
2024-10-21 09:11:31,660 [WARN] PackLoader:240 - Cannot read IP mode file for STMicroelectronics.X-CUBE-AZRTOS-G4.2.0.0
2024-10-21 09:11:31,683 [WARN] PackLoader:240 - Cannot read IP mode file for Infineon.AIROC-Wi-Fi-Bluetooth-STM32.1.5.1
2024-10-21 09:11:31,695 [WARN] PackLoader:240 - Cannot read IP mode file for STMicroelectronics.FP-SNS-MOTENVWB1.1.3.1
2024-10-21 09:11:31,701 [WARN] PackLoader:240 - Cannot read IP mode file for STMicroelectronics.X-CUBE-ISPU.2.0.0
2024-10-21 09:11:31,708 [WARN] PackLoader:240 - Cannot read IP mode file for STMicroelectronics.X-CUBE-ALS.1.0.2
2024-10-21 09:11:31,756 [WARN] PackLoader:240 - Cannot read IP mode file for STMicroelectronics.X-CUBE-MEMS1.10.0.0
2024-10-21 09:11:31,889 [WARN] PackLoader:240 - Cannot read IP mode file for STMicroelectronics.X-CUBE-FREERTOS.1.1.0
2024-10-21 09:11:31,894 [WARN] PackLoader:240 - Cannot read IP mode file for STMicroelectronics.X-CUBE-TOUCHGFX.4.24.0
2024-10-21 09:11:31,902 [WARN] PackLoader:240 - Cannot read IP mode file for STMicroelectronics.X-CUBE-TOUCHGFX.4.24.1
2024-10-21 09:11:32,042 [WARN] PackLoader:240 - Cannot read IP mode file for wolfSSL.I-CUBE-wolfTPM.3.4.0
2024-10-21 09:11:32,055 [WARN] PackLoader:240 - Cannot read IP mode file for portGmbH.I-Cube-SoM-uGOAL.1.1.0
2024-10-21 09:11:32,063 [WARN] PackLoader:240 - Cannot read IP mode file for STMicroelectronics.X-CUBE-ALS.1.0.1
2024-10-21 09:11:32,098 [WARN] PackLoader:240 - Cannot read IP mode file for STMicroelectronics.X-CUBE-AZRTOS-H7RS.1.0.0
2024-10-21 09:11:32,106 [WARN] PackLoader:240 - Cannot read IP mode file for STMicroelectronics.FP-ATR-ASTRA1.2.0.0
2024-10-21 09:11:32,119 [WARN] PackLoader:240 - Cannot read IP mode file for STMicroelectronics.X-CUBE-TOF1.3.4.2
2024-10-21 09:11:32,144 [WARN] PackLoader:240 - Cannot read IP mode file for STMicroelectronics.X-CUBE-TOF1.3.4.0
2024-10-21 09:11:32,168 [WARN] PackLoader:240 - Cannot read IP mode file for STMicroelectronics.X-CUBE-TOF1.3.4.1
2024-10-21 09:11:32,199 [WARN] PackLoader:240 - Cannot read IP mode file for STMicroelectronics.X-CUBE-AZRTOS-H7.3.2.0
2024-10-21 09:11:32,207 [WARN] PackLoader:240 - Cannot read IP mode file for wolfSSL.I-CUBE-wolfSSH.1.4.17
2024-10-21 09:11:32,209 [INFO] ThirdParty:978 - Integrity check success = true
2024-10-21 09:11:32,209 [INFO] IntegrityCheckThread:100 - exiting critical section [integrity check]
2024-10-21 09:11:32,209 [INFO] IntegrityCheckThread:103 - End integrity checks thread
2024-10-21 09:11:32,390 [INFO] WebApp:167 - Instantiating new browser for Auth
2024-10-21 09:11:33,740 [INFO] WebApp:448 - Apply proxy settings
2024-10-21 09:11:33,740 [INFO] WebApp:533 - Chromium requires no authentication
2024-10-21 09:11:33,756 [INFO] WebApp:476 - Direct internet connection detected
2024-10-21 09:11:33,797 [INFO] WebApp:869 - Register for checkConnection events
2024-10-21 09:11:33,797 [INFO] WebApp:448 - Apply proxy settings
2024-10-21 09:11:33,797 [INFO] WebApp:533 - Chromium requires no authentication
2024-10-21 09:11:33,798 [INFO] WebApp:476 - Direct internet connection detected
2024-10-21 09:11:34,001 [INFO] WebApp:186 - Connection restablished
2024-10-21 09:11:34,080 [INFO] WebApp:220 - Starting web application
2024-10-21 09:11:34,080 [INFO] WebApp:578 - Web application path used C:\ST\STM32CubeIDE_1.16.0\STM32CubeIDE\plugins\com.st.stm32cube.common.mx_6.12.1.202409122256\db\plugins\mcufinder\reactClient1\index.html
2024-10-21 09:11:34,233 [INFO] UserAuth:417 - Internet connection configuration mode: 1
2024-10-21 09:11:34,824 [ERROR] LogOutputStream:75 - [STDERR_REDIRECT] Oct 21, 2024 9:11:34 AM org.glassfish.grizzly.http.server.NetworkListener start
2024-10-21 09:11:34,826 [ERROR] LogOutputStream:75 - [STDERR_REDIRECT] INFO: Started listener bound to [localhost:1594]
2024-10-21 09:11:34,827 [ERROR] LogOutputStream:75 - [STDERR_REDIRECT] 
2024-10-21 09:11:34,828 [ERROR] LogOutputStream:75 - [STDERR_REDIRECT] Oct 21, 2024 9:11:34 AM org.glassfish.grizzly.http.server.HttpServer start
2024-10-21 09:11:34,829 [ERROR] LogOutputStream:75 - [STDERR_REDIRECT] INFO: [HttpServer] Started.
2024-10-21 09:11:34,829 [ERROR] LogOutputStream:75 - [STDERR_REDIRECT] 
2024-10-21 09:12:21,212 [INFO] WebApp:189 - Connection lost
2024-10-21 09:12:21,429 [INFO] WebApp:186 - Connection restablished
2024-10-21 09:12:37,068 [INFO] McuFinderGlobals:63 - Set McuFinder mode to 2 (CubeIDE integrated)
2024-10-21 09:12:37,080 [INFO] MainUpdater:2873 - connection check result : 10
2024-10-21 09:12:37,083 [INFO] MainUpdater:2873 - connection check result : 10
2024-10-21 09:12:37,237 [INFO] RulesReader:64 - Compatibility file has been processed (297 Rules)
2024-10-21 09:12:37,259 [INFO] RulesReader:64 - Compatibility file has been processed (297 Rules)
2024-10-21 09:12:37,272 [INFO] MicroXplorer:468 - Change Database Path : 
2024-10-21 09:12:37,272 [INFO] MicroXplorer:498 - Change Database Version : DB.6.0.121
2024-10-21 09:12:37,308 [WARN] ThirdParty:871 - waiting for thirdparty lock release [close project]
2024-10-21 09:12:37,309 [INFO] ThirdParty:873 - entering critical section [close project]
2024-10-21 09:12:37,311 [INFO] ThirdParty:883 - exiting critical section [close project]
2024-10-21 09:12:37,326 [INFO] PinOutPanel:1561 - setPackage(No Configuration,No Configuration)
2024-10-21 09:12:37,341 [INFO] UtilMem:75 - Begin LoadConfig() Used Memory: 597850184 Bytes (956301312)
2024-10-21 09:12:37,346 [INFO] MicroXplorer:468 - Change Database Path : 
2024-10-21 09:12:37,347 [INFO] MicroXplorer:498 - Change Database Version : DB.6.0.121
2024-10-21 09:12:37,347 [INFO] OpenFileManager:332 - Change cursor
2024-10-21 09:12:37,409 [INFO] Mcu:2032 - Initializing MCU STM32G491R(C-E)Tx STM32G491RETx STM32G491RET6
2024-10-21 09:12:45,657 [INFO] Context:742 - Trying to add GPIOservice into a context  which must be forbidden
2024-10-21 09:12:47,448 [INFO] ApiDbMcu:508 - Load IP Config File for NUCLEO-G491RE
2024-10-21 09:12:47,679 [INFO] ImportTextPane:205 - (OptionalMessage_ERROR) Unable to find key (Mcu.IP8) in loaded IOC file
2024-10-21 09:12:47,680 [INFO] ImportTextPane:205 - (OptionalMessage_ERROR) Unknown IP (dummy)
2024-10-21 09:12:48,232 [INFO] RtosManager:555 - Registered RTOS mode: class=CMSIS, group=RTOS, mode=CMSIS_V1, owner=FREERTOS
2024-10-21 09:12:48,233 [INFO] RtosManager:555 - Registered RTOS mode: class=CMSIS, group=RTOS2, mode=CMSIS_V2, owner=FREERTOS
2024-10-21 09:12:48,233 [INFO] RtosManager:555 - Registered RTOS mode: class=RTOS, group=Core, mode=CMSIS_V1, owner=FREERTOS
2024-10-21 09:12:48,234 [INFO] RtosManager:555 - Registered RTOS mode: class=RTOS, group=Core, mode=CMSIS_V2, owner=FREERTOS
2024-10-21 09:12:48,236 [WARN] ModelIntegratedComponent:184 - Missing modes for component STMicroelectronics:FreeRTOS:0.0.1:STMicroelectronics:RTOS:FreeRTOS:Core:::10.2.0:
2024-10-21 09:12:48,283 [WARN] ModelIntegratedComponent:63 - No mode defined for component null
2024-10-21 09:12:48,284 [WARN] ModelIntegratedComponent:63 - No mode defined for component null
2024-10-21 09:12:48,284 [WARN] ModelIntegratedComponent:63 - No mode defined for component null
2024-10-21 09:12:48,284 [WARN] ModelIntegratedComponent:63 - No mode defined for component null
2024-10-21 09:12:48,284 [WARN] ModelIntegratedComponent:63 - No mode defined for component null
2024-10-21 09:12:48,285 [WARN] ModelIntegratedComponent:63 - No mode defined for component null
2024-10-21 09:12:48,285 [WARN] ModelIntegratedComponent:63 - No mode defined for component null
2024-10-21 09:12:48,285 [WARN] ModelIntegratedComponent:63 - No mode defined for component null
2024-10-21 09:12:48,285 [WARN] ModelIntegratedComponent:63 - No mode defined for component null
2024-10-21 09:12:48,285 [WARN] ModelIntegratedComponent:63 - No mode defined for component null
2024-10-21 09:12:48,285 [WARN] ModelIntegratedComponent:63 - No mode defined for component null
2024-10-21 09:12:48,286 [WARN] ModelIntegratedComponent:63 - No mode defined for component null
2024-10-21 09:12:48,286 [WARN] ModelIntegratedComponent:63 - No mode defined for component null
2024-10-21 09:12:48,286 [WARN] ModelIntegratedComponent:63 - No mode defined for component null
2024-10-21 09:12:48,286 [WARN] ModelIntegratedComponent:63 - No mode defined for component null
2024-10-21 09:12:48,286 [WARN] ModelIntegratedComponent:63 - No mode defined for component null
2024-10-21 09:12:48,286 [WARN] ModelIntegratedComponent:63 - No mode defined for component null
2024-10-21 09:12:48,286 [WARN] ModelIntegratedComponent:63 - No mode defined for component null
2024-10-21 09:12:48,287 [WARN] ModelIntegratedComponent:63 - No mode defined for component null
2024-10-21 09:12:48,287 [WARN] ModelIntegratedComponent:63 - No mode defined for component null
2024-10-21 09:12:48,287 [WARN] ModelIntegratedComponent:63 - No mode defined for component null
2024-10-21 09:12:48,287 [WARN] ModelIntegratedComponent:63 - No mode defined for component null
2024-10-21 09:12:48,287 [WARN] ModelIntegratedComponent:63 - No mode defined for component null
2024-10-21 09:12:48,287 [WARN] ModelIntegratedComponent:63 - No mode defined for component null
2024-10-21 09:12:48,287 [WARN] ModelIntegratedComponent:63 - No mode defined for component null
2024-10-21 09:12:48,287 [WARN] ModelIntegratedComponent:63 - No mode defined for component null
2024-10-21 09:12:48,287 [WARN] ModelIntegratedComponent:63 - No mode defined for component null
2024-10-21 09:12:48,287 [WARN] ModelIntegratedComponent:63 - No mode defined for component null
2024-10-21 09:12:48,288 [WARN] ModelIntegratedComponent:63 - No mode defined for component null
2024-10-21 09:12:48,288 [WARN] ModelIntegratedComponent:63 - No mode defined for component null
2024-10-21 09:12:48,288 [WARN] ModelIntegratedComponent:63 - No mode defined for component null
2024-10-21 09:12:48,288 [WARN] ModelIntegratedComponent:63 - No mode defined for component null
2024-10-21 09:12:48,289 [WARN] ModelIntegratedComponent:63 - No mode defined for component null
2024-10-21 09:12:48,289 [WARN] ModelIntegratedComponent:63 - No mode defined for component null
2024-10-21 09:12:48,290 [WARN] ModelIntegratedComponent:63 - No mode defined for component null
2024-10-21 09:12:48,291 [WARN] ModelPack:524 - Component already loaded: STMicroelectronics:HAL Drivers:0.0.0:STMicroelectronics:Device:STMicro_Driver:XSPI:HAL::0.0.1:HAL_XSPI
2024-10-21 09:12:48,632 [INFO] ThirdPartyModel:298 - Start build external matchings
2024-10-21 09:12:49,776 [INFO] ThirdPartyModel:316 - End build external matchings
2024-10-21 09:12:49,809 [INFO] ImportTextPane:205 - (OptionalMessage_ERROR) IP (ADC1) : Parameter (CommonPathInternal) has invalid value (null|null|null|null)
2024-10-21 09:12:49,810 [WARN] IP:2191 - MessageRAMOffset not found: check if there is a RefParameter without a condition.
2024-10-21 09:12:49,810 [WARN] IP:2191 - RxFifo0ElmtsNbr not found: check if there is a RefParameter without a condition.
2024-10-21 09:12:49,810 [WARN] IP:2191 - RxFifo0ElmtSize not found: check if there is a RefParameter without a condition.
2024-10-21 09:12:49,810 [WARN] IP:2191 - RxFifo1ElmtsNbr not found: check if there is a RefParameter without a condition.
2024-10-21 09:12:49,810 [WARN] IP:2191 - RxFifo1ElmtSize not found: check if there is a RefParameter without a condition.
2024-10-21 09:12:49,810 [WARN] IP:2191 - RxBuffersNbr not found: check if there is a RefParameter without a condition.
2024-10-21 09:12:49,810 [WARN] IP:2191 - RxBufferSize not found: check if there is a RefParameter without a condition.
2024-10-21 09:12:49,810 [WARN] IP:2191 - TxEventsNbr not found: check if there is a RefParameter without a condition.
2024-10-21 09:12:49,810 [WARN] IP:2191 - TxBuffersNbr not found: check if there is a RefParameter without a condition.
2024-10-21 09:12:49,810 [WARN] IP:2191 - TxFifoQueueElmtsNbr not found: check if there is a RefParameter without a condition.
2024-10-21 09:12:49,810 [WARN] IP:2191 - TxElmtSize not found: check if there is a RefParameter without a condition.
2024-10-21 09:12:49,810 [WARN] IP:2191 - ClockCalibrationCCU not found: check if there is a RefParameter without a condition.
2024-10-21 09:12:49,810 [WARN] IP:2191 - ClockDividerCCU not found: check if there is a RefParameter without a condition.
2024-10-21 09:12:49,810 [WARN] IP:2191 - MinOscClkPeriodsCCU not found: check if there is a RefParameter without a condition.
2024-10-21 09:12:49,811 [WARN] IP:2191 - TimeQuantaPerBitTimeCCU not found: check if there is a RefParameter without a condition.
2024-10-21 09:12:49,811 [WARN] IP:2191 - WatchdogStartValueCCU not found: check if there is a RefParameter without a condition.
2024-10-21 09:12:51,032 [INFO] ApiDb:581 - Connected to CubeFinder SQLite database (C:\Users\kohlmanz\.stmcufinder\plugins\mcufinder\mcu\cube-finder-db.db)
2024-10-21 09:12:51,192 [INFO] ApiDb:668 - CubeFinder database Data Model version=2.1
2024-10-21 09:12:51,192 [INFO] ApiDb:669 - CubeFinder database Configuration version=3.0.39
2024-10-21 09:12:51,192 [INFO] ApiDb:670 - CubeFinder database generation date=2024-09-16 (1726485674)
2024-10-21 09:12:51,193 [INFO] ApiDb:671 - CubeFinder database FW Pack versions=[FP-ATR-ASTRA1_V2.0.0, FP-SNS-FLIGHT1_V5.0.2, FP-SNS-MOTENV1_V5.0.0, FP-SNS-MOTENVWB1_V1.4.0, FP-SNS-SMARTAG2_V1.2.0, FP-SNS-STBOX1_V2.0.0, STM32Cube_FW_C0_V1.2.0, STM32Cube_FW_F4_V1.28.1, STM32Cube_FW_F7_V1.17.2, STM32Cube_FW_G0_V1.6.2, STM32Cube_FW_G4_V1.6.0, STM32Cube_FW_H5_V1.3.0, STM32Cube_FW_H7RS_V1.1.0, STM32Cube_FW_H7_V1.11.2, STM32Cube_FW_L0_V1.12.2, STM32Cube_FW_L5_V1.5.1, STM32Cube_FW_U0_V1.1.0, STM32Cube_FW_U5_V1.6.0, STM32Cube_FW_WB0_V1.0.0, STM32Cube_FW_WBA_V1.4.1, STM32Cube_FW_WB_V1.20.0, STM32Cube_FW_WL_V1.3.0, X-CUBE-ALGOBUILD_V1.4.0, X-CUBE-ALS_V1.0.2, X-CUBE-AZRTOS-F4_V1.1.0, X-CUBE-AZRTOS-F7_V1.1.0, X-CUBE-AZRTOS-G0_V1.1.0, X-CUBE-AZRTOS-G4_V2.0.0, X-CUBE-AZRTOS-H7RS_V1.0.0, X-CUBE-AZRTOS-H7_V3.2.0, X-CUBE-AZRTOS-L4_V2.0.0, X-CUBE-AZRTOS-L5_V2.0.0, X-CUBE-AZRTOS-WB_V2.0.0, X-CUBE-AZRTOS-WL_V2.0.0, X-CUBE-BLE1_V7.0.0, X-CUBE-BLE2_V3.3.0, X-CUBE-BLEMGR_V3.1.0, X-CUBE-EEPRMA1_V5.1.0, X-CUBE-FREERTOS_V1.2.0, X-CUBE-GNSS1_V6.0.0, X-CUBE-MEMS1_V11.0.0, X-CUBE-NFC4_V3.0.0, X-CUBE-NFC7_V1.0.1, X-CUBE-SFXS2LP1_V4.0.0, X-CUBE-SUBG2_V5.0.0, X-CUBE-TOF1_V3.4.2]
2024-10-21 09:12:51,387 [INFO] DbBoardsSqlite:226 - include board P-NUCLEO-WB55-NUCLEO as a kit item of type 'Nucleo-64'
2024-10-21 09:12:51,388 [INFO] DbBoardsSqlite:226 - include board P-NUCLEO-WB55-USBDONGLE as a kit item of type 'Nucleo USB Dongle'
2024-10-21 09:12:51,389 [INFO] DbBoardsSqlite:226 - include board STEVAL-IDP005V1 as a kit item of type 'Evaluation Board'
2024-10-21 09:12:51,389 [INFO] DbBoardsSqlite:226 - include board STEVAL-IDP005V2 as a kit item of type 'Evaluation Board'
2024-10-21 09:12:51,958 [INFO] ApiDb:240 - Found 646 in-development CPN: [B-G473E-ZEST1S, B-WB1M-WPAN1, B-WL5M-SUBG1, NUCLEO-C031C6, NUCLEO-C071RB, NUCLEO-H503RB, NUCLEO-H533RE, NUCLEO-H563ZI, NUCLEO-H7S3L8, NUCLEO-U031R8, NUCLEO-U083RC, NUCLEO-U545RE-Q, NUCLEO-U5A5ZJ-Q, NUCLEO-WB05KZ, NUCLEO-WB07CC, NUCLEO-WB09KE, NUCLEO-WBA52CG, NUCLEO-WBA55CG, STEVAL-PROTEUS1, STEVAL-SMARTAG2, STEVAL-STWINBX1, STM320518-EVAL, STM32C0116-DK, STM32C011D6Y3TR, STM32C011D6Y6TR, STM32C011F4P3, STM32C011F4P6, STM32C011F4U3, STM32C011F4U6TR, STM32C011F6P3, STM32C011F6P6, STM32C011F6U3, STM32C011F6U6TR, STM32C011J4M3, STM32C011J4M6, STM32C011J6M3, STM32C011J6M6, STM32C0316-DK, STM32C031C4T3, STM32C031C4T6, STM32C031C4U3, STM32C031C4U6, STM32C031C6T3, STM32C031C6T6, STM32C031C6U3, STM32C031C6U6, STM32C031F4P3, STM32C031F4P6, STM32C031F6P3, STM32C031F6P6, STM32C031G4U3, STM32C031G4U6, STM32C031G6U3, STM32C031G6U6, STM32C031K4T3, STM32C031K4T6, STM32C031K4U3, STM32C031K4U6, STM32C031K6T3, STM32C031K6T6, STM32C031K6U3, STM32C031K6U6, STM32C071C8T6, STM32C071C8T6N, STM32C071C8U6, STM32C071C8U6N, STM32C071CBT6, STM32C071CBT6N, STM32C071CBU6, STM32C071CBU6N, STM32C071F8P6, STM32C071F8P6N, STM32C071FBP6, STM32C071FBP6N, STM32C071FBY6TR, STM32C071G8U6, STM32C071G8U6N, STM32C071GBU6, STM32C071GBU6N, STM32C071K8T6, STM32C071K8T6N, STM32C071K8U6, STM32C071K8U6N, STM32C071KBT6, STM32C071KBT6N, STM32C071KBU6, STM32C071KBU6N, STM32C071R8T6, STM32C071R8T6N, STM32C071RBI6N, STM32C071RBT6, STM32C071RBT6N, STM32G071K8TXN, STM32G071K8UXN, STM32G081GBU6N, STM32G081KBT6N, STM32G081KBUXN, STM32G0B1CCT6N, STM32G0B1KCT6, STM32G0B1NEY6TR, STM32G0B1RCT6N, STM32G0C1CCT6, STM32G0C1CCT6N, STM32G0C1CCU6N, STM32G0C1CET6N, STM32G0C1CEU6N, STM32G0C1KCT6, STM32G0C1NEY6TR, STM32G0C1RCI6N, STM32G0C1RCT6N, STM32G0C1REI6N, STM32G0C1RET6N, STM32G0C1VCI6, STM32G0C1VEI6, STM32G411C6T3, STM32G411C6T6, STM32G411C6U3, STM32G411C6U6, STM32G411C8T3, STM32G411C8T6, STM32G411C8U3, STM32G411C8U6, STM32G411CBT3, STM32G411CBT6, STM32G411CBU3, STM32G411CBU6, STM32G411K6T3, STM32G411K6T6, STM32G411K6U3, STM32G411K6U6, STM32G411K8T3, STM32G411K8T6, STM32G411K8U3, STM32G411K8U6, STM32G411KBT3, STM32G411KBT6, STM32G411KBU3, STM32G411KBU6, STM32G411M6T3, STM32G411M6T6, STM32G411M8T3, STM32G411M8T6, STM32G411MBT3, STM32G411MBT6, STM32G411R6T3, STM32G411R6T6, STM32G411R8T3, STM32G411R8T6, STM32G411RBT3, STM32G411RBT6, STM32G414CBT3, STM32G414CBT6, STM32G414CBU3, STM32G414CBU6, STM32G414CCT3, STM32G414CCT6, STM32G414CCU3, STM32G414CCU6, STM32G414MBT3, STM32G414MBT6, STM32G414MCT3, STM32G414MCT6, STM32G414RBT3, STM32G414RBT6, STM32G414RCT3, STM32G414RCT6, STM32G414VBT3, STM32G414VBT6, STM32G414VCT3, STM32G414VCT6, STM32G431CBT3Z, STM32G431RBT3Z, STM32G471CCT6, STM32G471CCU6, STM32G471CET3, STM32G471CET6, STM32G471CEU3, STM32G471CEU6, STM32G471MCT6, STM32G471MET3, STM32G471MET6, STM32G471MEY6TR, STM32G471QCT6, STM32G471QET3, STM32G471RCT6, STM32G471RET3, STM32G471RET6, STM32G471VCH6, STM32G471VCI6, STM32G471VCT6, STM32G471VEH3, STM32G471VEH6, STM32G471VEI3, STM32G471VEI6, STM32G471VET3, STM32G471VET6, STM32G473QET3Z, STM32G473RET3Z, STM32G474CCT6, STM32G491RET3Z, STM32H503CBT6, STM32H503CBU6, STM32H503EBY6TR, STM32H503KBU6, STM32H503RBT6, STM32H523CCT6, STM32H523CCU6, STM32H523CET6, STM32H523CEU6, STM32H523HEY6TR, STM32H523RCT6, STM32H523RET6, STM32H523VCI6, STM32H523VCT6, STM32H523VEI6, STM32H523VET6, STM32H523ZCJ6, STM32H523ZCT6, STM32H523ZEJ6, STM32H523ZET6, STM32H533CET6, STM32H533CEU6, STM32H533HEY6TR, STM32H533RET6, STM32H533VEI6, STM32H533VET6, STM32H533ZEJ6, STM32H533ZET6, STM32H562AGI6, STM32H562AII6, STM32H562IGK6, STM32H562IGT6, STM32H562IIK6, STM32H562IIT6, STM32H562RGT6, STM32H562RGV6, STM32H562RIT6, STM32H562RIV6, STM32H562VGT6, STM32H562VIT6, STM32H562ZGT6, STM32H562ZIT6, STM32H563AGI6, STM32H563AII3Q, STM32H563AII6, STM32H563IGK6, STM32H563IGT6, STM32H563IIK3Q, STM32H563IIK6, STM32H563IIT3Q, STM32H563IIT6, STM32H563MIY3QTR, STM32H563RGT6, STM32H563RGV6, STM32H563RIT6, STM32H563RIV6, STM32H563VGT6, STM32H563VIT3Q, STM32H563VIT6, STM32H563ZGT6, STM32H563ZIT3Q, STM32H563ZIT6, STM32H573AII3Q, STM32H573AII6, STM32H573I-DK, STM32H573IIK3Q, STM32H573IIK6, STM32H573IIT3Q, STM32H573IIT6, STM32H573MIY3QTR, STM32H573RIT6, STM32H573RIV6, STM32H573VIT3Q, STM32H573VIT6, STM32H573ZIT3Q, STM32H573ZIT6, STM32H7R3A8I6, STM32H7R3I8K6, STM32H7R3I8T6, STM32H7R3L8H6, STM32H7R3L8H6H, STM32H7R3R8V6, STM32H7R3V8H6, STM32H7R3V8T6, STM32H7R3V8Y6TR, STM32H7R3Z8J6, STM32H7R3Z8T6, STM32H7R7A8I6, STM32H7R7I8K6, STM32H7R7I8T6, STM32H7R7L8H6, STM32H7R7L8H6H, STM32H7R7Z8J6, STM32H7S3A8I6, STM32H7S3I8K6, STM32H7S3I8T6, STM32H7S3L8H6, STM32H7S3L8H6H, STM32H7S3R8V6, STM32H7S3V8H6, STM32H7S3V8T6, STM32H7S3V8Y6TR, STM32H7S3Z8J6, STM32H7S3Z8T6, STM32H7S78-DK, STM32H7S7A8I6, STM32H7S7I8K6, STM32H7S7I8T6, STM32H7S7L8H6, STM32H7S7L8H6H, STM32H7S7Z8J6, STM32L4R5QGI6STR, STM32MP131AAE3, STM32MP131AAF3, STM32MP131AAG3, STM32MP131CAE3, STM32MP131CAF3, STM32MP131CAG3, STM32MP131DAE7, STM32MP131DAF7, STM32MP131DAG7, STM32MP131FAE7, STM32MP131FAF7, STM32MP131FAG7, STM32MP133AAE3, STM32MP133AAF3, STM32MP133AAG3, STM32MP133CAE3, STM32MP133CAF3, STM32MP133CAG3, STM32MP133DAE7, STM32MP133DAF7, STM32MP133DAG7, STM32MP133FAE7, STM32MP133FAF7, STM32MP133FAG7, STM32MP135AAE3, STM32MP135AAF3, STM32MP135AAG3, STM32MP135CAE3, STM32MP135CAF3, STM32MP135CAG3, STM32MP135DAE7, STM32MP135DAF7, STM32MP135DAG7, STM32MP135F-DK, STM32MP135FAE7, STM32MP135FAF7, STM32MP135FAF7T, STM32MP135FAF7U, STM32MP135FAG7, STM32MP251AAI3, STM32MP251AAK3, STM32MP251AAL3, STM32MP251CAI3, STM32MP251CAK3, STM32MP251CAL3, STM32MP251DAI3, STM32MP251DAK3, STM32MP251DAL3, STM32MP251FAI3, STM32MP251FAK3, STM32MP251FAL3, STM32MP253AAI3, STM32MP253AAK3, STM32MP253AAL3, STM32MP253CAI3, STM32MP253CAK3, STM32MP253CAL3, STM32MP253DAI3, STM32MP253DAK3, STM32MP253DAL3, STM32MP253FAI3, STM32MP253FAK3, STM32MP253FAL3, STM32MP255AAI3, STM32MP255AAK3, STM32MP255AAL3, STM32MP255CAI3, STM32MP255CAK3, STM32MP255CAL3, STM32MP255DAI3, STM32MP255DAK3, STM32MP255DAL3, STM32MP255FAI3, STM32MP255FAK3, STM32MP255FAL3, STM32MP257AAI3, STM32MP257AAK3, STM32MP257AAL3, STM32MP257CAI3, STM32MP257CAK3, STM32MP257CAL3, STM32MP257DAI3, STM32MP257DAK3, STM32MP257DAL3, STM32MP257F-DK, STM32MP257F-EV1, STM32MP257FAI3, STM32MP257FAK3, STM32MP257FAL3, STM32U031C6T6, STM32U031C6U6, STM32U031C8T6, STM32U031C8U6, STM32U031F4P6, STM32U031F6P6, STM32U031F8P6, STM32U031G6Y6TR, STM32U031G8Y6TR, STM32U031K4U6, STM32U031K6U6, STM32U031K8U6, STM32U031R6I6, STM32U031R6T6, STM32U031R8I6, STM32U031R8T6, STM32U073C8T6, STM32U073C8U6, STM32U073CBT6, STM32U073CBU6, STM32U073CCT6, STM32U073CCU6, STM32U073H8Y6TR, STM32U073HBY6TR, STM32U073HCY6TR, STM32U073K8U6, STM32U073KBU6, STM32U073KCU6, STM32U073M8I6, STM32U073M8T6, STM32U073MBI6, STM32U073MBT6, STM32U073MCI6, STM32U073MCT6, STM32U073R8I6, STM32U073R8T6, STM32U073RBI6, STM32U073RBT6, STM32U073RCI6, STM32U073RCT6, STM32U083C-DK, STM32U083CCT6, STM32U083CCU6, STM32U083HCY6TR, STM32U083KCU6, STM32U083MCI6, STM32U083MCT6, STM32U083RCI6, STM32U083RCT6, STM32U535CBT6, STM32U535CBT6Q, STM32U535CBU6, STM32U535CBU6Q, STM32U535CCT6, STM32U535CCT6Q, STM32U535CCU6, STM32U535CCU6Q, STM32U535CET6, STM32U535CET6Q, STM32U535CEU6, STM32U535CEU6Q, STM32U535JEY6QTR, STM32U535NCY6QTR, STM32U535NEY6QTR, STM32U535RBI6, STM32U535RBI6Q, STM32U535RBT6, STM32U535RBT6Q, STM32U535RCI6, STM32U535RCI6Q, STM32U535RCT6, STM32U535RCT6Q, STM32U535REI6, STM32U535REI6Q, STM32U535RET6, STM32U535RET6Q, STM32U535VCI6, STM32U535VCI6Q, STM32U535VCT6, STM32U535VCT6Q, STM32U535VEI6, STM32U535VEI6Q, STM32U535VET6, STM32U535VET6Q, STM32U545CET6, STM32U545CET6Q, STM32U545CEU6, STM32U545CEU6Q, STM32U545JEY6QTR, STM32U545NEY6QTR, STM32U545REI6, STM32U545REI6Q, STM32U545RET6, STM32U545RET6Q, STM32U545VEI6, STM32U545VEI6Q, STM32U545VET6, STM32U545VET6Q, STM32U595AIH6, STM32U595AIH6Q, STM32U595AJH6, STM32U595AJH6Q, STM32U595QII6, STM32U595QII6Q, STM32U595QJI6, STM32U595QJI6Q, STM32U595RIT6, STM32U595RIT6Q, STM32U595RJT6, STM32U595RJT6Q, STM32U595VIT6, STM32U595VIT6Q, STM32U595VJT6, STM32U595VJT6Q, STM32U595ZIT6, STM32U595ZIT6Q, STM32U595ZIY6QTR, STM32U595ZJT6, STM32U595ZJT6Q, STM32U595ZJY6QTR, STM32U599BJY6QTR, STM32U599NIH6Q, STM32U599NJH6Q, STM32U599VIT6Q, STM32U599VJT6, STM32U599VJT6Q, STM32U599ZIT6Q, STM32U599ZIY6QTR, STM32U599ZJT6Q, STM32U599ZJY6QTR, STM32U5A5AJH6, STM32U5A5AJH6Q, STM32U5A5QII3Q , STM32U5A5QJI6, STM32U5A5QJI6Q, STM32U5A5RJT6, STM32U5A5RJT6Q, STM32U5A5VJT6, STM32U5A5VJT6Q, STM32U5A5ZJT6, STM32U5A5ZJT6Q, STM32U5A5ZJY6QTR, STM32U5A9BJY6QTR, STM32U5A9J-DK, STM32U5A9NJH6Q, STM32U5A9VJT6Q, STM32U5A9ZJT6Q, STM32U5A9ZJY6QTR, STM32U5F7VIT6, STM32U5F7VIT6Q, STM32U5F7VJT6, STM32U5F7VJT6Q, STM32U5F9BJY6QTR, STM32U5F9NJH6Q, STM32U5F9VIT6Q, STM32U5F9VJT6Q, STM32U5F9ZIJ6QTR, STM32U5F9ZIT6Q, STM32U5F9ZJJ6QTR, STM32U5F9ZJT6Q, STM32U5G7VJT6, STM32U5G7VJT6Q, STM32U5G9BJY6QTR, STM32U5G9J-DK1, STM32U5G9J-DK2, STM32U5G9NJH6Q, STM32U5G9VJT6Q, STM32U5G9ZJJ6QTR, STM32U5G9ZJT6Q, STM32WB05KZV6TR, STM32WB05KZV7TR, STM32WB05TZF6TR, STM32WB05TZF7TR, STM32WB06CCF6TR, STM32WB06CCF7TR, STM32WB06CCV6TR, STM32WB06CCV7TR, STM32WB06KCV6TR, STM32WB06KCV7TR, STM32WB07CCF6TR, STM32WB07CCF7TR, STM32WB07CCV6TR, STM32WB07CCV7TR, STM32WB07KCV6TR, STM32WB07KCV7TR, STM32WB09KEV6TR, STM32WB09KEV7TR, STM32WB09TEF6TR, STM32WB09TEF7TR, STM32WB1MMCH6, STM32WBA50KGU6, STM32WBA50KGU6TR, STM32WBA52CEU6, STM32WBA52CEU6TR, STM32WBA52CEU7, STM32WBA52CEU7TR, STM32WBA52CGU6, STM32WBA52CGU6TR, STM32WBA52CGU6U, STM32WBA52CGU7, STM32WBA52CGU7TR, STM32WBA52KEU6, STM32WBA52KEU6TR, STM32WBA52KGU6, STM32WBA52KGU6TR, STM32WBA54CEU6, STM32WBA54CEU6TR, STM32WBA54CEU7, STM32WBA54CEU7TR, STM32WBA54CGU6, STM32WBA54CGU6TR, STM32WBA54CGU7, STM32WBA54CGU7TR, STM32WBA54KEU6, STM32WBA54KEU6TR, STM32WBA54KEU7, STM32WBA54KEU7TR, STM32WBA54KGU6, STM32WBA54KGU6TR, STM32WBA54KGU7, STM32WBA54KGU7TR, STM32WBA55CEU6, STM32WBA55CEU6TR, STM32WBA55CEU7, STM32WBA55CEU7TR, STM32WBA55CGU6, STM32WBA55CGU6TR, STM32WBA55CGU6U, STM32WBA55CGU7, STM32WBA55CGU7TR, STM32WBA55G-DK1, STM32WBA55HEF6, STM32WBA55HEF7, STM32WBA55HGF6, STM32WBA55HGF7, STM32WBA55UEI6, STM32WBA55UEI6TR, STM32WBA55UEI7, STM32WBA55UEI7TR, STM32WBA55UGI6, STM32WBA55UGI6TR, STM32WBA55UGI7, STM32WBA55UGI7TR, STM32WL5MOCH6, STM32WL5MOCH6TR]
2024-10-21 09:12:52,169 [INFO] BoardInfo:889 - No configuration file found for board P-NUCLEO-WB55
2024-10-21 09:12:52,170 [INFO] DbBoards:161 - Kit is not supported: P-NUCLEO-WB55
2024-10-21 09:12:52,179 [INFO] BoardInfo:889 - No configuration file found for board STEVAL-BFA001V1B
2024-10-21 09:12:52,179 [INFO] DbBoards:161 - Kit is not supported: STEVAL-BFA001V1B
2024-10-21 09:12:52,181 [INFO] BoardInfo:889 - No configuration file found for board STEVAL-BFA001V2B
2024-10-21 09:12:52,181 [INFO] DbBoards:161 - Kit is not supported: STEVAL-BFA001V2B
2024-10-21 09:12:52,385 [INFO] DbBoards:168 - Found 201 boards, 198 are supported
2024-10-21 09:12:52,385 [INFO] DbBoards:169 - Found 201 boards, 25 of them is supported for  Bsp
2024-10-21 09:12:52,389 [INFO] ApiDb:668 - CubeFinder database Data Model version=2.1
2024-10-21 09:12:52,389 [INFO] ApiDb:669 - CubeFinder database Configuration version=3.0.39
2024-10-21 09:12:52,389 [INFO] ApiDb:670 - CubeFinder database generation date=2024-09-16 (1726485674)
2024-10-21 09:12:52,389 [INFO] ApiDb:671 - CubeFinder database FW Pack versions=[FP-ATR-ASTRA1_V2.0.0, FP-SNS-FLIGHT1_V5.0.2, FP-SNS-MOTENV1_V5.0.0, FP-SNS-MOTENVWB1_V1.4.0, FP-SNS-SMARTAG2_V1.2.0, FP-SNS-STBOX1_V2.0.0, STM32Cube_FW_C0_V1.2.0, STM32Cube_FW_F4_V1.28.1, STM32Cube_FW_F7_V1.17.2, STM32Cube_FW_G0_V1.6.2, STM32Cube_FW_G4_V1.6.0, STM32Cube_FW_H5_V1.3.0, STM32Cube_FW_H7RS_V1.1.0, STM32Cube_FW_H7_V1.11.2, STM32Cube_FW_L0_V1.12.2, STM32Cube_FW_L5_V1.5.1, STM32Cube_FW_U0_V1.1.0, STM32Cube_FW_U5_V1.6.0, STM32Cube_FW_WB0_V1.0.0, STM32Cube_FW_WBA_V1.4.1, STM32Cube_FW_WB_V1.20.0, STM32Cube_FW_WL_V1.3.0, X-CUBE-ALGOBUILD_V1.4.0, X-CUBE-ALS_V1.0.2, X-CUBE-AZRTOS-F4_V1.1.0, X-CUBE-AZRTOS-F7_V1.1.0, X-CUBE-AZRTOS-G0_V1.1.0, X-CUBE-AZRTOS-G4_V2.0.0, X-CUBE-AZRTOS-H7RS_V1.0.0, X-CUBE-AZRTOS-H7_V3.2.0, X-CUBE-AZRTOS-L4_V2.0.0, X-CUBE-AZRTOS-L5_V2.0.0, X-CUBE-AZRTOS-WB_V2.0.0, X-CUBE-AZRTOS-WL_V2.0.0, X-CUBE-BLE1_V7.0.0, X-CUBE-BLE2_V3.3.0, X-CUBE-BLEMGR_V3.1.0, X-CUBE-EEPRMA1_V5.1.0, X-CUBE-FREERTOS_V1.2.0, X-CUBE-GNSS1_V6.0.0, X-CUBE-MEMS1_V11.0.0, X-CUBE-NFC4_V3.0.0, X-CUBE-NFC7_V1.0.1, X-CUBE-SFXS2LP1_V4.0.0, X-CUBE-SUBG2_V5.0.0, X-CUBE-TOF1_V3.4.2]
2024-10-21 09:12:57,281 [INFO] ApiDb:240 - Found 646 in-development CPN: [B-G473E-ZEST1S, B-WB1M-WPAN1, B-WL5M-SUBG1, NUCLEO-C031C6, NUCLEO-C071RB, NUCLEO-H503RB, NUCLEO-H533RE, NUCLEO-H563ZI, NUCLEO-H7S3L8, NUCLEO-U031R8, NUCLEO-U083RC, NUCLEO-U545RE-Q, NUCLEO-U5A5ZJ-Q, NUCLEO-WB05KZ, NUCLEO-WB07CC, NUCLEO-WB09KE, NUCLEO-WBA52CG, NUCLEO-WBA55CG, STEVAL-PROTEUS1, STEVAL-SMARTAG2, STEVAL-STWINBX1, STM320518-EVAL, STM32C0116-DK, STM32C011D6Y3TR, STM32C011D6Y6TR, STM32C011F4P3, STM32C011F4P6, STM32C011F4U3, STM32C011F4U6TR, STM32C011F6P3, STM32C011F6P6, STM32C011F6U3, STM32C011F6U6TR, STM32C011J4M3, STM32C011J4M6, STM32C011J6M3, STM32C011J6M6, STM32C0316-DK, STM32C031C4T3, STM32C031C4T6, STM32C031C4U3, STM32C031C4U6, STM32C031C6T3, STM32C031C6T6, STM32C031C6U3, STM32C031C6U6, STM32C031F4P3, STM32C031F4P6, STM32C031F6P3, STM32C031F6P6, STM32C031G4U3, STM32C031G4U6, STM32C031G6U3, STM32C031G6U6, STM32C031K4T3, STM32C031K4T6, STM32C031K4U3, STM32C031K4U6, STM32C031K6T3, STM32C031K6T6, STM32C031K6U3, STM32C031K6U6, STM32C071C8T6, STM32C071C8T6N, STM32C071C8U6, STM32C071C8U6N, STM32C071CBT6, STM32C071CBT6N, STM32C071CBU6, STM32C071CBU6N, STM32C071F8P6, STM32C071F8P6N, STM32C071FBP6, STM32C071FBP6N, STM32C071FBY6TR, STM32C071G8U6, STM32C071G8U6N, STM32C071GBU6, STM32C071GBU6N, STM32C071K8T6, STM32C071K8T6N, STM32C071K8U6, STM32C071K8U6N, STM32C071KBT6, STM32C071KBT6N, STM32C071KBU6, STM32C071KBU6N, STM32C071R8T6, STM32C071R8T6N, STM32C071RBI6N, STM32C071RBT6, STM32C071RBT6N, STM32G071K8TXN, STM32G071K8UXN, STM32G081GBU6N, STM32G081KBT6N, STM32G081KBUXN, STM32G0B1CCT6N, STM32G0B1KCT6, STM32G0B1NEY6TR, STM32G0B1RCT6N, STM32G0C1CCT6, STM32G0C1CCT6N, STM32G0C1CCU6N, STM32G0C1CET6N, STM32G0C1CEU6N, STM32G0C1KCT6, STM32G0C1NEY6TR, STM32G0C1RCI6N, STM32G0C1RCT6N, STM32G0C1REI6N, STM32G0C1RET6N, STM32G0C1VCI6, STM32G0C1VEI6, STM32G411C6T3, STM32G411C6T6, STM32G411C6U3, STM32G411C6U6, STM32G411C8T3, STM32G411C8T6, STM32G411C8U3, STM32G411C8U6, STM32G411CBT3, STM32G411CBT6, STM32G411CBU3, STM32G411CBU6, STM32G411K6T3, STM32G411K6T6, STM32G411K6U3, STM32G411K6U6, STM32G411K8T3, STM32G411K8T6, STM32G411K8U3, STM32G411K8U6, STM32G411KBT3, STM32G411KBT6, STM32G411KBU3, STM32G411KBU6, STM32G411M6T3, STM32G411M6T6, STM32G411M8T3, STM32G411M8T6, STM32G411MBT3, STM32G411MBT6, STM32G411R6T3, STM32G411R6T6, STM32G411R8T3, STM32G411R8T6, STM32G411RBT3, STM32G411RBT6, STM32G414CBT3, STM32G414CBT6, STM32G414CBU3, STM32G414CBU6, STM32G414CCT3, STM32G414CCT6, STM32G414CCU3, STM32G414CCU6, STM32G414MBT3, STM32G414MBT6, STM32G414MCT3, STM32G414MCT6, STM32G414RBT3, STM32G414RBT6, STM32G414RCT3, STM32G414RCT6, STM32G414VBT3, STM32G414VBT6, STM32G414VCT3, STM32G414VCT6, STM32G431CBT3Z, STM32G431RBT3Z, STM32G471CCT6, STM32G471CCU6, STM32G471CET3, STM32G471CET6, STM32G471CEU3, STM32G471CEU6, STM32G471MCT6, STM32G471MET3, STM32G471MET6, STM32G471MEY6TR, STM32G471QCT6, STM32G471QET3, STM32G471RCT6, STM32G471RET3, STM32G471RET6, STM32G471VCH6, STM32G471VCI6, STM32G471VCT6, STM32G471VEH3, STM32G471VEH6, STM32G471VEI3, STM32G471VEI6, STM32G471VET3, STM32G471VET6, STM32G473QET3Z, STM32G473RET3Z, STM32G474CCT6, STM32G491RET3Z, STM32H503CBT6, STM32H503CBU6, STM32H503EBY6TR, STM32H503KBU6, STM32H503RBT6, STM32H523CCT6, STM32H523CCU6, STM32H523CET6, STM32H523CEU6, STM32H523HEY6TR, STM32H523RCT6, STM32H523RET6, STM32H523VCI6, STM32H523VCT6, STM32H523VEI6, STM32H523VET6, STM32H523ZCJ6, STM32H523ZCT6, STM32H523ZEJ6, STM32H523ZET6, STM32H533CET6, STM32H533CEU6, STM32H533HEY6TR, STM32H533RET6, STM32H533VEI6, STM32H533VET6, STM32H533ZEJ6, STM32H533ZET6, STM32H562AGI6, STM32H562AII6, STM32H562IGK6, STM32H562IGT6, STM32H562IIK6, STM32H562IIT6, STM32H562RGT6, STM32H562RGV6, STM32H562RIT6, STM32H562RIV6, STM32H562VGT6, STM32H562VIT6, STM32H562ZGT6, STM32H562ZIT6, STM32H563AGI6, STM32H563AII3Q, STM32H563AII6, STM32H563IGK6, STM32H563IGT6, STM32H563IIK3Q, STM32H563IIK6, STM32H563IIT3Q, STM32H563IIT6, STM32H563MIY3QTR, STM32H563RGT6, STM32H563RGV6, STM32H563RIT6, STM32H563RIV6, STM32H563VGT6, STM32H563VIT3Q, STM32H563VIT6, STM32H563ZGT6, STM32H563ZIT3Q, STM32H563ZIT6, STM32H573AII3Q, STM32H573AII6, STM32H573I-DK, STM32H573IIK3Q, STM32H573IIK6, STM32H573IIT3Q, STM32H573IIT6, STM32H573MIY3QTR, STM32H573RIT6, STM32H573RIV6, STM32H573VIT3Q, STM32H573VIT6, STM32H573ZIT3Q, STM32H573ZIT6, STM32H7R3A8I6, STM32H7R3I8K6, STM32H7R3I8T6, STM32H7R3L8H6, STM32H7R3L8H6H, STM32H7R3R8V6, STM32H7R3V8H6, STM32H7R3V8T6, STM32H7R3V8Y6TR, STM32H7R3Z8J6, STM32H7R3Z8T6, STM32H7R7A8I6, STM32H7R7I8K6, STM32H7R7I8T6, STM32H7R7L8H6, STM32H7R7L8H6H, STM32H7R7Z8J6, STM32H7S3A8I6, STM32H7S3I8K6, STM32H7S3I8T6, STM32H7S3L8H6, STM32H7S3L8H6H, STM32H7S3R8V6, STM32H7S3V8H6, STM32H7S3V8T6, STM32H7S3V8Y6TR, STM32H7S3Z8J6, STM32H7S3Z8T6, STM32H7S78-DK, STM32H7S7A8I6, STM32H7S7I8K6, STM32H7S7I8T6, STM32H7S7L8H6, STM32H7S7L8H6H, STM32H7S7Z8J6, STM32L4R5QGI6STR, STM32MP131AAE3, STM32MP131AAF3, STM32MP131AAG3, STM32MP131CAE3, STM32MP131CAF3, STM32MP131CAG3, STM32MP131DAE7, STM32MP131DAF7, STM32MP131DAG7, STM32MP131FAE7, STM32MP131FAF7, STM32MP131FAG7, STM32MP133AAE3, STM32MP133AAF3, STM32MP133AAG3, STM32MP133CAE3, STM32MP133CAF3, STM32MP133CAG3, STM32MP133DAE7, STM32MP133DAF7, STM32MP133DAG7, STM32MP133FAE7, STM32MP133FAF7, STM32MP133FAG7, STM32MP135AAE3, STM32MP135AAF3, STM32MP135AAG3, STM32MP135CAE3, STM32MP135CAF3, STM32MP135CAG3, STM32MP135DAE7, STM32MP135DAF7, STM32MP135DAG7, STM32MP135F-DK, STM32MP135FAE7, STM32MP135FAF7, STM32MP135FAF7T, STM32MP135FAF7U, STM32MP135FAG7, STM32MP251AAI3, STM32MP251AAK3, STM32MP251AAL3, STM32MP251CAI3, STM32MP251CAK3, STM32MP251CAL3, STM32MP251DAI3, STM32MP251DAK3, STM32MP251DAL3, STM32MP251FAI3, STM32MP251FAK3, STM32MP251FAL3, STM32MP253AAI3, STM32MP253AAK3, STM32MP253AAL3, STM32MP253CAI3, STM32MP253CAK3, STM32MP253CAL3, STM32MP253DAI3, STM32MP253DAK3, STM32MP253DAL3, STM32MP253FAI3, STM32MP253FAK3, STM32MP253FAL3, STM32MP255AAI3, STM32MP255AAK3, STM32MP255AAL3, STM32MP255CAI3, STM32MP255CAK3, STM32MP255CAL3, STM32MP255DAI3, STM32MP255DAK3, STM32MP255DAL3, STM32MP255FAI3, STM32MP255FAK3, STM32MP255FAL3, STM32MP257AAI3, STM32MP257AAK3, STM32MP257AAL3, STM32MP257CAI3, STM32MP257CAK3, STM32MP257CAL3, STM32MP257DAI3, STM32MP257DAK3, STM32MP257DAL3, STM32MP257F-DK, STM32MP257F-EV1, STM32MP257FAI3, STM32MP257FAK3, STM32MP257FAL3, STM32U031C6T6, STM32U031C6U6, STM32U031C8T6, STM32U031C8U6, STM32U031F4P6, STM32U031F6P6, STM32U031F8P6, STM32U031G6Y6TR, STM32U031G8Y6TR, STM32U031K4U6, STM32U031K6U6, STM32U031K8U6, STM32U031R6I6, STM32U031R6T6, STM32U031R8I6, STM32U031R8T6, STM32U073C8T6, STM32U073C8U6, STM32U073CBT6, STM32U073CBU6, STM32U073CCT6, STM32U073CCU6, STM32U073H8Y6TR, STM32U073HBY6TR, STM32U073HCY6TR, STM32U073K8U6, STM32U073KBU6, STM32U073KCU6, STM32U073M8I6, STM32U073M8T6, STM32U073MBI6, STM32U073MBT6, STM32U073MCI6, STM32U073MCT6, STM32U073R8I6, STM32U073R8T6, STM32U073RBI6, STM32U073RBT6, STM32U073RCI6, STM32U073RCT6, STM32U083C-DK, STM32U083CCT6, STM32U083CCU6, STM32U083HCY6TR, STM32U083KCU6, STM32U083MCI6, STM32U083MCT6, STM32U083RCI6, STM32U083RCT6, STM32U535CBT6, STM32U535CBT6Q, STM32U535CBU6, STM32U535CBU6Q, STM32U535CCT6, STM32U535CCT6Q, STM32U535CCU6, STM32U535CCU6Q, STM32U535CET6, STM32U535CET6Q, STM32U535CEU6, STM32U535CEU6Q, STM32U535JEY6QTR, STM32U535NCY6QTR, STM32U535NEY6QTR, STM32U535RBI6, STM32U535RBI6Q, STM32U535RBT6, STM32U535RBT6Q, STM32U535RCI6, STM32U535RCI6Q, STM32U535RCT6, STM32U535RCT6Q, STM32U535REI6, STM32U535REI6Q, STM32U535RET6, STM32U535RET6Q, STM32U535VCI6, STM32U535VCI6Q, STM32U535VCT6, STM32U535VCT6Q, STM32U535VEI6, STM32U535VEI6Q, STM32U535VET6, STM32U535VET6Q, STM32U545CET6, STM32U545CET6Q, STM32U545CEU6, STM32U545CEU6Q, STM32U545JEY6QTR, STM32U545NEY6QTR, STM32U545REI6, STM32U545REI6Q, STM32U545RET6, STM32U545RET6Q, STM32U545VEI6, STM32U545VEI6Q, STM32U545VET6, STM32U545VET6Q, STM32U595AIH6, STM32U595AIH6Q, STM32U595AJH6, STM32U595AJH6Q, STM32U595QII6, STM32U595QII6Q, STM32U595QJI6, STM32U595QJI6Q, STM32U595RIT6, STM32U595RIT6Q, STM32U595RJT6, STM32U595RJT6Q, STM32U595VIT6, STM32U595VIT6Q, STM32U595VJT6, STM32U595VJT6Q, STM32U595ZIT6, STM32U595ZIT6Q, STM32U595ZIY6QTR, STM32U595ZJT6, STM32U595ZJT6Q, STM32U595ZJY6QTR, STM32U599BJY6QTR, STM32U599NIH6Q, STM32U599NJH6Q, STM32U599VIT6Q, STM32U599VJT6, STM32U599VJT6Q, STM32U599ZIT6Q, STM32U599ZIY6QTR, STM32U599ZJT6Q, STM32U599ZJY6QTR, STM32U5A5AJH6, STM32U5A5AJH6Q, STM32U5A5QII3Q , STM32U5A5QJI6, STM32U5A5QJI6Q, STM32U5A5RJT6, STM32U5A5RJT6Q, STM32U5A5VJT6, STM32U5A5VJT6Q, STM32U5A5ZJT6, STM32U5A5ZJT6Q, STM32U5A5ZJY6QTR, STM32U5A9BJY6QTR, STM32U5A9J-DK, STM32U5A9NJH6Q, STM32U5A9VJT6Q, STM32U5A9ZJT6Q, STM32U5A9ZJY6QTR, STM32U5F7VIT6, STM32U5F7VIT6Q, STM32U5F7VJT6, STM32U5F7VJT6Q, STM32U5F9BJY6QTR, STM32U5F9NJH6Q, STM32U5F9VIT6Q, STM32U5F9VJT6Q, STM32U5F9ZIJ6QTR, STM32U5F9ZIT6Q, STM32U5F9ZJJ6QTR, STM32U5F9ZJT6Q, STM32U5G7VJT6, STM32U5G7VJT6Q, STM32U5G9BJY6QTR, STM32U5G9J-DK1, STM32U5G9J-DK2, STM32U5G9NJH6Q, STM32U5G9VJT6Q, STM32U5G9ZJJ6QTR, STM32U5G9ZJT6Q, STM32WB05KZV6TR, STM32WB05KZV7TR, STM32WB05TZF6TR, STM32WB05TZF7TR, STM32WB06CCF6TR, STM32WB06CCF7TR, STM32WB06CCV6TR, STM32WB06CCV7TR, STM32WB06KCV6TR, STM32WB06KCV7TR, STM32WB07CCF6TR, STM32WB07CCF7TR, STM32WB07CCV6TR, STM32WB07CCV7TR, STM32WB07KCV6TR, STM32WB07KCV7TR, STM32WB09KEV6TR, STM32WB09KEV7TR, STM32WB09TEF6TR, STM32WB09TEF7TR, STM32WB1MMCH6, STM32WBA50KGU6, STM32WBA50KGU6TR, STM32WBA52CEU6, STM32WBA52CEU6TR, STM32WBA52CEU7, STM32WBA52CEU7TR, STM32WBA52CGU6, STM32WBA52CGU6TR, STM32WBA52CGU6U, STM32WBA52CGU7, STM32WBA52CGU7TR, STM32WBA52KEU6, STM32WBA52KEU6TR, STM32WBA52KGU6, STM32WBA52KGU6TR, STM32WBA54CEU6, STM32WBA54CEU6TR, STM32WBA54CEU7, STM32WBA54CEU7TR, STM32WBA54CGU6, STM32WBA54CGU6TR, STM32WBA54CGU7, STM32WBA54CGU7TR, STM32WBA54KEU6, STM32WBA54KEU6TR, STM32WBA54KEU7, STM32WBA54KEU7TR, STM32WBA54KGU6, STM32WBA54KGU6TR, STM32WBA54KGU7, STM32WBA54KGU7TR, STM32WBA55CEU6, STM32WBA55CEU6TR, STM32WBA55CEU7, STM32WBA55CEU7TR, STM32WBA55CGU6, STM32WBA55CGU6TR, STM32WBA55CGU6U, STM32WBA55CGU7, STM32WBA55CGU7TR, STM32WBA55G-DK1, STM32WBA55HEF6, STM32WBA55HEF7, STM32WBA55HGF6, STM32WBA55HGF7, STM32WBA55UEI6, STM32WBA55UEI6TR, STM32WBA55UEI7, STM32WBA55UEI7TR, STM32WBA55UGI6, STM32WBA55UGI6TR, STM32WBA55UGI7, STM32WBA55UGI7TR, STM32WL5MOCH6, STM32WL5MOCH6TR]
2024-10-21 09:12:57,290 [INFO] DbMcus:218 - Found 4252 MCUs, 4252 are supported
2024-10-21 09:12:57,291 [INFO] ApiDb:423 - Load user favorites file C:\Users\kohlmanz/.stm32cubeide/favorites.mcus.txt: 0 item(s)
2024-10-21 09:12:57,292 [INFO] ApiDb:427 - User favorites MCUs=[]
2024-10-21 09:12:57,292 [INFO] DbMcus:224 - Set 0 / 0 favorites MCUs
2024-10-21 09:12:58,996 [INFO] ApiDb:423 - Load user favorites file C:\Users\kohlmanz/.stm32cubeide/favorites.boards.txt: 0 item(s)
2024-10-21 09:12:58,998 [INFO] ApiDb:427 - User favorites Boards=[]
2024-10-21 09:12:58,998 [INFO] DbBoards:198 - Set 0 / 0 favorites Boards
2024-10-21 09:12:59,052 [INFO] UtilMem:75 - End LoadConfig() Used Memory: 898014696 Bytes (1073741824)
2024-10-21 09:12:59,429 [WARN] ThirdParty:833 - waiting for thirdparty lock release [change project]
2024-10-21 09:12:59,430 [INFO] ThirdParty:835 - entering critical section [change project]
2024-10-21 09:12:59,431 [INFO] ThirdParty:1030 - CMSIS Pack Vendor :STMicroelectronics USBPD 4.1
2024-10-21 09:12:59,431 [INFO] ThirdParty:1030 - CMSIS Pack Vendor :STMicroelectronics X-CUBE-AZRTOS-H7 3.3.0
2024-10-21 09:12:59,431 [INFO] ThirdParty:1030 - CMSIS Pack Vendor :STMicroelectronics X-CUBE-NFC9 1.0.0
2024-10-21 09:12:59,431 [INFO] ThirdParty:1030 - CMSIS Pack Vendor :STMicroelectronics X-CUBE-GNSS1 6.0.0
2024-10-21 09:12:59,431 [INFO] ThirdParty:1030 - CMSIS Pack Vendor :STMicroelectronics USB_HOST 2.0.0
2024-10-21 09:12:59,431 [INFO] ThirdParty:1030 - CMSIS Pack Vendor :STMicroelectronics FP-SNS-MOTENVWB1 1.4.0
2024-10-21 09:12:59,431 [INFO] ThirdParty:1030 - CMSIS Pack Vendor :STMicroelectronics X-CUBE-AZRTOS-F4 1.1.0
2024-10-21 09:12:59,431 [INFO] ThirdParty:1030 - CMSIS Pack Vendor :STMicroelectronics LIBJPEG 8.0.0
2024-10-21 09:12:59,431 [INFO] ThirdParty:1030 - CMSIS Pack Vendor :STMicroelectronics X-CUBE-SMBUS 2.1.0
2024-10-21 09:12:59,431 [INFO] ThirdParty:1030 - CMSIS Pack Vendor :STMicroelectronics X-CUBE-WB05N 1.1.0
2024-10-21 09:12:59,431 [INFO] ThirdParty:1030 - CMSIS Pack Vendor :STMicroelectronics USB_DEVICE 3.0.0
2024-10-21 09:12:59,431 [INFO] ThirdParty:1030 - CMSIS Pack Vendor :STMicroelectronics X-CUBE-TCPP 4.1.0
2024-10-21 09:12:59,432 [INFO] ThirdParty:1030 - CMSIS Pack Vendor :STMicroelectronics X-CUBE-ISPU 2.1.0
2024-10-21 09:12:59,432 [INFO] ThirdParty:1030 - CMSIS Pack Vendor :STMicroelectronics X-CUBE-FREERTOS 1.2.0
2024-10-21 09:12:59,432 [INFO] ThirdParty:1030 - CMSIS Pack Vendor :STMicroelectronics X-CUBE-IPS 3.0.0
2024-10-21 09:12:59,432 [INFO] ThirdParty:1030 - CMSIS Pack Vendor :STMicroelectronics X-CUBE-AZRTOS-WB 2.0.0
2024-10-21 09:12:59,432 [INFO] ThirdParty:1030 - CMSIS Pack Vendor :wolfSSL I-CUBE-wolfSSL 5.6.6
2024-10-21 09:12:59,432 [INFO] ThirdParty:1030 - CMSIS Pack Vendor :STMicroelectronics X-CUBE-GNSS1 7.0.0
2024-10-21 09:12:59,432 [INFO] ThirdParty:1030 - CMSIS Pack Vendor :STMicroelectronics X-CUBE-TOUCHGFX 4.23.0
2024-10-21 09:12:59,432 [INFO] ThirdParty:1030 - CMSIS Pack Vendor :STMicroelectronics X-CUBE-AZRTOS-F7 1.1.0
2024-10-21 09:12:59,432 [INFO] ThirdParty:1030 - CMSIS Pack Vendor :STMicroelectronics X-CUBE-AZRTOS-L5 2.0.0
2024-10-21 09:12:59,432 [INFO] ThirdParty:1030 - CMSIS Pack Vendor :STMicroelectronics USB_DEVICE 2.0.0
2024-10-21 09:12:59,432 [INFO] ThirdParty:1030 - CMSIS Pack Vendor :STMicroelectronics X-CUBE-EEPRMA1 4.2.0
2024-10-21 09:12:59,432 [INFO] ThirdParty:1030 - CMSIS Pack Vendor :STMicroelectronics X-CUBE-NFC6 3.1.0
2024-10-21 09:12:59,432 [INFO] ThirdParty:1030 - CMSIS Pack Vendor :ITTIA_DB I-CUBE-ITTIADB 8.8.0
2024-10-21 09:12:59,432 [INFO] ThirdParty:1030 - CMSIS Pack Vendor :STMicroelectronics FP-SNS-STBOX1 2.0.0
2024-10-21 09:12:59,432 [INFO] ThirdParty:1030 - CMSIS Pack Vendor :STMicroelectronics FP-SNS-MOTENV1 4.3.2
2024-10-21 09:12:59,432 [INFO] ThirdParty:1030 - CMSIS Pack Vendor :STMicroelectronics X-CUBE-ALGOBUILD 1.3.0
2024-10-21 09:12:59,432 [INFO] ThirdParty:1030 - CMSIS Pack Vendor :STMicroelectronics X-CUBE-MEMS1 11.0.0
2024-10-21 09:12:59,433 [INFO] ThirdParty:1030 - CMSIS Pack Vendor :STMicroelectronics FreeRTOS 0.0.1
2024-10-21 09:12:59,433 [INFO] ThirdParty:1030 - CMSIS Pack Vendor :STMicroelectronics X-CUBE-AZRTOS-G0 1.1.0
2024-10-21 09:12:59,433 [INFO] ThirdParty:1030 - CMSIS Pack Vendor :STMicroelectronics X-CUBE-SAFEA1 1.2.2
2024-10-21 09:12:59,435 [INFO] ThirdParty:1030 - CMSIS Pack Vendor :STMicroelectronics X-CUBE-NFC4 3.0.0
2024-10-21 09:12:59,435 [INFO] ThirdParty:1030 - CMSIS Pack Vendor :STMicroelectronics X-CUBE-DPower 1.2.0
2024-10-21 09:12:59,435 [INFO] ThirdParty:1030 - CMSIS Pack Vendor :STMicroelectronics X-CUBE-SUBG2 5.0.0
2024-10-21 09:12:59,435 [INFO] ThirdParty:1030 - CMSIS Pack Vendor :STMicroelectronics STM32_WPAN 1.0.0
2024-10-21 09:12:59,435 [INFO] ThirdParty:1030 - CMSIS Pack Vendor :EmbeddedOffice I-CUBE-FS-RTOS 1.0.1
2024-10-21 09:12:59,435 [INFO] ThirdParty:1030 - CMSIS Pack Vendor :STMicroelectronics lwIP 2.0.3
2024-10-21 09:12:59,435 [INFO] ThirdParty:1030 - CMSIS Pack Vendor :STMicroelectronics FP-SNS-FLIGHT1 5.0.2
2024-10-21 09:12:59,435 [INFO] ThirdParty:1030 - CMSIS Pack Vendor :Cesanta I-CUBE-Mongoose 7.13.0
2024-10-21 09:12:59,435 [INFO] ThirdParty:1030 - CMSIS Pack Vendor :STMicroelectronics USB_HOST 1.0.0
2024-10-21 09:12:59,435 [INFO] ThirdParty:1030 - CMSIS Pack Vendor :STMicroelectronics X-CUBE-AI 9.0.0
2024-10-21 09:12:59,435 [INFO] ThirdParty:1030 - CMSIS Pack Vendor :STMicroelectronics X-CUBE-AZRTOS-G4 2.0.0
2024-10-21 09:12:59,435 [INFO] ThirdParty:1030 - CMSIS Pack Vendor :STMicroelectronics PDM2PCM 3.1.0
2024-10-21 09:12:59,435 [INFO] ThirdParty:1030 - CMSIS Pack Vendor :Infineon AIROC-Wi-Fi-Bluetooth-STM32 1.5.1
2024-10-21 09:12:59,436 [INFO] ThirdParty:1030 - CMSIS Pack Vendor :STMicroelectronics X-CUBE-BLEMGR 3.0.0
2024-10-21 09:12:59,436 [INFO] ThirdParty:1030 - CMSIS Pack Vendor :STMicroelectronics PDM2PCM 3.3.0
2024-10-21 09:12:59,436 [INFO] ThirdParty:1030 - CMSIS Pack Vendor :STMicroelectronics X-CUBE-DISPLAY 3.0.0
2024-10-21 09:12:59,436 [INFO] ThirdParty:1030 - CMSIS Pack Vendor :RealThread X-CUBE-RT-Thread_Nano 4.1.1
2024-10-21 09:12:59,436 [INFO] ThirdParty:1030 - CMSIS Pack Vendor :STMicroelectronics FP-SNS-MOTENVWB1 1.3.1
2024-10-21 09:12:59,436 [INFO] ThirdParty:1030 - CMSIS Pack Vendor :STMicroelectronics X-CUBE-BLE1 7.0.0
2024-10-21 09:12:59,436 [INFO] ThirdParty:1030 - CMSIS Pack Vendor :STMicroelectronics FP-ATR-SIGFOX1 3.2.0
2024-10-21 09:12:59,436 [INFO] ThirdParty:1030 - CMSIS Pack Vendor :STMicroelectronics X-CUBE-NFC10 1.0.0
2024-10-21 09:12:59,436 [INFO] ThirdParty:1030 - CMSIS Pack Vendor :STMicroelectronics X-CUBE-ISPU 2.0.0
2024-10-21 09:12:59,436 [INFO] ThirdParty:1030 - CMSIS Pack Vendor :STMicroelectronics X-CUBE-EEPRMA1 5.1.0
2024-10-21 09:12:59,436 [INFO] ThirdParty:1030 - CMSIS Pack Vendor :STMicroelectronics HAL Drivers 0.0.0
2024-10-21 09:12:59,436 [INFO] ThirdParty:1030 - CMSIS Pack Vendor :STMicroelectronics MBEDTLS 2.16.2
2024-10-21 09:12:59,436 [INFO] ThirdParty:1030 - CMSIS Pack Vendor :STMicroelectronics X-CUBE-ALS 1.0.2
2024-10-21 09:12:59,436 [INFO] ThirdParty:1030 - CMSIS Pack Vendor :emotas I-CUBE-CANOPEN 1.3.0
2024-10-21 09:12:59,436 [INFO] ThirdParty:1030 - CMSIS Pack Vendor :STMicroelectronics X-CUBE-MEMS1 10.0.0
2024-10-21 09:12:59,437 [INFO] ThirdParty:1030 - CMSIS Pack Vendor :STMicroelectronics X-CUBE-FREERTOS 1.1.0
2024-10-21 09:12:59,437 [INFO] ThirdParty:1030 - CMSIS Pack Vendor :STMicroelectronics X-CUBE-NFC7 1.0.1
2024-10-21 09:12:59,438 [INFO] ThirdParty:1030 - CMSIS Pack Vendor :STMicroelectronics MBEDTLS 2.14.1
2024-10-21 09:12:59,438 [INFO] ThirdParty:1030 - CMSIS Pack Vendor :STMicroelectronics X-CUBE-TOUCHGFX 4.24.0
2024-10-21 09:12:59,439 [INFO] ThirdParty:1030 - CMSIS Pack Vendor :STMicroelectronics X-CUBE-TOUCHGFX 4.24.1
2024-10-21 09:12:59,439 [INFO] ThirdParty:1030 - CMSIS Pack Vendor :STMicroelectronics X-CUBE-NFC6 3.0.0
2024-10-21 09:12:59,439 [INFO] ThirdParty:1030 - CMSIS Pack Vendor :wolfSSL I-CUBE-wolfTPM 3.4.0
2024-10-21 09:12:59,440 [INFO] ThirdParty:1030 - CMSIS Pack Vendor :portGmbH I-Cube-SoM-uGOAL 1.1.0
2024-10-21 09:12:59,440 [INFO] ThirdParty:1030 - CMSIS Pack Vendor :STMicroelectronics X-CUBE-ALS 1.0.1
2024-10-21 09:12:59,441 [INFO] ThirdParty:1030 - CMSIS Pack Vendor :STMicroelectronics X-CUBE-BLEMGR 3.1.0
2024-10-21 09:12:59,441 [INFO] ThirdParty:1030 - CMSIS Pack Vendor :STMicroelectronics ThreadX 1.0.0
2024-10-21 09:12:59,441 [INFO] ThirdParty:1030 - CMSIS Pack Vendor :STMicroelectronics FP-SNS-SMARTAG2 1.2.0
2024-10-21 09:12:59,443 [INFO] ThirdParty:1030 - CMSIS Pack Vendor :STMicroelectronics X-CUBE-AZRTOS-WL 2.0.0
2024-10-21 09:12:59,443 [INFO] ThirdParty:1030 - CMSIS Pack Vendor :SEGGER I-CUBE-embOS 1.3.1
2024-10-21 09:12:59,443 [INFO] ThirdParty:1030 - CMSIS Pack Vendor :STMicroelectronics X-CUBE-ALGOBUILD 1.4.0
2024-10-21 09:12:59,443 [INFO] ThirdParty:1030 - CMSIS Pack Vendor :STMicroelectronics FP-SNS-MOTENV1 5.0.0
2024-10-21 09:12:59,443 [INFO] ThirdParty:1030 - CMSIS Pack Vendor :STMicroelectronics USB_DEVICE 1.0.0
2024-10-21 09:12:59,443 [INFO] ThirdParty:1030 - CMSIS Pack Vendor :STMicroelectronics X-CUBE-AI 8.1.0
2024-10-21 09:12:59,443 [INFO] ThirdParty:1030 - CMSIS Pack Vendor :STMicroelectronics X-CUBE-AZRTOS-H7RS 1.0.0
2024-10-21 09:12:59,443 [INFO] ThirdParty:1030 - CMSIS Pack Vendor :wolfSSL I-CUBE-wolfMQTT 1.19.0
2024-10-21 09:12:59,443 [INFO] ThirdParty:1030 - CMSIS Pack Vendor :STMicroelectronics X-CUBE-AZRTOS-L4 2.0.0
2024-10-21 09:12:59,443 [INFO] ThirdParty:1030 - CMSIS Pack Vendor :STMicroelectronics ThreadX 0.0.2
2024-10-21 09:12:59,444 [INFO] ThirdParty:1030 - CMSIS Pack Vendor :WES I-CUBE-Cesium 1.3.0
2024-10-21 09:12:59,444 [INFO] ThirdParty:1030 - CMSIS Pack Vendor :STMicroelectronics FP-ATR-ASTRA1 2.0.0
2024-10-21 09:12:59,444 [INFO] ThirdParty:1030 - CMSIS Pack Vendor :STMicroelectronics lwIP 2.1.2
2024-10-21 09:12:59,444 [INFO] ThirdParty:1030 - CMSIS Pack Vendor :STMicroelectronics X-CUBE-SFXS2LP1 4.0.0
2024-10-21 09:12:59,444 [INFO] ThirdParty:1030 - CMSIS Pack Vendor :STMicroelectronics X-CUBE-BLE2 3.3.0
2024-10-21 09:12:59,444 [INFO] ThirdParty:1030 - CMSIS Pack Vendor :STMicroelectronics X-CUBE-TOF1 3.4.2
2024-10-21 09:12:59,444 [INFO] ThirdParty:1030 - CMSIS Pack Vendor :STMicroelectronics X-CUBE-AI 9.1.0
2024-10-21 09:12:59,444 [INFO] ThirdParty:1030 - CMSIS Pack Vendor :STMicroelectronics X-CUBE-TOF1 3.4.0
2024-10-21 09:12:59,444 [INFO] ThirdParty:1030 - CMSIS Pack Vendor :STMicroelectronics X-CUBE-TOF1 3.4.1
2024-10-21 09:12:59,444 [INFO] ThirdParty:1030 - CMSIS Pack Vendor :STMicroelectronics X-CUBE-AZRTOS-H7 3.2.0
2024-10-21 09:12:59,444 [INFO] ThirdParty:1030 - CMSIS Pack Vendor :STMicroelectronics PDM2PCM 3.2.0
2024-10-21 09:12:59,445 [INFO] ThirdParty:1030 - CMSIS Pack Vendor :wolfSSL I-CUBE-wolfSSH 1.4.17
2024-10-21 09:12:59,445 [INFO] ThirdParty:841 - exiting critical section [change project]
2024-10-21 09:13:01,811 [INFO] PinOutPanel:1561 - setPackage(No Configuration,No Configuration)
2024-10-21 09:13:01,814 [INFO] PinOutPanel:1561 - setPackage(STM32G491RETx,LQFP64)
2024-10-21 09:13:03,249 [INFO] UtilMem:75 - Before build in PCC Used Memory: 837979640 Bytes (1073741824)
2024-10-21 09:13:07,061 [INFO] UtilMem:75 - After build in PCC Used Memory: 720920592 Bytes (1073741824)
2024-10-21 09:13:07,198 [INFO] IPUIPlugin:80 - create IPUIPlugin
2024-10-21 09:13:07,198 [INFO] IPUIPlugin:80 - create IPUIPlugin
2024-10-21 09:13:07,198 [INFO] IPUIPlugin:80 - create IPUIPlugin
2024-10-21 09:13:07,198 [INFO] IPUIPlugin:80 - create IPUIPlugin
2024-10-21 09:13:07,198 [INFO] IPUIPlugin:80 - create IPUIPlugin
2024-10-21 09:13:07,198 [INFO] IPUIPlugin:80 - create IPUIPlugin
2024-10-21 09:13:07,199 [INFO] IPUIPlugin:80 - create IPUIPlugin
2024-10-21 09:13:07,199 [INFO] IPUIPlugin:80 - create IPUIPlugin
2024-10-21 09:13:07,200 [INFO] IPUIPlugin:80 - create IPUIPlugin
2024-10-21 09:13:07,200 [INFO] IPUIPlugin:80 - create IPUIPlugin
2024-10-21 09:13:07,201 [INFO] IPUIPlugin:80 - create IPUIPlugin
2024-10-21 09:13:07,201 [INFO] IPUIPlugin:80 - create IPUIPlugin
2024-10-21 09:13:07,201 [INFO] IPUIPlugin:80 - create IPUIPlugin
2024-10-21 09:13:07,201 [INFO] IPUIPlugin:80 - create IPUIPlugin
2024-10-21 09:13:07,202 [INFO] IPUIPlugin:80 - create IPUIPlugin
2024-10-21 09:13:07,202 [INFO] IPUIPlugin:80 - create IPUIPlugin
2024-10-21 09:13:07,202 [INFO] IPUIPlugin:80 - create IPUIPlugin
2024-10-21 09:13:07,203 [INFO] IPUIPlugin:80 - create IPUIPlugin
2024-10-21 09:13:07,203 [INFO] IPUIPlugin:80 - create IPUIPlugin
2024-10-21 09:13:07,203 [INFO] IPUIPlugin:80 - create IPUIPlugin
2024-10-21 09:13:07,204 [INFO] IPUIPlugin:80 - create IPUIPlugin
2024-10-21 09:13:07,204 [INFO] IPUIPlugin:80 - create IPUIPlugin
2024-10-21 09:13:07,204 [INFO] IPUIPlugin:80 - create IPUIPlugin
2024-10-21 09:13:07,205 [INFO] IPUIPlugin:80 - create IPUIPlugin
2024-10-21 09:13:07,206 [INFO] IPUIPlugin:80 - create IPUIPlugin
2024-10-21 09:13:07,206 [INFO] IPUIPlugin:80 - create IPUIPlugin
2024-10-21 09:13:07,208 [INFO] IPUIPlugin:80 - create IPUIPlugin
2024-10-21 09:13:07,209 [INFO] IPUIPlugin:80 - create IPUIPlugin
2024-10-21 09:13:07,210 [INFO] IPUIPlugin:80 - create IPUIPlugin
2024-10-21 09:13:07,211 [INFO] IPUIPlugin:80 - create IPUIPlugin
2024-10-21 09:13:07,211 [INFO] IPUIPlugin:80 - create IPUIPlugin
2024-10-21 09:13:07,212 [INFO] IPUIPlugin:80 - create IPUIPlugin
2024-10-21 09:13:07,212 [INFO] IPUIPlugin:80 - create IPUIPlugin
2024-10-21 09:13:07,213 [INFO] IPUIPlugin:80 - create IPUIPlugin
2024-10-21 09:13:07,214 [INFO] IPUIPlugin:80 - create IPUIPlugin
2024-10-21 09:13:07,214 [INFO] IPUIPlugin:80 - create IPUIPlugin
2024-10-21 09:13:07,215 [INFO] IPUIPlugin:80 - create IPUIPlugin
2024-10-21 09:13:07,216 [INFO] IPUIPlugin:80 - create IPUIPlugin
2024-10-21 09:13:07,216 [INFO] IPUIPlugin:80 - create IPUIPlugin
2024-10-21 09:13:07,217 [INFO] IPUIPlugin:80 - create IPUIPlugin
2024-10-21 09:13:07,217 [INFO] IPUIPlugin:80 - create IPUIPlugin
2024-10-21 09:13:07,218 [INFO] IPUIPlugin:80 - create IPUIPlugin
2024-10-21 09:13:07,218 [INFO] IPUIPlugin:80 - create IPUIPlugin
2024-10-21 09:13:07,219 [INFO] IPUIPlugin:80 - create IPUIPlugin
2024-10-21 09:13:07,219 [INFO] IPUIPlugin:80 - create IPUIPlugin
2024-10-21 09:13:07,221 [INFO] IPUIPlugin:80 - create IPUIPlugin
2024-10-21 09:13:07,221 [INFO] IPUIPlugin:80 - create IPUIPlugin
2024-10-21 09:13:07,222 [INFO] IPUIPlugin:80 - create IPUIPlugin
2024-10-21 09:13:07,223 [INFO] IPUIPlugin:80 - create IPUIPlugin
2024-10-21 09:13:07,223 [INFO] IPUIPlugin:80 - create IPUIPlugin
2024-10-21 09:13:07,223 [INFO] IPUIPlugin:80 - create IPUIPlugin
2024-10-21 09:13:07,224 [INFO] IPUIPlugin:80 - create IPUIPlugin
2024-10-21 09:13:07,225 [INFO] IPUIPlugin:80 - create IPUIPlugin
2024-10-21 09:13:07,225 [INFO] IPUIPlugin:80 - create IPUIPlugin
2024-10-21 09:13:07,227 [INFO] IPUIPlugin:80 - create IPUIPlugin
2024-10-21 09:13:07,228 [INFO] IPUIPlugin:80 - create IPUIPlugin
2024-10-21 09:13:07,229 [INFO] IPUIPlugin:80 - create IPUIPlugin
2024-10-21 09:13:07,231 [INFO] IPUIPlugin:80 - create IPUIPlugin
2024-10-21 09:13:07,231 [INFO] IPUIPlugin:80 - create IPUIPlugin
2024-10-21 09:13:07,232 [INFO] IPUIPlugin:80 - create IPUIPlugin
2024-10-21 09:13:07,233 [INFO] IPUIPlugin:80 - create IPUIPlugin
2024-10-21 09:13:07,237 [INFO] IPUIPlugin:80 - create IPUIPlugin
2024-10-21 09:13:07,238 [INFO] IPUIPlugin:80 - create IPUIPlugin
2024-10-21 09:13:07,238 [INFO] IPUIPlugin:80 - create IPUIPlugin
2024-10-21 09:13:07,239 [INFO] IPUIPlugin:80 - create IPUIPlugin
2024-10-21 09:13:07,302 [WARN] IP:2191 - MessageRAMOffset not found: check if there is a RefParameter without a condition.
2024-10-21 09:13:07,302 [WARN] IP:2191 - RxFifo0ElmtsNbr not found: check if there is a RefParameter without a condition.
2024-10-21 09:13:07,302 [WARN] IP:2191 - RxFifo0ElmtSize not found: check if there is a RefParameter without a condition.
2024-10-21 09:13:07,302 [WARN] IP:2191 - RxFifo1ElmtsNbr not found: check if there is a RefParameter without a condition.
2024-10-21 09:13:07,303 [WARN] IP:2191 - RxFifo1ElmtSize not found: check if there is a RefParameter without a condition.
2024-10-21 09:13:07,303 [WARN] IP:2191 - RxBuffersNbr not found: check if there is a RefParameter without a condition.
2024-10-21 09:13:07,303 [WARN] IP:2191 - RxBufferSize not found: check if there is a RefParameter without a condition.
2024-10-21 09:13:07,303 [WARN] IP:2191 - TxEventsNbr not found: check if there is a RefParameter without a condition.
2024-10-21 09:13:07,303 [WARN] IP:2191 - TxBuffersNbr not found: check if there is a RefParameter without a condition.
2024-10-21 09:13:07,303 [WARN] IP:2191 - TxFifoQueueElmtsNbr not found: check if there is a RefParameter without a condition.
2024-10-21 09:13:07,303 [WARN] IP:2191 - TxElmtSize not found: check if there is a RefParameter without a condition.
2024-10-21 09:13:07,303 [WARN] IP:2191 - ClockCalibrationCCU not found: check if there is a RefParameter without a condition.
2024-10-21 09:13:07,303 [WARN] IP:2191 - ClockDividerCCU not found: check if there is a RefParameter without a condition.
2024-10-21 09:13:07,303 [WARN] IP:2191 - MinOscClkPeriodsCCU not found: check if there is a RefParameter without a condition.
2024-10-21 09:13:07,303 [WARN] IP:2191 - TimeQuantaPerBitTimeCCU not found: check if there is a RefParameter without a condition.
2024-10-21 09:13:07,303 [WARN] IP:2191 - WatchdogStartValueCCU not found: check if there is a RefParameter without a condition.
2024-10-21 09:13:07,332 [INFO] LogOutputStream:77 - [STDOUT_REDIRECT] Nominal 
2024-10-21 09:13:07,333 [INFO] Can:71 - Can Add PropertyChangeListener com.st.microxplorer.plugins.ip.can.Can@50ceebb1
2024-10-21 09:13:07,981 [INFO] CADModel:165 - CPN selected for project levelSTM32G491RET6
2024-10-21 09:13:07,981 [INFO] CADModel:114 - Register for checkConnection events
2024-10-21 09:13:08,030 [INFO] OpenFileManager:363 - Restore cursor
2024-10-21 09:13:09,005 [WARN] IP:2191 - MessageRAMOffset not found: check if there is a RefParameter without a condition.
2024-10-21 09:13:09,006 [WARN] IP:2191 - RxFifo0ElmtsNbr not found: check if there is a RefParameter without a condition.
2024-10-21 09:13:09,006 [WARN] IP:2191 - RxFifo0ElmtSize not found: check if there is a RefParameter without a condition.
2024-10-21 09:13:09,006 [WARN] IP:2191 - RxFifo1ElmtsNbr not found: check if there is a RefParameter without a condition.
2024-10-21 09:13:09,006 [WARN] IP:2191 - RxFifo1ElmtSize not found: check if there is a RefParameter without a condition.
2024-10-21 09:13:09,006 [WARN] IP:2191 - RxBuffersNbr not found: check if there is a RefParameter without a condition.
2024-10-21 09:13:09,006 [WARN] IP:2191 - RxBufferSize not found: check if there is a RefParameter without a condition.
2024-10-21 09:13:09,006 [WARN] IP:2191 - TxEventsNbr not found: check if there is a RefParameter without a condition.
2024-10-21 09:13:09,006 [WARN] IP:2191 - TxBuffersNbr not found: check if there is a RefParameter without a condition.
2024-10-21 09:13:09,006 [WARN] IP:2191 - TxFifoQueueElmtsNbr not found: check if there is a RefParameter without a condition.
2024-10-21 09:13:09,007 [WARN] IP:2191 - TxElmtSize not found: check if there is a RefParameter without a condition.
2024-10-21 09:13:09,007 [WARN] IP:2191 - ClockCalibrationCCU not found: check if there is a RefParameter without a condition.
2024-10-21 09:13:09,007 [WARN] IP:2191 - ClockDividerCCU not found: check if there is a RefParameter without a condition.
2024-10-21 09:13:09,007 [WARN] IP:2191 - MinOscClkPeriodsCCU not found: check if there is a RefParameter without a condition.
2024-10-21 09:13:09,008 [WARN] IP:2191 - TimeQuantaPerBitTimeCCU not found: check if there is a RefParameter without a condition.
2024-10-21 09:13:09,010 [WARN] IP:2191 - WatchdogStartValueCCU not found: check if there is a RefParameter without a condition.
2024-10-21 09:42:34,809 [INFO] Gpio:277 - dependency for GPIO [ADC1, FDCAN1, TIM1]
2024-10-21 09:43:28,852 [INFO] Gpio:277 - dependency for GPIO [ADC1, FDCAN1, TIM1]
2024-10-21 09:46:12,010 [INFO] UtilMem:75 - End SaveConfig() Used Memory: 574409720 Bytes (1013972992)
2024-10-21 09:46:12,145 [INFO] UtilMem:75 - End SaveConfig() Used Memory: 599053304 Bytes (1013972992)
2024-10-21 09:46:12,625 [INFO] UtilMem:75 - End SaveConfig() Used Memory: 666162168 Bytes (1013972992)
2024-10-21 09:46:14,030 [INFO] BlockDiagram:2766 - set Specific Code input for plugin: TIM1_8G4
2024-10-21 09:46:14,030 [INFO] BlockDiagram:2766 - set Specific Code input for plugin: SYS
2024-10-21 09:46:14,030 [INFO] BlockDiagram:2766 - set Specific Code input for plugin: ADC
2024-10-21 09:46:14,031 [INFO] BlockDiagram:2766 - set Specific Code input for plugin: RCC
2024-10-21 09:46:14,031 [INFO] BlockDiagram:2766 - set Specific Code input for plugin: NUCLEO-G491RE
2024-10-21 09:46:14,031 [INFO] BlockDiagram:2766 - set Specific Code input for plugin: NVIC
2024-10-21 09:46:14,034 [INFO] BlockDiagram:2766 - set Specific Code input for plugin: GPIO
2024-10-21 09:46:14,035 [INFO] BlockDiagram:2766 - set Specific Code input for plugin: FDCAN
2024-10-21 09:46:14,038 [INFO] CodeGenerator:807 - code generatio: config db path: C:\ST\STM32CubeIDE_1.16.0\STM32CubeIDE\plugins\com.st.stm32cube.common.mx_6.12.1.202409122256\\db\
2024-10-21 09:46:14,091 [WARN] IP:2191 - MessageRAMOffset not found: check if there is a RefParameter without a condition.
2024-10-21 09:46:14,092 [WARN] IP:2191 - RxFifo0ElmtsNbr not found: check if there is a RefParameter without a condition.
2024-10-21 09:46:14,092 [WARN] IP:2191 - RxFifo0ElmtSize not found: check if there is a RefParameter without a condition.
2024-10-21 09:46:14,092 [WARN] IP:2191 - RxFifo1ElmtsNbr not found: check if there is a RefParameter without a condition.
2024-10-21 09:46:14,092 [WARN] IP:2191 - RxFifo1ElmtSize not found: check if there is a RefParameter without a condition.
2024-10-21 09:46:14,092 [WARN] IP:2191 - RxBuffersNbr not found: check if there is a RefParameter without a condition.
2024-10-21 09:46:14,092 [WARN] IP:2191 - RxBufferSize not found: check if there is a RefParameter without a condition.
2024-10-21 09:46:14,092 [WARN] IP:2191 - TxEventsNbr not found: check if there is a RefParameter without a condition.
2024-10-21 09:46:14,092 [WARN] IP:2191 - TxBuffersNbr not found: check if there is a RefParameter without a condition.
2024-10-21 09:46:14,092 [WARN] IP:2191 - TxFifoQueueElmtsNbr not found: check if there is a RefParameter without a condition.
2024-10-21 09:46:14,093 [WARN] IP:2191 - TxElmtSize not found: check if there is a RefParameter without a condition.
2024-10-21 09:46:14,093 [WARN] IP:2191 - ClockCalibrationCCU not found: check if there is a RefParameter without a condition.
2024-10-21 09:46:14,093 [WARN] IP:2191 - ClockDividerCCU not found: check if there is a RefParameter without a condition.
2024-10-21 09:46:14,093 [WARN] IP:2191 - MinOscClkPeriodsCCU not found: check if there is a RefParameter without a condition.
2024-10-21 09:46:14,093 [WARN] IP:2191 - TimeQuantaPerBitTimeCCU not found: check if there is a RefParameter without a condition.
2024-10-21 09:46:14,093 [WARN] IP:2191 - WatchdogStartValueCCU not found: check if there is a RefParameter without a condition.
2024-10-21 09:46:14,310 [INFO] CodeEngine:255 - oldGeneratedFile, C:\Users\kohlmanz\fh_dev\mp6_tbb\PID Controller\MXTmpFiles\license.tmp_save
2024-10-21 09:46:14,987 [INFO] CodeEngine:279 - Generated code: C:\Users\kohlmanz\fh_dev\mp6_tbb\PID Controller\MXTmpFiles\license.tmp
2024-10-21 09:46:15,218 [INFO] CodeEngine:255 - oldGeneratedFile, C:\Users\kohlmanz\fh_dev\mp6_tbb\PID Controller\MXTmpFiles\gpio.tmp_save
2024-10-21 09:46:15,464 [INFO] CodeEngine:279 - Generated code: C:\Users\kohlmanz\fh_dev\mp6_tbb\PID Controller\MXTmpFiles\gpio.tmp
2024-10-21 09:46:16,120 [INFO] CodeEngine:255 - oldGeneratedFile, C:\Users\kohlmanz\fh_dev\mp6_tbb\PID Controller\Core\Inc\stm32g4xx_nucleo_conf.h_save
2024-10-21 09:46:16,639 [INFO] CodeEngine:279 - Generated code: C:\Users\kohlmanz\fh_dev\mp6_tbb\PID Controller\Core\Inc\stm32g4xx_nucleo_conf.h
2024-10-21 09:46:16,661 [INFO] CodeEngine:255 - oldGeneratedFile, C:\Users\kohlmanz\fh_dev\mp6_tbb\PID Controller\MXTmpFiles\bsp_inc.tmp_save
2024-10-21 09:46:16,839 [INFO] CodeEngine:279 - Generated code: C:\Users\kohlmanz\fh_dev\mp6_tbb\PID Controller\MXTmpFiles\bsp_inc.tmp
2024-10-21 09:46:16,864 [INFO] CodeEngine:255 - oldGeneratedFile, C:\Users\kohlmanz\fh_dev\mp6_tbb\PID Controller\MXTmpFiles\bsp_common_vars.tmp_save
2024-10-21 09:46:17,080 [INFO] CodeEngine:279 - Generated code: C:\Users\kohlmanz\fh_dev\mp6_tbb\PID Controller\MXTmpFiles\bsp_common_vars.tmp
2024-10-21 09:46:17,090 [INFO] CodeEngine:255 - oldGeneratedFile, C:\Users\kohlmanz\fh_dev\mp6_tbb\PID Controller\MXTmpFiles\bsp_common_init.tmp_save
2024-10-21 09:46:17,273 [INFO] CodeEngine:279 - Generated code: C:\Users\kohlmanz\fh_dev\mp6_tbb\PID Controller\MXTmpFiles\bsp_common_init.tmp
2024-10-21 09:46:17,287 [INFO] CodeEngine:255 - oldGeneratedFile, C:\Users\kohlmanz\fh_dev\mp6_tbb\PID Controller\MXTmpFiles\bsp_common_demo_before_while.tmp_save
2024-10-21 09:46:17,434 [INFO] CodeEngine:279 - Generated code: C:\Users\kohlmanz\fh_dev\mp6_tbb\PID Controller\MXTmpFiles\bsp_common_demo_before_while.tmp
2024-10-21 09:46:17,447 [INFO] CodeEngine:255 - oldGeneratedFile, C:\Users\kohlmanz\fh_dev\mp6_tbb\PID Controller\MXTmpFiles\bsp_common_demo_inside_while.tmp_save
2024-10-21 09:46:17,571 [INFO] CodeEngine:279 - Generated code: C:\Users\kohlmanz\fh_dev\mp6_tbb\PID Controller\MXTmpFiles\bsp_common_demo_inside_while.tmp
2024-10-21 09:46:17,582 [INFO] CodeEngine:255 - oldGeneratedFile, C:\Users\kohlmanz\fh_dev\mp6_tbb\PID Controller\MXTmpFiles\bsp_common_demo_fct.tmp_save
2024-10-21 09:46:17,686 [INFO] CodeEngine:279 - Generated code: C:\Users\kohlmanz\fh_dev\mp6_tbb\PID Controller\MXTmpFiles\bsp_common_demo_fct.tmp
2024-10-21 09:46:17,721 [INFO] CodeEngine:255 - oldGeneratedFile, C:\Users\kohlmanz\fh_dev\mp6_tbb\PID Controller\Core\Src\stm32g4xx_it.c_save
2024-10-21 09:46:17,931 [INFO] CodeEngine:279 - Generated code: C:\Users\kohlmanz\fh_dev\mp6_tbb\PID Controller\Core\Src\stm32g4xx_it.c
2024-10-21 09:46:17,943 [INFO] CodeEngine:255 - oldGeneratedFile, C:\Users\kohlmanz\fh_dev\mp6_tbb\PID Controller\Core\Inc\stm32g4xx_it.h_save
2024-10-21 09:46:18,053 [INFO] CodeEngine:279 - Generated code: C:\Users\kohlmanz\fh_dev\mp6_tbb\PID Controller\Core\Inc\stm32g4xx_it.h
2024-10-21 09:46:18,089 [INFO] CodeEngine:255 - oldGeneratedFile, C:\Users\kohlmanz\fh_dev\mp6_tbb\PID Controller\Core\Src\stm32g4xx_hal_msp.c_save
2024-10-21 09:46:18,382 [INFO] CodeEngine:279 - Generated code: C:\Users\kohlmanz\fh_dev\mp6_tbb\PID Controller\Core\Src\stm32g4xx_hal_msp.c
2024-10-21 09:46:18,391 [INFO] CodeEngine:255 - oldGeneratedFile, C:\Users\kohlmanz\fh_dev\mp6_tbb\PID Controller\MXTmpFiles\system.tmp_save
2024-10-21 09:46:18,499 [INFO] CodeEngine:279 - Generated code: C:\Users\kohlmanz\fh_dev\mp6_tbb\PID Controller\MXTmpFiles\system.tmp
2024-10-21 09:46:18,519 [INFO] CodeEngine:311 - oldGeneratedFile, C:\Users\kohlmanz\fh_dev\mp6_tbb\PID Controller\Core\Inc\stm32g4xx_hal_conf.h_save
2024-10-21 09:46:18,621 [INFO] CodeEngine:335 - Generated code: C:\Users\kohlmanz\fh_dev\mp6_tbb\PID Controller\Core\Inc\stm32g4xx_hal_conf.h
2024-10-21 09:46:18,674 [WARN] IPConfigManager:3005 - Warning: the RefConfig RCC_CommonPeriphClockConfig is not available in your config.xml file
2024-10-21 09:46:18,684 [WARN] IPConfigManager:3554 - IP not found : TIM
2024-10-21 09:46:18,687 [WARN] CodeGenerator:4002 - IP not found : null
2024-10-21 09:46:18,701 [INFO] CodeEngine:255 - oldGeneratedFile, C:\Users\kohlmanz\fh_dev\mp6_tbb\PID Controller\Core\Inc\main.h_save
2024-10-21 09:46:18,853 [INFO] CodeEngine:279 - Generated code: C:\Users\kohlmanz\fh_dev\mp6_tbb\PID Controller\Core\Inc\main.h
2024-10-21 09:46:18,867 [INFO] CodeEngine:255 - oldGeneratedFile, C:\Users\kohlmanz\fh_dev\mp6_tbb\PID Controller\Core\Src\main.c_save
2024-10-21 09:46:19,165 [INFO] CodeEngine:279 - Generated code: C:\Users\kohlmanz\fh_dev\mp6_tbb\PID Controller\Core\Src\main.c
2024-10-21 09:46:19,912 [INFO] ProjectBuilder:3249 - Time for Copy HAL[1] : 526mS.
2024-10-21 09:46:19,922 [INFO] ProjectBuilder:4828 - Project Generator version: 4.5.0-B34
2024-10-21 09:46:20,080 [INFO] ConfigFileManager:1531 - The Die is : DIE479
2024-10-21 09:46:20,089 [INFO] ApiDbMcu:508 - Load IP Config File for FATFS
2024-10-21 09:46:20,099 [INFO] ApiDbMcu:508 - Load IP Config File for FREERTOS
2024-10-21 09:46:20,183 [INFO] ApiDbMcu:508 - Load IP Config File for USBPD
2024-10-21 09:46:20,212 [INFO] ApiDbMcu:508 - Load IP Config File for USB_Device
2024-10-21 09:46:21,396 [INFO] LogOutputStream:77 - [STDOUT_REDIRECT] 
2024-10-21 09:46:24,612 [INFO] ProjectBuilder:5097 - Time for Generating toolchain IDE Files: 4683mS.
2024-10-21 09:46:24,617 [INFO] ProjectBuilder:3107 - Time for Copy CMSIS : 3mS.
2024-10-21 09:46:24,636 [INFO] ProjectBuilder:3107 - Time for Copy CMSIS : 0mS.
2024-10-21 11:27:21,902 [INFO] WebApp:189 - Connection lost
2024-10-21 11:27:22,135 [INFO] WebApp:186 - Connection restablished
2024-10-21 15:33:41,022 [INFO] Activator:176 - 


2024-10-21 15:33:41,026 [INFO] Activator:177 - !SESSION log4j initialized
2024-10-21 15:33:51,431 [INFO] LogOutputStream:77 - [STDOUT_REDIRECT] 
