2024-10-23 05:29:24,479 [INFO] WebApp:189 - Connection lost
2024-10-23 05:30:45,864 [INFO] WebApp:186 - Connection restablished
2024-10-23 07:02:56,161 [INFO] Activator:176 - 


2024-10-23 07:02:56,164 [INFO] Activator:177 - !SESSION log4j initialized
2024-10-23 07:03:07,062 [INFO] LogOutputStream:77 - [STDOUT_REDIRECT] 
2024-10-23 07:03:10,077 [INFO] ApplicationProperties:184 - Using Application install path: C:\ST\STM32CubeIDE_1.16.0\STM32CubeIDE\plugins\com.st.stm32cube.common.mx_6.12.1.202409122256
2024-10-23 07:03:10,142 [INFO] DbMcusXml:78 - Set database path to: C:\ST\STM32CubeIDE_1.16.0\STM32CubeIDE\plugins\com.st.stm32cube.common.mx_6.12.1.202409122256\\db\/mcu/
2024-10-23 07:03:10,144 [INFO] ApiDb:274 - Set plugin database path to: C:\ST\STM32CubeIDE_1.16.0\STM32CubeIDE\plugins\com.st.stm32cube.common.mx_6.12.1.202409122256\\db\/plugins/boardmanager/
2024-10-23 07:03:10,144 [WARN] ApiDb:259 - Overriding images path with different value:  => C:\ST\STM32CubeIDE_1.16.0\STM32CubeIDE\plugins\com.st.stm32cube.common.mx_6.12.1.202409122256\\db\/plugins/mcufinder/images/
2024-10-23 07:03:10,175 [INFO] ApiDb:250 - Set database path to: C:\Users\kohlmanz\.stmcufinder\plugins\mcufinder//mcu/
2024-10-23 07:03:10,180 [INFO] DbMcusAds:125 - Set database path to: C:\Users\kohlmanz\.stmcufinder\plugins\mcufinder//mcu/
2024-10-23 07:03:10,194 [INFO] CrossReferenceDbSqlite:203 - Set database path to: C:\Users\kohlmanz\.stmcufinder\plugins\mcufinder//mcu/cs/
2024-10-23 07:03:10,550 [INFO] RulesReader:64 - Compatibility file has been processed (297 Rules)
2024-10-23 07:03:10,772 [INFO] DbMcusXml:78 - Set database path to: C:\ST\STM32CubeIDE_1.16.0\STM32CubeIDE\plugins\com.st.stm32cube.common.mx_6.12.1.202409122256\\db\/mcu/
2024-10-23 07:03:10,773 [INFO] ApiDb:274 - Set plugin database path to: C:\ST\STM32CubeIDE_1.16.0\STM32CubeIDE\plugins\com.st.stm32cube.common.mx_6.12.1.202409122256\\db\/plugins/boardmanager/
2024-10-23 07:03:10,773 [INFO] ApiDb:261 - Set plugin images path to: C:\ST\STM32CubeIDE_1.16.0\STM32CubeIDE\plugins\com.st.stm32cube.common.mx_6.12.1.202409122256\\db\/plugins/mcufinder/images/
2024-10-23 07:03:10,774 [WARN] DbFile:41 - Overriding database path with different value: C:\Users\kohlmanz\.stmcufinder\plugins\mcufinder/ => C:\Users\kohlmanz\.stmcufinder\plugins\mcufinder
2024-10-23 07:03:10,774 [INFO] ApiDb:250 - Set database path to: C:\Users\kohlmanz\.stmcufinder\plugins\mcufinder//mcu/
2024-10-23 07:03:10,774 [WARN] DbFile:41 - Overriding database path with different value: C:\Users\kohlmanz\.stmcufinder\plugins\mcufinder/ => C:\Users\kohlmanz\.stmcufinder\plugins\mcufinder
2024-10-23 07:03:10,774 [INFO] DbMcusAds:125 - Set database path to: C:\Users\kohlmanz\.stmcufinder\plugins\mcufinder//mcu/
2024-10-23 07:03:10,774 [WARN] DbFile:41 - Overriding database path with different value: C:\Users\kohlmanz\.stmcufinder\plugins\mcufinder/ => C:\Users\kohlmanz\.stmcufinder\plugins\mcufinder
2024-10-23 07:03:10,774 [WARN] DbFile:41 - Overriding database path with different value: C:\Users\kohlmanz\.stmcufinder\plugins\mcufinder/ => C:\Users\kohlmanz\.stmcufinder\plugins\mcufinder
2024-10-23 07:03:10,774 [INFO] CrossReferenceDbSqlite:203 - Set database path to: C:\Users\kohlmanz\.stmcufinder\plugins\mcufinder//mcu/cs/
2024-10-23 07:03:10,914 [INFO] MainPanel:268 - HeapMemory: 268435456
2024-10-23 07:03:11,068 [INFO] DbMcusXml:78 - Set database path to: C:\ST\STM32CubeIDE_1.16.0\STM32CubeIDE\plugins\com.st.stm32cube.common.mx_6.12.1.202409122256\\db\/mcu/
2024-10-23 07:03:11,069 [INFO] ApiDb:274 - Set plugin database path to: C:\ST\STM32CubeIDE_1.16.0\STM32CubeIDE\plugins\com.st.stm32cube.common.mx_6.12.1.202409122256\\db\/plugins/boardmanager/
2024-10-23 07:03:11,069 [INFO] ApiDb:261 - Set plugin images path to: C:\ST\STM32CubeIDE_1.16.0\STM32CubeIDE\plugins\com.st.stm32cube.common.mx_6.12.1.202409122256\\db\/plugins/mcufinder/images/
2024-10-23 07:03:11,069 [WARN] DbFile:41 - Overriding database path with different value: C:\Users\kohlmanz\.stmcufinder\plugins\mcufinder/ => C:\Users\kohlmanz\.stmcufinder\plugins\mcufinder
2024-10-23 07:03:11,069 [INFO] ApiDb:250 - Set database path to: C:\Users\kohlmanz\.stmcufinder\plugins\mcufinder//mcu/
2024-10-23 07:03:11,069 [WARN] DbFile:41 - Overriding database path with different value: C:\Users\kohlmanz\.stmcufinder\plugins\mcufinder/ => C:\Users\kohlmanz\.stmcufinder\plugins\mcufinder
2024-10-23 07:03:11,070 [INFO] DbMcusAds:125 - Set database path to: C:\Users\kohlmanz\.stmcufinder\plugins\mcufinder//mcu/
2024-10-23 07:03:11,070 [WARN] DbFile:41 - Overriding database path with different value: C:\Users\kohlmanz\.stmcufinder\plugins\mcufinder/ => C:\Users\kohlmanz\.stmcufinder\plugins\mcufinder
2024-10-23 07:03:11,070 [WARN] DbFile:41 - Overriding database path with different value: C:\Users\kohlmanz\.stmcufinder\plugins\mcufinder/ => C:\Users\kohlmanz\.stmcufinder\plugins\mcufinder
2024-10-23 07:03:11,070 [INFO] CrossReferenceDbSqlite:203 - Set database path to: C:\Users\kohlmanz\.stmcufinder\plugins\mcufinder//mcu/cs/
2024-10-23 07:03:11,097 [INFO] ApplicationProperties:184 - Using Application install path: C:\ST\STM32CubeIDE_1.16.0\STM32CubeIDE\plugins\com.st.stm32cube.common.mx_6.12.1.202409122256
2024-10-23 07:03:11,099 [INFO] PluginManage:196 - Search for loadable plugins [exclusion list=, ]
2024-10-23 07:03:11,102 [INFO] PluginManage:310 - Check plugin analytics
2024-10-23 07:03:11,424 [INFO] AnalyticsPlugin:253 - Accepted Software Licenses: STM32CubeMX.6.12.0
2024-10-23 07:03:11,425 [INFO] AnalyticsPlugin:255 - Accepted CMSIS Pack Licenses: 
2024-10-23 07:03:11,425 [INFO] AnalyticsPlugin:257 - Accepted Firmware Licenses: FW.F4.1.28.0,FW.G4.1.6.0
2024-10-23 07:03:11,433 [INFO] PluginManage:359 - Loaded plugin analytics (category:tool,tabindex:-1)
2024-10-23 07:03:11,433 [INFO] PluginManage:310 - Check plugin cadmodel
2024-10-23 07:03:11,445 [INFO] CADModel:105 - Init CAD model plugin
2024-10-23 07:03:11,445 [INFO] PluginManage:359 - Loaded plugin cadmodel (category:power,tabindex:5)
2024-10-23 07:03:11,445 [INFO] PluginManage:310 - Check plugin clock
2024-10-23 07:03:11,471 [INFO] PluginManage:359 - Loaded plugin clock (category:base,tabindex:2)
2024-10-23 07:03:11,471 [INFO] PluginManage:310 - Check plugin ddr
2024-10-23 07:03:11,477 [INFO] PluginManage:359 - Loaded plugin ddr (category:tool,tabindex:6)
2024-10-23 07:03:11,477 [INFO] PluginManage:310 - Check plugin filemanager
2024-10-23 07:03:11,718 [INFO] PluginManage:359 - Loaded plugin filemanager (category:base,tabindex:10)
2024-10-23 07:03:11,719 [INFO] PluginManage:310 - Check plugin ipmanager
2024-10-23 07:03:11,732 [INFO] PluginManage:359 - Loaded plugin ipmanager (category:base,tabindex:5)
2024-10-23 07:03:11,732 [INFO] PluginManage:310 - Check plugin lpbam
2024-10-23 07:03:11,744 [INFO] PluginManage:359 - Loaded plugin lpbam (category:base,tabindex:0)
2024-10-23 07:03:11,745 [INFO] PluginManage:310 - Check plugin memorymap
2024-10-23 07:03:11,764 [INFO] PluginManage:359 - Loaded plugin memorymap (category:base,tabindex:4)
2024-10-23 07:03:11,765 [INFO] PluginManage:310 - Check plugin pinoutandconfiguration
2024-10-23 07:03:11,778 [INFO] PluginManage:359 - Loaded plugin pinoutandconfiguration (category:base,tabindex:1)
2024-10-23 07:03:11,779 [INFO] PluginManage:310 - Check plugin pinoutconfig
2024-10-23 07:03:11,921 [WARN] SupportedApi:132 - Cannot load RTOS API schema: s4s-elt-must-match.1: The content of 'definitions' must match (annotation?, (simpleType | complexType)?, (unique | key | keyref)*)). A problem was found starting at: attribute.
2024-10-23 07:03:12,180 [INFO] PluginManage:359 - Loaded plugin pinoutconfig (category:base,tabindex:0)
2024-10-23 07:03:12,180 [INFO] PluginManage:310 - Check plugin power
2024-10-23 07:03:12,202 [INFO] PluginManage:359 - Loaded plugin power (category:power,tabindex:4)
2024-10-23 07:03:12,202 [INFO] PluginManage:310 - Check plugin projectmanager
2024-10-23 07:03:12,224 [INFO] PluginManage:359 - Loaded plugin projectmanager (category:projectmanager,tabindex:4)
2024-10-23 07:03:12,225 [INFO] PluginManage:310 - Check plugin rif
2024-10-23 07:03:12,235 [INFO] PluginManage:359 - Loaded plugin rif (category:base,tabindex:3)
2024-10-23 07:03:12,235 [INFO] PluginManage:310 - Check plugin thirdparty
2024-10-23 07:03:12,455 [WARN] IntegrityCheckThread:84 - waiting for thirdparty lock release [integrity check]
2024-10-23 07:03:12,455 [INFO] PluginManage:359 - Loaded plugin thirdparty (category:base,tabindex:-1)
2024-10-23 07:03:12,455 [INFO] IntegrityCheckThread:86 - entering critical section [integrity check]
2024-10-23 07:03:12,455 [INFO] PluginManage:310 - Check plugin tools
2024-10-23 07:03:12,456 [INFO] ThirdPartyUpdaterWithRetryManager:70 - Updater plugin not ready yet. [1/15]
2024-10-23 07:03:12,461 [INFO] PluginManage:359 - Loaded plugin tools (category:base,tabindex:7)
2024-10-23 07:03:12,462 [INFO] PluginManage:310 - Check plugin tutovideos
2024-10-23 07:03:12,737 [INFO] PluginManage:359 - Loaded plugin tutovideos (category:base,tabindex:-1)
2024-10-23 07:03:12,737 [INFO] PluginManage:310 - Check plugin updater
2024-10-23 07:03:12,765 [INFO] PluginManage:359 - Loaded plugin updater (category:base,tabindex:12)
2024-10-23 07:03:12,765 [INFO] PluginManage:310 - Check plugin userauth
2024-10-23 07:03:12,774 [INFO] UserAuth:113 - Init User Auth plugin
2024-10-23 07:03:12,774 [INFO] PluginManage:359 - Loaded plugin userauth (category:base,tabindex:14)
2024-10-23 07:03:12,774 [INFO] PluginManage:283 - PluginManage : Loaded plugins [18]
2024-10-23 07:03:13,080 [INFO] PinOutPanel:1561 - setPackage(No Configuration,No Configuration)
2024-10-23 07:03:13,279 [INFO] CADModel:165 - CPN selected for project level
2024-10-23 07:03:13,280 [INFO] CADModel:114 - Register for checkConnection events
2024-10-23 07:03:13,307 [INFO] IPUIPlugin:80 - create IPUIPlugin
2024-10-23 07:03:13,307 [INFO] PluginManager:220 - loadIPPluginJar : add adc
2024-10-23 07:03:13,311 [INFO] IPUIPlugin:80 - create IPUIPlugin
2024-10-23 07:03:13,311 [INFO] PluginManager:220 - loadIPPluginJar : add aes
2024-10-23 07:03:13,315 [INFO] IPUIPlugin:80 - create IPUIPlugin
2024-10-23 07:03:13,316 [INFO] PluginManager:220 - loadIPPluginJar : add can
2024-10-23 07:03:13,319 [INFO] IPUIPlugin:80 - create IPUIPlugin
2024-10-23 07:03:13,319 [INFO] PluginManager:220 - loadIPPluginJar : add comp
2024-10-23 07:03:13,324 [INFO] IPUIPlugin:80 - create IPUIPlugin
2024-10-23 07:03:13,324 [INFO] PluginManager:220 - loadIPPluginJar : add cryp
2024-10-23 07:03:13,328 [INFO] IPUIPlugin:80 - create IPUIPlugin
2024-10-23 07:03:13,328 [INFO] PluginManager:220 - loadIPPluginJar : add ddr_ctrl_phy
2024-10-23 07:03:13,332 [INFO] IPUIPlugin:80 - create IPUIPlugin
2024-10-23 07:03:13,332 [INFO] PluginManager:220 - loadIPPluginJar : add dfsdm
2024-10-23 07:03:13,340 [INFO] IPUIPlugin:80 - create IPUIPlugin
2024-10-23 07:03:13,340 [INFO] PluginManager:220 - loadIPPluginJar : add dma
2024-10-23 07:03:13,344 [INFO] IPUIPlugin:80 - create IPUIPlugin
2024-10-23 07:03:13,344 [INFO] PluginManager:220 - loadIPPluginJar : add dma3
2024-10-23 07:03:13,349 [INFO] IPUIPlugin:80 - create IPUIPlugin
2024-10-23 07:03:13,349 [INFO] PluginManager:220 - loadIPPluginJar : add extmemmanager
2024-10-23 07:03:13,351 [INFO] IPUIPlugin:80 - create IPUIPlugin
2024-10-23 07:03:13,352 [INFO] PluginManager:220 - loadIPPluginJar : add fatfs
2024-10-23 07:03:13,358 [INFO] IPUIPlugin:80 - create IPUIPlugin
2024-10-23 07:03:13,359 [INFO] PluginManager:220 - loadIPPluginJar : add fmc
2024-10-23 07:03:13,368 [INFO] IPUIPlugin:80 - create IPUIPlugin
2024-10-23 07:03:13,369 [INFO] PluginManager:220 - loadIPPluginJar : add freertos
2024-10-23 07:03:13,371 [INFO] IPUIPlugin:80 - create IPUIPlugin
2024-10-23 07:03:13,371 [INFO] PluginManager:220 - loadIPPluginJar : add genericplugin
2024-10-23 07:03:13,375 [INFO] IPUIPlugin:80 - create IPUIPlugin
2024-10-23 07:03:13,375 [INFO] PluginManager:220 - loadIPPluginJar : add gfxmmu
2024-10-23 07:03:13,383 [INFO] IPUIPlugin:80 - create IPUIPlugin
2024-10-23 07:03:13,383 [INFO] PluginManager:220 - loadIPPluginJar : add gic
2024-10-23 07:03:13,390 [INFO] IPUIPlugin:80 - create IPUIPlugin
2024-10-23 07:03:13,390 [INFO] PluginManager:220 - loadIPPluginJar : add gpio
2024-10-23 07:03:13,395 [INFO] IPUIPlugin:80 - create IPUIPlugin
2024-10-23 07:03:13,395 [INFO] PluginManager:220 - loadIPPluginJar : add gtzc
2024-10-23 07:03:13,399 [INFO] IPUIPlugin:80 - create IPUIPlugin
2024-10-23 07:03:13,399 [INFO] PluginManager:220 - loadIPPluginJar : add hash
2024-10-23 07:03:13,403 [INFO] IPUIPlugin:80 - create IPUIPlugin
2024-10-23 07:03:13,403 [INFO] PluginManager:220 - loadIPPluginJar : add i2c
2024-10-23 07:03:13,407 [INFO] IPUIPlugin:80 - create IPUIPlugin
2024-10-23 07:03:13,407 [INFO] PluginManager:220 - loadIPPluginJar : add i2s
2024-10-23 07:03:13,412 [INFO] IPUIPlugin:80 - create IPUIPlugin
2024-10-23 07:03:13,412 [INFO] PluginManager:220 - loadIPPluginJar : add i3c
2024-10-23 07:03:13,418 [INFO] IPUIPlugin:80 - create IPUIPlugin
2024-10-23 07:03:13,418 [INFO] PluginManager:220 - loadIPPluginJar : add ipddr
2024-10-23 07:03:13,430 [INFO] IPUIPlugin:80 - create IPUIPlugin
2024-10-23 07:03:13,430 [INFO] PluginManager:220 - loadIPPluginJar : add linkedlist
2024-10-23 07:03:13,435 [INFO] IPUIPlugin:80 - create IPUIPlugin
2024-10-23 07:03:13,435 [INFO] PluginManager:220 - loadIPPluginJar : add lorawan
2024-10-23 07:03:13,438 [INFO] IPUIPlugin:80 - create IPUIPlugin
2024-10-23 07:03:13,438 [INFO] PluginManager:220 - loadIPPluginJar : add ltdc
2024-10-23 07:03:13,446 [INFO] IPUIPlugin:80 - create IPUIPlugin
2024-10-23 07:03:13,446 [INFO] PluginManager:220 - loadIPPluginJar : add mdma
2024-10-23 07:03:13,451 [INFO] IPUIPlugin:80 - create IPUIPlugin
2024-10-23 07:03:13,451 [INFO] PluginManager:220 - loadIPPluginJar : add nvic
2024-10-23 07:03:13,455 [INFO] IPUIPlugin:80 - create IPUIPlugin
2024-10-23 07:03:13,455 [INFO] PluginManager:220 - loadIPPluginJar : add opamp
2024-10-23 07:03:13,459 [INFO] IPUIPlugin:80 - create IPUIPlugin
2024-10-23 07:03:13,459 [INFO] PluginManager:220 - loadIPPluginJar : add openamp
2024-10-23 07:03:13,464 [INFO] IPUIPlugin:80 - create IPUIPlugin
2024-10-23 07:03:13,465 [INFO] PluginManager:220 - loadIPPluginJar : add pdm2pcm
2024-10-23 07:03:13,473 [INFO] IPUIPlugin:80 - create IPUIPlugin
2024-10-23 07:03:13,476 [INFO] PluginManager:220 - loadIPPluginJar : add plateformsettings
2024-10-23 07:03:13,478 [INFO] IPUIPlugin:80 - create IPUIPlugin
2024-10-23 07:03:13,478 [INFO] PluginManager:220 - loadIPPluginJar : add quadspi
2024-10-23 07:03:13,481 [INFO] IPUIPlugin:80 - create IPUIPlugin
2024-10-23 07:03:13,484 [INFO] PluginManager:220 - loadIPPluginJar : add radio
2024-10-23 07:03:13,490 [INFO] IPUIPlugin:80 - create IPUIPlugin
2024-10-23 07:03:13,490 [INFO] PluginManager:220 - loadIPPluginJar : add resmgrutility
2024-10-23 07:03:13,494 [INFO] IPUIPlugin:80 - create IPUIPlugin
2024-10-23 07:03:13,494 [INFO] PluginManager:220 - loadIPPluginJar : add sai
2024-10-23 07:03:13,497 [INFO] IPUIPlugin:80 - create IPUIPlugin
2024-10-23 07:03:13,497 [INFO] PluginManager:220 - loadIPPluginJar : add spi
2024-10-23 07:03:13,504 [INFO] IPUIPlugin:80 - create IPUIPlugin
2024-10-23 07:03:13,504 [INFO] PluginManager:220 - loadIPPluginJar : add stm32_wpan
2024-10-23 07:03:13,507 [INFO] IPUIPlugin:80 - create IPUIPlugin
2024-10-23 07:03:13,507 [INFO] PluginManager:220 - loadIPPluginJar : add tim
2024-10-23 07:03:13,511 [INFO] IPUIPlugin:80 - create IPUIPlugin
2024-10-23 07:03:13,511 [INFO] PluginManager:220 - loadIPPluginJar : add touchsensing
2024-10-23 07:03:13,514 [INFO] IPUIPlugin:80 - create IPUIPlugin
2024-10-23 07:03:13,514 [INFO] PluginManager:220 - loadIPPluginJar : add tracer_emb
2024-10-23 07:03:13,517 [INFO] IPUIPlugin:80 - create IPUIPlugin
2024-10-23 07:03:13,517 [INFO] PluginManager:220 - loadIPPluginJar : add ts
2024-10-23 07:03:13,520 [INFO] IPUIPlugin:80 - create IPUIPlugin
2024-10-23 07:03:13,520 [INFO] PluginManager:220 - loadIPPluginJar : add tsc
2024-10-23 07:03:13,522 [INFO] IPUIPlugin:80 - create IPUIPlugin
2024-10-23 07:03:13,523 [INFO] PluginManager:220 - loadIPPluginJar : add ucpd
2024-10-23 07:03:13,526 [INFO] IPUIPlugin:80 - create IPUIPlugin
2024-10-23 07:03:13,526 [INFO] PluginManager:220 - loadIPPluginJar : add usart
2024-10-23 07:03:13,530 [INFO] IPUIPlugin:80 - create IPUIPlugin
2024-10-23 07:03:13,530 [INFO] PluginManager:220 - loadIPPluginJar : add usbx
2024-10-23 07:03:13,687 [INFO] CADModel:165 - CPN selected for project level
2024-10-23 07:03:13,688 [INFO] CADModel:114 - Register for checkConnection events
2024-10-23 07:03:13,688 [FATAL] Updater:334 - Updater called before beeing initialized
2024-10-23 07:03:13,688 [ERROR] CADModel:125 - Updater not yet initialized, retry later 
2024-10-23 07:03:13,865 [INFO] CADModel:165 - CPN selected for project level
2024-10-23 07:03:13,865 [INFO] CADModel:114 - Register for checkConnection events
2024-10-23 07:03:13,866 [FATAL] Updater:334 - Updater called before beeing initialized
2024-10-23 07:03:13,866 [ERROR] CADModel:125 - Updater not yet initialized, retry later 
2024-10-23 07:03:13,871 [FATAL] Updater:334 - Updater called before beeing initialized
2024-10-23 07:03:14,054 [FATAL] Updater:334 - Updater called before beeing initialized
2024-10-23 07:03:14,064 [INFO] DbMcusAds:53 - JSON generation date=Fri Sep 20 08:04:38 CDT 2024 (1726837478367)
2024-10-23 07:03:14,065 [FATAL] Updater:334 - Updater called before beeing initialized
2024-10-23 07:03:14,133 [WARN] DetailPanel:346 - Failed to get advertising image, set to default
2024-10-23 07:03:14,276 [FATAL] Updater:334 - Updater called before beeing initialized
2024-10-23 07:03:14,279 [FATAL] Updater:334 - Updater called before beeing initialized
2024-10-23 07:03:14,279 [FATAL] Updater:334 - Updater called before beeing initialized
2024-10-23 07:03:14,279 [WARN] DetailPanel:346 - Failed to get advertising image, set to default
2024-10-23 07:03:14,280 [FATAL] Updater:334 - Updater called before beeing initialized
2024-10-23 07:03:14,364 [ERROR] Updater:1164 - MainUpdater not yet initialized. External WinMGr cannot be set.
2024-10-23 07:03:14,368 [INFO] Updater:1100 - Updater Version found : 6.12.1
2024-10-23 07:03:14,397 [INFO] ApplicationProperties:184 - Using Application install path: C:\ST\STM32CubeIDE_1.16.0\STM32CubeIDE\plugins\com.st.stm32cube.common.mx_6.12.1.202409122256
2024-10-23 07:03:15,255 [INFO] MainUpdater:2873 - connection check result : 10
2024-10-23 07:03:15,256 [INFO] MainUpdater:290 - Updater Check For Update Now.
2024-10-23 07:03:15,256 [INFO] MicroXplorer:498 - Change Database Version : DB.6.0.121
2024-10-23 07:03:15,263 [INFO] McuFinderGlobals:63 - Set McuFinder mode to 2 (CubeIDE integrated)
2024-10-23 07:03:15,265 [INFO] UserAuth:417 - Internet connection configuration mode: 1
2024-10-23 07:03:15,345 [INFO] JxBrowserEngine:152 - Initiate JxBrowser Engine with user profile folder
2024-10-23 07:03:15,458 [WARN] MainUpdater:1194 - Updater busy. Cannot search thirdparties
2024-10-23 07:03:15,459 [INFO] ThirdPartyUpdaterWithRetryManager:96 - Updater plugin is busy. [1/15]
2024-10-23 07:03:15,488 [INFO] CheckServerUpdateThread:120 - End of CheckServer Thread
2024-10-23 07:03:16,780 [INFO] WebApp:167 - Instantiating new browser for Auth
2024-10-23 07:03:18,123 [INFO] WebApp:448 - Apply proxy settings
2024-10-23 07:03:18,123 [INFO] WebApp:533 - Chromium requires no authentication
2024-10-23 07:03:18,140 [INFO] WebApp:476 - Direct internet connection detected
2024-10-23 07:03:18,183 [INFO] WebApp:869 - Register for checkConnection events
2024-10-23 07:03:18,184 [INFO] WebApp:448 - Apply proxy settings
2024-10-23 07:03:18,184 [INFO] WebApp:533 - Chromium requires no authentication
2024-10-23 07:03:18,185 [INFO] WebApp:476 - Direct internet connection detected
2024-10-23 07:03:18,419 [INFO] WebApp:186 - Connection restablished
2024-10-23 07:03:18,686 [INFO] WebApp:220 - Starting web application
2024-10-23 07:03:18,687 [INFO] WebApp:578 - Web application path used C:\ST\STM32CubeIDE_1.16.0\STM32CubeIDE\plugins\com.st.stm32cube.common.mx_6.12.1.202409122256\db\plugins\mcufinder\reactClient1\index.html
2024-10-23 07:03:18,952 [INFO] UserAuth:417 - Internet connection configuration mode: 1
2024-10-23 07:03:19,300 [WARN] PackLoader:240 - Cannot read IP mode file for STMicroelectronics.FP-SNS-MOTENVWB1.1.4.0
2024-10-23 07:03:19,389 [WARN] PackLoader:240 - Cannot read IP mode file for STMicroelectronics.X-CUBE-SMBUS.2.1.0
2024-10-23 07:03:19,452 [WARN] PackLoader:240 - Cannot read IP mode file for STMicroelectronics.X-CUBE-WB05N.1.1.0
2024-10-23 07:03:19,482 [WARN] PackLoader:240 - Cannot read IP mode file for STMicroelectronics.X-CUBE-TOUCHGFX.4.23.0
2024-10-23 07:03:19,667 [WARN] PackLoader:240 - Cannot read IP mode file for STMicroelectronics.X-CUBE-AZRTOS-F7.1.1.0
2024-10-23 07:03:19,736 [WARN] PackLoader:240 - Cannot read IP mode file for STMicroelectronics.FP-SNS-MOTENV1.4.3.2
2024-10-23 07:03:20,153 [WARN] PackLoader:240 - Cannot read IP mode file for STMicroelectronics.X-CUBE-MEMS1.11.0.0
2024-10-23 07:03:20,695 [WARN] PackLoader:240 - Cannot read IP mode file for STMicroelectronics.FP-SNS-FLIGHT1.5.0.2
2024-10-23 07:03:20,735 [WARN] PackLoader:240 - Cannot read IP mode file for STMicroelectronics.X-CUBE-DISPLAY.3.0.0
2024-10-23 07:03:20,765 [WARN] PackLoader:240 - Cannot read IP mode file for STMicroelectronics.X-CUBE-BLE1.7.0.0
2024-10-23 07:03:20,796 [WARN] PackLoader:240 - Cannot read IP mode file for STMicroelectronics.X-CUBE-NFC10.1.0.0
2024-10-23 07:03:20,829 [WARN] PackLoader:240 - Cannot read IP mode file for emotas.I-CUBE-CANOPEN.1.3.0
2024-10-23 07:03:21,236 [WARN] PackLoader:240 - Cannot read IP mode file for STMicroelectronics.X-CUBE-BLEMGR.3.1.0
2024-10-23 07:03:21,259 [WARN] PackLoader:240 - Cannot read IP mode file for STMicroelectronics.FP-SNS-SMARTAG2.1.2.0
2024-10-23 07:03:21,293 [INFO] LogOutputStream:77 - [STDOUT_REDIRECT] 1 : Invalid condition id : UX_CORESTACK_Condition cause : null
2024-10-23 07:03:21,296 [INFO] LogOutputStream:77 - [STDOUT_REDIRECT] 1 : Invalid condition id : UX_CORESTACK_Condition cause : null
2024-10-23 07:03:21,302 [INFO] LogOutputStream:77 - [STDOUT_REDIRECT] 1 : Invalid condition id : UX_CORESTACK_Condition cause : null
2024-10-23 07:03:21,311 [INFO] LogOutputStream:77 - [STDOUT_REDIRECT] 1 : Invalid condition id : UX_CORESTACK_Condition cause : null
2024-10-23 07:03:21,318 [INFO] LogOutputStream:77 - [STDOUT_REDIRECT] 1 : Invalid condition id : UX_CORESTACK_Condition cause : null
2024-10-23 07:03:21,328 [WARN] PackLoader:240 - Cannot read IP mode file for STMicroelectronics.X-CUBE-AZRTOS-WL.2.0.0
2024-10-23 07:03:21,344 [WARN] PackLoader:240 - Cannot read IP mode file for STMicroelectronics.FP-SNS-MOTENV1.5.0.0
2024-10-23 07:03:21,366 [WARN] PackLoader:240 - Cannot read IP mode file for wolfSSL.I-CUBE-wolfMQTT.1.19.0
2024-10-23 07:03:21,399 [WARN] PackLoader:240 - Cannot read IP mode file for WES.I-CUBE-Cesium.1.3.0
2024-10-23 07:03:21,414 [WARN] PackLoader:240 - Cannot read IP mode file for STMicroelectronics.X-CUBE-BLE2.3.3.0
2024-10-23 07:03:21,433 [WARN] PackLoader:240 - Cannot read IP mode file for STMicroelectronics.X-CUBE-NFC9.1.0.0
2024-10-23 07:03:21,455 [WARN] PackLoader:240 - Cannot read IP mode file for STMicroelectronics.X-CUBE-TCPP.4.1.0
2024-10-23 07:03:21,476 [WARN] PackLoader:240 - Cannot read IP mode file for STMicroelectronics.X-CUBE-ALGOBUILD.1.3.0
2024-10-23 07:03:21,519 [WARN] PackLoader:240 - Cannot read IP mode file for STMicroelectronics.X-CUBE-AZRTOS-G0.1.1.0
2024-10-23 07:03:21,539 [WARN] PackLoader:240 - Cannot read IP mode file for STMicroelectronics.X-CUBE-SAFEA1.1.2.2
2024-10-23 07:03:21,542 [ERROR] LogOutputStream:75 - [STDERR_REDIRECT] Oct 23, 2024 7:03:21 AM org.glassfish.grizzly.http.server.NetworkListener start
2024-10-23 07:03:21,548 [ERROR] LogOutputStream:75 - [STDERR_REDIRECT] INFO: Started listener bound to [localhost:1593]
2024-10-23 07:03:21,550 [ERROR] LogOutputStream:75 - [STDERR_REDIRECT] 
2024-10-23 07:03:21,556 [ERROR] LogOutputStream:75 - [STDERR_REDIRECT] Oct 23, 2024 7:03:21 AM org.glassfish.grizzly.http.server.HttpServer start
2024-10-23 07:03:21,556 [WARN] PackLoader:240 - Cannot read IP mode file for STMicroelectronics.X-CUBE-NFC4.3.0.0
2024-10-23 07:03:21,558 [ERROR] LogOutputStream:75 - [STDERR_REDIRECT] INFO: [HttpServer] Started.
2024-10-23 07:03:21,560 [ERROR] LogOutputStream:75 - [STDERR_REDIRECT] 
2024-10-23 07:03:21,601 [WARN] PackLoader:240 - Cannot read IP mode file for EmbeddedOffice.I-CUBE-FS-RTOS.1.0.1
2024-10-23 07:03:21,603 [ERROR] ConditionMgr:805 - Attr not supported : Dmpu
2024-10-23 07:03:21,603 [ERROR] ConditionMgr:805 - Attr not supported : Dmpu
2024-10-23 07:03:21,604 [ERROR] ConditionMgr:805 - Attr not supported : Dmpu
2024-10-23 07:03:21,604 [ERROR] ConditionMgr:805 - Attr not supported : Dmpu
2024-10-23 07:03:21,606 [ERROR] ConditionMgr:805 - Attr not supported : Dmpu
2024-10-23 07:03:21,606 [ERROR] ConditionMgr:805 - Attr not supported : Dmpu
2024-10-23 07:03:21,606 [ERROR] ConditionMgr:805 - Attr not supported : Dmpu
2024-10-23 07:03:21,606 [ERROR] ConditionMgr:805 - Attr not supported : Dmpu
2024-10-23 07:03:21,606 [ERROR] ConditionMgr:805 - Attr not supported : Dmpu
2024-10-23 07:03:21,606 [ERROR] ConditionMgr:805 - Attr not supported : Dmpu
2024-10-23 07:03:21,606 [ERROR] ConditionMgr:805 - Attr not supported : Dmpu
2024-10-23 07:03:21,607 [ERROR] ConditionMgr:805 - Attr not supported : Dmpu
2024-10-23 07:03:21,607 [ERROR] ConditionMgr:805 - Attr not supported : Dmpu
2024-10-23 07:03:21,607 [ERROR] ConditionMgr:805 - Attr not supported : Dmpu
2024-10-23 07:03:21,607 [ERROR] ConditionMgr:805 - Attr not supported : Dmpu
2024-10-23 07:03:21,609 [ERROR] ConditionMgr:805 - Attr not supported : Dmpu
2024-10-23 07:03:21,609 [ERROR] ConditionMgr:805 - Attr not supported : Dmpu
2024-10-23 07:03:21,609 [ERROR] ConditionMgr:805 - Attr not supported : Dmpu
2024-10-23 07:03:21,610 [ERROR] ConditionMgr:805 - Attr not supported : Dmpu
2024-10-23 07:03:21,610 [ERROR] ConditionMgr:805 - Attr not supported : Dmpu
2024-10-23 07:03:21,610 [ERROR] ConditionMgr:805 - Attr not supported : Dmpu
2024-10-23 07:03:21,610 [ERROR] ConditionMgr:805 - Attr not supported : Dmpu
2024-10-23 07:03:21,610 [ERROR] ConditionMgr:805 - Attr not supported : Dmpu
2024-10-23 07:03:21,612 [ERROR] ConditionMgr:805 - Attr not supported : Dmpu
2024-10-23 07:03:21,612 [ERROR] ConditionMgr:805 - Attr not supported : Dmpu
2024-10-23 07:03:21,612 [ERROR] ConditionMgr:805 - Attr not supported : Dmpu
2024-10-23 07:03:21,613 [ERROR] ConditionMgr:805 - Attr not supported : Dmpu
2024-10-23 07:03:21,613 [ERROR] ConditionMgr:805 - Attr not supported : Dmpu
2024-10-23 07:03:21,613 [ERROR] ConditionMgr:805 - Attr not supported : Dmpu
2024-10-23 07:03:21,613 [ERROR] ConditionMgr:805 - Attr not supported : Dmpu
2024-10-23 07:03:21,613 [ERROR] ConditionMgr:805 - Attr not supported : Dmpu
2024-10-23 07:03:21,613 [ERROR] ConditionMgr:805 - Attr not supported : Dmpu
2024-10-23 07:03:21,613 [ERROR] ConditionMgr:805 - Attr not supported : Dmpu
2024-10-23 07:03:21,614 [ERROR] ConditionMgr:805 - Attr not supported : Dmpu
2024-10-23 07:03:21,614 [ERROR] ConditionMgr:805 - Attr not supported : Dmpu
2024-10-23 07:03:21,614 [ERROR] ConditionMgr:805 - Attr not supported : Dmpu
2024-10-23 07:03:21,614 [ERROR] ConditionMgr:805 - Attr not supported : Dmpu
2024-10-23 07:03:21,614 [ERROR] ConditionMgr:805 - Attr not supported : Dmpu
2024-10-23 07:03:21,615 [ERROR] ConditionMgr:805 - Attr not supported : Dmpu
2024-10-23 07:03:21,615 [ERROR] ConditionMgr:805 - Attr not supported : Dmpu
2024-10-23 07:03:21,615 [ERROR] ConditionMgr:805 - Attr not supported : Dmpu
2024-10-23 07:03:21,615 [ERROR] ConditionMgr:805 - Attr not supported : Dmpu
2024-10-23 07:03:21,616 [ERROR] ConditionMgr:805 - Attr not supported : Dmpu
2024-10-23 07:03:21,616 [ERROR] ConditionMgr:805 - Attr not supported : Dmpu
2024-10-23 07:03:21,617 [ERROR] ConditionMgr:805 - Attr not supported : Dmpu
2024-10-23 07:03:21,617 [ERROR] ConditionMgr:805 - Attr not supported : Dmpu
2024-10-23 07:03:21,617 [ERROR] ConditionMgr:805 - Attr not supported : Dmpu
2024-10-23 07:03:21,617 [ERROR] ConditionMgr:805 - Attr not supported : Dmpu
2024-10-23 07:03:21,617 [ERROR] ConditionMgr:805 - Attr not supported : Dmpu
2024-10-23 07:03:21,618 [ERROR] ConditionMgr:805 - Attr not supported : Dmpu
2024-10-23 07:03:21,618 [ERROR] ConditionMgr:805 - Attr not supported : Dmpu
2024-10-23 07:03:21,618 [ERROR] ConditionMgr:805 - Attr not supported : Dmpu
2024-10-23 07:03:21,618 [ERROR] ConditionMgr:805 - Attr not supported : Dmpu
2024-10-23 07:03:21,618 [ERROR] ConditionMgr:805 - Attr not supported : Dmpu
2024-10-23 07:03:21,618 [ERROR] ConditionMgr:805 - Attr not supported : Dmpu
2024-10-23 07:03:21,618 [ERROR] ConditionMgr:805 - Attr not supported : Dmpu
2024-10-23 07:03:21,619 [ERROR] ConditionMgr:805 - Attr not supported : Dmpu
2024-10-23 07:03:21,619 [ERROR] ConditionMgr:805 - Attr not supported : Dmpu
2024-10-23 07:03:21,619 [ERROR] ConditionMgr:805 - Attr not supported : Dmpu
2024-10-23 07:03:21,619 [ERROR] ConditionMgr:805 - Attr not supported : Dmpu
2024-10-23 07:03:21,619 [ERROR] ConditionMgr:805 - Attr not supported : Dmpu
2024-10-23 07:03:21,619 [ERROR] ConditionMgr:805 - Attr not supported : Dmpu
2024-10-23 07:03:21,619 [ERROR] ConditionMgr:805 - Attr not supported : Dmpu
2024-10-23 07:03:21,620 [ERROR] ConditionMgr:805 - Attr not supported : Dmpu
2024-10-23 07:03:21,648 [WARN] PackLoader:240 - Cannot read IP mode file for STMicroelectronics.X-CUBE-BLEMGR.3.0.0
2024-10-23 07:03:21,672 [WARN] PackLoader:240 - Cannot read IP mode file for RealThread.X-CUBE-RT-Thread_Nano.4.1.1
2024-10-23 07:03:21,686 [WARN] PackLoader:240 - Cannot read IP mode file for STMicroelectronics.FP-ATR-SIGFOX1.3.2.0
2024-10-23 07:03:21,709 [WARN] PackLoader:240 - Cannot read IP mode file for STMicroelectronics.X-CUBE-EEPRMA1.5.1.0
2024-10-23 07:03:21,809 [WARN] PackLoader:240 - Cannot read IP mode file for SEGGER.I-CUBE-embOS.1.3.1
2024-10-23 07:03:21,959 [WARN] PackLoader:240 - Cannot read IP mode file for STMicroelectronics.X-CUBE-ALGOBUILD.1.4.0
2024-10-23 07:03:21,978 [WARN] PackLoader:240 - Cannot read IP mode file for STMicroelectronics.X-CUBE-AI.9.1.0
2024-10-23 07:03:21,999 [WARN] PackLoader:240 - Cannot read IP mode file for STMicroelectronics.X-CUBE-GNSS1.6.0.0
2024-10-23 07:03:22,053 [WARN] PackLoader:240 - Cannot read IP mode file for STMicroelectronics.X-CUBE-AZRTOS-F4.1.1.0
2024-10-23 07:03:22,072 [WARN] PackLoader:240 - Cannot read IP mode file for STMicroelectronics.X-CUBE-ISPU.2.1.0
2024-10-23 07:03:22,096 [WARN] PackLoader:240 - Cannot read IP mode file for STMicroelectronics.X-CUBE-FREERTOS.1.2.0
2024-10-23 07:03:22,108 [WARN] PackLoader:240 - Cannot read IP mode file for wolfSSL.I-CUBE-wolfSSL.5.6.6
2024-10-23 07:03:22,146 [WARN] PackLoader:240 - Cannot read IP mode file for STMicroelectronics.X-CUBE-AZRTOS-L5.2.0.0
2024-10-23 07:03:22,171 [WARN] PackLoader:240 - Cannot read IP mode file for STMicroelectronics.X-CUBE-EEPRMA1.4.2.0
2024-10-23 07:03:22,199 [WARN] PackLoader:240 - Cannot read IP mode file for STMicroelectronics.X-CUBE-NFC6.3.1.0
2024-10-23 07:03:22,223 [WARN] PackLoader:240 - Cannot read IP mode file for ITTIA_DB.I-CUBE-ITTIADB.8.8.0
2024-10-23 07:03:22,243 [WARN] PackLoader:240 - Cannot read IP mode file for STMicroelectronics.X-CUBE-DPower.1.2.0
2024-10-23 07:03:22,263 [WARN] PackLoader:240 - Cannot read IP mode file for STMicroelectronics.X-CUBE-AI.9.0.0
2024-10-23 07:03:22,281 [WARN] PackLoader:240 - Cannot read IP mode file for STMicroelectronics.X-CUBE-NFC7.1.0.1
2024-10-23 07:03:22,305 [WARN] PackLoader:240 - Cannot read IP mode file for STMicroelectronics.X-CUBE-NFC6.3.0.0
2024-10-23 07:03:22,317 [WARN] PackLoader:240 - Cannot read IP mode file for STMicroelectronics.X-CUBE-AI.8.1.0
2024-10-23 07:03:22,362 [WARN] ConditionMgr:438 - getConditionDescription Invalid condition id : LAN8742 Phy interface Condition cause : null
2024-10-23 07:03:22,365 [WARN] PackLoader:240 - Cannot read IP mode file for STMicroelectronics.X-CUBE-AZRTOS-L4.2.0.0
2024-10-23 07:03:22,371 [WARN] ConditionMgr:1039 - genDependencies : Invalid condition id : LAN8742 Phy interface Condition cause : null
2024-10-23 07:03:22,371 [WARN] ConditionMgr:1039 - genDependencies : Invalid condition id : LAN8742 Phy interface Condition cause : null
2024-10-23 07:03:22,373 [WARN] ConditionMgr:1039 - genDependencies : Invalid condition id : LAN8742 Phy interface Condition cause : null
2024-10-23 07:03:22,398 [WARN] PackLoader:240 - Cannot read IP mode file for STMicroelectronics.X-CUBE-SFXS2LP1.4.0.0
2024-10-23 07:03:22,482 [WARN] PackLoader:240 - Cannot read IP mode file for STMicroelectronics.X-CUBE-AZRTOS-H7.3.3.0
2024-10-23 07:03:22,540 [WARN] PackLoader:240 - Cannot read IP mode file for STMicroelectronics.X-CUBE-IPS.3.0.0
2024-10-23 07:03:22,601 [WARN] ConditionMgr:438 - getConditionDescription Invalid condition id : UX DEVICE CLASS RTOS Condition cause : null
2024-10-23 07:03:22,635 [WARN] ConditionMgr:438 - getConditionDescription Invalid condition id : UX DEVICE CLASS RTOS Condition cause : null
2024-10-23 07:03:22,641 [WARN] PackLoader:240 - Cannot read IP mode file for STMicroelectronics.X-CUBE-AZRTOS-WB.2.0.0
2024-10-23 07:03:22,643 [WARN] ConditionMgr:1039 - genDependencies : Invalid condition id : UX DEVICE CLASS RTOS Condition cause : null
2024-10-23 07:03:22,643 [WARN] ConditionMgr:1039 - genDependencies : Invalid condition id : UX DEVICE CLASS RTOS Condition cause : null
2024-10-23 07:03:22,644 [WARN] ConditionMgr:1039 - genDependencies : Invalid condition id : UX DEVICE CLASS RTOS Condition cause : null
2024-10-23 07:03:22,646 [WARN] ConditionMgr:1039 - genDependencies : Invalid condition id : UX DEVICE CLASS RTOS Condition cause : null
2024-10-23 07:03:22,646 [WARN] ConditionMgr:1039 - genDependencies : Invalid condition id : UX DEVICE CLASS RTOS Condition cause : null
2024-10-23 07:03:22,663 [WARN] PackLoader:240 - Cannot read IP mode file for STMicroelectronics.X-CUBE-GNSS1.7.0.0
2024-10-23 07:03:22,688 [WARN] PackLoader:240 - Cannot read IP mode file for STMicroelectronics.FP-SNS-STBOX1.2.0.0
2024-10-23 07:03:22,730 [WARN] PackLoader:240 - Cannot read IP mode file for STMicroelectronics.X-CUBE-SUBG2.5.0.0
2024-10-23 07:03:22,755 [WARN] PackLoader:240 - Cannot read IP mode file for Cesanta.I-CUBE-Mongoose.7.13.0
2024-10-23 07:03:22,784 [WARN] PackLoader:240 - Cannot read IP mode file for STMicroelectronics.X-CUBE-AZRTOS-G4.2.0.0
2024-10-23 07:03:22,813 [WARN] PackLoader:240 - Cannot read IP mode file for Infineon.AIROC-Wi-Fi-Bluetooth-STM32.1.5.1
2024-10-23 07:03:22,837 [WARN] PackLoader:240 - Cannot read IP mode file for STMicroelectronics.FP-SNS-MOTENVWB1.1.3.1
2024-10-23 07:03:22,846 [WARN] PackLoader:240 - Cannot read IP mode file for STMicroelectronics.X-CUBE-ISPU.2.0.0
2024-10-23 07:03:22,860 [WARN] PackLoader:240 - Cannot read IP mode file for STMicroelectronics.X-CUBE-ALS.1.0.2
2024-10-23 07:03:22,929 [WARN] PackLoader:240 - Cannot read IP mode file for STMicroelectronics.X-CUBE-MEMS1.10.0.0
2024-10-23 07:03:23,176 [WARN] PackLoader:240 - Cannot read IP mode file for STMicroelectronics.X-CUBE-FREERTOS.1.1.0
2024-10-23 07:03:23,188 [WARN] PackLoader:240 - Cannot read IP mode file for STMicroelectronics.X-CUBE-TOUCHGFX.4.24.0
2024-10-23 07:03:23,206 [WARN] PackLoader:240 - Cannot read IP mode file for STMicroelectronics.X-CUBE-TOUCHGFX.4.24.1
2024-10-23 07:03:23,362 [WARN] PackLoader:240 - Cannot read IP mode file for wolfSSL.I-CUBE-wolfTPM.3.4.0
2024-10-23 07:03:23,382 [WARN] PackLoader:240 - Cannot read IP mode file for portGmbH.I-Cube-SoM-uGOAL.1.1.0
2024-10-23 07:03:23,393 [WARN] PackLoader:240 - Cannot read IP mode file for STMicroelectronics.X-CUBE-ALS.1.0.1
2024-10-23 07:03:23,455 [WARN] PackLoader:240 - Cannot read IP mode file for STMicroelectronics.X-CUBE-AZRTOS-H7RS.1.0.0
2024-10-23 07:03:23,482 [WARN] PackLoader:240 - Cannot read IP mode file for STMicroelectronics.FP-ATR-ASTRA1.2.0.0
2024-10-23 07:03:23,502 [WARN] PackLoader:240 - Cannot read IP mode file for STMicroelectronics.X-CUBE-TOF1.3.4.2
2024-10-23 07:03:23,539 [WARN] PackLoader:240 - Cannot read IP mode file for STMicroelectronics.X-CUBE-TOF1.3.4.0
2024-10-23 07:03:23,581 [WARN] PackLoader:240 - Cannot read IP mode file for STMicroelectronics.X-CUBE-TOF1.3.4.1
2024-10-23 07:03:23,639 [WARN] PackLoader:240 - Cannot read IP mode file for STMicroelectronics.X-CUBE-AZRTOS-H7.3.2.0
2024-10-23 07:03:23,672 [WARN] PackLoader:240 - Cannot read IP mode file for wolfSSL.I-CUBE-wolfSSH.1.4.17
2024-10-23 07:03:23,672 [INFO] ThirdParty:978 - Integrity check success = true
2024-10-23 07:03:23,674 [INFO] IntegrityCheckThread:100 - exiting critical section [integrity check]
2024-10-23 07:03:23,674 [INFO] IntegrityCheckThread:103 - End integrity checks thread
2024-10-23 07:56:38,343 [INFO] WebApp:189 - Connection lost
2024-10-23 07:56:41,749 [INFO] WebApp:186 - Connection restablished
2024-10-23 08:12:50,247 [INFO] WebApp:189 - Connection lost
2024-10-23 08:12:50,411 [INFO] WebApp:186 - Connection restablished
2024-10-23 08:25:02,722 [INFO] WebApp:189 - Connection lost
2024-10-23 08:25:02,899 [INFO] WebApp:186 - Connection restablished
2024-10-23 08:27:03,216 [INFO] WebApp:189 - Connection lost
2024-10-23 08:27:03,375 [INFO] WebApp:186 - Connection restablished
2024-10-23 09:29:24,708 [INFO] WebApp:189 - Connection lost
2024-10-23 09:29:24,889 [INFO] WebApp:186 - Connection restablished
2024-10-23 09:54:49,826 [INFO] WebApp:189 - Connection lost
2024-10-23 09:54:52,707 [INFO] WebApp:186 - Connection restablished
2024-10-23 09:54:52,976 [INFO] WebApp:189 - Connection lost
2024-10-23 09:54:53,154 [INFO] WebApp:186 - Connection restablished
2024-10-23 10:25:11,775 [INFO] WebApp:189 - Connection lost
2024-10-23 10:25:11,993 [INFO] WebApp:186 - Connection restablished
2024-10-23 10:26:27,278 [INFO] WebApp:189 - Connection lost
2024-10-23 10:26:27,586 [INFO] WebApp:186 - Connection restablished
2024-10-23 12:54:05,829 [INFO] WebApp:189 - Connection lost
2024-10-23 12:54:59,285 [INFO] WebApp:186 - Connection restablished
