2025-01-10 12:35:19,791 [INFO] Activator:176 - 


2025-01-10 12:35:19,805 [INFO] Activator:177 - !SESSION log4j initialized
2025-01-10 12:35:43,265 [INFO] LogOutputStream:77 - [STDOUT_REDIRECT] 
2025-01-10 12:48:19,822 [INFO] ApplicationProperties:184 - Using Application install path: C:\ST\STM32CubeIDE_1.16.0\STM32CubeIDE\plugins\com.st.stm32cube.common.mx_6.12.1.202409122256
2025-01-10 12:48:19,863 [INFO] DbMcusXml:78 - Set database path to: C:\ST\STM32CubeIDE_1.16.0\STM32CubeIDE\plugins\com.st.stm32cube.common.mx_6.12.1.202409122256\\db\/mcu/
2025-01-10 12:48:19,864 [INFO] ApiDb:274 - Set plugin database path to: C:\ST\STM32CubeIDE_1.16.0\STM32CubeIDE\plugins\com.st.stm32cube.common.mx_6.12.1.202409122256\\db\/plugins/boardmanager/
2025-01-10 12:48:19,864 [WARN] ApiDb:259 - Overriding images path with different value:  => C:\ST\STM32CubeIDE_1.16.0\STM32CubeIDE\plugins\com.st.stm32cube.common.mx_6.12.1.202409122256\\db\/plugins/mcufinder/images/
2025-01-10 12:48:19,892 [INFO] ApiDb:250 - Set database path to: C:\Users\kohlmanz\.stmcufinder\plugins\mcufinder//mcu/
2025-01-10 12:48:19,895 [INFO] DbMcusAds:125 - Set database path to: C:\Users\kohlmanz\.stmcufinder\plugins\mcufinder//mcu/
2025-01-10 12:48:20,081 [INFO] CrossReferenceDbSqlite:203 - Set database path to: C:\Users\kohlmanz\.stmcufinder\plugins\mcufinder//mcu/cs/
2025-01-10 12:48:20,274 [INFO] RulesReader:64 - Compatibility file has been processed (297 Rules)
2025-01-10 12:48:20,466 [INFO] DbMcusXml:78 - Set database path to: C:\ST\STM32CubeIDE_1.16.0\STM32CubeIDE\plugins\com.st.stm32cube.common.mx_6.12.1.202409122256\\db\/mcu/
2025-01-10 12:48:20,466 [INFO] ApiDb:274 - Set plugin database path to: C:\ST\STM32CubeIDE_1.16.0\STM32CubeIDE\plugins\com.st.stm32cube.common.mx_6.12.1.202409122256\\db\/plugins/boardmanager/
2025-01-10 12:48:20,466 [INFO] ApiDb:261 - Set plugin images path to: C:\ST\STM32CubeIDE_1.16.0\STM32CubeIDE\plugins\com.st.stm32cube.common.mx_6.12.1.202409122256\\db\/plugins/mcufinder/images/
2025-01-10 12:48:20,467 [WARN] DbFile:41 - Overriding database path with different value: C:\Users\kohlmanz\.stmcufinder\plugins\mcufinder/ => C:\Users\kohlmanz\.stmcufinder\plugins\mcufinder
2025-01-10 12:48:20,467 [INFO] ApiDb:250 - Set database path to: C:\Users\kohlmanz\.stmcufinder\plugins\mcufinder//mcu/
2025-01-10 12:48:20,467 [WARN] DbFile:41 - Overriding database path with different value: C:\Users\kohlmanz\.stmcufinder\plugins\mcufinder/ => C:\Users\kohlmanz\.stmcufinder\plugins\mcufinder
2025-01-10 12:48:20,467 [INFO] DbMcusAds:125 - Set database path to: C:\Users\kohlmanz\.stmcufinder\plugins\mcufinder//mcu/
2025-01-10 12:48:20,467 [WARN] DbFile:41 - Overriding database path with different value: C:\Users\kohlmanz\.stmcufinder\plugins\mcufinder/ => C:\Users\kohlmanz\.stmcufinder\plugins\mcufinder
2025-01-10 12:48:20,467 [WARN] DbFile:41 - Overriding database path with different value: C:\Users\kohlmanz\.stmcufinder\plugins\mcufinder/ => C:\Users\kohlmanz\.stmcufinder\plugins\mcufinder
2025-01-10 12:48:20,467 [INFO] CrossReferenceDbSqlite:203 - Set database path to: C:\Users\kohlmanz\.stmcufinder\plugins\mcufinder//mcu/cs/
2025-01-10 12:48:20,635 [INFO] MainPanel:268 - HeapMemory: 268435456
2025-01-10 12:48:20,805 [INFO] DbMcusXml:78 - Set database path to: C:\ST\STM32CubeIDE_1.16.0\STM32CubeIDE\plugins\com.st.stm32cube.common.mx_6.12.1.202409122256\\db\/mcu/
2025-01-10 12:48:20,805 [INFO] ApiDb:274 - Set plugin database path to: C:\ST\STM32CubeIDE_1.16.0\STM32CubeIDE\plugins\com.st.stm32cube.common.mx_6.12.1.202409122256\\db\/plugins/boardmanager/
2025-01-10 12:48:20,805 [INFO] ApiDb:261 - Set plugin images path to: C:\ST\STM32CubeIDE_1.16.0\STM32CubeIDE\plugins\com.st.stm32cube.common.mx_6.12.1.202409122256\\db\/plugins/mcufinder/images/
2025-01-10 12:48:20,806 [WARN] DbFile:41 - Overriding database path with different value: C:\Users\kohlmanz\.stmcufinder\plugins\mcufinder/ => C:\Users\kohlmanz\.stmcufinder\plugins\mcufinder
2025-01-10 12:48:20,806 [INFO] ApiDb:250 - Set database path to: C:\Users\kohlmanz\.stmcufinder\plugins\mcufinder//mcu/
2025-01-10 12:48:20,807 [WARN] DbFile:41 - Overriding database path with different value: C:\Users\kohlmanz\.stmcufinder\plugins\mcufinder/ => C:\Users\kohlmanz\.stmcufinder\plugins\mcufinder
2025-01-10 12:48:20,807 [INFO] DbMcusAds:125 - Set database path to: C:\Users\kohlmanz\.stmcufinder\plugins\mcufinder//mcu/
2025-01-10 12:48:20,807 [WARN] DbFile:41 - Overriding database path with different value: C:\Users\kohlmanz\.stmcufinder\plugins\mcufinder/ => C:\Users\kohlmanz\.stmcufinder\plugins\mcufinder
2025-01-10 12:48:20,807 [WARN] DbFile:41 - Overriding database path with different value: C:\Users\kohlmanz\.stmcufinder\plugins\mcufinder/ => C:\Users\kohlmanz\.stmcufinder\plugins\mcufinder
2025-01-10 12:48:20,808 [INFO] CrossReferenceDbSqlite:203 - Set database path to: C:\Users\kohlmanz\.stmcufinder\plugins\mcufinder//mcu/cs/
2025-01-10 12:48:20,840 [INFO] ApplicationProperties:184 - Using Application install path: C:\ST\STM32CubeIDE_1.16.0\STM32CubeIDE\plugins\com.st.stm32cube.common.mx_6.12.1.202409122256
2025-01-10 12:48:20,842 [INFO] PluginManage:196 - Search for loadable plugins [exclusion list=, ]
2025-01-10 12:48:20,845 [INFO] PluginManage:310 - Check plugin analytics
2025-01-10 12:48:21,308 [INFO] AnalyticsPlugin:253 - Accepted Software Licenses: STM32CubeMX.6.12.0,STM32CubeMX.6.12.1,STM32CubeMX.6.13.0
2025-01-10 12:48:21,309 [INFO] AnalyticsPlugin:255 - Accepted CMSIS Pack Licenses: 
2025-01-10 12:48:21,309 [INFO] AnalyticsPlugin:257 - Accepted Firmware Licenses: FW.F4.1.28.0,FW.G4.1.6.0
2025-01-10 12:48:21,316 [INFO] PluginManage:359 - Loaded plugin analytics (category:tool,tabindex:-1)
2025-01-10 12:48:21,317 [INFO] PluginManage:310 - Check plugin cadmodel
2025-01-10 12:48:21,332 [INFO] CADModel:105 - Init CAD model plugin
2025-01-10 12:48:21,333 [INFO] PluginManage:359 - Loaded plugin cadmodel (category:power,tabindex:5)
2025-01-10 12:48:21,334 [INFO] PluginManage:310 - Check plugin clock
2025-01-10 12:48:21,384 [INFO] PluginManage:359 - Loaded plugin clock (category:base,tabindex:2)
2025-01-10 12:48:21,384 [INFO] PluginManage:310 - Check plugin ddr
2025-01-10 12:48:21,394 [INFO] PluginManage:359 - Loaded plugin ddr (category:tool,tabindex:6)
2025-01-10 12:48:21,394 [INFO] PluginManage:310 - Check plugin filemanager
2025-01-10 12:48:21,773 [INFO] PluginManage:359 - Loaded plugin filemanager (category:base,tabindex:10)
2025-01-10 12:48:21,774 [INFO] PluginManage:310 - Check plugin ipmanager
2025-01-10 12:48:21,787 [INFO] PluginManage:359 - Loaded plugin ipmanager (category:base,tabindex:5)
2025-01-10 12:48:21,787 [INFO] PluginManage:310 - Check plugin lpbam
2025-01-10 12:48:21,803 [INFO] PluginManage:359 - Loaded plugin lpbam (category:base,tabindex:0)
2025-01-10 12:48:21,803 [INFO] PluginManage:310 - Check plugin memorymap
2025-01-10 12:48:21,831 [INFO] PluginManage:359 - Loaded plugin memorymap (category:base,tabindex:4)
2025-01-10 12:48:21,832 [INFO] PluginManage:310 - Check plugin pinoutandconfiguration
2025-01-10 12:48:21,849 [INFO] PluginManage:359 - Loaded plugin pinoutandconfiguration (category:base,tabindex:1)
2025-01-10 12:48:21,849 [INFO] PluginManage:310 - Check plugin pinoutconfig
2025-01-10 12:48:22,119 [WARN] SupportedApi:132 - Cannot load RTOS API schema: s4s-elt-must-match.1: The content of 'definitions' must match (annotation?, (simpleType | complexType)?, (unique | key | keyref)*)). A problem was found starting at: attribute.
2025-01-10 12:48:22,499 [INFO] PluginManage:359 - Loaded plugin pinoutconfig (category:base,tabindex:0)
2025-01-10 12:48:22,499 [INFO] PluginManage:310 - Check plugin power
2025-01-10 12:48:22,532 [INFO] PluginManage:359 - Loaded plugin power (category:power,tabindex:4)
2025-01-10 12:48:22,532 [INFO] PluginManage:310 - Check plugin projectmanager
2025-01-10 12:48:22,588 [INFO] PluginManage:359 - Loaded plugin projectmanager (category:projectmanager,tabindex:4)
2025-01-10 12:48:22,588 [INFO] PluginManage:310 - Check plugin rif
2025-01-10 12:48:22,619 [INFO] PluginManage:359 - Loaded plugin rif (category:base,tabindex:3)
2025-01-10 12:48:22,620 [INFO] PluginManage:310 - Check plugin thirdparty
2025-01-10 12:48:22,994 [WARN] IntegrityCheckThread:84 - waiting for thirdparty lock release [integrity check]
2025-01-10 12:48:22,995 [INFO] IntegrityCheckThread:86 - entering critical section [integrity check]
2025-01-10 12:48:22,997 [INFO] ThirdPartyUpdaterWithRetryManager:70 - Updater plugin not ready yet. [1/15]
2025-01-10 12:48:22,997 [INFO] PluginManage:359 - Loaded plugin thirdparty (category:base,tabindex:-1)
2025-01-10 12:48:22,998 [INFO] PluginManage:310 - Check plugin tools
2025-01-10 12:48:23,005 [INFO] PluginManage:359 - Loaded plugin tools (category:base,tabindex:7)
2025-01-10 12:48:23,005 [INFO] PluginManage:310 - Check plugin tutovideos
2025-01-10 12:48:23,544 [INFO] PluginManage:359 - Loaded plugin tutovideos (category:base,tabindex:-1)
2025-01-10 12:48:23,545 [INFO] PluginManage:310 - Check plugin updater
2025-01-10 12:48:23,577 [INFO] PluginManage:359 - Loaded plugin updater (category:base,tabindex:12)
2025-01-10 12:48:23,578 [INFO] PluginManage:310 - Check plugin userauth
2025-01-10 12:48:23,588 [INFO] UserAuth:113 - Init User Auth plugin
2025-01-10 12:48:23,589 [INFO] PluginManage:359 - Loaded plugin userauth (category:base,tabindex:14)
2025-01-10 12:48:23,589 [INFO] PluginManage:283 - PluginManage : Loaded plugins [18]
2025-01-10 12:48:24,093 [INFO] PinOutPanel:1561 - setPackage(No Configuration,No Configuration)
2025-01-10 12:48:24,385 [INFO] CADModel:165 - CPN selected for project level
2025-01-10 12:48:24,385 [INFO] CADModel:114 - Register for checkConnection events
2025-01-10 12:48:24,421 [INFO] IPUIPlugin:80 - create IPUIPlugin
2025-01-10 12:48:24,421 [INFO] PluginManager:220 - loadIPPluginJar : add adc
2025-01-10 12:48:24,426 [INFO] IPUIPlugin:80 - create IPUIPlugin
2025-01-10 12:48:24,427 [INFO] PluginManager:220 - loadIPPluginJar : add aes
2025-01-10 12:48:24,432 [INFO] IPUIPlugin:80 - create IPUIPlugin
2025-01-10 12:48:24,432 [INFO] PluginManager:220 - loadIPPluginJar : add can
2025-01-10 12:48:24,436 [INFO] IPUIPlugin:80 - create IPUIPlugin
2025-01-10 12:48:24,436 [INFO] PluginManager:220 - loadIPPluginJar : add comp
2025-01-10 12:48:24,440 [INFO] IPUIPlugin:80 - create IPUIPlugin
2025-01-10 12:48:24,440 [INFO] PluginManager:220 - loadIPPluginJar : add cryp
2025-01-10 12:48:24,447 [INFO] IPUIPlugin:80 - create IPUIPlugin
2025-01-10 12:48:24,447 [INFO] PluginManager:220 - loadIPPluginJar : add ddr_ctrl_phy
2025-01-10 12:48:24,452 [INFO] IPUIPlugin:80 - create IPUIPlugin
2025-01-10 12:48:24,452 [INFO] PluginManager:220 - loadIPPluginJar : add dfsdm
2025-01-10 12:48:24,461 [INFO] IPUIPlugin:80 - create IPUIPlugin
2025-01-10 12:48:24,462 [INFO] PluginManager:220 - loadIPPluginJar : add dma
2025-01-10 12:48:24,468 [INFO] IPUIPlugin:80 - create IPUIPlugin
2025-01-10 12:48:24,468 [INFO] PluginManager:220 - loadIPPluginJar : add dma3
2025-01-10 12:48:24,473 [INFO] IPUIPlugin:80 - create IPUIPlugin
2025-01-10 12:48:24,473 [INFO] PluginManager:220 - loadIPPluginJar : add extmemmanager
2025-01-10 12:48:24,475 [INFO] IPUIPlugin:80 - create IPUIPlugin
2025-01-10 12:48:24,476 [INFO] PluginManager:220 - loadIPPluginJar : add fatfs
2025-01-10 12:48:24,484 [INFO] IPUIPlugin:80 - create IPUIPlugin
2025-01-10 12:48:24,484 [INFO] PluginManager:220 - loadIPPluginJar : add fmc
2025-01-10 12:48:24,494 [INFO] IPUIPlugin:80 - create IPUIPlugin
2025-01-10 12:48:24,494 [INFO] PluginManager:220 - loadIPPluginJar : add freertos
2025-01-10 12:48:24,497 [INFO] IPUIPlugin:80 - create IPUIPlugin
2025-01-10 12:48:24,498 [INFO] PluginManager:220 - loadIPPluginJar : add genericplugin
2025-01-10 12:48:24,502 [INFO] IPUIPlugin:80 - create IPUIPlugin
2025-01-10 12:48:24,502 [INFO] PluginManager:220 - loadIPPluginJar : add gfxmmu
2025-01-10 12:48:24,509 [INFO] IPUIPlugin:80 - create IPUIPlugin
2025-01-10 12:48:24,510 [INFO] PluginManager:220 - loadIPPluginJar : add gic
2025-01-10 12:48:24,517 [INFO] IPUIPlugin:80 - create IPUIPlugin
2025-01-10 12:48:24,517 [INFO] PluginManager:220 - loadIPPluginJar : add gpio
2025-01-10 12:48:24,522 [INFO] IPUIPlugin:80 - create IPUIPlugin
2025-01-10 12:48:24,522 [INFO] PluginManager:220 - loadIPPluginJar : add gtzc
2025-01-10 12:48:24,526 [INFO] IPUIPlugin:80 - create IPUIPlugin
2025-01-10 12:48:24,527 [INFO] PluginManager:220 - loadIPPluginJar : add hash
2025-01-10 12:48:24,532 [INFO] IPUIPlugin:80 - create IPUIPlugin
2025-01-10 12:48:24,532 [INFO] PluginManager:220 - loadIPPluginJar : add i2c
2025-01-10 12:48:24,536 [INFO] IPUIPlugin:80 - create IPUIPlugin
2025-01-10 12:48:24,536 [INFO] PluginManager:220 - loadIPPluginJar : add i2s
2025-01-10 12:48:24,541 [INFO] IPUIPlugin:80 - create IPUIPlugin
2025-01-10 12:48:24,541 [INFO] PluginManager:220 - loadIPPluginJar : add i3c
2025-01-10 12:48:24,548 [INFO] IPUIPlugin:80 - create IPUIPlugin
2025-01-10 12:48:24,548 [INFO] PluginManager:220 - loadIPPluginJar : add ipddr
2025-01-10 12:48:24,562 [INFO] IPUIPlugin:80 - create IPUIPlugin
2025-01-10 12:48:24,563 [INFO] PluginManager:220 - loadIPPluginJar : add linkedlist
2025-01-10 12:48:24,569 [INFO] IPUIPlugin:80 - create IPUIPlugin
2025-01-10 12:48:24,570 [INFO] PluginManager:220 - loadIPPluginJar : add lorawan
2025-01-10 12:48:24,572 [INFO] IPUIPlugin:80 - create IPUIPlugin
2025-01-10 12:48:24,572 [INFO] PluginManager:220 - loadIPPluginJar : add ltdc
2025-01-10 12:48:24,581 [INFO] IPUIPlugin:80 - create IPUIPlugin
2025-01-10 12:48:24,581 [INFO] PluginManager:220 - loadIPPluginJar : add mdma
2025-01-10 12:48:24,587 [INFO] IPUIPlugin:80 - create IPUIPlugin
2025-01-10 12:48:24,587 [INFO] PluginManager:220 - loadIPPluginJar : add nvic
2025-01-10 12:48:24,591 [INFO] IPUIPlugin:80 - create IPUIPlugin
2025-01-10 12:48:24,592 [INFO] PluginManager:220 - loadIPPluginJar : add opamp
2025-01-10 12:48:24,598 [INFO] IPUIPlugin:80 - create IPUIPlugin
2025-01-10 12:48:24,598 [INFO] PluginManager:220 - loadIPPluginJar : add openamp
2025-01-10 12:48:24,604 [INFO] IPUIPlugin:80 - create IPUIPlugin
2025-01-10 12:48:24,604 [INFO] PluginManager:220 - loadIPPluginJar : add pdm2pcm
2025-01-10 12:48:24,615 [INFO] IPUIPlugin:80 - create IPUIPlugin
2025-01-10 12:48:24,618 [INFO] PluginManager:220 - loadIPPluginJar : add plateformsettings
2025-01-10 12:48:24,621 [INFO] IPUIPlugin:80 - create IPUIPlugin
2025-01-10 12:48:24,621 [INFO] PluginManager:220 - loadIPPluginJar : add quadspi
2025-01-10 12:48:24,625 [INFO] IPUIPlugin:80 - create IPUIPlugin
2025-01-10 12:48:24,629 [INFO] PluginManager:220 - loadIPPluginJar : add radio
2025-01-10 12:48:24,637 [INFO] IPUIPlugin:80 - create IPUIPlugin
2025-01-10 12:48:24,637 [INFO] PluginManager:220 - loadIPPluginJar : add resmgrutility
2025-01-10 12:48:24,642 [INFO] IPUIPlugin:80 - create IPUIPlugin
2025-01-10 12:48:24,643 [INFO] PluginManager:220 - loadIPPluginJar : add sai
2025-01-10 12:48:24,648 [INFO] IPUIPlugin:80 - create IPUIPlugin
2025-01-10 12:48:24,648 [INFO] PluginManager:220 - loadIPPluginJar : add spi
2025-01-10 12:48:24,657 [INFO] IPUIPlugin:80 - create IPUIPlugin
2025-01-10 12:48:24,658 [INFO] PluginManager:220 - loadIPPluginJar : add stm32_wpan
2025-01-10 12:48:24,663 [INFO] IPUIPlugin:80 - create IPUIPlugin
2025-01-10 12:48:24,663 [INFO] PluginManager:220 - loadIPPluginJar : add tim
2025-01-10 12:48:24,670 [INFO] IPUIPlugin:80 - create IPUIPlugin
2025-01-10 12:48:24,670 [INFO] PluginManager:220 - loadIPPluginJar : add touchsensing
2025-01-10 12:48:24,675 [INFO] IPUIPlugin:80 - create IPUIPlugin
2025-01-10 12:48:24,675 [INFO] PluginManager:220 - loadIPPluginJar : add tracer_emb
2025-01-10 12:48:24,681 [INFO] IPUIPlugin:80 - create IPUIPlugin
2025-01-10 12:48:24,681 [INFO] PluginManager:220 - loadIPPluginJar : add ts
2025-01-10 12:48:24,687 [INFO] IPUIPlugin:80 - create IPUIPlugin
2025-01-10 12:48:24,687 [INFO] PluginManager:220 - loadIPPluginJar : add tsc
2025-01-10 12:48:24,691 [INFO] IPUIPlugin:80 - create IPUIPlugin
2025-01-10 12:48:24,691 [INFO] PluginManager:220 - loadIPPluginJar : add ucpd
2025-01-10 12:48:24,699 [INFO] IPUIPlugin:80 - create IPUIPlugin
2025-01-10 12:48:24,699 [INFO] PluginManager:220 - loadIPPluginJar : add usart
2025-01-10 12:48:24,707 [INFO] IPUIPlugin:80 - create IPUIPlugin
2025-01-10 12:48:24,707 [INFO] PluginManager:220 - loadIPPluginJar : add usbx
2025-01-10 12:48:24,896 [INFO] CADModel:165 - CPN selected for project level
2025-01-10 12:48:24,896 [INFO] CADModel:114 - Register for checkConnection events
2025-01-10 12:48:24,896 [FATAL] Updater:334 - Updater called before beeing initialized
2025-01-10 12:48:24,896 [ERROR] CADModel:125 - Updater not yet initialized, retry later 
2025-01-10 12:48:25,172 [INFO] CADModel:165 - CPN selected for project level
2025-01-10 12:48:25,172 [INFO] CADModel:114 - Register for checkConnection events
2025-01-10 12:48:25,172 [FATAL] Updater:334 - Updater called before beeing initialized
2025-01-10 12:48:25,172 [ERROR] CADModel:125 - Updater not yet initialized, retry later 
2025-01-10 12:48:25,177 [FATAL] Updater:334 - Updater called before beeing initialized
2025-01-10 12:48:25,406 [FATAL] Updater:334 - Updater called before beeing initialized
2025-01-10 12:48:25,419 [INFO] DbMcusAds:53 - JSON generation date=Tue Dec 17 10:01:15 CST 2024 (1734451275222)
2025-01-10 12:48:25,420 [FATAL] Updater:334 - Updater called before beeing initialized
2025-01-10 12:48:25,510 [WARN] DetailPanel:346 - Failed to get advertising image, set to default
2025-01-10 12:48:25,707 [FATAL] Updater:334 - Updater called before beeing initialized
2025-01-10 12:48:25,715 [FATAL] Updater:334 - Updater called before beeing initialized
2025-01-10 12:48:25,716 [FATAL] Updater:334 - Updater called before beeing initialized
2025-01-10 12:48:25,716 [WARN] DetailPanel:346 - Failed to get advertising image, set to default
2025-01-10 12:48:25,717 [FATAL] Updater:334 - Updater called before beeing initialized
2025-01-10 12:48:25,868 [ERROR] Updater:1164 - MainUpdater not yet initialized. External WinMGr cannot be set.
2025-01-10 12:48:25,881 [INFO] Updater:1100 - Updater Version found : 6.12.1
2025-01-10 12:48:25,940 [INFO] ApplicationProperties:184 - Using Application install path: C:\ST\STM32CubeIDE_1.16.0\STM32CubeIDE\plugins\com.st.stm32cube.common.mx_6.12.1.202409122256
2025-01-10 12:48:25,999 [INFO] ThirdPartyUpdaterWithRetryManager:70 - Updater plugin not ready yet. [2/15]
2025-01-10 12:48:26,169 [INFO] MainUpdater:526 - Copy updater definitions from MX database
2025-01-10 12:48:26,761 [INFO] MainUpdater:2873 - connection check result : 10
2025-01-10 12:48:26,761 [INFO] MainUpdater:3567 - Updater definition file requires update
2025-01-10 12:48:26,763 [INFO] MainUpdater:290 - Updater Check For Update Now.
2025-01-10 12:48:26,763 [INFO] MicroXplorer:498 - Change Database Version : DB.6.0.121
2025-01-10 12:48:26,780 [INFO] McuFinderGlobals:63 - Set McuFinder mode to 2 (CubeIDE integrated)
2025-01-10 12:48:26,782 [INFO] UserAuth:417 - Internet connection configuration mode: 1
2025-01-10 12:48:26,811 [INFO] JxBrowserEngine:152 - Initiate JxBrowser Engine with user profile folder
2025-01-10 12:48:26,946 [INFO] ServerAccessManage:473 - Download File updaters.zip
2025-01-10 12:48:27,089 [INFO] FileExtend:240 - Unzip File : updaters.zip
2025-01-10 12:48:27,089 [INFO] FileExtend:255 - Standard Zip Deflate
2025-01-10 12:48:28,538 [INFO] ServerAccessManage:473 - Download File PacksControlFlags.xml
2025-01-10 12:48:28,848 [INFO] ServerAccessManage:473 - Download File cubemx.pidx
2025-01-10 12:48:29,001 [WARN] MainUpdater:1194 - Updater busy. Cannot search thirdparties
2025-01-10 12:48:29,003 [INFO] ThirdPartyUpdaterWithRetryManager:96 - Updater plugin is busy. [1/15]
2025-01-10 12:48:29,261 [INFO] LoadServerUpdatesThread:375 - End of LoadServerUpdate Thread
2025-01-10 12:48:29,942 [INFO] CheckServerUpdateThread:120 - End of CheckServer Thread
2025-01-10 12:48:30,829 [INFO] WebApp:167 - Instantiating new browser for Auth
2025-01-10 12:48:32,664 [WARN] PackLoader:240 - Cannot read IP mode file for STMicroelectronics.FP-SNS-MOTENVWB1.1.4.0
2025-01-10 12:48:32,685 [WARN] PackLoader:240 - Cannot read IP mode file for STMicroelectronics.FP-ATR-ASTRA1.2.0.1
2025-01-10 12:48:32,699 [WARN] PackLoader:240 - Cannot read IP mode file for STMicroelectronics.X-CUBE-SMBUS.2.1.0
2025-01-10 12:48:32,724 [WARN] PackLoader:240 - Cannot read IP mode file for STMicroelectronics.X-CUBE-WB05N.1.1.0
2025-01-10 12:48:32,748 [INFO] WebApp:448 - Apply proxy settings
2025-01-10 12:48:32,749 [INFO] WebApp:533 - Chromium requires no authentication
2025-01-10 12:48:32,795 [INFO] WebApp:476 - Direct internet connection detected
2025-01-10 12:48:32,830 [WARN] PackLoader:240 - Cannot read IP mode file for STMicroelectronics.X-CUBE-AZRTOS-F7.1.1.0
2025-01-10 12:48:32,926 [INFO] WebApp:869 - Register for checkConnection events
2025-01-10 12:48:32,926 [INFO] WebApp:448 - Apply proxy settings
2025-01-10 12:48:32,926 [INFO] WebApp:533 - Chromium requires no authentication
2025-01-10 12:48:32,927 [INFO] WebApp:476 - Direct internet connection detected
2025-01-10 12:48:33,059 [WARN] PackLoader:240 - Cannot read IP mode file for STMicroelectronics.X-CUBE-MEMS1.11.0.0
2025-01-10 12:48:33,292 [INFO] WebApp:186 - Connection restablished
2025-01-10 12:48:33,816 [INFO] WebApp:220 - Starting web application
2025-01-10 12:48:33,816 [INFO] WebApp:578 - Web application path used C:\ST\STM32CubeIDE_1.16.0\STM32CubeIDE\plugins\com.st.stm32cube.common.mx_6.12.1.202409122256\db\plugins\mcufinder\reactClient1\index.html
2025-01-10 12:48:33,834 [WARN] PackLoader:240 - Cannot read IP mode file for STMicroelectronics.FP-SNS-FLIGHT1.5.0.2
2025-01-10 12:48:33,959 [WARN] PackLoader:240 - Cannot read IP mode file for Infineon.AIROC-Wi-Fi-Bluetooth-STM32.1.7.0
2025-01-10 12:48:34,045 [WARN] PackLoader:240 - Cannot read IP mode file for STMicroelectronics.X-CUBE-DISPLAY.3.0.0
2025-01-10 12:48:34,091 [WARN] PackLoader:240 - Cannot read IP mode file for STMicroelectronics.X-CUBE-BLE1.7.0.0
2025-01-10 12:48:34,116 [WARN] PackLoader:240 - Cannot read IP mode file for STMicroelectronics.X-CUBE-NFC10.1.0.0
2025-01-10 12:48:34,155 [WARN] PackLoader:240 - Cannot read IP mode file for STMicroelectronics.X-CUBE-BLEMGR.4.0.0
2025-01-10 12:48:34,188 [WARN] PackLoader:240 - Cannot read IP mode file for emotas.I-CUBE-CANOPEN.1.3.0
2025-01-10 12:48:34,358 [INFO] UserAuth:417 - Internet connection configuration mode: 1
2025-01-10 12:48:34,564 [WARN] PackLoader:240 - Cannot read IP mode file for STMicroelectronics.FP-SNS-SMARTAG2.1.2.0
2025-01-10 12:48:34,908 [WARN] PackLoader:240 - Cannot read IP mode file for STMicroelectronics.X-CUBE-MEMS1.11.1.0
2025-01-10 12:48:35,526 [INFO] LogOutputStream:77 - [STDOUT_REDIRECT] 1 : Invalid condition id : UX_CORESTACK_Condition cause : null
2025-01-10 12:48:35,529 [INFO] LogOutputStream:77 - [STDOUT_REDIRECT] 1 : Invalid condition id : UX_CORESTACK_Condition cause : null
2025-01-10 12:48:35,537 [INFO] LogOutputStream:77 - [STDOUT_REDIRECT] 1 : Invalid condition id : UX_CORESTACK_Condition cause : null
2025-01-10 12:48:35,546 [INFO] LogOutputStream:77 - [STDOUT_REDIRECT] 1 : Invalid condition id : UX_CORESTACK_Condition cause : null
2025-01-10 12:48:35,555 [INFO] LogOutputStream:77 - [STDOUT_REDIRECT] 1 : Invalid condition id : UX_CORESTACK_Condition cause : null
2025-01-10 12:48:35,570 [WARN] PackLoader:240 - Cannot read IP mode file for STMicroelectronics.X-CUBE-AZRTOS-WL.2.0.0
2025-01-10 12:48:35,596 [WARN] PackLoader:240 - Cannot read IP mode file for STMicroelectronics.FP-SNS-MOTENV1.5.0.0
2025-01-10 12:48:35,623 [WARN] PackLoader:240 - Cannot read IP mode file for wolfSSL.I-CUBE-wolfMQTT.1.19.0
2025-01-10 12:48:35,666 [WARN] PackLoader:240 - Cannot read IP mode file for WES.I-CUBE-Cesium.1.3.0
2025-01-10 12:48:35,689 [WARN] PackLoader:240 - Cannot read IP mode file for STMicroelectronics.X-CUBE-BLE2.3.3.0
2025-01-10 12:48:35,720 [WARN] PackLoader:240 - Cannot read IP mode file for STMicroelectronics.X-CUBE-NFC9.1.0.0
2025-01-10 12:48:35,795 [WARN] PackLoader:240 - Cannot read IP mode file for STMicroelectronics.X-CUBE-AZRTOS-G0.1.1.0
2025-01-10 12:48:35,833 [WARN] PackLoader:240 - Cannot read IP mode file for STMicroelectronics.X-CUBE-SAFEA1.1.2.2
2025-01-10 12:48:35,862 [WARN] PackLoader:240 - Cannot read IP mode file for STMicroelectronics.X-CUBE-NFC4.3.0.0
2025-01-10 12:48:35,896 [ERROR] LogOutputStream:75 - [STDERR_REDIRECT] Jan 10, 2025 12:48:35 PM org.glassfish.grizzly.http.server.NetworkListener start
2025-01-10 12:48:35,899 [ERROR] LogOutputStream:75 - [STDERR_REDIRECT] INFO: Started listener bound to [localhost:1594]
2025-01-10 12:48:35,901 [ERROR] LogOutputStream:75 - [STDERR_REDIRECT] 
2025-01-10 12:48:35,908 [ERROR] LogOutputStream:75 - [STDERR_REDIRECT] Jan 10, 2025 12:48:35 PM org.glassfish.grizzly.http.server.HttpServer start
2025-01-10 12:48:35,910 [ERROR] LogOutputStream:75 - [STDERR_REDIRECT] INFO: [HttpServer] Started.
2025-01-10 12:48:35,911 [ERROR] LogOutputStream:75 - [STDERR_REDIRECT] 
2025-01-10 12:48:35,912 [WARN] PackLoader:240 - Cannot read IP mode file for EmbeddedOffice.I-CUBE-FS-RTOS.1.0.1
2025-01-10 12:48:35,913 [ERROR] ConditionMgr:805 - Attr not supported : Dmpu
2025-01-10 12:48:35,913 [ERROR] ConditionMgr:805 - Attr not supported : Dmpu
2025-01-10 12:48:35,915 [ERROR] ConditionMgr:805 - Attr not supported : Dmpu
2025-01-10 12:48:35,915 [ERROR] ConditionMgr:805 - Attr not supported : Dmpu
2025-01-10 12:48:35,916 [ERROR] ConditionMgr:805 - Attr not supported : Dmpu
2025-01-10 12:48:35,916 [ERROR] ConditionMgr:805 - Attr not supported : Dmpu
2025-01-10 12:48:35,917 [ERROR] ConditionMgr:805 - Attr not supported : Dmpu
2025-01-10 12:48:35,918 [ERROR] ConditionMgr:805 - Attr not supported : Dmpu
2025-01-10 12:48:35,919 [ERROR] ConditionMgr:805 - Attr not supported : Dmpu
2025-01-10 12:48:35,920 [ERROR] ConditionMgr:805 - Attr not supported : Dmpu
2025-01-10 12:48:35,921 [ERROR] ConditionMgr:805 - Attr not supported : Dmpu
2025-01-10 12:48:35,921 [ERROR] ConditionMgr:805 - Attr not supported : Dmpu
2025-01-10 12:48:35,922 [ERROR] ConditionMgr:805 - Attr not supported : Dmpu
2025-01-10 12:48:35,922 [ERROR] ConditionMgr:805 - Attr not supported : Dmpu
2025-01-10 12:48:35,923 [ERROR] ConditionMgr:805 - Attr not supported : Dmpu
2025-01-10 12:48:35,923 [ERROR] ConditionMgr:805 - Attr not supported : Dmpu
2025-01-10 12:48:35,924 [ERROR] ConditionMgr:805 - Attr not supported : Dmpu
2025-01-10 12:48:35,924 [ERROR] ConditionMgr:805 - Attr not supported : Dmpu
2025-01-10 12:48:35,924 [ERROR] ConditionMgr:805 - Attr not supported : Dmpu
2025-01-10 12:48:35,925 [ERROR] ConditionMgr:805 - Attr not supported : Dmpu
2025-01-10 12:48:35,925 [ERROR] ConditionMgr:805 - Attr not supported : Dmpu
2025-01-10 12:48:35,925 [ERROR] ConditionMgr:805 - Attr not supported : Dmpu
2025-01-10 12:48:35,926 [ERROR] ConditionMgr:805 - Attr not supported : Dmpu
2025-01-10 12:48:35,926 [ERROR] ConditionMgr:805 - Attr not supported : Dmpu
2025-01-10 12:48:35,927 [ERROR] ConditionMgr:805 - Attr not supported : Dmpu
2025-01-10 12:48:35,927 [ERROR] ConditionMgr:805 - Attr not supported : Dmpu
2025-01-10 12:48:35,927 [ERROR] ConditionMgr:805 - Attr not supported : Dmpu
2025-01-10 12:48:35,927 [ERROR] ConditionMgr:805 - Attr not supported : Dmpu
2025-01-10 12:48:35,927 [ERROR] ConditionMgr:805 - Attr not supported : Dmpu
2025-01-10 12:48:35,929 [ERROR] ConditionMgr:805 - Attr not supported : Dmpu
2025-01-10 12:48:35,929 [ERROR] ConditionMgr:805 - Attr not supported : Dmpu
2025-01-10 12:48:35,929 [ERROR] ConditionMgr:805 - Attr not supported : Dmpu
2025-01-10 12:48:35,929 [ERROR] ConditionMgr:805 - Attr not supported : Dmpu
2025-01-10 12:48:35,930 [ERROR] ConditionMgr:805 - Attr not supported : Dmpu
2025-01-10 12:48:35,930 [ERROR] ConditionMgr:805 - Attr not supported : Dmpu
2025-01-10 12:48:35,931 [ERROR] ConditionMgr:805 - Attr not supported : Dmpu
2025-01-10 12:48:35,931 [ERROR] ConditionMgr:805 - Attr not supported : Dmpu
2025-01-10 12:48:35,931 [ERROR] ConditionMgr:805 - Attr not supported : Dmpu
2025-01-10 12:48:35,932 [ERROR] ConditionMgr:805 - Attr not supported : Dmpu
2025-01-10 12:48:35,932 [ERROR] ConditionMgr:805 - Attr not supported : Dmpu
2025-01-10 12:48:35,932 [ERROR] ConditionMgr:805 - Attr not supported : Dmpu
2025-01-10 12:48:35,934 [ERROR] ConditionMgr:805 - Attr not supported : Dmpu
2025-01-10 12:48:35,934 [ERROR] ConditionMgr:805 - Attr not supported : Dmpu
2025-01-10 12:48:35,934 [ERROR] ConditionMgr:805 - Attr not supported : Dmpu
2025-01-10 12:48:35,935 [ERROR] ConditionMgr:805 - Attr not supported : Dmpu
2025-01-10 12:48:35,935 [ERROR] ConditionMgr:805 - Attr not supported : Dmpu
2025-01-10 12:48:35,936 [ERROR] ConditionMgr:805 - Attr not supported : Dmpu
2025-01-10 12:48:35,936 [ERROR] ConditionMgr:805 - Attr not supported : Dmpu
2025-01-10 12:48:35,937 [ERROR] ConditionMgr:805 - Attr not supported : Dmpu
2025-01-10 12:48:35,937 [ERROR] ConditionMgr:805 - Attr not supported : Dmpu
2025-01-10 12:48:35,937 [ERROR] ConditionMgr:805 - Attr not supported : Dmpu
2025-01-10 12:48:35,938 [ERROR] ConditionMgr:805 - Attr not supported : Dmpu
2025-01-10 12:48:35,938 [ERROR] ConditionMgr:805 - Attr not supported : Dmpu
2025-01-10 12:48:35,939 [ERROR] ConditionMgr:805 - Attr not supported : Dmpu
2025-01-10 12:48:35,939 [ERROR] ConditionMgr:805 - Attr not supported : Dmpu
2025-01-10 12:48:35,939 [ERROR] ConditionMgr:805 - Attr not supported : Dmpu
2025-01-10 12:48:35,940 [ERROR] ConditionMgr:805 - Attr not supported : Dmpu
2025-01-10 12:48:35,940 [ERROR] ConditionMgr:805 - Attr not supported : Dmpu
2025-01-10 12:48:35,940 [ERROR] ConditionMgr:805 - Attr not supported : Dmpu
2025-01-10 12:48:35,941 [ERROR] ConditionMgr:805 - Attr not supported : Dmpu
2025-01-10 12:48:35,941 [ERROR] ConditionMgr:805 - Attr not supported : Dmpu
2025-01-10 12:48:35,941 [ERROR] ConditionMgr:805 - Attr not supported : Dmpu
2025-01-10 12:48:35,942 [ERROR] ConditionMgr:805 - Attr not supported : Dmpu
2025-01-10 12:48:35,942 [ERROR] ConditionMgr:805 - Attr not supported : Dmpu
2025-01-10 12:48:35,957 [ERROR] Engine:466 - C:\Users\kohlmanz\.stm32cubemx\thirdparties\pdsc\STMicroelectronics.X-CUBE-TCPP.4.2.0.pdsc: PDSC version is not supported
2025-01-10 12:48:35,982 [WARN] PackLoader:240 - Cannot read IP mode file for RealThread.X-CUBE-RT-Thread_Nano.4.1.1
2025-01-10 12:48:36,003 [WARN] PackLoader:240 - Cannot read IP mode file for STMicroelectronics.FP-ATR-SIGFOX1.3.2.0
2025-01-10 12:48:36,026 [WARN] ConditionMgr:438 - getConditionDescription Invalid condition id : Cortex-A Device cause : null
2025-01-10 12:48:36,059 [WARN] ConditionMgr:1039 - genDependencies : Invalid condition id : Cortex-A Device cause : null
2025-01-10 12:48:36,060 [WARN] ConditionMgr:1039 - genDependencies : Invalid condition id : Cortex-A Device cause : null
2025-01-10 12:48:36,060 [WARN] ConditionMgr:1039 - genDependencies : Invalid condition id : Cortex-A Device cause : null
2025-01-10 12:48:36,084 [WARN] PackLoader:240 - Cannot read IP mode file for STMicroelectronics.X-CUBE-EEPRMA1.5.1.0
2025-01-10 12:48:36,108 [WARN] PackLoader:240 - Cannot read IP mode file for wolfSSL.I-CUBE-wolfSSL.5.7.4
2025-01-10 12:48:36,138 [WARN] PackLoader:240 - Cannot read IP mode file for ITTIA_DB.I-CUBE-ITTIADB.8.9.0
2025-01-10 12:48:36,259 [WARN] PackLoader:240 - Cannot read IP mode file for SEGGER.I-CUBE-embOS.1.3.1
2025-01-10 12:48:36,471 [WARN] PackLoader:240 - Cannot read IP mode file for STMicroelectronics.X-CUBE-ALGOBUILD.1.4.0
2025-01-10 12:48:36,494 [WARN] PackLoader:240 - Cannot read IP mode file for STMicroelectronics.X-CUBE-AI.9.1.0
2025-01-10 12:48:36,564 [WARN] PackLoader:240 - Cannot read IP mode file for STMicroelectronics.X-CUBE-AZRTOS-F4.1.1.0
2025-01-10 12:48:36,596 [WARN] PackLoader:240 - Cannot read IP mode file for STMicroelectronics.X-CUBE-ISPU.2.1.0
2025-01-10 12:48:36,666 [WARN] PackLoader:240 - Cannot read IP mode file for STMicroelectronics.X-CUBE-AZRTOS-L5.2.0.0
2025-01-10 12:48:36,710 [WARN] PackLoader:240 - Cannot read IP mode file for STMicroelectronics.X-CUBE-NFC6.3.1.0
2025-01-10 12:48:36,743 [WARN] PackLoader:240 - Cannot read IP mode file for STMicroelectronics.X-CUBE-DPower.1.2.0
2025-01-10 12:48:36,766 [WARN] PackLoader:240 - Cannot read IP mode file for STMicroelectronics.X-CUBE-FREERTOS.1.3.0
2025-01-10 12:48:36,789 [WARN] PackLoader:240 - Cannot read IP mode file for STMicroelectronics.X-CUBE-NFC7.1.0.1
2025-01-10 12:48:36,860 [WARN] ConditionMgr:438 - getConditionDescription Invalid condition id : LAN8742 Phy interface Condition cause : null
2025-01-10 12:48:36,863 [WARN] PackLoader:240 - Cannot read IP mode file for STMicroelectronics.X-CUBE-AZRTOS-L4.2.0.0
2025-01-10 12:48:36,869 [WARN] ConditionMgr:1039 - genDependencies : Invalid condition id : LAN8742 Phy interface Condition cause : null
2025-01-10 12:48:36,872 [WARN] ConditionMgr:1039 - genDependencies : Invalid condition id : LAN8742 Phy interface Condition cause : null
2025-01-10 12:48:36,875 [WARN] ConditionMgr:1039 - genDependencies : Invalid condition id : LAN8742 Phy interface Condition cause : null
2025-01-10 12:48:36,907 [WARN] PackLoader:240 - Cannot read IP mode file for STMicroelectronics.X-CUBE-SFXS2LP1.4.0.0
2025-01-10 12:48:36,992 [WARN] PackLoader:240 - Cannot read IP mode file for STMicroelectronics.X-CUBE-AZRTOS-H7.3.3.0
2025-01-10 12:48:37,043 [WARN] PackLoader:240 - Cannot read IP mode file for STMicroelectronics.X-CUBE-IPS.3.0.0
2025-01-10 12:48:37,108 [WARN] ConditionMgr:438 - getConditionDescription Invalid condition id : UX DEVICE CLASS RTOS Condition cause : null
2025-01-10 12:48:37,109 [WARN] ConditionMgr:438 - getConditionDescription Invalid condition id : UX DEVICE CLASS RTOS Condition cause : null
2025-01-10 12:48:37,116 [WARN] PackLoader:240 - Cannot read IP mode file for STMicroelectronics.X-CUBE-AZRTOS-WB.2.0.0
2025-01-10 12:48:37,120 [WARN] ConditionMgr:1039 - genDependencies : Invalid condition id : UX DEVICE CLASS RTOS Condition cause : null
2025-01-10 12:48:37,121 [WARN] ConditionMgr:1039 - genDependencies : Invalid condition id : UX DEVICE CLASS RTOS Condition cause : null
2025-01-10 12:48:37,123 [WARN] ConditionMgr:1039 - genDependencies : Invalid condition id : UX DEVICE CLASS RTOS Condition cause : null
2025-01-10 12:48:37,124 [WARN] ConditionMgr:1039 - genDependencies : Invalid condition id : UX DEVICE CLASS RTOS Condition cause : null
2025-01-10 12:48:37,125 [WARN] ConditionMgr:1039 - genDependencies : Invalid condition id : UX DEVICE CLASS RTOS Condition cause : null
2025-01-10 12:48:37,149 [WARN] PackLoader:240 - Cannot read IP mode file for STMicroelectronics.X-CUBE-GNSS1.7.0.0
2025-01-10 12:48:37,171 [WARN] PackLoader:240 - Cannot read IP mode file for STMicroelectronics.X-CUBE-GNSS1.7.0.1
2025-01-10 12:48:37,197 [WARN] PackLoader:240 - Cannot read IP mode file for STMicroelectronics.FP-SNS-STBOX1.2.0.0
2025-01-10 12:48:37,244 [WARN] PackLoader:240 - Cannot read IP mode file for STMicroelectronics.X-CUBE-SUBG2.5.0.0
2025-01-10 12:48:37,283 [WARN] PackLoader:240 - Cannot read IP mode file for Cesanta.I-CUBE-Mongoose.7.13.0
2025-01-10 12:48:37,358 [WARN] PackLoader:240 - Cannot read IP mode file for STMicroelectronics.X-CUBE-AZRTOS-G4.2.0.0
2025-01-10 12:48:37,390 [ERROR] Engine:466 - C:\Users\kohlmanz\.stm32cubemx\thirdparties\pdsc\STMicroelectronics.X-CUBE-IPS.3.1.0.pdsc: PDSC version is not supported
2025-01-10 12:48:37,408 [WARN] PackLoader:240 - Cannot read IP mode file for STMicroelectronics.X-CUBE-ALS.1.0.2
2025-01-10 12:48:37,433 [WARN] PackLoader:240 - Cannot read IP mode file for STMicroelectronics.X-CUBE-TOUCHGFX.4.24.2
2025-01-10 12:48:37,457 [WARN] PackLoader:240 - Cannot read IP mode file for STMicroelectronics.X-CUBE-TOUCHGFX.4.24.1
2025-01-10 12:48:37,718 [WARN] PackLoader:240 - Cannot read IP mode file for wolfSSL.I-CUBE-wolfTPM.3.4.0
2025-01-10 12:48:37,745 [WARN] PackLoader:240 - Cannot read IP mode file for portGmbH.I-Cube-SoM-uGOAL.1.1.0
2025-01-10 12:48:37,814 [WARN] PackLoader:240 - Cannot read IP mode file for STMicroelectronics.X-CUBE-AZRTOS-H7RS.1.0.0
2025-01-10 12:48:37,864 [WARN] PackLoader:240 - Cannot read IP mode file for STMicroelectronics.X-CUBE-TOF1.3.4.2
2025-01-10 12:48:37,915 [WARN] PackLoader:240 - Cannot read IP mode file for wolfSSL.I-CUBE-wolfSSH.1.4.17
2025-01-10 12:48:37,917 [INFO] ThirdParty:978 - Integrity check success = true
2025-01-10 12:48:37,918 [INFO] IntegrityCheckThread:100 - exiting critical section [integrity check]
2025-01-10 12:48:37,919 [INFO] IntegrityCheckThread:103 - End integrity checks thread
